From Main : Total 400 chunks will be downloaded
Main Thread change parallelism to MAX and concurrency to MAX
Main thread is shutting off all concurrent threads
All done
Total energy used: 2874.960291 Joules
mean Network throughput: 13 [msg/s]
mean Network throughput: 4266.580 [Mb/s]
From Main : Total 400 chunks will be downloaded
Main Thread change parallelism to MAX and concurrency to MAX
Main thread is shutting off all concurrent threads
All done
Total energy used: 2612.605555 Joules
mean Network throughput: 16 [msg/s]
mean Network throughput: 5333.173 [Mb/s]
From Main : Total 400 chunks will be downloaded
Main Thread change parallelism to MAX and concurrency to MAX
Main thread is shutting off all concurrent threads
All done
Total energy used: 2943.490572 Joules
mean Network throughput: 13 [msg/s]
mean Network throughput: 4266.544 [Mb/s]
From Main : Total 400 chunks will be downloaded
Main Thread change parallelism to MAX and concurrency to MAX
Main thread is shutting off all concurrent threads
All done
Total energy used: 2873.030060 Joules
mean Network throughput: 13 [msg/s]
mean Network throughput: 4266.588 [Mb/s]
From Main : Total 400 chunks will be downloaded
Main Thread change parallelism to MAX and concurrency to MAX
Main thread is shutting off all concurrent threads
All done
Total energy used: 2930.229498 Joules
mean Network throughput: 13 [msg/s]
mean Network throughput: 4266.575 [Mb/s]
From Main : Total 400 chunks will be downloaded
Main Thread change parallelism to MAX and concurrency to MAX
Main thread is shutting off all concurrent threads
All done
Total energy used: 2938.349472 Joules
mean Network throughput: 13 [msg/s]
mean Network throughput: 4266.506 [Mb/s]
From Main : Total 400 chunks will be downloaded
Main Thread change parallelism to MAX and concurrency to MAX
Main thread is shutting off all concurrent threads
All done
Total energy used: 3025.861761 Joules
mean Network throughput: 13 [msg/s]
mean Network throughput: 4266.531 [Mb/s]
From Main : Total 400 chunks will be downloaded
Main Thread change parallelism to MAX and concurrency to MAX
Main thread is shutting off all concurrent threads
All done
Total energy used: 2700.243331 Joules
mean Network throughput: 16 [msg/s]
mean Network throughput: 5333.193 [Mb/s]
From Main : Total 400 chunks will be downloaded
Main Thread change parallelism to MAX and concurrency to MAX
Main thread is shutting off all concurrent threads
All done
Total energy used: 3000.633188 Joules
mean Network throughput: 13 [msg/s]
mean Network throughput: 4266.581 [Mb/s]
From Main : Total 400 chunks will be downloaded
Main Thread change parallelism to MAX and concurrency to MAX
Main thread is shutting off all concurrent threads
All done
Total energy used: 2703.283607 Joules
mean Network throughput: 16 [msg/s]
mean Network throughput: 5333.185 [Mb/s]
