From Main : Total 400 chunks will be downloaded
Main Thread change parallelism to MAX and concurrency to MAX
Main thread is shutting off all concurrent threads
All done
Total energy used: 4021.754414 Joules
mean Network throughput: 7 [msg/s]
mean Network throughput: 2370.278 [Mb/s]
From Main : Total 400 chunks will be downloaded
Main Thread change parallelism to MAX and concurrency to MAX
Main thread is shutting off all concurrent threads
All done
Total energy used: 3822.615764 Joules
mean Network throughput: 8 [msg/s]
mean Network throughput: 2666.558 [Mb/s]
From Main : Total 400 chunks will be downloaded
Main Thread change parallelism to MAX and concurrency to MAX
Main thread is shutting off all concurrent threads
All done
Total energy used: 3655.408367 Joules
mean Network throughput: 8 [msg/s]
mean Network throughput: 2666.565 [Mb/s]
From Main : Total 400 chunks will be downloaded
Main Thread change parallelism to MAX and concurrency to MAX
Main thread is shutting off all concurrent threads
All done
Total energy used: 3853.186730 Joules
mean Network throughput: 7 [msg/s]
mean Network throughput: 2370.306 [Mb/s]
From Main : Total 400 chunks will be downloaded
Main Thread change parallelism to MAX and concurrency to MAX
Main thread is shutting off all concurrent threads
All done
Total energy used: 3943.820409 Joules
mean Network throughput: 7 [msg/s]
mean Network throughput: 2370.266 [Mb/s]
From Main : Total 400 chunks will be downloaded
Main Thread change parallelism to MAX and concurrency to MAX
Main thread is shutting off all concurrent threads
All done
Total energy used: 4045.025716 Joules
mean Network throughput: 7 [msg/s]
mean Network throughput: 2370.281 [Mb/s]
From Main : Total 400 chunks will be downloaded
Main Thread change parallelism to MAX and concurrency to MAX
Main thread is shutting off all concurrent threads
All done
Total energy used: 3929.688854 Joules
mean Network throughput: 7 [msg/s]
mean Network throughput: 2370.287 [Mb/s]
From Main : Total 400 chunks will be downloaded
Main Thread change parallelism to MAX and concurrency to MAX
Main thread is shutting off all concurrent threads
All done
Total energy used: 3781.666039 Joules
mean Network throughput: 8 [msg/s]
mean Network throughput: 2666.566 [Mb/s]
From Main : Total 400 chunks will be downloaded
Main Thread change parallelism to MAX and concurrency to MAX
Main thread is shutting off all concurrent threads
All done
Total energy used: 3957.926574 Joules
mean Network throughput: 7 [msg/s]
mean Network throughput: 2370.261 [Mb/s]
From Main : Total 400 chunks will be downloaded
Main Thread change parallelism to MAX and concurrency to MAX
Main thread is shutting off all concurrent threads
All done
Total energy used: 4012.572553 Joules
mean Network throughput: 7 [msg/s]
mean Network throughput: 2370.267 [Mb/s]
