From Main : Total 400 chunks will be downloaded
Main Thread change parallelism to MAX and concurrency to MAX
Main thread is shutting off all concurrent threads
All done
Total energy used: 2592.550248 Joules
mean Network throughput: 16 [msg/s]
mean Network throughput: 5333.164 [Mb/s]
From Main : Total 400 chunks will be downloaded
Main Thread change parallelism to MAX and concurrency to MAX
Main thread is shutting off all concurrent threads
All done
Total energy used: 2670.349060 Joules
mean Network throughput: 16 [msg/s]
mean Network throughput: 5333.222 [Mb/s]
From Main : Total 400 chunks will be downloaded
Main Thread change parallelism to MAX and concurrency to MAX
Main thread is shutting off all concurrent threads
All done
Total energy used: 2462.647871 Joules
mean Network throughput: 22 [msg/s]
mean Network throughput: 7110.845 [Mb/s]
From Main : Total 400 chunks will be downloaded
Main Thread change parallelism to MAX and concurrency to MAX
Main thread is shutting off all concurrent threads
All done
Total energy used: 2472.823870 Joules
mean Network throughput: 22 [msg/s]
mean Network throughput: 7110.940 [Mb/s]
From Main : Total 400 chunks will be downloaded
Main Thread change parallelism to MAX and concurrency to MAX
Main thread is shutting off all concurrent threads
All done
Total energy used: 2493.546168 Joules
mean Network throughput: 22 [msg/s]
mean Network throughput: 7110.192 [Mb/s]
From Main : Total 400 chunks will be downloaded
Main Thread change parallelism to MAX and concurrency to MAX
Main thread is shutting off all concurrent threads
All done
Total energy used: 2468.234831 Joules
mean Network throughput: 22 [msg/s]
mean Network throughput: 7110.923 [Mb/s]
From Main : Total 400 chunks will be downloaded
Main Thread change parallelism to MAX and concurrency to MAX
Main thread is shutting off all concurrent threads
All done
Total energy used: 2447.819784 Joules
mean Network throughput: 22 [msg/s]
mean Network throughput: 7110.912 [Mb/s]
From Main : Total 400 chunks will be downloaded
Main Thread change parallelism to MAX and concurrency to MAX
Main thread is shutting off all concurrent threads
All done
Total energy used: 2484.810228 Joules
mean Network throughput: 22 [msg/s]
mean Network throughput: 7110.145 [Mb/s]
