From Main : Total 400 chunks will be downloaded
Main Thread change parallelism to MAX and concurrency to MAX
Main thread is shutting off all concurrent threads
All done
Total energy used: 2499.077404 Joules
mean Network throughput: 16 [msg/s]
mean Network throughput: 5331.355 [Mb/s]
From Main : Total 400 chunks will be downloaded
Main Thread change parallelism to MAX and concurrency to MAX
Main thread is shutting off all concurrent threads
All done
Total energy used: 2233.227132 Joules
mean Network throughput: 22 [msg/s]
mean Network throughput: 7110.121 [Mb/s]
From Main : Total 400 chunks will be downloaded
Main Thread change parallelism to MAX and concurrency to MAX
Main thread is shutting off all concurrent threads
All done
Total energy used: 2237.914193 Joules
mean Network throughput: 22 [msg/s]
mean Network throughput: 7110.812 [Mb/s]
From Main : Total 400 chunks will be downloaded
Main Thread change parallelism to MAX and concurrency to MAX
Main thread is shutting off all concurrent threads
All done
Total energy used: 2289.033325 Joules
mean Network throughput: 22 [msg/s]
mean Network throughput: 7110.893 [Mb/s]
From Main : Total 400 chunks will be downloaded
Main Thread change parallelism to MAX and concurrency to MAX
Main thread is shutting off all concurrent threads
All done
Total energy used: 2373.085844 Joules
mean Network throughput: 16 [msg/s]
mean Network throughput: 5333.032 [Mb/s]
From Main : Total 400 chunks will be downloaded
Main Thread change parallelism to MAX and concurrency to MAX
Main thread is shutting off all concurrent threads
All done
Total energy used: 2667.038216 Joules
mean Network throughput: 16 [msg/s]
mean Network throughput: 5333.110 [Mb/s]
From Main : Total 400 chunks will be downloaded
Main Thread change parallelism to MAX and concurrency to MAX
Main thread is shutting off all concurrent threads
All done
Total energy used: 2276.619538 Joules
mean Network throughput: 22 [msg/s]
mean Network throughput: 7110.906 [Mb/s]
From Main : Total 400 chunks will be downloaded
Main Thread change parallelism to MAX and concurrency to MAX
Main thread is shutting off all concurrent threads
All done
Total energy used: 2336.645568 Joules
mean Network throughput: 22 [msg/s]
mean Network throughput: 7110.835 [Mb/s]
From Main : Total 400 chunks will be downloaded
Main Thread change parallelism to MAX and concurrency to MAX
Main thread is shutting off all concurrent threads
All done
Total energy used: 2295.293623 Joules
mean Network throughput: 22 [msg/s]
mean Network throughput: 7110.758 [Mb/s]
From Main : Total 400 chunks will be downloaded
Main Thread change parallelism to MAX and concurrency to MAX
Main thread is shutting off all concurrent threads
All done
Total energy used: 2315.745109 Joules
mean Network throughput: 22 [msg/s]
mean Network throughput: 7108.629 [Mb/s]
