From Main : Total 400 chunks will be downloaded
Main Thread change parallelism to MAX and concurrency to MAX
Main thread is shutting off all concurrent threads
All done
Total energy used: 2632.118262 Joules
mean Network throughput: 13 [msg/s]
mean Network throughput: 4266.458 [Mb/s]
From Main : Total 400 chunks will be downloaded
Main Thread change parallelism to MAX and concurrency to MAX
Main thread is shutting off all concurrent threads
All done
Total energy used: 2401.844498 Joules
mean Network throughput: 16 [msg/s]
mean Network throughput: 5333.134 [Mb/s]
From Main : Total 400 chunks will be downloaded
Main Thread change parallelism to MAX and concurrency to MAX
Main thread is shutting off all concurrent threads
All done
Total energy used: 2926.108598 Joules
mean Network throughput: 11 [msg/s]
mean Network throughput: 3555.438 [Mb/s]
From Main : Total 400 chunks will be downloaded
Main Thread change parallelism to MAX and concurrency to MAX
Main thread is shutting off all concurrent threads
All done
Total energy used: 2603.330067 Joules
mean Network throughput: 13 [msg/s]
mean Network throughput: 4266.363 [Mb/s]
From Main : Total 400 chunks will be downloaded
Main Thread change parallelism to MAX and concurrency to MAX
Main thread is shutting off all concurrent threads
All done
Total energy used: 2260.245617 Joules
mean Network throughput: 16 [msg/s]
mean Network throughput: 5333.147 [Mb/s]
From Main : Total 400 chunks will be downloaded
Main Thread change parallelism to MAX and concurrency to MAX
Main thread is shutting off all concurrent threads
All done
Total energy used: 2489.378881 Joules
mean Network throughput: 13 [msg/s]
mean Network throughput: 4266.543 [Mb/s]
From Main : Total 400 chunks will be downloaded
Main Thread change parallelism to MAX and concurrency to MAX
Main thread is shutting off all concurrent threads
All done
Total energy used: 2304.409689 Joules
mean Network throughput: 16 [msg/s]
mean Network throughput: 5333.011 [Mb/s]
From Main : Total 400 chunks will be downloaded
Main Thread change parallelism to MAX and concurrency to MAX
Main thread is shutting off all concurrent threads
All done
Total energy used: 2559.168619 Joules
mean Network throughput: 13 [msg/s]
mean Network throughput: 4266.499 [Mb/s]
