From Main : Total 400 chunks will be downloaded
Main Thread change parallelism to MAX and concurrency to MAX
Main thread is shutting off all concurrent threads
All done
Total energy used: 7754.941939 Joules
mean Network throughput: 1 [msg/s]
mean Network throughput: 592.566 [Mb/s]
From Main : Total 400 chunks will be downloaded
Main Thread change parallelism to MAX and concurrency to MAX
Main thread is shutting off all concurrent threads
All done
Total energy used: 7544.093541 Joules
mean Network throughput: 1 [msg/s]
mean Network throughput: 592.570 [Mb/s]
From Main : Total 400 chunks will be downloaded
Main Thread change parallelism to MAX and concurrency to MAX
Main thread is shutting off all concurrent threads
All done
Total energy used: 6852.476599 Joules
mean Network throughput: 1 [msg/s]
mean Network throughput: 627.426 [Mb/s]
From Main : Total 400 chunks will be downloaded
Main Thread change parallelism to MAX and concurrency to MAX
Main thread is shutting off all concurrent threads
All done
Total energy used: 7798.257686 Joules
mean Network throughput: 1 [msg/s]
mean Network throughput: 592.560 [Mb/s]
From Main : Total 400 chunks will be downloaded
Main Thread change parallelism to MAX and concurrency to MAX
Main thread is shutting off all concurrent threads
All done
Total energy used: 7611.919844 Joules
mean Network throughput: 1 [msg/s]
mean Network throughput: 592.571 [Mb/s]
From Main : Total 400 chunks will be downloaded
Main Thread change parallelism to MAX and concurrency to MAX
Main thread is shutting off all concurrent threads
All done
Total energy used: 7357.780664 Joules
mean Network throughput: 1 [msg/s]
mean Network throughput: 609.501 [Mb/s]
From Main : Total 400 chunks will be downloaded
Main Thread change parallelism to MAX and concurrency to MAX
Main thread is shutting off all concurrent threads
All done
Total energy used: 7593.199922 Joules
mean Network throughput: 1 [msg/s]
mean Network throughput: 592.565 [Mb/s]
From Main : Total 400 chunks will be downloaded
Main Thread change parallelism to MAX and concurrency to MAX
Main thread is shutting off all concurrent threads
All done
Total energy used: 7714.868800 Joules
mean Network throughput: 1 [msg/s]
mean Network throughput: 592.571 [Mb/s]
From Main : Total 400 chunks will be downloaded
Main Thread change parallelism to MAX and concurrency to MAX
Main thread is shutting off all concurrent threads
All done
Total energy used: 7621.982441 Joules
mean Network throughput: 1 [msg/s]
mean Network throughput: 592.570 [Mb/s]
From Main : Total 400 chunks will be downloaded
Main Thread change parallelism to MAX and concurrency to MAX
Main thread is shutting off all concurrent threads
All done
Total energy used: 7729.903552 Joules
mean Network throughput: 1 [msg/s]
mean Network throughput: 592.569 [Mb/s]
