From Main : Total 400 chunks will be downloaded
Main Thread change parallelism to MAX and concurrency to MAX
Main thread is shutting off all concurrent threads
All done
Total energy used: 1850.113184 Joules
mean Network throughput: 13 [msg/s]
mean Network throughput: 4266.515 [Mb/s]
From Main : Total 400 chunks will be downloaded
Main Thread change parallelism to MAX and concurrency to MAX
Main thread is shutting off all concurrent threads
All done
Total energy used: 1596.710573 Joules
mean Network throughput: 13 [msg/s]
mean Network throughput: 4266.454 [Mb/s]
From Main : Total 400 chunks will be downloaded
Main Thread change parallelism to MAX and concurrency to MAX
Main thread is shutting off all concurrent threads
All done
Total energy used: 1670.414670 Joules
mean Network throughput: 13 [msg/s]
mean Network throughput: 4266.474 [Mb/s]
From Main : Total 400 chunks will be downloaded
Main Thread change parallelism to MAX and concurrency to MAX
Main thread is shutting off all concurrent threads
All done
Total energy used: 1775.597261 Joules
mean Network throughput: 13 [msg/s]
mean Network throughput: 4266.572 [Mb/s]
From Main : Total 400 chunks will be downloaded
Main Thread change parallelism to MAX and concurrency to MAX
Main thread is shutting off all concurrent threads
All done
Total energy used: 1743.029168 Joules
mean Network throughput: 13 [msg/s]
mean Network throughput: 4266.551 [Mb/s]
From Main : Total 400 chunks will be downloaded
Main Thread change parallelism to MAX and concurrency to MAX
Main thread is shutting off all concurrent threads
All done
Total energy used: 1582.876319 Joules
mean Network throughput: 13 [msg/s]
mean Network throughput: 4266.474 [Mb/s]
From Main : Total 400 chunks will be downloaded
Main Thread change parallelism to MAX and concurrency to MAX
Main thread is shutting off all concurrent threads
All done
Total energy used: 1990.419465 Joules
mean Network throughput: 13 [msg/s]
mean Network throughput: 4266.566 [Mb/s]
From Main : Total 400 chunks will be downloaded
Main Thread change parallelism to MAX and concurrency to MAX
Main thread is shutting off all concurrent threads
All done
Total energy used: 1809.993963 Joules
mean Network throughput: 13 [msg/s]
mean Network throughput: 4266.341 [Mb/s]
From Main : Total 400 chunks will be downloaded
Main Thread change parallelism to MAX and concurrency to MAX
Main thread is shutting off all concurrent threads
All done
Total energy used: 1917.124975 Joules
mean Network throughput: 13 [msg/s]
mean Network throughput: 4266.501 [Mb/s]
From Main : Total 400 chunks will be downloaded
Main Thread change parallelism to MAX and concurrency to MAX
Main thread is shutting off all concurrent threads
All done
Total energy used: 1850.386010 Joules
mean Network throughput: 13 [msg/s]
mean Network throughput: 4266.563 [Mb/s]
