From Main : Total 400 chunks will be downloaded
Main Thread change parallelism to MAX and concurrency to MAX
Main thread is shutting off all concurrent threads
All done
Total energy used: 2836.931031 Joules
mean Network throughput: 7 [msg/s]
mean Network throughput: 2370.274 [Mb/s]
From Main : Total 400 chunks will be downloaded
Main Thread change parallelism to MAX and concurrency to MAX
Main thread is shutting off all concurrent threads
All done
Total energy used: 2657.391452 Joules
mean Network throughput: 6 [msg/s]
mean Network throughput: 1939.307 [Mb/s]
From Main : Total 400 chunks will be downloaded
Main Thread change parallelism to MAX and concurrency to MAX
Main thread is shutting off all concurrent threads
All done
Total energy used: 2275.254307 Joules
mean Network throughput: 7 [msg/s]
mean Network throughput: 2370.261 [Mb/s]
From Main : Total 400 chunks will be downloaded
Main Thread change parallelism to MAX and concurrency to MAX
Main thread is shutting off all concurrent threads
All done
Total energy used: 2830.349078 Joules
mean Network throughput: 6 [msg/s]
mean Network throughput: 2133.240 [Mb/s]
From Main : Total 400 chunks will be downloaded
Main Thread change parallelism to MAX and concurrency to MAX
Main thread is shutting off all concurrent threads
All done
Total energy used: 2287.490787 Joules
mean Network throughput: 7 [msg/s]
mean Network throughput: 2370.266 [Mb/s]
From Main : Total 400 chunks will be downloaded
Main Thread change parallelism to MAX and concurrency to MAX
Main thread is shutting off all concurrent threads
All done
Total energy used: 2536.327186 Joules
mean Network throughput: 6 [msg/s]
mean Network throughput: 2133.266 [Mb/s]
From Main : Total 400 chunks will be downloaded
Main Thread change parallelism to MAX and concurrency to MAX
Main thread is shutting off all concurrent threads
All done
Total energy used: 2920.692475 Joules
mean Network throughput: 7 [msg/s]
mean Network throughput: 2370.282 [Mb/s]
From Main : Total 400 chunks will be downloaded
Main Thread change parallelism to MAX and concurrency to MAX
Main thread is shutting off all concurrent threads
All done
Total energy used: 3089.943811 Joules
mean Network throughput: 6 [msg/s]
mean Network throughput: 2133.268 [Mb/s]
From Main : Total 400 chunks will be downloaded
Main Thread change parallelism to MAX and concurrency to MAX
Main thread is shutting off all concurrent threads
All done
Total energy used: 3103.629018 Joules
mean Network throughput: 6 [msg/s]
mean Network throughput: 2133.260 [Mb/s]
From Main : Total 400 chunks will be downloaded
Main Thread change parallelism to MAX and concurrency to MAX
Main thread is shutting off all concurrent threads
All done
Total energy used: 2875.396142 Joules
mean Network throughput: 6 [msg/s]
mean Network throughput: 2133.255 [Mb/s]
