From Main : Total 400 chunks will be downloaded
Main Thread change parallelism to MAX and concurrency to MAX
Main thread is shutting off all concurrent threads
All done
Total energy used: 4665.980243 Joules
mean Network throughput: 3 [msg/s]
mean Network throughput: 1122.766 [Mb/s]
From Main : Total 400 chunks will be downloaded
Main Thread change parallelism to MAX and concurrency to MAX
Main thread is shutting off all concurrent threads
All done
Total energy used: 3862.454528 Joules
mean Network throughput: 3 [msg/s]
mean Network throughput: 1185.147 [Mb/s]
From Main : Total 400 chunks will be downloaded
Main Thread change parallelism to MAX and concurrency to MAX
Main thread is shutting off all concurrent threads
All done
Total energy used: 3917.292523 Joules
mean Network throughput: 3 [msg/s]
mean Network throughput: 1185.134 [Mb/s]
From Main : Total 400 chunks will be downloaded
Main Thread change parallelism to MAX and concurrency to MAX
Main thread is shutting off all concurrent threads
All done
Total energy used: 4572.216994 Joules
mean Network throughput: 3 [msg/s]
mean Network throughput: 1122.755 [Mb/s]
From Main : Total 400 chunks will be downloaded
Main Thread change parallelism to MAX and concurrency to MAX
Main thread is shutting off all concurrent threads
All done
Total energy used: 3997.105123 Joules
mean Network throughput: 3 [msg/s]
mean Network throughput: 1185.136 [Mb/s]
From Main : Total 400 chunks will be downloaded
Main Thread change parallelism to MAX and concurrency to MAX
Main thread is shutting off all concurrent threads
All done
Total energy used: 4001.233776 Joules
mean Network throughput: 3 [msg/s]
mean Network throughput: 1185.111 [Mb/s]
From Main : Total 400 chunks will be downloaded
Main Thread change parallelism to MAX and concurrency to MAX
Main thread is shutting off all concurrent threads
All done
Total energy used: 4744.927368 Joules
mean Network throughput: 3 [msg/s]
mean Network throughput: 1122.750 [Mb/s]
From Main : Total 400 chunks will be downloaded
Main Thread change parallelism to MAX and concurrency to MAX
Main thread is shutting off all concurrent threads
All done
Total energy used: 4497.352378 Joules
mean Network throughput: 3 [msg/s]
mean Network throughput: 1185.142 [Mb/s]
From Main : Total 400 chunks will be downloaded
Main Thread change parallelism to MAX and concurrency to MAX
Main thread is shutting off all concurrent threads
All done
Total energy used: 4375.517180 Joules
mean Network throughput: 3 [msg/s]
mean Network throughput: 1185.132 [Mb/s]
From Main : Total 400 chunks will be downloaded
Main Thread change parallelism to MAX and concurrency to MAX
Main thread is shutting off all concurrent threads
All done
Total energy used: 4445.777315 Joules
mean Network throughput: 3 [msg/s]
mean Network throughput: 1185.148 [Mb/s]
