From Main : Total 400 chunks will be downloaded
Main Thread change parallelism to MAX and concurrency to MAX
Main thread is shutting off all concurrent threads
All done
Total energy used: 14124.613988 Joules
mean Network throughput: 0 [msg/s]
mean Network throughput: 304.752 [Mb/s]
From Main : Total 400 chunks will be downloaded
Main Thread change parallelism to MAX and concurrency to MAX
Main thread is shutting off all concurrent threads
All done
Total energy used: 13753.489205 Joules
mean Network throughput: 0 [msg/s]
mean Network throughput: 313.710 [Mb/s]
From Main : Total 400 chunks will be downloaded
Main Thread change parallelism to MAX and concurrency to MAX
Main thread is shutting off all concurrent threads
All done
Total energy used: 13423.476439 Joules
mean Network throughput: 0 [msg/s]
mean Network throughput: 318.393 [Mb/s]
From Main : Total 400 chunks will be downloaded
Main Thread change parallelism to MAX and concurrency to MAX
Main thread is shutting off all concurrent threads
All done
Total energy used: 14773.368431 Joules
mean Network throughput: 0 [msg/s]
mean Network throughput: 296.286 [Mb/s]
From Main : Total 400 chunks will be downloaded
Main Thread change parallelism to MAX and concurrency to MAX
Main thread is shutting off all concurrent threads
All done
Total energy used: 14525.853500 Joules
mean Network throughput: 0 [msg/s]
mean Network throughput: 300.452 [Mb/s]
From Main : Total 400 chunks will be downloaded
Main Thread change parallelism to MAX and concurrency to MAX
Main thread is shutting off all concurrent threads
All done
Total energy used: 13733.447203 Joules
mean Network throughput: 0 [msg/s]
mean Network throughput: 313.714 [Mb/s]
From Main : Total 400 chunks will be downloaded
Main Thread change parallelism to MAX and concurrency to MAX
Main thread is shutting off all concurrent threads
All done
Total energy used: 14626.713471 Joules
mean Network throughput: 0 [msg/s]
mean Network throughput: 300.456 [Mb/s]
From Main : Total 400 chunks will be downloaded
Main Thread change parallelism to MAX and concurrency to MAX
Main thread is shutting off all concurrent threads
All done
Total energy used: 14929.230885 Joules
mean Network throughput: 0 [msg/s]
mean Network throughput: 296.283 [Mb/s]
From Main : Total 400 chunks will be downloaded
Main Thread change parallelism to MAX and concurrency to MAX
Main thread is shutting off all concurrent threads
All done
Total energy used: 14986.733607 Joules
mean Network throughput: 0 [msg/s]
mean Network throughput: 296.281 [Mb/s]
From Main : Total 400 chunks will be downloaded
Main Thread change parallelism to MAX and concurrency to MAX
Main thread is shutting off all concurrent threads
All done
Total energy used: 14894.492327 Joules
mean Network throughput: 0 [msg/s]
mean Network throughput: 296.282 [Mb/s]
