From Main : Total 400 chunks will be downloaded
Main Thread change parallelism to MAX and concurrency to MAX
Main thread is shutting off all concurrent threads
All done
Total energy used: 1820.282267 Joules
mean Network throughput: 13 [msg/s]
mean Network throughput: 4266.567 [Mb/s]
From Main : Total 400 chunks will be downloaded
Main Thread change parallelism to MAX and concurrency to MAX
Main thread is shutting off all concurrent threads
All done
Total energy used: 1570.006174 Joules
mean Network throughput: 13 [msg/s]
mean Network throughput: 4266.319 [Mb/s]
From Main : Total 400 chunks will be downloaded
Main Thread change parallelism to MAX and concurrency to MAX
Main thread is shutting off all concurrent threads
All done
Total energy used: 1600.492790 Joules
mean Network throughput: 13 [msg/s]
mean Network throughput: 4266.450 [Mb/s]
From Main : Total 400 chunks will be downloaded
Main Thread change parallelism to MAX and concurrency to MAX
Main thread is shutting off all concurrent threads
All done
Total energy used: 1802.600548 Joules
mean Network throughput: 13 [msg/s]
mean Network throughput: 4266.443 [Mb/s]
From Main : Total 400 chunks will be downloaded
Main Thread change parallelism to MAX and concurrency to MAX
Main thread is shutting off all concurrent threads
All done
Total energy used: 1826.494653 Joules
mean Network throughput: 11 [msg/s]
mean Network throughput: 3555.422 [Mb/s]
From Main : Total 400 chunks will be downloaded
Main Thread change parallelism to MAX and concurrency to MAX
Main thread is shutting off all concurrent threads
All done
Total energy used: 1904.625618 Joules
mean Network throughput: 13 [msg/s]
mean Network throughput: 4266.521 [Mb/s]
From Main : Total 400 chunks will be downloaded
Main Thread change parallelism to MAX and concurrency to MAX
Main thread is shutting off all concurrent threads
All done
Total energy used: 1770.031540 Joules
mean Network throughput: 13 [msg/s]
mean Network throughput: 4266.569 [Mb/s]
From Main : Total 400 chunks will be downloaded
Main Thread change parallelism to MAX and concurrency to MAX
Main thread is shutting off all concurrent threads
All done
Total energy used: 1867.259990 Joules
mean Network throughput: 13 [msg/s]
mean Network throughput: 4266.506 [Mb/s]
From Main : Total 400 chunks will be downloaded
Main Thread change parallelism to MAX and concurrency to MAX
Main thread is shutting off all concurrent threads
All done
Total energy used: 1801.944239 Joules
mean Network throughput: 13 [msg/s]
mean Network throughput: 4266.498 [Mb/s]
