From Main : Total 400 chunks will be downloaded
Main Thread change parallelism to MAX and concurrency to MAX
Main thread is shutting off all concurrent threads
All done
Total energy used: 4457.130741 Joules
mean Network throughput: 3 [msg/s]
mean Network throughput: 1122.758 [Mb/s]
From Main : Total 400 chunks will be downloaded
Main Thread change parallelism to MAX and concurrency to MAX
Main thread is shutting off all concurrent threads
All done
Total energy used: 3945.814850 Joules
mean Network throughput: 3 [msg/s]
mean Network throughput: 1185.134 [Mb/s]
From Main : Total 400 chunks will be downloaded
Main Thread change parallelism to MAX and concurrency to MAX
Main thread is shutting off all concurrent threads
All done
Total energy used: 3587.685151 Joules
mean Network throughput: 3 [msg/s]
mean Network throughput: 1254.830 [Mb/s]
From Main : Total 400 chunks will be downloaded
Main Thread change parallelism to MAX and concurrency to MAX
Main thread is shutting off all concurrent threads
All done
Total energy used: 4242.733401 Joules
mean Network throughput: 3 [msg/s]
mean Network throughput: 1185.134 [Mb/s]
From Main : Total 400 chunks will be downloaded
Main Thread change parallelism to MAX and concurrency to MAX
Main thread is shutting off all concurrent threads
All done
Total energy used: 4026.845892 Joules
mean Network throughput: 3 [msg/s]
mean Network throughput: 1185.109 [Mb/s]
From Main : Total 400 chunks will be downloaded
Main Thread change parallelism to MAX and concurrency to MAX
Main thread is shutting off all concurrent threads
All done
Total energy used: 3923.986353 Joules
mean Network throughput: 3 [msg/s]
mean Network throughput: 1185.127 [Mb/s]
From Main : Total 400 chunks will be downloaded
Main Thread change parallelism to MAX and concurrency to MAX
Main thread is shutting off all concurrent threads
All done
Total energy used: 4103.496880 Joules
mean Network throughput: 3 [msg/s]
mean Network throughput: 1185.128 [Mb/s]
From Main : Total 400 chunks will be downloaded
Main Thread change parallelism to MAX and concurrency to MAX
Main thread is shutting off all concurrent threads
All done
Total energy used: 4255.982086 Joules
mean Network throughput: 3 [msg/s]
mean Network throughput: 1185.130 [Mb/s]
From Main : Total 400 chunks will be downloaded
Main Thread change parallelism to MAX and concurrency to MAX
Main thread is shutting off all concurrent threads
All done
Total energy used: 4425.228417 Joules
mean Network throughput: 3 [msg/s]
mean Network throughput: 1122.748 [Mb/s]
From Main : Total 400 chunks will be downloaded
Main Thread change parallelism to MAX and concurrency to MAX
Main thread is shutting off all concurrent threads
All done
Total energy used: 4349.017858 Joules
mean Network throughput: 3 [msg/s]
mean Network throughput: 1122.766 [Mb/s]
