From Main : Total 400 chunks will be downloaded
Main Thread change parallelism to MAX and concurrency to MAX
Main thread is shutting off all concurrent threads
All done
Total energy used: 2131.761206 Joules
mean Network throughput: 16 [msg/s]
mean Network throughput: 5332.949 [Mb/s]
From Main : Total 400 chunks will be downloaded
Main Thread change parallelism to MAX and concurrency to MAX
Main thread is shutting off all concurrent threads
All done
Total energy used: 2170.966305 Joules
mean Network throughput: 16 [msg/s]
mean Network throughput: 5333.024 [Mb/s]
From Main : Total 400 chunks will be downloaded
Main Thread change parallelism to MAX and concurrency to MAX
Main thread is shutting off all concurrent threads
All done
Total energy used: 1931.645384 Joules
mean Network throughput: 22 [msg/s]
mean Network throughput: 7110.789 [Mb/s]
From Main : Total 400 chunks will be downloaded
Main Thread change parallelism to MAX and concurrency to MAX
Main thread is shutting off all concurrent threads
All done
Total energy used: 2263.537174 Joules
mean Network throughput: 16 [msg/s]
mean Network throughput: 5333.154 [Mb/s]
From Main : Total 400 chunks will be downloaded
Main Thread change parallelism to MAX and concurrency to MAX
Main thread is shutting off all concurrent threads
All done
Total energy used: 2171.620661 Joules
mean Network throughput: 16 [msg/s]
mean Network throughput: 5333.114 [Mb/s]
From Main : Total 400 chunks will be downloaded
Main Thread change parallelism to MAX and concurrency to MAX
Main thread is shutting off all concurrent threads
All done
Total energy used: 1979.487425 Joules
mean Network throughput: 22 [msg/s]
mean Network throughput: 7110.910 [Mb/s]
From Main : Total 400 chunks will be downloaded
Main Thread change parallelism to MAX and concurrency to MAX
Main thread is shutting off all concurrent threads
All done
Total energy used: 2252.345736 Joules
mean Network throughput: 16 [msg/s]
mean Network throughput: 5333.188 [Mb/s]
From Main : Total 400 chunks will be downloaded
Main Thread change parallelism to MAX and concurrency to MAX
Main thread is shutting off all concurrent threads
All done
Total energy used: 2261.046763 Joules
mean Network throughput: 16 [msg/s]
mean Network throughput: 5333.128 [Mb/s]
From Main : Total 400 chunks will be downloaded
Main Thread change parallelism to MAX and concurrency to MAX
Main thread is shutting off all concurrent threads
All done
Total energy used: 2231.405176 Joules
mean Network throughput: 16 [msg/s]
mean Network throughput: 5333.151 [Mb/s]
From Main : Total 400 chunks will be downloaded
Main Thread change parallelism to MAX and concurrency to MAX
Main thread is shutting off all concurrent threads
All done
Total energy used: 2249.068339 Joules
mean Network throughput: 16 [msg/s]
mean Network throughput: 5333.097 [Mb/s]
