From Main : Total 400 chunks will be downloaded
Main Thread change parallelism to MAX and concurrency to MAX
Main thread is shutting off all concurrent threads
All done
Total energy used: 7694.625138 Joules
mean Network throughput: 1 [msg/s]
mean Network throughput: 592.568 [Mb/s]
From Main : Total 400 chunks will be downloaded
Main Thread change parallelism to MAX and concurrency to MAX
Main thread is shutting off all concurrent threads
All done
Total energy used: 6813.462477 Joules
mean Network throughput: 1 [msg/s]
mean Network throughput: 627.413 [Mb/s]
From Main : Total 400 chunks will be downloaded
Main Thread change parallelism to MAX and concurrency to MAX
Main thread is shutting off all concurrent threads
All done
Total energy used: 7188.428375 Joules
mean Network throughput: 1 [msg/s]
mean Network throughput: 609.495 [Mb/s]
From Main : Total 400 chunks will be downloaded
Main Thread change parallelism to MAX and concurrency to MAX
Main thread is shutting off all concurrent threads
All done
Total energy used: 7886.438856 Joules
mean Network throughput: 1 [msg/s]
mean Network throughput: 576.552 [Mb/s]
From Main : Total 400 chunks will be downloaded
Main Thread change parallelism to MAX and concurrency to MAX
Main thread is shutting off all concurrent threads
All done
Total energy used: 7423.789772 Joules
mean Network throughput: 1 [msg/s]
mean Network throughput: 592.551 [Mb/s]
From Main : Total 400 chunks will be downloaded
Main Thread change parallelism to MAX and concurrency to MAX
Main thread is shutting off all concurrent threads
All done
Total energy used: 6910.568552 Joules
mean Network throughput: 1 [msg/s]
mean Network throughput: 627.417 [Mb/s]
From Main : Total 400 chunks will be downloaded
Main Thread change parallelism to MAX and concurrency to MAX
Main thread is shutting off all concurrent threads
All done
Total energy used: 7679.374262 Joules
mean Network throughput: 1 [msg/s]
mean Network throughput: 592.558 [Mb/s]
From Main : Total 400 chunks will be downloaded
Main Thread change parallelism to MAX and concurrency to MAX
Main thread is shutting off all concurrent threads
All done
Total energy used: 7819.685731 Joules
mean Network throughput: 1 [msg/s]
mean Network throughput: 576.545 [Mb/s]
From Main : Total 400 chunks will be downloaded
Main Thread change parallelism to MAX and concurrency to MAX
Main thread is shutting off all concurrent threads
All done
Total energy used: 7692.660422 Joules
mean Network throughput: 1 [msg/s]
mean Network throughput: 592.557 [Mb/s]
From Main : Total 400 chunks will be downloaded
Main Thread change parallelism to MAX and concurrency to MAX
Main thread is shutting off all concurrent threads
All done
Total energy used: 7584.356682 Joules
mean Network throughput: 1 [msg/s]
mean Network throughput: 592.572 [Mb/s]
