From Main : Total 400 chunks will be downloaded
Main Thread change parallelism to MAX and concurrency to MAX
Main thread is shutting off all concurrent threads
All done
Total energy used: 3019.322105 Joules
mean Network throughput: 6 [msg/s]
mean Network throughput: 2133.272 [Mb/s]
From Main : Total 400 chunks will be downloaded
Main Thread change parallelism to MAX and concurrency to MAX
Main thread is shutting off all concurrent threads
All done
Total energy used: 2444.742032 Joules
mean Network throughput: 6 [msg/s]
mean Network throughput: 2133.231 [Mb/s]
From Main : Total 400 chunks will be downloaded
Main Thread change parallelism to MAX and concurrency to MAX
Main thread is shutting off all concurrent threads
All done
Total energy used: 2529.308833 Joules
mean Network throughput: 6 [msg/s]
mean Network throughput: 2133.274 [Mb/s]
From Main : Total 400 chunks will be downloaded
Main Thread change parallelism to MAX and concurrency to MAX
Main thread is shutting off all concurrent threads
All done
Total energy used: 2777.827178 Joules
mean Network throughput: 7 [msg/s]
mean Network throughput: 2370.223 [Mb/s]
From Main : Total 400 chunks will be downloaded
Main Thread change parallelism to MAX and concurrency to MAX
Main thread is shutting off all concurrent threads
All done
Total energy used: 2121.814453 Joules
mean Network throughput: 7 [msg/s]
mean Network throughput: 2370.220 [Mb/s]
From Main : Total 400 chunks will be downloaded
Main Thread change parallelism to MAX and concurrency to MAX
Main thread is shutting off all concurrent threads
All done
Total energy used: 2166.348947 Joules
mean Network throughput: 7 [msg/s]
mean Network throughput: 2370.279 [Mb/s]
From Main : Total 400 chunks will be downloaded
Main Thread change parallelism to MAX and concurrency to MAX
Main thread is shutting off all concurrent threads
All done
Total energy used: 2859.980044 Joules
mean Network throughput: 7 [msg/s]
mean Network throughput: 2370.254 [Mb/s]
From Main : Total 400 chunks will be downloaded
Main Thread change parallelism to MAX and concurrency to MAX
Main thread is shutting off all concurrent threads
All done
Total energy used: 3043.920919 Joules
mean Network throughput: 6 [msg/s]
mean Network throughput: 2133.248 [Mb/s]
From Main : Total 400 chunks will be downloaded
Main Thread change parallelism to MAX and concurrency to MAX
Main thread is shutting off all concurrent threads
All done
Total energy used: 3025.588934 Joules
mean Network throughput: 6 [msg/s]
mean Network throughput: 2133.219 [Mb/s]
From Main : Total 400 chunks will be downloaded
Main Thread change parallelism to MAX and concurrency to MAX
Main thread is shutting off all concurrent threads
All done
Total energy used: 2581.259505 Joules
mean Network throughput: 7 [msg/s]
mean Network throughput: 2370.271 [Mb/s]
