From Main : Total 400 chunks will be downloaded
Main Thread change parallelism to MAX and concurrency to MAX
Main thread is shutting off all concurrent threads
All done
Total energy used: 4153.093372 Joules
mean Network throughput: 3 [msg/s]
mean Network throughput: 1185.147 [Mb/s]
From Main : Total 400 chunks will be downloaded
Main Thread change parallelism to MAX and concurrency to MAX
Main thread is shutting off all concurrent threads
All done
Total energy used: 3900.448145 Joules
mean Network throughput: 3 [msg/s]
mean Network throughput: 1185.128 [Mb/s]
From Main : Total 400 chunks will be downloaded
Main Thread change parallelism to MAX and concurrency to MAX
Main thread is shutting off all concurrent threads
All done
Total energy used: 4028.542482 Joules
mean Network throughput: 3 [msg/s]
mean Network throughput: 1185.113 [Mb/s]
From Main : Total 400 chunks will be downloaded
Main Thread change parallelism to MAX and concurrency to MAX
Main thread is shutting off all concurrent threads
All done
Total energy used: 4569.324423 Joules
mean Network throughput: 3 [msg/s]
mean Network throughput: 1122.752 [Mb/s]
From Main : Total 400 chunks will be downloaded
Main Thread change parallelism to MAX and concurrency to MAX
Main thread is shutting off all concurrent threads
All done
Total energy used: 3929.320996 Joules
mean Network throughput: 3 [msg/s]
mean Network throughput: 1185.123 [Mb/s]
From Main : Total 400 chunks will be downloaded
Main Thread change parallelism to MAX and concurrency to MAX
Main thread is shutting off all concurrent threads
All done
Total energy used: 4343.976550 Joules
mean Network throughput: 3 [msg/s]
mean Network throughput: 1185.135 [Mb/s]
From Main : Total 400 chunks will be downloaded
Main Thread change parallelism to MAX and concurrency to MAX
Main thread is shutting off all concurrent threads
All done
Total energy used: -257556.258196 Joules
mean Network throughput: 3 [msg/s]
mean Network throughput: 1122.766 [Mb/s]
From Main : Total 400 chunks will be downloaded
Main Thread change parallelism to MAX and concurrency to MAX
Main thread is shutting off all concurrent threads
All done
Total energy used: 4555.148312 Joules
mean Network throughput: 3 [msg/s]
mean Network throughput: 1122.759 [Mb/s]
From Main : Total 400 chunks will be downloaded
Main Thread change parallelism to MAX and concurrency to MAX
Main thread is shutting off all concurrent threads
All done
Total energy used: 4521.292441 Joules
mean Network throughput: 3 [msg/s]
mean Network throughput: 1122.757 [Mb/s]
From Main : Total 400 chunks will be downloaded
Main Thread change parallelism to MAX and concurrency to MAX
Main thread is shutting off all concurrent threads
All done
Total energy used: 4134.671300 Joules
mean Network throughput: 3 [msg/s]
mean Network throughput: 1185.147 [Mb/s]
