From Main : Total 400 chunks will be downloaded
Main Thread change parallelism to MAX and concurrency to MAX
Main thread is shutting off all concurrent threads
All done
Total energy used: 2240.429689 Joules
mean Network throughput: 16 [msg/s]
mean Network throughput: 5332.772 [Mb/s]
From Main : Total 400 chunks will be downloaded
Main Thread change parallelism to MAX and concurrency to MAX
Main thread is shutting off all concurrent threads
All done
Total energy used: 2078.886585 Joules
mean Network throughput: 16 [msg/s]
mean Network throughput: 5333.151 [Mb/s]
From Main : Total 400 chunks will be downloaded
Main Thread change parallelism to MAX and concurrency to MAX
Main thread is shutting off all concurrent threads
All done
Total energy used: 2140.116287 Joules
mean Network throughput: 16 [msg/s]
mean Network throughput: 5333.105 [Mb/s]
From Main : Total 400 chunks will be downloaded
Main Thread change parallelism to MAX and concurrency to MAX
Main thread is shutting off all concurrent threads
All done
Total energy used: 1998.655040 Joules
mean Network throughput: 16 [msg/s]
mean Network throughput: 5333.173 [Mb/s]
From Main : Total 400 chunks will be downloaded
Main Thread change parallelism to MAX and concurrency to MAX
Main thread is shutting off all concurrent threads
All done
Total energy used: 2148.288384 Joules
mean Network throughput: 16 [msg/s]
mean Network throughput: 5333.137 [Mb/s]
From Main : Total 400 chunks will be downloaded
Main Thread change parallelism to MAX and concurrency to MAX
Main thread is shutting off all concurrent threads
All done
Total energy used: 2257.416767 Joules
mean Network throughput: 16 [msg/s]
mean Network throughput: 5333.218 [Mb/s]
From Main : Total 400 chunks will be downloaded
Main Thread change parallelism to MAX and concurrency to MAX
Main thread is shutting off all concurrent threads
All done
Total energy used: 2247.515609 Joules
mean Network throughput: 16 [msg/s]
mean Network throughput: 5333.158 [Mb/s]
From Main : Total 400 chunks will be downloaded
Main Thread change parallelism to MAX and concurrency to MAX
Main thread is shutting off all concurrent threads
All done
Total energy used: 2215.409063 Joules
mean Network throughput: 16 [msg/s]
mean Network throughput: 5333.112 [Mb/s]
From Main : Total 400 chunks will be downloaded
Main Thread change parallelism to MAX and concurrency to MAX
Main thread is shutting off all concurrent threads
All done
Total energy used: 2256.459861 Joules
mean Network throughput: 16 [msg/s]
mean Network throughput: 5333.198 [Mb/s]
From Main : Total 400 chunks will be downloaded
Main Thread change parallelism to MAX and concurrency to MAX
Main thread is shutting off all concurrent threads
All done
Total energy used: 2164.145095 Joules
mean Network throughput: 16 [msg/s]
mean Network throughput: 5333.132 [Mb/s]
