From Main : Total 400 chunks will be downloaded
Main Thread change parallelism to MAX and concurrency to MAX
Main thread is shutting off all concurrent threads
All done
Total energy used: 2662.738239 Joules
mean Network throughput: 7 [msg/s]
mean Network throughput: 2370.294 [Mb/s]
From Main : Total 400 chunks will be downloaded
Main Thread change parallelism to MAX and concurrency to MAX
Main thread is shutting off all concurrent threads
All done
Total energy used: 2542.900655 Joules
mean Network throughput: 6 [msg/s]
mean Network throughput: 2133.237 [Mb/s]
From Main : Total 400 chunks will be downloaded
Main Thread change parallelism to MAX and concurrency to MAX
Main thread is shutting off all concurrent threads
All done
Total energy used: 2464.819740 Joules
mean Network throughput: 6 [msg/s]
mean Network throughput: 2133.263 [Mb/s]
From Main : Total 400 chunks will be downloaded
Main Thread change parallelism to MAX and concurrency to MAX
Main thread is shutting off all concurrent threads
All done
Total energy used: 2879.851026 Joules
mean Network throughput: 7 [msg/s]
mean Network throughput: 2370.288 [Mb/s]
From Main : Total 400 chunks will be downloaded
Main Thread change parallelism to MAX and concurrency to MAX
Main thread is shutting off all concurrent threads
All done
Total energy used: 2140.244643 Joules
mean Network throughput: 7 [msg/s]
mean Network throughput: 2370.251 [Mb/s]
From Main : Total 400 chunks will be downloaded
Main Thread change parallelism to MAX and concurrency to MAX
Main thread is shutting off all concurrent threads
All done
Total energy used: 3019.662436 Joules
mean Network throughput: 6 [msg/s]
mean Network throughput: 2133.268 [Mb/s]
From Main : Total 400 chunks will be downloaded
Main Thread change parallelism to MAX and concurrency to MAX
Main thread is shutting off all concurrent threads
All done
Total energy used: 3263.146309 Joules
mean Network throughput: 6 [msg/s]
mean Network throughput: 1939.339 [Mb/s]
From Main : Total 400 chunks will be downloaded
Main Thread change parallelism to MAX and concurrency to MAX
Main thread is shutting off all concurrent threads
All done
Total energy used: 3158.607148 Joules
mean Network throughput: 6 [msg/s]
mean Network throughput: 2133.263 [Mb/s]
From Main : Total 400 chunks will be downloaded
Main Thread change parallelism to MAX and concurrency to MAX
Main thread is shutting off all concurrent threads
All done
Total energy used: 2825.056001 Joules
mean Network throughput: 6 [msg/s]
mean Network throughput: 2133.195 [Mb/s]
From Main : Total 400 chunks will be downloaded
Main Thread change parallelism to MAX and concurrency to MAX
Main thread is shutting off all concurrent threads
All done
Total energy used: 2761.792003 Joules
mean Network throughput: 7 [msg/s]
mean Network throughput: 2370.274 [Mb/s]
