From Main : Total 400 chunks will be downloaded
Main Thread change parallelism to MAX and concurrency to MAX
Main thread is shutting off all concurrent threads
All done
Total energy used: 1753.780422 Joules
mean Network throughput: 13 [msg/s]
mean Network throughput: 4266.540 [Mb/s]
From Main : Total 400 chunks will be downloaded
Main Thread change parallelism to MAX and concurrency to MAX
Main thread is shutting off all concurrent threads
All done
Total energy used: 1639.709487 Joules
mean Network throughput: 13 [msg/s]
mean Network throughput: 4266.552 [Mb/s]
From Main : Total 400 chunks will be downloaded
Main Thread change parallelism to MAX and concurrency to MAX
Main thread is shutting off all concurrent threads
All done
Total energy used: 1812.679258 Joules
mean Network throughput: 13 [msg/s]
mean Network throughput: 4266.494 [Mb/s]
From Main : Total 400 chunks will be downloaded
Main Thread change parallelism to MAX and concurrency to MAX
Main thread is shutting off all concurrent threads
All done
Total energy used: 1792.981799 Joules
mean Network throughput: 13 [msg/s]
mean Network throughput: 4266.526 [Mb/s]
From Main : Total 400 chunks will be downloaded
Main Thread change parallelism to MAX and concurrency to MAX
Main thread is shutting off all concurrent threads
All done
Total energy used: 1718.235164 Joules
mean Network throughput: 13 [msg/s]
mean Network throughput: 4266.452 [Mb/s]
From Main : Total 400 chunks will be downloaded
Main Thread change parallelism to MAX and concurrency to MAX
Main thread is shutting off all concurrent threads
All done
Total energy used: 1713.679207 Joules
mean Network throughput: 13 [msg/s]
mean Network throughput: 4266.512 [Mb/s]
From Main : Total 400 chunks will be downloaded
Main Thread change parallelism to MAX and concurrency to MAX
Main thread is shutting off all concurrent threads
All done
Total energy used: 1856.032907 Joules
mean Network throughput: 13 [msg/s]
mean Network throughput: 4266.474 [Mb/s]
From Main : Total 400 chunks will be downloaded
Main Thread change parallelism to MAX and concurrency to MAX
Main thread is shutting off all concurrent threads
All done
Total energy used: 1770.539169 Joules
mean Network throughput: 13 [msg/s]
mean Network throughput: 4266.536 [Mb/s]
From Main : Total 400 chunks will be downloaded
Main Thread change parallelism to MAX and concurrency to MAX
Main thread is shutting off all concurrent threads
All done
Total energy used: 1814.140864 Joules
mean Network throughput: 13 [msg/s]
mean Network throughput: 4266.446 [Mb/s]
From Main : Total 400 chunks will be downloaded
Main Thread change parallelism to MAX and concurrency to MAX
Main thread is shutting off all concurrent threads
All done
Total energy used: 1809.205513 Joules
mean Network throughput: 13 [msg/s]
mean Network throughput: 4266.558 [Mb/s]
From Main : Total 400 chunks will be downloaded
Main Thread change parallelism to MAX and concurrency to MAX
Main thread is shutting off all concurrent threads
All done
Total energy used: 1792.805713 Joules
mean Network throughput: 13 [msg/s]
mean Network throughput: 4266.508 [Mb/s]
From Main : Total 400 chunks will be downloaded
Main Thread change parallelism to MAX and concurrency to MAX
Main thread is shutting off all concurrent threads
All done
Total energy used: 1781.503252 Joules
mean Network throughput: 13 [msg/s]
mean Network throughput: 4266.528 [Mb/s]
From Main : Total 400 chunks will be downloaded
Main Thread change parallelism to MAX and concurrency to MAX
Main thread is shutting off all concurrent threads
All done
Total energy used: 2001.292545 Joules
mean Network throughput: 13 [msg/s]
mean Network throughput: 4266.569 [Mb/s]
