From Main : Total 400 chunks will be downloaded
Main Thread change parallelism to MAX and concurrency to MAX
Main thread is shutting off all concurrent threads
All done
Total energy used: 2400.047261 Joules
mean Network throughput: 22 [msg/s]
mean Network throughput: 7110.881 [Mb/s]
From Main : Total 400 chunks will be downloaded
Main Thread change parallelism to MAX and concurrency to MAX
Main thread is shutting off all concurrent threads
All done
Total energy used: 2190.253548 Joules
mean Network throughput: 22 [msg/s]
mean Network throughput: 7110.250 [Mb/s]
From Main : Total 400 chunks will be downloaded
Main Thread change parallelism to MAX and concurrency to MAX
Main thread is shutting off all concurrent threads
All done
Total energy used: 2234.141681 Joules
mean Network throughput: 22 [msg/s]
mean Network throughput: 7110.842 [Mb/s]
From Main : Total 400 chunks will be downloaded
Main Thread change parallelism to MAX and concurrency to MAX
Main thread is shutting off all concurrent threads
All done
Total energy used: 2167.407782 Joules
mean Network throughput: 22 [msg/s]
mean Network throughput: 7110.885 [Mb/s]
From Main : Total 400 chunks will be downloaded
Main Thread change parallelism to MAX and concurrency to MAX
Main thread is shutting off all concurrent threads
All done
Total energy used: 2128.614424 Joules
mean Network throughput: 22 [msg/s]
mean Network throughput: 7110.921 [Mb/s]
From Main : Total 400 chunks will be downloaded
Main Thread change parallelism to MAX and concurrency to MAX
Main thread is shutting off all concurrent threads
All done
Total energy used: 2222.467516 Joules
mean Network throughput: 22 [msg/s]
mean Network throughput: 7110.918 [Mb/s]
From Main : Total 400 chunks will be downloaded
Main Thread change parallelism to MAX and concurrency to MAX
Main thread is shutting off all concurrent threads
All done
Total energy used: 2408.344665 Joules
mean Network throughput: 22 [msg/s]
mean Network throughput: 7110.793 [Mb/s]
From Main : Total 400 chunks will be downloaded
Main Thread change parallelism to MAX and concurrency to MAX
Main thread is shutting off all concurrent threads
All done
Total energy used: 2413.273241 Joules
mean Network throughput: 22 [msg/s]
mean Network throughput: 7110.967 [Mb/s]
From Main : Total 400 chunks will be downloaded
Main Thread change parallelism to MAX and concurrency to MAX
Main thread is shutting off all concurrent threads
All done
Total energy used: 2327.739829 Joules
mean Network throughput: 22 [msg/s]
mean Network throughput: 7110.080 [Mb/s]
From Main : Total 400 chunks will be downloaded
Main Thread change parallelism to MAX and concurrency to MAX
Main thread is shutting off all concurrent threads
All done
Total energy used: 2195.696466 Joules
mean Network throughput: 22 [msg/s]
mean Network throughput: 7110.792 [Mb/s]
