From Main : Total 400 chunks will be downloaded
Main Thread change parallelism to MAX and concurrency to MAX
Main thread is shutting off all concurrent threads
All done
Total energy used: -259326.088443 Joules
mean Network throughput: 7 [msg/s]
mean Network throughput: 2370.305 [Mb/s]
From Main : Total 400 chunks will be downloaded
Main Thread change parallelism to MAX and concurrency to MAX
Main thread is shutting off all concurrent threads
All done
Total energy used: 2255.999107 Joules
mean Network throughput: 7 [msg/s]
mean Network throughput: 2370.296 [Mb/s]
From Main : Total 400 chunks will be downloaded
Main Thread change parallelism to MAX and concurrency to MAX
Main thread is shutting off all concurrent threads
All done
Total energy used: 2511.697366 Joules
mean Network throughput: 6 [msg/s]
mean Network throughput: 2133.263 [Mb/s]
From Main : Total 400 chunks will be downloaded
Main Thread change parallelism to MAX and concurrency to MAX
Main thread is shutting off all concurrent threads
All done
Total energy used: 2607.621132 Joules
mean Network throughput: 7 [msg/s]
mean Network throughput: 2370.298 [Mb/s]
From Main : Total 400 chunks will be downloaded
Main Thread change parallelism to MAX and concurrency to MAX
Main thread is shutting off all concurrent threads
All done
Total energy used: 2549.299199 Joules
mean Network throughput: 6 [msg/s]
mean Network throughput: 2133.202 [Mb/s]
From Main : Total 400 chunks will be downloaded
Main Thread change parallelism to MAX and concurrency to MAX
Main thread is shutting off all concurrent threads
All done
Total energy used: 2882.800299 Joules
mean Network throughput: 7 [msg/s]
mean Network throughput: 2370.258 [Mb/s]
From Main : Total 400 chunks will be downloaded
Main Thread change parallelism to MAX and concurrency to MAX
Main thread is shutting off all concurrent threads
All done
Total energy used: 2531.676014 Joules
mean Network throughput: 7 [msg/s]
mean Network throughput: 2370.293 [Mb/s]
From Main : Total 400 chunks will be downloaded
Main Thread change parallelism to MAX and concurrency to MAX
Main thread is shutting off all concurrent threads
All done
Total energy used: 2642.310802 Joules
mean Network throughput: 7 [msg/s]
mean Network throughput: 2370.288 [Mb/s]
From Main : Total 400 chunks will be downloaded
Main Thread change parallelism to MAX and concurrency to MAX
Main thread is shutting off all concurrent threads
All done
Total energy used: 2597.906924 Joules
mean Network throughput: 7 [msg/s]
mean Network throughput: 2370.209 [Mb/s]
From Main : Total 400 chunks will be downloaded
Main Thread change parallelism to MAX and concurrency to MAX
Main thread is shutting off all concurrent threads
All done
Total energy used: 2732.619653 Joules
mean Network throughput: 7 [msg/s]
mean Network throughput: 2370.237 [Mb/s]
