From Main : Total 400 chunks will be downloaded
Main Thread change parallelism to MAX and concurrency to MAX
Main thread is shutting off all concurrent threads
All done
Total energy used: 2563.514006 Joules
mean Network throughput: 16 [msg/s]
mean Network throughput: 5333.178 [Mb/s]
From Main : Total 400 chunks will be downloaded
Main Thread change parallelism to MAX and concurrency to MAX
Main thread is shutting off all concurrent threads
All done
Total energy used: 2418.312413 Joules
mean Network throughput: 22 [msg/s]
mean Network throughput: 7110.754 [Mb/s]
From Main : Total 400 chunks will be downloaded
Main Thread change parallelism to MAX and concurrency to MAX
Main thread is shutting off all concurrent threads
All done
Total energy used: 2306.068133 Joules
mean Network throughput: 16 [msg/s]
mean Network throughput: 5333.149 [Mb/s]
From Main : Total 400 chunks will be downloaded
Main Thread change parallelism to MAX and concurrency to MAX
Main thread is shutting off all concurrent threads
All done
Total energy used: 2444.516996 Joules
mean Network throughput: 16 [msg/s]
mean Network throughput: 5333.074 [Mb/s]
From Main : Total 400 chunks will be downloaded
Main Thread change parallelism to MAX and concurrency to MAX
Main thread is shutting off all concurrent threads
All done
Total energy used: 2217.804503 Joules
mean Network throughput: 22 [msg/s]
mean Network throughput: 7110.728 [Mb/s]
From Main : Total 400 chunks will be downloaded
Main Thread change parallelism to MAX and concurrency to MAX
Main thread is shutting off all concurrent threads
All done
Total energy used: 2359.564882 Joules
mean Network throughput: 22 [msg/s]
mean Network throughput: 7110.685 [Mb/s]
From Main : Total 400 chunks will be downloaded
Main Thread change parallelism to MAX and concurrency to MAX
Main thread is shutting off all concurrent threads
All done
Total energy used: 2278.443264 Joules
mean Network throughput: 22 [msg/s]
mean Network throughput: 7110.432 [Mb/s]
From Main : Total 400 chunks will be downloaded
Main Thread change parallelism to MAX and concurrency to MAX
Main thread is shutting off all concurrent threads
All done
Total energy used: 2291.193720 Joules
mean Network throughput: 22 [msg/s]
mean Network throughput: 7110.811 [Mb/s]
From Main : Total 400 chunks will be downloaded
Main Thread change parallelism to MAX and concurrency to MAX
Main thread is shutting off all concurrent threads
All done
Total energy used: 2347.486788 Joules
mean Network throughput: 22 [msg/s]
mean Network throughput: 7110.735 [Mb/s]
From Main : Total 400 chunks will be downloaded
Main Thread change parallelism to MAX and concurrency to MAX
Main thread is shutting off all concurrent threads
All done
Total energy used: 2282.327226 Joules
mean Network throughput: 22 [msg/s]
mean Network throughput: 7109.791 [Mb/s]
