From Main : Total 400 chunks will be downloaded
Main Thread change parallelism to MAX and concurrency to MAX
Main thread is shutting off all concurrent threads
All done
Total energy used: 1547.268683 Joules
mean Network throughput: 16 [msg/s]
mean Network throughput: 5333.157 [Mb/s]
From Main : Total 400 chunks will be downloaded
Main Thread change parallelism to MAX and concurrency to MAX
Main thread is shutting off all concurrent threads
All done
Total energy used: 1557.615641 Joules
mean Network throughput: 16 [msg/s]
mean Network throughput: 5333.195 [Mb/s]
From Main : Total 400 chunks will be downloaded
Main Thread change parallelism to MAX and concurrency to MAX
Main thread is shutting off all concurrent threads
All done
Total energy used: 1408.624995 Joules
mean Network throughput: 22 [msg/s]
mean Network throughput: 7110.907 [Mb/s]
From Main : Total 400 chunks will be downloaded
Main Thread change parallelism to MAX and concurrency to MAX
Main thread is shutting off all concurrent threads
All done
Total energy used: 1566.973162 Joules
mean Network throughput: 16 [msg/s]
mean Network throughput: 5333.164 [Mb/s]
From Main : Total 400 chunks will be downloaded
Main Thread change parallelism to MAX and concurrency to MAX
Main thread is shutting off all concurrent threads
All done
Total energy used: 1264.968808 Joules
mean Network throughput: 22 [msg/s]
mean Network throughput: 7110.913 [Mb/s]
From Main : Total 400 chunks will be downloaded
Main Thread change parallelism to MAX and concurrency to MAX
Main thread is shutting off all concurrent threads
All done
Total energy used: 1558.006937 Joules
mean Network throughput: 16 [msg/s]
mean Network throughput: 5333.154 [Mb/s]
From Main : Total 400 chunks will be downloaded
Main Thread change parallelism to MAX and concurrency to MAX
Main thread is shutting off all concurrent threads
All done
Total energy used: 1567.711929 Joules
mean Network throughput: 16 [msg/s]
mean Network throughput: 5333.191 [Mb/s]
From Main : Total 400 chunks will be downloaded
Main Thread change parallelism to MAX and concurrency to MAX
Main thread is shutting off all concurrent threads
All done
Total energy used: 1621.377258 Joules
mean Network throughput: 16 [msg/s]
mean Network throughput: 5333.132 [Mb/s]
From Main : Total 400 chunks will be downloaded
Main Thread change parallelism to MAX and concurrency to MAX
Main thread is shutting off all concurrent threads
All done
Total energy used: 1548.008916 Joules
mean Network throughput: 16 [msg/s]
mean Network throughput: 5333.120 [Mb/s]
From Main : Total 400 chunks will be downloaded
Main Thread change parallelism to MAX and concurrency to MAX
Main thread is shutting off all concurrent threads
All done
Total energy used: 1664.314709 Joules
mean Network throughput: 16 [msg/s]
mean Network throughput: 5333.175 [Mb/s]
From Main : Total 400 chunks will be downloaded
Main Thread change parallelism to MAX and concurrency to MAX
Main thread is shutting off all concurrent threads
All done
Total energy used: 1557.760233 Joules
mean Network throughput: 16 [msg/s]
mean Network throughput: 5333.177 [Mb/s]
From Main : Total 400 chunks will be downloaded
Main Thread change parallelism to MAX and concurrency to MAX
Main thread is shutting off all concurrent threads
All done
Total energy used: 1490.709258 Joules
mean Network throughput: 16 [msg/s]
mean Network throughput: 5333.096 [Mb/s]
From Main : Total 400 chunks will be downloaded
Main Thread change parallelism to MAX and concurrency to MAX
Main thread is shutting off all concurrent threads
All done
Total energy used: 1549.781372 Joules
mean Network throughput: 22 [msg/s]
mean Network throughput: 7110.926 [Mb/s]
From Main : Total 400 chunks will be downloaded
Main Thread change parallelism to MAX and concurrency to MAX
Main thread is shutting off all concurrent threads
All done
Total energy used: 1547.966984 Joules
mean Network throughput: 16 [msg/s]
mean Network throughput: 5333.183 [Mb/s]
From Main : Total 400 chunks will be downloaded
Main Thread change parallelism to MAX and concurrency to MAX
Main thread is shutting off all concurrent threads
All done
Total energy used: 2189.254283 Joules
mean Network throughput: 22 [msg/s]
mean Network throughput: 7110.953 [Mb/s]
From Main : Total 400 chunks will be downloaded
Main Thread change parallelism to MAX and concurrency to MAX
Main thread is shutting off all concurrent threads
All done
Total energy used: 2293.277638 Joules
mean Network throughput: 16 [msg/s]
mean Network throughput: 5333.161 [Mb/s]
From Main : Total 400 chunks will be downloaded
Main Thread change parallelism to MAX and concurrency to MAX
Main thread is shutting off all concurrent threads
All done
Total energy used: 2462.580976 Joules
mean Network throughput: 16 [msg/s]
mean Network throughput: 5333.151 [Mb/s]
From Main : Total 400 chunks will be downloaded
Main Thread change parallelism to MAX and concurrency to MAX
Main thread is shutting off all concurrent threads
All done
Total energy used: 2456.151610 Joules
mean Network throughput: 22 [msg/s]
mean Network throughput: 7110.962 [Mb/s]
From Main : Total 400 chunks will be downloaded
Main Thread change parallelism to MAX and concurrency to MAX
Main thread is shutting off all concurrent threads
All done
Total energy used: 2621.888308 Joules
mean Network throughput: 16 [msg/s]
mean Network throughput: 5333.002 [Mb/s]
From Main : Total 400 chunks will be downloaded
Main Thread change parallelism to MAX and concurrency to MAX
Main thread is shutting off all concurrent threads
All done
Total energy used: 2361.808163 Joules
mean Network throughput: 22 [msg/s]
mean Network throughput: 7110.976 [Mb/s]
From Main : Total 400 chunks will be downloaded
Main Thread change parallelism to MAX and concurrency to MAX
Main thread is shutting off all concurrent threads
All done
Total energy used: 2647.633603 Joules
mean Network throughput: 16 [msg/s]
mean Network throughput: 5333.150 [Mb/s]
From Main : Total 400 chunks will be downloaded
Main Thread change parallelism to MAX and concurrency to MAX
Main thread is shutting off all concurrent threads
All done
Total energy used: 2234.070514 Joules
mean Network throughput: 22 [msg/s]
mean Network throughput: 7110.965 [Mb/s]
From Main : Total 400 chunks will be downloaded
Main Thread change parallelism to MAX and concurrency to MAX
Main thread is shutting off all concurrent threads
All done
Total energy used: 2625.210565 Joules
mean Network throughput: 16 [msg/s]
mean Network throughput: 5333.137 [Mb/s]
