From Main : Total 400 chunks will be downloaded
Main Thread change parallelism to MAX and concurrency to MAX
Main thread is shutting off all concurrent threads
All done
Total energy used: 2624.881891 Joules
mean Network throughput: 16 [msg/s]
mean Network throughput: 5333.221 [Mb/s]
From Main : Total 400 chunks will be downloaded
Main Thread change parallelism to MAX and concurrency to MAX
Main thread is shutting off all concurrent threads
All done
Total energy used: 2859.341679 Joules
mean Network throughput: 13 [msg/s]
mean Network throughput: 4266.481 [Mb/s]
From Main : Total 400 chunks will be downloaded
Main Thread change parallelism to MAX and concurrency to MAX
Main thread is shutting off all concurrent threads
All done
Total energy used: 2990.375706 Joules
mean Network throughput: 11 [msg/s]
mean Network throughput: 3555.223 [Mb/s]
From Main : Total 400 chunks will be downloaded
Main Thread change parallelism to MAX and concurrency to MAX
Main thread is shutting off all concurrent threads
All done
Total energy used: 2717.886230 Joules
mean Network throughput: 16 [msg/s]
mean Network throughput: 5333.149 [Mb/s]
From Main : Total 400 chunks will be downloaded
Main Thread change parallelism to MAX and concurrency to MAX
Main thread is shutting off all concurrent threads
All done
Total energy used: 2662.058065 Joules
mean Network throughput: 16 [msg/s]
mean Network throughput: 5333.229 [Mb/s]
From Main : Total 400 chunks will be downloaded
Main Thread change parallelism to MAX and concurrency to MAX
Main thread is shutting off all concurrent threads
All done
Total energy used: 2940.603251 Joules
mean Network throughput: 13 [msg/s]
mean Network throughput: 4266.549 [Mb/s]
From Main : Total 400 chunks will be downloaded
Main Thread change parallelism to MAX and concurrency to MAX
Main thread is shutting off all concurrent threads
All done
Total energy used: 2795.929915 Joules
mean Network throughput: 16 [msg/s]
mean Network throughput: 5333.188 [Mb/s]
From Main : Total 400 chunks will be downloaded
Main Thread change parallelism to MAX and concurrency to MAX
Main thread is shutting off all concurrent threads
All done
Total energy used: 2655.878699 Joules
mean Network throughput: 13 [msg/s]
mean Network throughput: 4266.527 [Mb/s]
From Main : Total 400 chunks will be downloaded
Main Thread change parallelism to MAX and concurrency to MAX
Main thread is shutting off all concurrent threads
All done
Total energy used: 2726.920449 Joules
mean Network throughput: 16 [msg/s]
mean Network throughput: 5333.101 [Mb/s]
From Main : Total 400 chunks will be downloaded
Main Thread change parallelism to MAX and concurrency to MAX
Main thread is shutting off all concurrent threads
All done
Total energy used: 2982.273921 Joules
mean Network throughput: 13 [msg/s]
mean Network throughput: 4266.536 [Mb/s]
