From Main : Total 400 chunks will be downloaded
Main Thread change parallelism to MAX and concurrency to MAX
Main thread is shutting off all concurrent threads
All done
Total energy used: 1796.011759 Joules
mean Network throughput: 13 [msg/s]
mean Network throughput: 4266.580 [Mb/s]
From Main : Total 400 chunks will be downloaded
Main Thread change parallelism to MAX and concurrency to MAX
Main thread is shutting off all concurrent threads
All done
Total energy used: 1717.675717 Joules
mean Network throughput: 13 [msg/s]
mean Network throughput: 4266.561 [Mb/s]
From Main : Total 400 chunks will be downloaded
Main Thread change parallelism to MAX and concurrency to MAX
Main thread is shutting off all concurrent threads
All done
Total energy used: 1771.852581 Joules
mean Network throughput: 13 [msg/s]
mean Network throughput: 4266.491 [Mb/s]
From Main : Total 400 chunks will be downloaded
Main Thread change parallelism to MAX and concurrency to MAX
Main thread is shutting off all concurrent threads
All done
Total energy used: 1714.904057 Joules
mean Network throughput: 13 [msg/s]
mean Network throughput: 4266.333 [Mb/s]
From Main : Total 400 chunks will be downloaded
Main Thread change parallelism to MAX and concurrency to MAX
Main thread is shutting off all concurrent threads
All done
Total energy used: 1734.646927 Joules
mean Network throughput: 13 [msg/s]
mean Network throughput: 4266.427 [Mb/s]
From Main : Total 400 chunks will be downloaded
Main Thread change parallelism to MAX and concurrency to MAX
Main thread is shutting off all concurrent threads
All done
Total energy used: 1826.654138 Joules
mean Network throughput: 13 [msg/s]
mean Network throughput: 4266.531 [Mb/s]
From Main : Total 400 chunks will be downloaded
Main Thread change parallelism to MAX and concurrency to MAX
Main thread is shutting off all concurrent threads
All done
Total energy used: 1703.528232 Joules
mean Network throughput: 13 [msg/s]
mean Network throughput: 4266.517 [Mb/s]
From Main : Total 400 chunks will be downloaded
Main Thread change parallelism to MAX and concurrency to MAX
Main thread is shutting off all concurrent threads
All done
Total energy used: 1848.341948 Joules
mean Network throughput: 13 [msg/s]
mean Network throughput: 4266.473 [Mb/s]
From Main : Total 400 chunks will be downloaded
Main Thread change parallelism to MAX and concurrency to MAX
Main thread is shutting off all concurrent threads
All done
Total energy used: 1908.458798 Joules
mean Network throughput: 13 [msg/s]
mean Network throughput: 4266.520 [Mb/s]
From Main : Total 400 chunks will be downloaded
Main Thread change parallelism to MAX and concurrency to MAX
Main thread is shutting off all concurrent threads
All done
Total energy used: 1912.711656 Joules
mean Network throughput: 13 [msg/s]
mean Network throughput: 4266.519 [Mb/s]
