Main Thread changed parallelism to 1 and concurrency to 4
Concurrent Thread 0 creating all parallel threads (status: paused)
Concurrent Thread 2 creating all parallel threads (status: paused)
Concurrent Thread 1 creating all parallel threads (status: paused)
Concurrent Thread 3 creating all parallel threads (status: paused)
Monitor Thread Throughput : 0.16 Gbps
Monitor Thread Throughput : 0.32 Gbps
Monitor Thread Throughput : 0.16 Gbps
Monitor Thread Throughput : 0.32 Gbps
Monitor Thread Throughput : 0.32 Gbps
Monitor Thread Throughput : 0.16 Gbps
Main Thread changed parallelism to 1 and concurrency to 4
Monitor Thread Throughput : 0.32 Gbps
Monitor Thread Throughput : 0.20 Gbps
Monitor Thread Throughput : 0.28 Gbps
Monitor Thread Throughput : 0.32 Gbps
Monitor Thread Throughput : 0.16 Gbps
Main Thread changed parallelism to 1 and concurrency to 4
Monitor Thread Throughput : 0.32 Gbps
Monitor Thread Throughput : 0.32 Gbps
Monitor Thread Throughput : 0.16 Gbps
Monitor Thread Throughput : 0.32 Gbps
Monitor Thread Throughput : 0.20 Gbps
Monitor Thread Throughput : 0.28 Gbps
Main Thread changed parallelism to 1 and concurrency to 4
Monitor Thread Throughput : 0.32 Gbps
Monitor Thread Throughput : 0.16 Gbps
Monitor Thread Throughput : 0.32 Gbps
Monitor Thread Throughput : 0.24 Gbps
Monitor Thread Throughput : 0.24 Gbps
Monitor Thread Throughput : 0.32 Gbps
Main Thread changed parallelism to 1 and concurrency to 4
Monitor Thread Throughput : 0.20 Gbps
Monitor Thread Throughput : 0.28 Gbps
Monitor Thread Throughput : 0.32 Gbps
Monitor Thread Throughput : 0.16 Gbps
Monitor Thread Throughput : 0.32 Gbps
Monitor Thread Throughput : 0.24 Gbps
Main Thread changed parallelism to 1 and concurrency to 4
Monitor Thread Throughput : 0.24 Gbps
Monitor Thread Throughput : 0.32 Gbps
Monitor Thread Throughput : 0.16 Gbps
Monitor Thread Throughput : 0.32 Gbps
Monitor Thread Throughput : 0.28 Gbps
Monitor Thread Throughput : 0.20 Gbps
Main Thread changed parallelism to 1 and concurrency to 4
Monitor Thread Throughput : 0.32 Gbps
Monitor Thread Throughput : 0.24 Gbps
Monitor Thread Throughput : 0.24 Gbps
Monitor Thread Throughput : 0.32 Gbps
Monitor Thread Throughput : 0.16 Gbps
Monitor Thread Throughput : 0.32 Gbps
Main Thread changed parallelism to 1 and concurrency to 4
Monitor Thread Throughput : 0.28 Gbps
Monitor Thread Throughput : 0.20 Gbps
Monitor Thread Throughput : 0.32 Gbps
Monitor Thread Throughput : 0.24 Gbps
Monitor Thread Throughput : 0.24 Gbps
Monitor Thread Throughput : 0.32 Gbps
Main Thread changed parallelism to 1 and concurrency to 4
Monitor Thread Throughput : 0.16 Gbps
Monitor Thread Throughput : 0.32 Gbps
Monitor Thread Throughput : 0.28 Gbps
Monitor Thread Throughput : 0.20 Gbps
Monitor Thread Throughput : 0.32 Gbps
Monitor Thread Throughput : 0.20 Gbps
Main Thread changed parallelism to 1 and concurrency to 4
Monitor Thread Throughput : 0.28 Gbps
Monitor Thread Throughput : 0.28 Gbps
Monitor Thread Throughput : 0.12 Gbps
Monitor Thread Throughput : 0.16 Gbps
Monitor Thread Throughput : 0.20 Gbps
Monitor Thread Throughput : 0.24 Gbps
Main Thread changed parallelism to 1 and concurrency to 4
Monitor Thread Throughput : 0.16 Gbps
Monitor Thread Throughput : 0.28 Gbps
Monitor Thread Throughput : 0.24 Gbps
Monitor Thread Throughput : 0.28 Gbps
Monitor Thread Throughput : 0.28 Gbps
Monitor Thread Throughput : 0.24 Gbps
Main Thread changed parallelism to 1 and concurrency to 4
Monitor Thread Throughput : 0.28 Gbps
Monitor Thread Throughput : 0.24 Gbps
Monitor Thread Throughput : 0.24 Gbps
Monitor Thread Throughput : 0.28 Gbps
Monitor Thread Throughput : 0.28 Gbps
Monitor Thread Throughput : 0.24 Gbps
Main Thread changed parallelism to 1 and concurrency to 4
Monitor Thread Throughput : 0.28 Gbps
Monitor Thread Throughput : 0.20 Gbps
Monitor Thread Throughput : 0.32 Gbps
Monitor Thread Throughput : 0.24 Gbps
Monitor Thread Throughput : 0.24 Gbps
Monitor Thread Throughput : 0.28 Gbps
Main Thread changed parallelism to 1 and concurrency to 4
Monitor Thread Throughput : 0.28 Gbps
Monitor Thread Throughput : 0.24 Gbps
Monitor Thread Throughput : 0.24 Gbps
Monitor Thread Throughput : 0.24 Gbps
Monitor Thread Throughput : 0.32 Gbps
Monitor Thread Throughput : 0.24 Gbps
Main Thread changed parallelism to 1 and concurrency to 4
Monitor Thread Throughput : 0.24 Gbps
Monitor Thread Throughput : 0.28 Gbps
Monitor Thread Throughput : 0.28 Gbps
Monitor Thread Throughput : 0.24 Gbps
Monitor Thread Throughput : 0.24 Gbps
Monitor Thread Throughput : 0.24 Gbps
Main Thread changed parallelism to 1 and concurrency to 4
Monitor Thread Throughput : 0.32 Gbps
Monitor Thread Throughput : 0.24 Gbps
Monitor Thread Throughput : 0.24 Gbps
Monitor Thread Throughput : 0.28 Gbps
Monitor Thread Throughput : 0.24 Gbps
Monitor Thread Throughput : 0.28 Gbps
Main Thread changed parallelism to 1 and concurrency to 4
Monitor Thread Throughput : 0.24 Gbps
Monitor Thread Throughput : 0.24 Gbps
Monitor Thread Throughput : 0.32 Gbps
Monitor Thread Throughput : 0.24 Gbps
Monitor Thread Throughput : 0.24 Gbps
Monitor Thread Throughput : 0.24 Gbps
Main Thread changed parallelism to 1 and concurrency to 4
Monitor Thread Throughput : 0.24 Gbps
Monitor Thread Throughput : 0.32 Gbps
Monitor Thread Throughput : 0.24 Gbps
Monitor Thread Throughput : 0.24 Gbps
Monitor Thread Throughput : 0.28 Gbps
Monitor Thread Throughput : 0.28 Gbps
Main Thread changed parallelism to 1 and concurrency to 4
Monitor Thread Throughput : 0.24 Gbps
Monitor Thread Throughput : 0.28 Gbps
Monitor Thread Throughput : 0.20 Gbps
Monitor Thread Throughput : 0.32 Gbps
Monitor Thread Throughput : 0.24 Gbps
Monitor Thread Throughput : 0.24 Gbps
Main Thread changed parallelism to 1 and concurrency to 4
Monitor Thread Throughput : 0.32 Gbps
Monitor Thread Throughput : 0.24 Gbps
Monitor Thread Throughput : 0.24 Gbps
Monitor Thread Throughput : 0.24 Gbps
Monitor Thread Throughput : 0.24 Gbps
Monitor Thread Throughput : 0.32 Gbps
Main Thread changed parallelism to 1 and concurrency to 4
Monitor Thread Throughput : 0.24 Gbps
Monitor Thread Throughput : 0.24 Gbps
Monitor Thread Throughput : 0.28 Gbps
Monitor Thread Throughput : 0.28 Gbps
Monitor Thread Throughput : 0.24 Gbps
Monitor Thread Throughput : 0.08 Gbps
Main Thread changed parallelism to 1 and concurrency to 4
Monitor Thread Throughput : 0.08 Gbps
Monitor Thread Throughput : 0.20 Gbps
Monitor Thread Throughput : 0.28 Gbps
Monitor Thread Throughput : 0.12 Gbps
Monitor Thread Throughput : 0.28 Gbps
Monitor Thread Throughput : 0.32 Gbps
Main Thread changed parallelism to 1 and concurrency to 4
Monitor Thread Throughput : 0.16 Gbps
Monitor Thread Throughput : 0.32 Gbps
Monitor Thread Throughput : 0.20 Gbps
Monitor Thread Throughput : 0.28 Gbps
Monitor Thread Throughput : 0.32 Gbps
Monitor Thread Throughput : 0.16 Gbps
Main Thread changed parallelism to 1 and concurrency to 4
Monitor Thread Throughput : 0.32 Gbps
Monitor Thread Throughput : 0.32 Gbps
Monitor Thread Throughput : 0.16 Gbps
Monitor Thread Throughput : 0.32 Gbps
Monitor Thread Throughput : 0.24 Gbps
Monitor Thread Throughput : 0.24 Gbps
Main Thread changed parallelism to 1 and concurrency to 4
Monitor Thread Throughput : 0.32 Gbps
Monitor Thread Throughput : 0.16 Gbps
Monitor Thread Throughput : 0.32 Gbps
Monitor Thread Throughput : 0.28 Gbps
Monitor Thread Throughput : 0.20 Gbps
Monitor Thread Throughput : 0.32 Gbps
Main Thread changed parallelism to 1 and concurrency to 4
Monitor Thread Throughput : 0.16 Gbps
Monitor Thread Throughput : 0.32 Gbps
Monitor Thread Throughput : 0.32 Gbps
Monitor Thread Throughput : 0.16 Gbps
Monitor Thread Throughput : 0.32 Gbps
Monitor Thread Throughput : 0.28 Gbps
Main Thread changed parallelism to 1 and concurrency to 4
Monitor Thread Throughput : 0.20 Gbps
Monitor Thread Throughput : 0.32 Gbps
Monitor Thread Throughput : 0.16 Gbps
Monitor Thread Throughput : 0.32 Gbps
Monitor Thread Throughput : 0.28 Gbps
Monitor Thread Throughput : 0.20 Gbps
Main Thread changed parallelism to 1 and concurrency to 4
Monitor Thread Throughput : 0.32 Gbps
Monitor Thread Throughput : 0.24 Gbps
Monitor Thread Throughput : 0.24 Gbps
Monitor Thread Throughput : 0.32 Gbps
Monitor Thread Throughput : 0.16 Gbps
Monitor Thread Throughput : 0.32 Gbps
Main Thread changed parallelism to 1 and concurrency to 4
Monitor Thread Throughput : 0.32 Gbps
Monitor Thread Throughput : 0.16 Gbps
Monitor Thread Throughput : 0.32 Gbps
Monitor Thread Throughput : 0.24 Gbps
Monitor Thread Throughput : 0.24 Gbps
Monitor Thread Throughput : 0.32 Gbps
Main Thread changed parallelism to 1 and concurrency to 4
Monitor Thread Throughput : 0.20 Gbps
Monitor Thread Throughput : 0.28 Gbps
Monitor Thread Throughput : 0.28 Gbps
Monitor Thread Throughput : 0.20 Gbps
Monitor Thread Throughput : 0.32 Gbps
Monitor Thread Throughput : 0.24 Gbps
Main Thread changed parallelism to 1 and concurrency to 4
Monitor Thread Throughput : 0.24 Gbps
Monitor Thread Throughput : 0.28 Gbps
Monitor Thread Throughput : 0.24 Gbps
Monitor Thread Throughput : 0.24 Gbps
Monitor Thread Throughput : 0.16 Gbps
Monitor Thread Throughput : 0.32 Gbps
Main Thread changed parallelism to 1 and concurrency to 4
Monitor Thread Throughput : 0.16 Gbps
Monitor Thread Throughput : 0.28 Gbps
Monitor Thread Throughput : 0.20 Gbps
Monitor Thread Throughput : 0.24 Gbps
Monitor Thread Throughput : 0.24 Gbps
Monitor Thread Throughput : 0.20 Gbps
Main Thread changed parallelism to 1 and concurrency to 4
Monitor Thread Throughput : 0.24 Gbps
Monitor Thread Throughput : 0.20 Gbps
Monitor Thread Throughput : 0.24 Gbps
Monitor Thread Throughput : 0.20 Gbps
Monitor Thread Throughput : 0.20 Gbps
Monitor Thread Throughput : 0.28 Gbps
Main Thread changed parallelism to 1 and concurrency to 4
Monitor Thread Throughput : 0.20 Gbps
Monitor Thread Throughput : 0.20 Gbps
Monitor Thread Throughput : 0.24 Gbps
Monitor Thread Throughput : 0.20 Gbps
Monitor Thread Throughput : 0.28 Gbps
Monitor Thread Throughput : 0.20 Gbps
Main Thread changed parallelism to 1 and concurrency to 4
Monitor Thread Throughput : 0.20 Gbps
Monitor Thread Throughput : 0.24 Gbps
Monitor Thread Throughput : 0.20 Gbps
Monitor Thread Throughput : 0.24 Gbps
Monitor Thread Throughput : 0.20 Gbps
Monitor Thread Throughput : 0.20 Gbps
Main Thread changed parallelism to 1 and concurrency to 4
Monitor Thread Throughput : 0.28 Gbps
Monitor Thread Throughput : 0.20 Gbps
Monitor Thread Throughput : 0.20 Gbps
Monitor Thread Throughput : 0.24 Gbps
Monitor Thread Throughput : 0.20 Gbps
Monitor Thread Throughput : 0.28 Gbps
Main Thread changed parallelism to 1 and concurrency to 4
Monitor Thread Throughput : 0.20 Gbps
Monitor Thread Throughput : 0.20 Gbps
Monitor Thread Throughput : 0.24 Gbps
Monitor Thread Throughput : 0.20 Gbps
Monitor Thread Throughput : 0.20 Gbps
Monitor Thread Throughput : 0.24 Gbps
Main Thread changed parallelism to 1 and concurrency to 4
Monitor Thread Throughput : 0.20 Gbps
Monitor Thread Throughput : 0.28 Gbps
Monitor Thread Throughput : 0.20 Gbps
Monitor Thread Throughput : 0.20 Gbps
Monitor Thread Throughput : 0.24 Gbps
Monitor Thread Throughput : 0.20 Gbps
Main Thread changed parallelism to 1 and concurrency to 4
Monitor Thread Throughput : 0.28 Gbps
Monitor Thread Throughput : 0.16 Gbps
Monitor Thread Throughput : 0.24 Gbps
Monitor Thread Throughput : 0.24 Gbps
Monitor Thread Throughput : 0.20 Gbps
Monitor Thread Throughput : 0.20 Gbps
Main Thread changed parallelism to 1 and concurrency to 4
Monitor Thread Throughput : 0.24 Gbps
Monitor Thread Throughput : 0.20 Gbps
Monitor Thread Throughput : 0.28 Gbps
Monitor Thread Throughput : 0.16 Gbps
Monitor Thread Throughput : 0.24 Gbps
Monitor Thread Throughput : 0.24 Gbps
Main Thread changed parallelism to 1 and concurrency to 4
Monitor Thread Throughput : 0.20 Gbps
Monitor Thread Throughput : 0.24 Gbps
Monitor Thread Throughput : 0.20 Gbps
Monitor Thread Throughput : 0.24 Gbps
Monitor Thread Throughput : 0.24 Gbps
Monitor Thread Throughput : 0.20 Gbps
Main Thread changed parallelism to 1 and concurrency to 4
Monitor Thread Throughput : 0.20 Gbps
Monitor Thread Throughput : 0.24 Gbps
Monitor Thread Throughput : 0.20 Gbps
Monitor Thread Throughput : 0.28 Gbps
Monitor Thread Throughput : 0.16 Gbps
Monitor Thread Throughput : 0.24 Gbps
Main Thread changed parallelism to 1 and concurrency to 4
Monitor Thread Throughput : 0.24 Gbps
Monitor Thread Throughput : 0.16 Gbps
Monitor Thread Throughput : 0.24 Gbps
Monitor Thread Throughput : 0.24 Gbps
Monitor Thread Throughput : 0.20 Gbps
Monitor Thread Throughput : 0.28 Gbps
Main Thread changed parallelism to 1 and concurrency to 4
Monitor Thread Throughput : 0.16 Gbps
Monitor Thread Throughput : 0.24 Gbps
Monitor Thread Throughput : 0.24 Gbps
Concurrent Thread 1 shutting down because there are no files to download
Parent ID : 1 thread ID: 0, shutting itself off
Monitor Thread Throughput : 0.16 Gbps
Monitor Thread Throughput : 0.16 Gbps
Monitor Thread Throughput : 0.04 Gbps
Main Thread changed parallelism to 1 and concurrency to 4
Concurrent Thread 2 shutting down because there are no files to download
Parent ID : 2 thread ID: 0, shutting itself off
Concurrent Thread 3 shutting down because there are no files to download
Parent ID : 3 thread ID: 0, shutting itself off
Monitor Thread Throughput : 0.04 Gbps
Monitor Thread Throughput : 0.04 Gbps
Concurrent Thread 0 shutting down because there are no files to download
Parent ID : 0 thread ID: 0, shutting itself off
