Main Thread changed parallelism to 4 and concurrency to 4
Concurrent Thread 1 creating all parallel threads (status: paused)
Concurrent Thread 0 creating all parallel threads (status: paused)
Concurrent Thread 3 creating all parallel threads (status: paused)
Concurrent Thread 2 creating all parallel threads (status: paused)
Monitor Thread Throughput : 0.64 Gbps
Monitor Thread Throughput : 0.64 Gbps
Monitor Thread Throughput : 1.28 Gbps
Monitor Thread Throughput : 0.64 Gbps
Monitor Thread Throughput : 0.64 Gbps
Main Thread changed parallelism to 4 and concurrency to 4
Monitor Thread Throughput : 1.28 Gbps
Monitor Thread Throughput : 0.64 Gbps
Monitor Thread Throughput : 1.16 Gbps
Monitor Thread Throughput : 0.76 Gbps
Monitor Thread Throughput : 0.64 Gbps
Monitor Thread Throughput : 1.28 Gbps
Main Thread changed parallelism to 4 and concurrency to 4
Monitor Thread Throughput : 0.64 Gbps
Monitor Thread Throughput : 0.72 Gbps
Monitor Thread Throughput : 1.20 Gbps
Monitor Thread Throughput : 0.64 Gbps
Monitor Thread Throughput : 1.28 Gbps
Monitor Thread Throughput : 0.64 Gbps
Main Thread changed parallelism to 4 and concurrency to 4
Monitor Thread Throughput : 0.64 Gbps
Monitor Thread Throughput : 1.28 Gbps
Monitor Thread Throughput : 0.64 Gbps
Monitor Thread Throughput : 0.88 Gbps
Monitor Thread Throughput : 1.04 Gbps
Monitor Thread Throughput : 0.64 Gbps
Main Thread changed parallelism to 4 and concurrency to 4
Monitor Thread Throughput : 1.28 Gbps
Monitor Thread Throughput : 0.64 Gbps
Monitor Thread Throughput : 0.76 Gbps
Monitor Thread Throughput : 1.16 Gbps
Monitor Thread Throughput : 0.64 Gbps
Monitor Thread Throughput : 1.08 Gbps
Main Thread changed parallelism to 4 and concurrency to 4
Monitor Thread Throughput : 0.84 Gbps
Monitor Thread Throughput : 0.68 Gbps
Monitor Thread Throughput : 1.24 Gbps
Monitor Thread Throughput : 0.64 Gbps
Monitor Thread Throughput : 0.88 Gbps
Monitor Thread Throughput : 1.04 Gbps
Main Thread changed parallelism to 4 and concurrency to 4
Monitor Thread Throughput : 0.64 Gbps
Monitor Thread Throughput : 0.64 Gbps
Monitor Thread Throughput : 0.00 Gbps
Monitor Thread Throughput : 0.00 Gbps
Monitor Thread Throughput : 0.64 Gbps
Monitor Thread Throughput : 0.64 Gbps
Main Thread changed parallelism to 4 and concurrency to 4
Monitor Thread Throughput : 1.28 Gbps
Monitor Thread Throughput : 0.64 Gbps
Monitor Thread Throughput : 0.64 Gbps
Monitor Thread Throughput : 1.28 Gbps
Monitor Thread Throughput : 0.64 Gbps
Monitor Thread Throughput : 1.24 Gbps
Main Thread changed parallelism to 4 and concurrency to 4
Monitor Thread Throughput : 0.68 Gbps
Monitor Thread Throughput : 0.64 Gbps
Monitor Thread Throughput : 1.28 Gbps
Monitor Thread Throughput : 0.64 Gbps
Monitor Thread Throughput : 0.88 Gbps
Monitor Thread Throughput : 1.04 Gbps
Main Thread changed parallelism to 4 and concurrency to 4
Monitor Thread Throughput : 0.64 Gbps
Monitor Thread Throughput : 1.24 Gbps
Monitor Thread Throughput : 0.68 Gbps
Monitor Thread Throughput : 0.64 Gbps
Monitor Thread Throughput : 1.28 Gbps
Monitor Thread Throughput : 0.64 Gbps
Main Thread changed parallelism to 4 and concurrency to 4
Monitor Thread Throughput : 1.08 Gbps
Monitor Thread Throughput : 0.84 Gbps
Monitor Thread Throughput : 0.64 Gbps
Monitor Thread Throughput : 1.28 Gbps
Monitor Thread Throughput : 0.64 Gbps
Monitor Thread Throughput : 0.80 Gbps
Main Thread changed parallelism to 4 and concurrency to 4
Monitor Thread Throughput : 1.12 Gbps
Monitor Thread Throughput : 0.64 Gbps
Monitor Thread Throughput : 1.16 Gbps
Monitor Thread Throughput : 0.76 Gbps
Monitor Thread Throughput : 0.64 Gbps
Monitor Thread Throughput : 1.28 Gbps
Main Thread changed parallelism to 4 and concurrency to 4
Monitor Thread Throughput : 0.64 Gbps
Monitor Thread Throughput : 0.88 Gbps
Monitor Thread Throughput : 1.04 Gbps
Monitor Thread Throughput : 0.64 Gbps
Monitor Thread Throughput : 0.64 Gbps
Concurrent Thread 2 shutting down because there are no files to download
Parent ID : 2 thread ID: 1, shutting itself off
Parent ID : 0 thread ID: 3, shutting itself off
Parent ID : 2 thread ID: 0, shutting itself off
Parent ID : 2 thread ID: 2, shutting itself off
Concurrent Thread 3 shutting down because there are no files to download
Parent ID : 0 thread ID: 3, shutting itself off
Parent ID : 3 thread ID: 2, shutting itself off
Parent ID : 3 thread ID: 0, shutting itself off
Parent ID : 3 thread ID: 1, shutting itself off
Concurrent Thread 0 shutting down because there are no files to download
Parent ID : 0 thread ID: 2, shutting itself off
Parent ID : 0 thread ID: 3, shutting itself off
Parent ID : 0 thread ID: 1, shutting itself off
Parent ID : 0 thread ID: 0, shutting itself off
Concurrent Thread 1 shutting down because there are no files to download
Parent ID : 1 thread ID: 1, shutting itself off
Parent ID : 0 thread ID: 3, shutting itself off
Parent ID : 1 thread ID: 2, shutting itself off
Parent ID : 1 thread ID: 0, shutting itself off
