Gen address: 0x55cdcb318c60
Gen address: 0x55cdcb30e410
Gen address: 0x55cdcb310750
Gen address: 0x55cdcb310e40
Gen address: 0x55cdcb311840
Gen address: 0x55cdcb311980
Gen address: 0x55cdcb31e4f0
Gen address: 0x55cdcb31e5b0
Gen address: 0x55cdcb31e670
Gen address: 0x55cdcb31e730
Gen address: 0x55cdcb31e7f0
Gen address: 0x55cdcb31f870
Gen address: 0x55cdcb31f930
Gen address: 0x55cdcb31f2c0
Gen address: 0x55cdcb31f380
Gen address: 0x55cdcb31ed30
Gen address: 0x55cdcb31edf0
Gen address: 0x55cdcb3101a0
Gen address: 0x55cdcb320530
Gen address: 0x55cdcb3205f0
Gen address: 0x55cdcb3206b0
Gen address: 0x55cdcb320770
Gen address: 0x55cdcb320830
Gen address: 0x55cdcb3208f0
Gen address: 0x55cdcb31f9f0
Gen address: 0x55cdcb31fab0
Gen address: 0x55cdcb31fb70
Gen address: 0x55cdcb31fc30
Gen address: 0x55cdcb321920
Gen address: 0x55cdcb3219e0
Gen address: 0x55cdcb321aa0
Gen address: 0x55cdcb321b60
Gen address: 0x55cdcb320de0
Gen address: 0x55cdcb320ea0
Gen address: 0x55cdcb320f60
Gen address: 0x55cdcb322760
Gen address: 0x55cdcb321c20
Gen address: 0x55cdcb321ce0
Gen address: 0x55cdcb321e10
Gen address: 0x55cdcb321ed0
Gen address: 0x55cdcb3221f0
Gen address: 0x55cdcb322000
Gen address: 0x55cdcb3220f0
Gen address: 0x55cdcb312fc0
Gen address: 0x55cdcb313080
Gen address: 0x55cdcb3131b0
Gen address: 0x55cdcb315950
Gen address: 0x55cdcb313270
Gen address: 0x55cdcb315760
Gen address: 0x55cdcb315c30
Gen address: 0x55cdcb315850
Gen address: 0x55cdcb315a40
Gen address: 0x55cdcb315f10
Gen address: 0x55cdcb315b30
Gen address: 0x55cdcb315d20
Gen address: 0x55cdcb3161f0
Gen address: 0x55cdcb315e10
Gen address: 0x55cdcb316000
Gen address: 0x55cdcb3164d0
Gen address: 0x55cdcb3160f0
Gen address: 0x55cdcb3162e0
Gen address: 0x55cdcb3163d0
Gen address: 0x55cdcb3165c0
Gen address: 0x55cdcb316680
Gen address: 0x55cdcb3133a0
Gen address: 0x55cdcb313460
Gen address: 0x55cdcb313590
Gen address: 0x55cdcb313650
Gen address: 0x55cdcb313780
Gen address: 0x55cdcb313840
Gen address: 0x55cdcb3167b0
Gen address: 0x55cdcb316870
Gen address: 0x55cdcb3169a0
Gen address: 0x55cdcb316a90
Gen address: 0x55cdcb316b90
Gen address: 0x55cdcb316c80
Gen address: 0x55cdcb317cf0
Gen address: 0x55cdcb317de0
Gen address: 0x55cdcb317ee0
Gen address: 0x55cdcb3182c0
Gen address: 0x55cdcb317fd0
Gen address: 0x55cdcb3180d0
Gen address: 0x55cdcb3181c0
Gen address: 0x55cdcb317250
Gen address: 0x55cdcb317340
Gen address: 0x55cdcb317440
Gen address: 0x55cdcb317530
Gen address: 0x55cdcb317630
Gen address: 0x55cdcb317720
Gen address: 0x55cdcb313e40
Gen address: 0x55cdcb313f00
Gen address: 0x55cdcb314e50
Gen address: 0x55cdcb314f10
Gen address: 0x55cdcb315040
Gen address: 0x55cdcb315100
Gen address: 0x55cdcb315230
Gen address: 0x55cdcb3152f0
Gen address: 0x55cdcb314030
Gen address: 0x55cdcb314120
Gen address: 0x55cdcb314220
Main Thread changed parallelism to 2 and concurrency to 2
Concurrent Thread 2 creating all parallel threads (status: paused)
Concurrent Thread 4 creating all parallel threads (status: paused)
Concurrent Thread 3 creating all parallel threads (status: paused)
Concurrent Thread 5 creating all parallel threads (status: paused)
Concurrent Thread 6 creating all parallel threads (status: paused)
Concurrent Thread 1 creating all parallel threads (status: paused)
Concurrent Thread 9 creating all parallel threads (status: paused)
Concurrent Thread 10 creating all parallel threads (status: paused)
Concurrent Thread 11 creating all parallel threads (status: paused)
Concurrent Thread 12 creating all parallel threads (status: paused)
Concurrent Thread 7 creating all parallel threads (status: paused)
Concurrent Thread 15 creating all parallel threads (status: paused)
Concurrent Thread 8 creating all parallel threads (status: paused)
Concurrent Thread 13 creating all parallel threads (status: paused)
Concurrent Thread 0 creating all parallel threads (status: paused)
Concurrent Thread 16 creating all parallel threads (status: paused)
Concurrent Thread 14 creating all parallel threads (status: paused)
Monitor Thread Throughput : 1.28 Gbps
Monitor Thread Throughput : 1.28 Gbps
Monitor Thread Throughput : 1.28 Gbps
Monitor Thread Throughput : 1.28 Gbps
Monitor Thread Throughput : 2.56 Gbps
Monitor Thread Throughput : 1.28 Gbps
Main Thread changed parallelism to 1 and concurrency to 1
Monitor Thread Throughput : 1.28 Gbps
Monitor Thread Throughput : 0.32 Gbps
Monitor Thread Throughput : 0.32 Gbps
Monitor Thread Throughput : 0.64 Gbps
Monitor Thread Throughput : 0.32 Gbps
Monitor Thread Throughput : 0.32 Gbps
Main Thread changed parallelism to 1 and concurrency to 1
Monitor Thread Throughput : 0.32 Gbps
Monitor Thread Throughput : 0.32 Gbps
Monitor Thread Throughput : 0.32 Gbps
Monitor Thread Throughput : 0.32 Gbps
Monitor Thread Throughput : 0.32 Gbps
Monitor Thread Throughput : 0.32 Gbps
Main Thread changed parallelism to 4 and concurrency to 4
Monitor Thread Throughput : 3.84 Gbps
Monitor Thread Throughput : 4.16 Gbps
Monitor Thread Throughput : 3.84 Gbps
Monitor Thread Throughput : 5.12 Gbps
Monitor Thread Throughput : 7.68 Gbps
Monitor Thread Throughput : 2.24 Gbps
Main Thread changed parallelism to 6 and concurrency to 6
Monitor Thread Throughput : 5.76 Gbps
Monitor Thread Throughput : 7.68 Gbps
Monitor Thread Throughput : 7.36 Gbps
Monitor Thread Throughput : 6.72 Gbps
Monitor Thread Throughput : 9.60 Gbps
Monitor Thread Throughput : 4.48 Gbps
Main Thread changed parallelism to 6 and concurrency to 6
Monitor Thread Throughput : 0.96 Gbps
Monitor Thread Throughput : 9.92 Gbps
Monitor Thread Throughput : 9.60 Gbps
Monitor Thread Throughput : 6.72 Gbps
Monitor Thread Throughput : 9.60 Gbps
Monitor Thread Throughput : 8.00 Gbps
Main Thread changed parallelism to 6 and concurrency to 6
Monitor Thread Throughput : 1.28 Gbps
Monitor Thread Throughput : 10.56 Gbps
Monitor Thread Throughput : 9.60 Gbps
Monitor Thread Throughput : 8.00 Gbps
Monitor Thread Throughput : 8.00 Gbps
Main Thread changed parallelism to 5 and concurrency to 5
Monitor Thread Throughput : 9.60 Gbps
Monitor Thread Throughput : 3.20 Gbps
Monitor Thread Throughput : 10.24 Gbps
Monitor Thread Throughput : 8.96 Gbps
Monitor Thread Throughput : 9.28 Gbps
Monitor Thread Throughput : 9.60 Gbps
Main Thread changed parallelism to 5 and concurrency to 5
Monitor Thread Throughput : 4.48 Gbps
Monitor Thread Throughput : 7.68 Gbps
Monitor Thread Throughput : 7.36 Gbps
Monitor Thread Throughput : 6.72 Gbps
Monitor Thread Throughput : 6.08 Gbps
Monitor Thread Throughput : 7.68 Gbps
Main Thread changed parallelism to 5 and concurrency to 5
Monitor Thread Throughput : 4.16 Gbps
Monitor Thread Throughput : 6.08 Gbps
Monitor Thread Throughput : 8.64 Gbps
Monitor Thread Throughput : 8.00 Gbps
Monitor Thread Throughput : 6.40 Gbps
Monitor Thread Throughput : 7.68 Gbps
Main Thread changed parallelism to 5 and concurrency to 5
Monitor Thread Throughput : 4.48 Gbps
Monitor Thread Throughput : 6.08 Gbps
Monitor Thread Throughput : 7.04 Gbps
Monitor Thread Throughput : 8.32 Gbps
Monitor Thread Throughput : 6.72 Gbps
Monitor Thread Throughput : 7.36 Gbps
Main Thread changed parallelism to 5 and concurrency to 5
Monitor Thread Throughput : 4.48 Gbps
Monitor Thread Throughput : 1.60 Gbps
Monitor Thread Throughput : 8.64 Gbps
Monitor Thread Throughput : 11.84 Gbps
Monitor Thread Throughput : 3.52 Gbps
Monitor Thread Throughput : 5.44 Gbps
Main Thread changed parallelism to 5 and concurrency to 5
Monitor Thread Throughput : 9.28 Gbps
Monitor Thread Throughput : 1.28 Gbps
Monitor Thread Throughput : 8.00 Gbps
Monitor Thread Throughput : 8.00 Gbps
Monitor Thread Throughput : 5.76 Gbps
Monitor Thread Throughput : 8.32 Gbps
Main Thread changed parallelism to 5 and concurrency to 5
Monitor Thread Throughput : 7.04 Gbps
Monitor Thread Throughput : 0.64 Gbps
Monitor Thread Throughput : 0.32 Gbps
Monitor Thread Throughput : 0.00 Gbps
Monitor Thread Throughput : 2.88 Gbps
Monitor Thread Throughput : 1.28 Gbps
Main Thread changed parallelism to 5 and concurrency to 5
Monitor Thread Throughput : 2.56 Gbps
Monitor Thread Throughput : 1.28 Gbps
Monitor Thread Throughput : 2.24 Gbps
Monitor Thread Throughput : 1.92 Gbps
Monitor Thread Throughput : 4.16 Gbps
Monitor Thread Throughput : 3.84 Gbps
Main Thread changed parallelism to 8 and concurrency to 8
Monitor Thread Throughput : 5.44 Gbps
Monitor Thread Throughput : 5.44 Gbps
Monitor Thread Throughput : 3.52 Gbps
Monitor Thread Throughput : 3.20 Gbps
Monitor Thread Throughput : 1.60 Gbps
Monitor Thread Throughput : 7.68 Gbps
Main Thread changed parallelism to 3 and concurrency to 3
Monitor Thread Throughput : 12.16 Gbps
Monitor Thread Throughput : 8.00 Gbps
Monitor Thread Throughput : 5.76 Gbps
Monitor Thread Throughput : 3.20 Gbps
Monitor Thread Throughput : 2.56 Gbps
Monitor Thread Throughput : 0.64 Gbps
Main Thread changed parallelism to 6 and concurrency to 6
Monitor Thread Throughput : 0.64 Gbps
Monitor Thread Throughput : 0.96 Gbps
Monitor Thread Throughput : 2.88 Gbps
Monitor Thread Throughput : 1.92 Gbps
Monitor Thread Throughput : 2.88 Gbps
Monitor Thread Throughput : 2.24 Gbps
Main Thread changed parallelism to 8 and concurrency to 8
Monitor Thread Throughput : 3.20 Gbps
Monitor Thread Throughput : 1.92 Gbps
Monitor Thread Throughput : 0.32 Gbps
Monitor Thread Throughput : 0.96 Gbps
Monitor Thread Throughput : 4.80 Gbps
Monitor Thread Throughput : 1.60 Gbps
Main Thread changed parallelism to 4 and concurrency to 4
Monitor Thread Throughput : 2.56 Gbps
Monitor Thread Throughput : 1.28 Gbps
Monitor Thread Throughput : 0.32 Gbps
Monitor Thread Throughput : 0.00 Gbps
Monitor Thread Throughput : 12.80 Gbps
Monitor Thread Throughput : 1.92 Gbps
Main Thread changed parallelism to 2 and concurrency to 2
Monitor Thread Throughput : 1.60 Gbps
Monitor Thread Throughput : 3.84 Gbps
Monitor Thread Throughput : 0.32 Gbps
Monitor Thread Throughput : 0.32 Gbps
Monitor Thread Throughput : 1.28 Gbps
Monitor Thread Throughput : 2.88 Gbps
Main Thread changed parallelism to 3 and concurrency to 3
Monitor Thread Throughput : 0.64 Gbps
Monitor Thread Throughput : 0.32 Gbps
Monitor Thread Throughput : 0.96 Gbps
Monitor Thread Throughput : 1.28 Gbps
Monitor Thread Throughput : 2.88 Gbps
Monitor Thread Throughput : 1.28 Gbps
Main Thread changed parallelism to 6 and concurrency to 6
Monitor Thread Throughput : 0.96 Gbps
Monitor Thread Throughput : 2.88 Gbps
Monitor Thread Throughput : 2.88 Gbps
Monitor Thread Throughput : 3.84 Gbps
Monitor Thread Throughput : 2.88 Gbps
Monitor Thread Throughput : 8.64 Gbps
Main Thread changed parallelism to 3 and concurrency to 3
Monitor Thread Throughput : 9.92 Gbps
Monitor Thread Throughput : 5.76 Gbps
Monitor Thread Throughput : 10.24 Gbps
Monitor Thread Throughput : 8.32 Gbps
Monitor Thread Throughput : 8.00 Gbps
Monitor Thread Throughput : 3.20 Gbps
Main Thread changed parallelism to 3 and concurrency to 3
Monitor Thread Throughput : 1.28 Gbps
Monitor Thread Throughput : 2.88 Gbps
Monitor Thread Throughput : 2.24 Gbps
Monitor Thread Throughput : 1.92 Gbps
Monitor Thread Throughput : 2.56 Gbps
Monitor Thread Throughput : 3.52 Gbps
Main Thread changed parallelism to 5 and concurrency to 5
Monitor Thread Throughput : 3.84 Gbps
Monitor Thread Throughput : 2.88 Gbps
Monitor Thread Throughput : 2.24 Gbps
Monitor Thread Throughput : 1.60 Gbps
Monitor Thread Throughput : 3.52 Gbps
Monitor Thread Throughput : 9.60 Gbps
Main Thread changed parallelism to 1 and concurrency to 1
Monitor Thread Throughput : 7.04 Gbps
Monitor Thread Throughput : 5.76 Gbps
Monitor Thread Throughput : 4.16 Gbps
Monitor Thread Throughput : 6.08 Gbps
Monitor Thread Throughput : 0.00 Gbps
Monitor Thread Throughput : 3.20 Gbps
Main Thread changed parallelism to 1 and concurrency to 1
Monitor Thread Throughput : 0.00 Gbps
Monitor Thread Throughput : 0.32 Gbps
Monitor Thread Throughput : 0.32 Gbps
Monitor Thread Throughput : 0.64 Gbps
Monitor Thread Throughput : 0.32 Gbps
Monitor Thread Throughput : 0.32 Gbps
Main Thread changed parallelism to 1 and concurrency to 1
Monitor Thread Throughput : 0.32 Gbps
Monitor Thread Throughput : 0.32 Gbps
Monitor Thread Throughput : 0.64 Gbps
Monitor Thread Throughput : 0.32 Gbps
Monitor Thread Throughput : 0.32 Gbps
Monitor Thread Throughput : 0.32 Gbps
Main Thread changed parallelism to 8 and concurrency to 8
Monitor Thread Throughput : 0.32 Gbps
Monitor Thread Throughput : 0.32 Gbps
Monitor Thread Throughput : 0.64 Gbps
Monitor Thread Throughput : 0.32 Gbps
Monitor Thread Throughput : 0.00 Gbps
Monitor Thread Throughput : 10.56 Gbps
Main Thread changed parallelism to 1 and concurrency to 1
Monitor Thread Throughput : 9.60 Gbps
Monitor Thread Throughput : 8.00 Gbps
Monitor Thread Throughput : 10.56 Gbps
Monitor Thread Throughput : 9.28 Gbps
Monitor Thread Throughput : 11.20 Gbps
Monitor Thread Throughput : 1.92 Gbps
Main Thread changed parallelism to 1 and concurrency to 1
Monitor Thread Throughput : 0.32 Gbps
Monitor Thread Throughput : 0.32 Gbps
Monitor Thread Throughput : 0.32 Gbps
Monitor Thread Throughput : 0.64 Gbps
Monitor Thread Throughput : 0.32 Gbps
Monitor Thread Throughput : 0.32 Gbps
Main Thread changed parallelism to 1 and concurrency to 1
Monitor Thread Throughput : 0.32 Gbps
Monitor Thread Throughput : 0.32 Gbps
Monitor Thread Throughput : 0.32 Gbps
Monitor Thread Throughput : 0.00 Gbps
Monitor Thread Throughput : 0.32 Gbps
Monitor Thread Throughput : 0.32 Gbps
Main Thread changed parallelism to 1 and concurrency to 1
Monitor Thread Throughput : 0.32 Gbps
Monitor Thread Throughput : 0.32 Gbps
Monitor Thread Throughput : 0.64 Gbps
Monitor Thread Throughput : 0.32 Gbps
Monitor Thread Throughput : 0.32 Gbps
Monitor Thread Throughput : 0.32 Gbps
Main Thread changed parallelism to 8 and concurrency to 8
Monitor Thread Throughput : 0.00 Gbps
Monitor Thread Throughput : 0.32 Gbps
Monitor Thread Throughput : 0.32 Gbps
Monitor Thread Throughput : 0.32 Gbps
Monitor Thread Throughput : 0.32 Gbps
Monitor Thread Throughput : 11.52 Gbps
Main Thread changed parallelism to 1 and concurrency to 1
Monitor Thread Throughput : 5.44 Gbps
Monitor Thread Throughput : 0.00 Gbps
Monitor Thread Throughput : 12.48 Gbps
Monitor Thread Throughput : 2.56 Gbps
Monitor Thread Throughput : 0.00 Gbps
Monitor Thread Throughput : 0.00 Gbps
Main Thread changed parallelism to 1 and concurrency to 1
Monitor Thread Throughput : 0.00 Gbps
Monitor Thread Throughput : 0.00 Gbps
Monitor Thread Throughput : 0.00 Gbps
Monitor Thread Throughput : 0.00 Gbps
Monitor Thread Throughput : 0.00 Gbps
Monitor Thread Throughput : 0.00 Gbps
Main Thread changed parallelism to 1 and concurrency to 1
Monitor Thread Throughput : 0.00 Gbps
Monitor Thread Throughput : 0.00 Gbps
Monitor Thread Throughput : 0.00 Gbps
Monitor Thread Throughput : 0.00 Gbps
Monitor Thread Throughput : 0.00 Gbps
Monitor Thread Throughput : 0.00 Gbps
Main Thread changed parallelism to 1 and concurrency to 1
Monitor Thread Throughput : 0.00 Gbps
Monitor Thread Throughput : 0.00 Gbps
Monitor Thread Throughput : 0.00 Gbps
Monitor Thread Throughput : 0.00 Gbps
Monitor Thread Throughput : 0.32 Gbps
Monitor Thread Throughput : 0.32 Gbps
Main Thread changed parallelism to 1 and concurrency to 1
Monitor Thread Throughput : 0.32 Gbps
Concurrent Thread 9 shutting down because there are no files to download
Concurrent Thread 2 shutting down because there are no files to download
Concurrent Thread 7 shutting down because there are no files to download
Concurrent Thread 13 shutting down because there are no files to download
Concurrent Thread 0 shutting down because there are no files to download
Parent ID : 0 thread ID: 0, shutting itself off
Concurrent Thread 3 shutting down because there are no files to download
Concurrent Thread 4 shutting down because there are no files to download
Concurrent Thread 15 shutting down because there are no files to download
Concurrent Thread 16 shutting down because there are no files to download
Concurrent Thread 8 shutting down because there are no files to download
Concurrent Thread 1 shutting off all parallel threads
Parent ID : 1 thread ID: 7, shutting itself off
Parent ID : 1 thread ID: 11, shutting itself off
Parent ID : 1 thread ID: 14, shutting itself off
Concurrent Thread 14 shutting off all parallel threads
Parent ID : 1 thread ID: 13, shutting itself off
Parent ID : 1 thread ID: 15, shutting itself off
Parent ID : 1 thread ID: 4, shutting itself off
Parent ID : 1 thread ID: 2, shutting itself off
Parent ID : 1 thread ID: 12, shutting itself off
Parent ID : 1 thread ID: 10, shutting itself off
Parent ID : 1 thread ID: 5, shutting itself off
Parent ID : 1 thread ID: 0, shutting itself off
Parent ID : 14 thread ID: 13, shutting itself off
Concurrent Thread 11 shutting off all parallel threads
Concurrent Thread 12 shutting off all parallel threads
Parent ID : 11 thread ID: 3, shutting itself off
Parent ID : 11 thread ID: 6, shutting itself off
Parent ID : 11 thread ID: 7, shutting itself off
Parent ID : 11 thread ID: 0, shutting itself off
Parent ID : 11 thread ID: 5, shutting itself off
Parent ID : 11 thread ID: 11, shutting itself off
Parent ID : 12 thread ID: 16, shutting itself off
Parent ID : 12 thread ID: 1, shutting itself off
Parent ID : 12 thread ID: 14, shutting itself off
Parent ID : 12 thread ID: 13, shutting itself off
Parent ID : 14 thread ID: 12, shutting itself off
Parent ID : 12 thread ID: 6, shutting itself off
Parent ID : 1 thread ID: 6, shutting itself off
Parent ID : 14 thread ID: 0, shutting itself off
Parent ID : 14 thread ID: 15, shutting itself off
Parent ID : 1 thread ID: 3, shutting itself off
Parent ID : 14 thread ID: 7, shutting itself off
Parent ID : 14 thread ID: 11, shutting itself off
Parent ID : 11 thread ID: 9, shutting itself off
Parent ID : 14 thread ID: 9, shutting itself off
Parent ID : 1 thread ID: 9, shutting itself off
Parent ID : 14 thread ID: 16, shutting itself off
Parent ID : 14 thread ID: 14, shutting itself off
Parent ID : 14 thread ID: 10, shutting itself off
Parent ID : 14 thread ID: 5, shutting itself off
Parent ID : 11 thread ID: 10, shutting itself off
Parent ID : 1 thread ID: 1, shutting itself off
Parent ID : 11 thread ID: 16, shutting itself off
Parent ID : 11 thread ID: 14, shutting itself off
Parent ID : 11 thread ID: 12, shutting itself off
Concurrent Thread 10 shutting off all parallel threads
Parent ID : 10 thread ID: 13, shutting itself off
Parent ID : 10 thread ID: 11, shutting itself off
Parent ID : 10 thread ID: 16, shutting itself off
Parent ID : 12 thread ID: 5, shutting itself off
Parent ID : 10 thread ID: 3, shutting itself off
Parent ID : 10 thread ID: 8, shutting itself off
Parent ID : 10 thread ID: 9, shutting itself off
Concurrent Thread 5 shutting off all parallel threads
Parent ID : 10 thread ID: 10, shutting itself off
Parent ID : 5 thread ID: 5, shutting itself off
Parent ID : 12 thread ID: 4, shutting itself off
Parent ID : 11 thread ID: 1, shutting itself off
Parent ID : 5 thread ID: 12, shutting itself off
Parent ID : 5 thread ID: 7, shutting itself off
Parent ID : 5 thread ID: 10, shutting itself off
Parent ID : 12 thread ID: 2, shutting itself off
Parent ID : 12 thread ID: 9, shutting itself off
Parent ID : 5 thread ID: 1, shutting itself off
Parent ID : 5 thread ID: 14, shutting itself off
Parent ID : 5 thread ID: 15, shutting itself off
Parent ID : 14 thread ID: 4, shutting itself off
Parent ID : 12 thread ID: 12, shutting itself off
Parent ID : 14 thread ID: 8, shutting itself off
Parent ID : 12 thread ID: 7, shutting itself off
Parent ID : 12 thread ID: 8, shutting itself off
Parent ID : 12 thread ID: 15, shutting itself off
Parent ID : 14 thread ID: 1, shutting itself off
Parent ID : 12 thread ID: 3, shutting itself off
Parent ID : 14 thread ID: 6, shutting itself off
Parent ID : 1 thread ID: 8, shutting itself off
Parent ID : 10 thread ID: 7, shutting itself off
Parent ID : 12 thread ID: 11, shutting itself off
Parent ID : 10 thread ID: 15, shutting itself off
Parent ID : 10 thread ID: 14, shutting itself off
Parent ID : 10 thread ID: 5, shutting itself off
Parent ID : 5 thread ID: 6, shutting itself off
Parent ID : 5 thread ID: 4, shutting itself off
Parent ID : 10 thread ID: 4, shutting itself off
Parent ID : 5 thread ID: 0, shutting itself off
Parent ID : 10 thread ID: 1, shutting itself off
Parent ID : 5 thread ID: 13, shutting itself off
Parent ID : 5 thread ID: 8, shutting itself off
Parent ID : 5 thread ID: 3, shutting itself off
Parent ID : 11 thread ID: 15, shutting itself off
Parent ID : 1 thread ID: 16, shutting itself off
Parent ID : 14 thread ID: 2, shutting itself off
Parent ID : 5 thread ID: 11, shutting itself off
Parent ID : 10 thread ID: 6, shutting itself off
Parent ID : 14 thread ID: 3, shutting itself off
Parent ID : 10 thread ID: 2, shutting itself off
Parent ID : 10 thread ID: 0, shutting itself off
Parent ID : 11 thread ID: 13, shutting itself off
Parent ID : 11 thread ID: 4, shutting itself off
Parent ID : 12 thread ID: 0, shutting itself off
Parent ID : 5 thread ID: 9, shutting itself off
Concurrent Thread 6 shutting off all parallel threads
Parent ID : 6 thread ID: 2, shutting itself off
Parent ID : 6 thread ID: 3, shutting itself off
Parent ID : 6 thread ID: 1, shutting itself off
Parent ID : 6 thread ID: 16, shutting itself off
Parent ID : 6 thread ID: 7, shutting itself off
Parent ID : 6 thread ID: 9, shutting itself off
Parent ID : 6 thread ID: 8, shutting itself off
Parent ID : 6 thread ID: 5, shutting itself off
Parent ID : 6 thread ID: 6, shutting itself off
Parent ID : 6 thread ID: 13, shutting itself off
Parent ID : 6 thread ID: 14, shutting itself off
Parent ID : 6 thread ID: 10, shutting itself off
Parent ID : 6 thread ID: 12, shutting itself off
Parent ID : 6 thread ID: 15, shutting itself off
Parent ID : 11 thread ID: 8, shutting itself off
Parent ID : 6 thread ID: 11, shutting itself off
Parent ID : 6 thread ID: 4, shutting itself off
Parent ID : 11 thread ID: 2, shutting itself off
Parent ID : 12 thread ID: 10, shutting itself off
Parent ID : 6 thread ID: 0, shutting itself off
Parent ID : 10 thread ID: 12, shutting itself off
Parent ID : 5 thread ID: 2, shutting itself off
Parent ID : 5 thread ID: 16, shutting itself off
