Gen address: 0x5561ac01fc60
Gen address: 0x5561ac015410
Gen address: 0x5561ac017750
Gen address: 0x5561ac017e40
Gen address: 0x5561ac018840
Gen address: 0x5561ac018980
Gen address: 0x5561ac0254f0
Gen address: 0x5561ac0255b0
Gen address: 0x5561ac025670
Gen address: 0x5561ac025730
Gen address: 0x5561ac0257f0
Gen address: 0x5561ac026870
Gen address: 0x5561ac026930
Gen address: 0x5561ac0262c0
Gen address: 0x5561ac026380
Gen address: 0x5561ac025d30
Gen address: 0x5561ac025df0
Gen address: 0x5561ac0171a0
Gen address: 0x5561ac027530
Gen address: 0x5561ac0275f0
Gen address: 0x5561ac0276b0
Gen address: 0x5561ac027770
Gen address: 0x5561ac027830
Gen address: 0x5561ac0278f0
Gen address: 0x5561ac0269f0
Gen address: 0x5561ac026ab0
Gen address: 0x5561ac026b70
Gen address: 0x5561ac026c30
Gen address: 0x5561ac028920
Gen address: 0x5561ac0289e0
Gen address: 0x5561ac028aa0
Gen address: 0x5561ac028b60
Gen address: 0x5561ac027de0
Gen address: 0x5561ac027ea0
Gen address: 0x5561ac027f60
Gen address: 0x5561ac029760
Gen address: 0x5561ac028c20
Gen address: 0x5561ac028ce0
Gen address: 0x5561ac028e10
Gen address: 0x5561ac028ed0
Gen address: 0x5561ac0291f0
Gen address: 0x5561ac029000
Gen address: 0x5561ac0290f0
Gen address: 0x5561ac019fc0
Gen address: 0x5561ac01a080
Gen address: 0x5561ac01a1b0
Gen address: 0x5561ac01c950
Gen address: 0x5561ac01a270
Gen address: 0x5561ac01c760
Gen address: 0x5561ac01cc30
Gen address: 0x5561ac01c850
Gen address: 0x5561ac01ca40
Gen address: 0x5561ac01cf10
Gen address: 0x5561ac01cb30
Gen address: 0x5561ac01cd20
Gen address: 0x5561ac01d1f0
Gen address: 0x5561ac01ce10
Gen address: 0x5561ac01d000
Gen address: 0x5561ac01d4d0
Gen address: 0x5561ac01d0f0
Gen address: 0x5561ac01d2e0
Gen address: 0x5561ac01d3d0
Gen address: 0x5561ac01d5c0
Gen address: 0x5561ac01d680
Gen address: 0x5561ac01a3a0
Gen address: 0x5561ac01a460
Gen address: 0x5561ac01a590
Gen address: 0x5561ac01a650
Gen address: 0x5561ac01a780
Gen address: 0x5561ac01a840
Gen address: 0x5561ac01d7b0
Gen address: 0x5561ac01d870
Gen address: 0x5561ac01d9a0
Gen address: 0x5561ac01da90
Gen address: 0x5561ac01db90
Gen address: 0x5561ac01dc80
Gen address: 0x5561ac01ecf0
Gen address: 0x5561ac01ede0
Gen address: 0x5561ac01eee0
Gen address: 0x5561ac01f2c0
Gen address: 0x5561ac01efd0
Gen address: 0x5561ac01f0d0
Gen address: 0x5561ac01f1c0
Gen address: 0x5561ac01e250
Gen address: 0x5561ac01e340
Gen address: 0x5561ac01e440
Gen address: 0x5561ac01e530
Gen address: 0x5561ac01e630
Gen address: 0x5561ac01e720
Gen address: 0x5561ac01ae40
Gen address: 0x5561ac01af00
Gen address: 0x5561ac01be50
Gen address: 0x5561ac01bf10
Gen address: 0x5561ac01c040
Gen address: 0x5561ac01c100
Gen address: 0x5561ac01c230
Gen address: 0x5561ac01c2f0
Gen address: 0x5561ac01b030
Gen address: 0x5561ac01b120
Gen address: 0x5561ac01b220
Concurrent Thread 0 creating all parallel threads (status: paused)
Concurrent Thread 1 creating all parallel threads (status: paused)
Concurrent Thread 2 creating all parallel threads (status: paused)
Main Thread changed parallelism to 1 and concurrency to 1
Concurrent Thread 3 creating all parallel threads (status: paused)
Concurrent Thread 4 creating all parallel threads (status: paused)
Concurrent Thread 6 creating all parallel threads (status: paused)
Concurrent Thread 5 creating all parallel threads (status: paused)
Concurrent Thread 9 creating all parallel threads (status: paused)
Concurrent Thread 8 creating all parallel threads (status: paused)
Concurrent Thread 11 creating all parallel threads (status: paused)
Concurrent Thread 12 creating all parallel threads (status: paused)
Concurrent Thread 13 creating all parallel threads (status: paused)
Concurrent Thread 15 creating all parallel threads (status: paused)
Concurrent Thread 14 creating all parallel threads (status: paused)
Concurrent Thread 7 creating all parallel threads (status: paused)
Concurrent Thread 16 creating all parallel threads (status: paused)
Concurrent Thread 10 creating all parallel threads (status: paused)
Monitor Thread Throughput : 0.00 Gbps
Monitor Thread Throughput : 0.00 Gbps
Monitor Thread Throughput : 0.00 Gbps
Monitor Thread Throughput : 0.32 Gbps
Monitor Thread Throughput : 0.32 Gbps
Monitor Thread Throughput : 0.32 Gbps
Main Thread changed parallelism to 2 and concurrency to 2
Monitor Thread Throughput : 0.32 Gbps
Monitor Thread Throughput : 0.32 Gbps
Monitor Thread Throughput : 0.64 Gbps
Monitor Thread Throughput : 1.28 Gbps
Monitor Thread Throughput : 1.28 Gbps
Monitor Thread Throughput : 1.28 Gbps
Main Thread changed parallelism to 1 and concurrency to 1
Monitor Thread Throughput : 1.28 Gbps
Monitor Thread Throughput : 1.60 Gbps
Monitor Thread Throughput : 2.24 Gbps
Monitor Thread Throughput : 1.28 Gbps
Monitor Thread Throughput : 0.32 Gbps
Monitor Thread Throughput : 0.32 Gbps
Main Thread changed parallelism to 2 and concurrency to 2
Monitor Thread Throughput : 0.32 Gbps
Monitor Thread Throughput : 0.32 Gbps
Monitor Thread Throughput : 0.32 Gbps
Monitor Thread Throughput : 1.28 Gbps
Monitor Thread Throughput : 1.60 Gbps
Monitor Thread Throughput : 1.28 Gbps
Main Thread changed parallelism to 1 and concurrency to 1
Monitor Thread Throughput : 1.28 Gbps
Monitor Thread Throughput : 1.28 Gbps
Monitor Thread Throughput : 2.24 Gbps
Monitor Thread Throughput : 1.60 Gbps
Monitor Thread Throughput : 0.32 Gbps
Monitor Thread Throughput : 0.32 Gbps
Main Thread changed parallelism to 2 and concurrency to 2
Monitor Thread Throughput : 0.32 Gbps
Monitor Thread Throughput : 0.32 Gbps
Monitor Thread Throughput : 0.32 Gbps
Monitor Thread Throughput : 1.28 Gbps
Monitor Thread Throughput : 1.28 Gbps
Monitor Thread Throughput : 1.28 Gbps
Main Thread changed parallelism to 1 and concurrency to 1
Monitor Thread Throughput : 1.28 Gbps
Monitor Thread Throughput : 2.24 Gbps
Monitor Thread Throughput : 1.60 Gbps
Monitor Thread Throughput : 1.28 Gbps
Monitor Thread Throughput : 0.32 Gbps
Monitor Thread Throughput : 0.32 Gbps
Main Thread changed parallelism to 1 and concurrency to 1
Monitor Thread Throughput : 0.32 Gbps
Monitor Thread Throughput : 0.64 Gbps
Monitor Thread Throughput : 0.32 Gbps
Monitor Thread Throughput : 0.32 Gbps
Monitor Thread Throughput : 0.32 Gbps
Monitor Thread Throughput : 0.32 Gbps
Main Thread changed parallelism to 7 and concurrency to 7
Monitor Thread Throughput : 0.32 Gbps
Monitor Thread Throughput : 0.32 Gbps
Monitor Thread Throughput : 0.32 Gbps
Monitor Thread Throughput : 0.32 Gbps
Monitor Thread Throughput : 12.16 Gbps
Main Thread changed parallelism to 8 and concurrency to 8
Monitor Thread Throughput : 9.92 Gbps
Monitor Thread Throughput : 5.76 Gbps
Monitor Thread Throughput : 9.92 Gbps
Monitor Thread Throughput : 9.28 Gbps
Monitor Thread Throughput : 7.04 Gbps
Monitor Thread Throughput : 11.20 Gbps
Main Thread changed parallelism to 7 and concurrency to 7
Monitor Thread Throughput : 9.28 Gbps
Monitor Thread Throughput : 7.36 Gbps
Monitor Thread Throughput : 8.96 Gbps
Monitor Thread Throughput : 11.84 Gbps
Monitor Thread Throughput : 8.64 Gbps
Monitor Thread Throughput : 10.88 Gbps
Main Thread changed parallelism to 8 and concurrency to 8
Monitor Thread Throughput : 9.60 Gbps
Monitor Thread Throughput : 8.32 Gbps
Monitor Thread Throughput : 9.60 Gbps
Monitor Thread Throughput : 8.96 Gbps
Monitor Thread Throughput : 7.36 Gbps
Monitor Thread Throughput : 6.72 Gbps
Main Thread changed parallelism to 7 and concurrency to 7
Monitor Thread Throughput : 11.52 Gbps
Monitor Thread Throughput : 8.96 Gbps
Monitor Thread Throughput : 6.40 Gbps
Monitor Thread Throughput : 10.56 Gbps
Monitor Thread Throughput : 9.92 Gbps
Monitor Thread Throughput : 11.52 Gbps
Main Thread changed parallelism to 8 and concurrency to 8
Monitor Thread Throughput : 8.96 Gbps
Monitor Thread Throughput : 6.40 Gbps
Monitor Thread Throughput : 10.24 Gbps
Monitor Thread Throughput : 8.32 Gbps
Monitor Thread Throughput : 7.68 Gbps
Monitor Thread Throughput : 8.32 Gbps
Main Thread changed parallelism to 7 and concurrency to 7
Monitor Thread Throughput : 11.52 Gbps
Monitor Thread Throughput : 8.64 Gbps
Monitor Thread Throughput : 9.60 Gbps
Monitor Thread Throughput : 9.92 Gbps
Monitor Thread Throughput : 8.96 Gbps
Monitor Thread Throughput : 11.20 Gbps
Main Thread changed parallelism to 8 and concurrency to 8
Monitor Thread Throughput : 7.04 Gbps
Monitor Thread Throughput : 8.64 Gbps
Monitor Thread Throughput : 8.96 Gbps
Monitor Thread Throughput : 8.64 Gbps
Monitor Thread Throughput : 5.12 Gbps
Monitor Thread Throughput : 3.20 Gbps
Main Thread changed parallelism to 7 and concurrency to 7
Monitor Thread Throughput : 1.60 Gbps
Monitor Thread Throughput : 0.00 Gbps
Monitor Thread Throughput : 0.64 Gbps
Monitor Thread Throughput : 1.28 Gbps
Monitor Thread Throughput : 3.52 Gbps
Monitor Thread Throughput : 1.92 Gbps
Main Thread changed parallelism to 8 and concurrency to 8
Monitor Thread Throughput : 1.92 Gbps
Monitor Thread Throughput : 2.88 Gbps
Monitor Thread Throughput : 1.92 Gbps
Monitor Thread Throughput : 1.28 Gbps
Monitor Thread Throughput : 4.48 Gbps
Monitor Thread Throughput : 0.96 Gbps
Main Thread changed parallelism to 6 and concurrency to 6
Monitor Thread Throughput : 1.60 Gbps
Monitor Thread Throughput : 3.84 Gbps
Monitor Thread Throughput : 1.92 Gbps
Monitor Thread Throughput : 0.64 Gbps
Monitor Thread Throughput : 0.32 Gbps
Monitor Thread Throughput : 8.32 Gbps
Main Thread changed parallelism to 7 and concurrency to 7
Monitor Thread Throughput : 3.20 Gbps
Monitor Thread Throughput : 1.60 Gbps
Monitor Thread Throughput : 4.48 Gbps
Monitor Thread Throughput : 2.56 Gbps
Monitor Thread Throughput : 0.32 Gbps
Monitor Thread Throughput : 2.88 Gbps
Main Thread changed parallelism to 7 and concurrency to 7
Monitor Thread Throughput : 1.60 Gbps
Monitor Thread Throughput : 2.56 Gbps
Monitor Thread Throughput : 1.28 Gbps
Monitor Thread Throughput : 7.36 Gbps
Monitor Thread Throughput : 2.88 Gbps
Monitor Thread Throughput : 1.60 Gbps
Main Thread changed parallelism to 8 and concurrency to 8
Monitor Thread Throughput : 1.92 Gbps
Monitor Thread Throughput : 2.24 Gbps
Monitor Thread Throughput : 7.04 Gbps
Monitor Thread Throughput : 2.88 Gbps
Monitor Thread Throughput : 0.96 Gbps
Monitor Thread Throughput : 2.88 Gbps
Main Thread changed parallelism to 7 and concurrency to 7
Monitor Thread Throughput : 0.32 Gbps
Monitor Thread Throughput : 5.44 Gbps
Monitor Thread Throughput : 2.88 Gbps
Monitor Thread Throughput : 8.96 Gbps
Monitor Thread Throughput : 2.24 Gbps
Monitor Thread Throughput : 0.96 Gbps
Main Thread changed parallelism to 8 and concurrency to 8
Monitor Thread Throughput : 2.88 Gbps
Monitor Thread Throughput : 1.92 Gbps
Monitor Thread Throughput : 8.64 Gbps
Monitor Thread Throughput : 3.52 Gbps
Monitor Thread Throughput : 2.88 Gbps
Monitor Thread Throughput : 2.24 Gbps
Main Thread changed parallelism to 6 and concurrency to 6
Monitor Thread Throughput : 1.60 Gbps
Monitor Thread Throughput : 4.48 Gbps
Monitor Thread Throughput : 2.24 Gbps
Monitor Thread Throughput : 8.64 Gbps
Monitor Thread Throughput : 0.00 Gbps
Monitor Thread Throughput : 2.24 Gbps
Main Thread changed parallelism to 7 and concurrency to 7
Monitor Thread Throughput : 1.92 Gbps
Monitor Thread Throughput : 3.20 Gbps
Monitor Thread Throughput : 3.84 Gbps
Monitor Thread Throughput : 9.28 Gbps
Monitor Thread Throughput : 0.64 Gbps
Monitor Thread Throughput : 0.96 Gbps
Main Thread changed parallelism to 6 and concurrency to 6
Monitor Thread Throughput : 1.60 Gbps
Monitor Thread Throughput : 2.56 Gbps
Monitor Thread Throughput : 1.28 Gbps
Monitor Thread Throughput : 8.96 Gbps
Monitor Thread Throughput : 0.64 Gbps
Monitor Thread Throughput : 1.92 Gbps
Main Thread changed parallelism to 7 and concurrency to 7
Monitor Thread Throughput : 2.88 Gbps
Monitor Thread Throughput : 1.28 Gbps
Monitor Thread Throughput : 8.96 Gbps
Monitor Thread Throughput : 1.28 Gbps
Monitor Thread Throughput : 1.92 Gbps
Monitor Thread Throughput : 3.20 Gbps
Main Thread changed parallelism to 3 and concurrency to 3
Monitor Thread Throughput : 2.56 Gbps
Monitor Thread Throughput : 1.60 Gbps
Monitor Thread Throughput : 6.72 Gbps
Monitor Thread Throughput : 2.24 Gbps
Monitor Thread Throughput : 2.56 Gbps
Monitor Thread Throughput : 3.52 Gbps
Main Thread changed parallelism to 4 and concurrency to 4
Monitor Thread Throughput : 0.64 Gbps
Monitor Thread Throughput : 7.36 Gbps
Monitor Thread Throughput : 1.60 Gbps
Monitor Thread Throughput : 1.28 Gbps
Monitor Thread Throughput : 0.96 Gbps
Monitor Thread Throughput : 0.64 Gbps
Main Thread changed parallelism to 3 and concurrency to 3
Monitor Thread Throughput : 5.12 Gbps
Monitor Thread Throughput : 3.20 Gbps
Monitor Thread Throughput : 2.88 Gbps
Monitor Thread Throughput : 3.20 Gbps
Monitor Thread Throughput : 4.16 Gbps
Monitor Thread Throughput : 4.48 Gbps
Main Thread changed parallelism to 4 and concurrency to 4
Monitor Thread Throughput : 1.92 Gbps
Monitor Thread Throughput : 2.88 Gbps
Monitor Thread Throughput : 2.88 Gbps
Monitor Thread Throughput : 3.20 Gbps
Monitor Thread Throughput : 6.08 Gbps
Monitor Thread Throughput : 3.52 Gbps
Main Thread changed parallelism to 5 and concurrency to 5
Monitor Thread Throughput : 2.56 Gbps
Monitor Thread Throughput : 4.80 Gbps
Monitor Thread Throughput : 5.76 Gbps
Monitor Thread Throughput : 5.44 Gbps
Monitor Thread Throughput : 7.68 Gbps
Monitor Thread Throughput : 7.36 Gbps
Main Thread changed parallelism to 6 and concurrency to 6
Monitor Thread Throughput : 6.72 Gbps
Monitor Thread Throughput : 3.52 Gbps
Monitor Thread Throughput : 9.28 Gbps
Monitor Thread Throughput : 2.56 Gbps
Monitor Thread Throughput : 0.00 Gbps
Monitor Thread Throughput : 5.76 Gbps
Main Thread changed parallelism to 8 and concurrency to 8
Monitor Thread Throughput : 0.00 Gbps
Monitor Thread Throughput : 4.80 Gbps
Monitor Thread Throughput : 0.00 Gbps
Monitor Thread Throughput : 3.84 Gbps
Monitor Thread Throughput : 6.08 Gbps
Monitor Thread Throughput : 0.32 Gbps
Concurrent Thread 1 shutting down because there are no files to download
Parent ID : 1 thread ID: 4, shutting itself off
Parent ID : 1 thread ID: 3, shutting itself off
Parent ID : 1 thread ID: 1, shutting itself off
Parent ID : 1 thread ID: 7, shutting itself off
Parent ID : 1 thread ID: 2, shutting itself off
Concurrent Thread 0 shutting down because there are no files to download
Parent ID : 0 thread ID: 1, shutting itself off
Parent ID : 0 thread ID: 6, shutting itself off
Parent ID : 0 thread ID: 4, shutting itself off
Parent ID : 0 thread ID: 2, shutting itself off
Parent ID : 0 thread ID: 0, shutting itself off
Parent ID : 0 thread ID: 7, shutting itself off
Parent ID : 0 thread ID: 5, shutting itself off
Parent ID : 0 thread ID: 3, shutting itself off
Concurrent Thread 2 shutting down because there are no files to download
Parent ID : 2 thread ID: 1, shutting itself off
Parent ID : 2 thread ID: 4, shutting itself off
Parent ID : 2 thread ID: 5, shutting itself off
Parent ID : 2 thread ID: 3, shutting itself off
Parent ID : 2 thread ID: 0, shutting itself off
Concurrent Thread 5 shutting down because there are no files to download
Parent ID : 5 thread ID: 5, shutting itself off
Parent ID : 5 thread ID: 1, shutting itself off
Parent ID : 5 thread ID: 0, shutting itself off
Concurrent Thread 4 shutting down because there are no files to download
Parent ID : 4 thread ID: 7, shutting itself off
Parent ID : 4 thread ID: 6, shutting itself off
Main Thread changed parallelism to 1 and concurrency to 1
Monitor Thread Throughput : 0.00 Gbps
Monitor Thread Throughput : 0.00 Gbps
Parent ID : 1 thread ID: 5, shutting itself off
Parent ID : 1 thread ID: 0, shutting itself off
Parent ID : 1 thread ID: 6, shutting itself off
Parent ID : 4 thread ID: 0, shutting itself off
Parent ID : 4 thread ID: 2, shutting itself off
Parent ID : 4 thread ID: 3, shutting itself off
Parent ID : 4 thread ID: 1, shutting itself off
Parent ID : 2 thread ID: 7, shutting itself off
Parent ID : 2 thread ID: 6, shutting itself off
Parent ID : 4 thread ID: 5, shutting itself off
Parent ID : 4 thread ID: 4, shutting itself off
Parent ID : 2 thread ID: 2, shutting itself off
Parent ID : 5 thread ID: 7, shutting itself off
Parent ID : 5 thread ID: 4, shutting itself off
Parent ID : 5 thread ID: 6, shutting itself off
Parent ID : 5 thread ID: 2, shutting itself off
Parent ID : 5 thread ID: 3, shutting itself off
Monitor Thread Throughput : 12.48 Gbps
Monitor Thread Throughput : 0.32 Gbps
Monitor Thread Throughput : 0.32 Gbps
Monitor Thread Throughput : 0.00 Gbps
Main Thread changed parallelism to 8 and concurrency to 8
Monitor Thread Throughput : 3.84 Gbps
Concurrent Thread 6 shutting down because there are no files to download
Parent ID : 6 thread ID: 5, shutting itself off
Parent ID : 6 thread ID: 4, shutting itself off
Parent ID : 6 thread ID: 6, shutting itself off
Parent ID : 6 thread ID: 3, shutting itself off
Parent ID : 6 thread ID: 2, shutting itself off
Parent ID : 6 thread ID: 0, shutting itself off
Parent ID : 6 thread ID: 7, shutting itself off
Parent ID : 6 thread ID: 1, shutting itself off
Concurrent Thread 3 shutting down because there are no files to download
Parent ID : 3 thread ID: 3, shutting itself off
Parent ID : 3 thread ID: 6, shutting itself off
Parent ID : 3 thread ID: 4, shutting itself off
Parent ID : 3 thread ID: 5, shutting itself off
Parent ID : 3 thread ID: 1, shutting itself off
Parent ID : 3 thread ID: 0, shutting itself off
Parent ID : 3 thread ID: 7, shutting itself off
Parent ID : 3 thread ID: 2, shutting itself off
Concurrent Thread 7 shutting down because there are no files to download
Parent ID : 7 thread ID: 7, shutting itself off
Parent ID : 7 thread ID: 6, shutting itself off
Parent ID : 7 thread ID: 3, shutting itself off
Parent ID : 7 thread ID: 0, shutting itself off
Parent ID : 7 thread ID: 2, shutting itself off
Parent ID : 7 thread ID: 5, shutting itself off
Parent ID : 7 thread ID: 4, shutting itself off
Parent ID : 7 thread ID: 1, shutting itself off
Concurrent Thread 8 shutting down because there are no files to download
Concurrent Thread 12 shutting down because there are no files to download
Concurrent Thread 14 shutting down because there are no files to download
Concurrent Thread 11 shutting down because there are no files to download
Concurrent Thread 16 shutting down because there are no files to download
Concurrent Thread 9 shutting down because there are no files to download
Concurrent Thread 13 shutting down because there are no files to download
Concurrent Thread 15 shutting down because there are no files to download
Concurrent Thread 10 shutting down because there are no files to download
