Gen address: 0x561fcff801b0
Gen address: 0x561fcff841d0
Gen address: 0x561fcff90a70
Gen address: 0x561fcff91730
Gen address: 0x561fcff92370
Gen address: 0x561fcff93030
Gen address: 0x561fcff93630
Gen address: 0x561fcff929f0
Gen address: 0x561fcff93c70
Gen address: 0x561fcff941b0
Gen address: 0x561fcff94270
Gen address: 0x561fcff94330
Gen address: 0x561fcff8d970
Gen address: 0x561fcff8b2c0
Gen address: 0x561fcff8dd70
Gen address: 0x561fcff91090
Gen address: 0x561fcff93d30
Gen address: 0x561fcff902c0
Gen address: 0x561fcff8b3d0
Gen address: 0x561fcff8b490
Gen address: 0x561fcff8d5d0
Gen address: 0x561fcff8da80
Gen address: 0x561fcff8db40
Gen address: 0x561fcff8b550
Gen address: 0x561fcff8e6d0
Gen address: 0x561fcff8de80
Gen address: 0x561fcff8df40
Gen address: 0x561fcff8e000
Gen address: 0x561fcff8e0c0
Gen address: 0x561fcff8e390
Gen address: 0x561fcff8e180
Gen address: 0x561fcff8e240
Main Thread changed parallelism to 4 and concurrency to 4
Concurrent Thread 3 creating all parallel threads (status: paused)
Concurrent Thread 9 creating all parallel threads (status: paused)
Concurrent Thread 1 creating all parallel threads (status: paused)
Concurrent Thread 14 creating all parallel threads (status: paused)
Concurrent Thread 16 creating all parallel threads (status: paused)
Concurrent Thread 15 creating all parallel threads (status: paused)
Concurrent Thread 10 creating all parallel threads (status: paused)
Concurrent Thread 2 creating all parallel threads (status: paused)
Concurrent Thread 12 creating all parallel threads (status: paused)
Concurrent Thread 4 creating all parallel threads (status: paused)
Concurrent Thread 13 creating all parallel threads (status: paused)
Concurrent Thread 0 creating all parallel threads (status: paused)
Concurrent Thread 6 creating all parallel threads (status: paused)
Concurrent Thread 11 creating all parallel threads (status: paused)
Concurrent Thread 5 creating all parallel threads (status: paused)
Concurrent Thread 8 creating all parallel threads (status: paused)
Concurrent Thread 7 creating all parallel threads (status: paused)
Monitor Thread Throughput : 5.12 Gbps
Monitor Thread Throughput : 5.12 Gbps
Monitor Thread Throughput : 5.12 Gbps
Monitor Thread Throughput : 5.12 Gbps
Monitor Thread Throughput : 5.12 Gbps
Monitor Thread Throughput : 5.12 Gbps
Main Thread changed parallelism to 4 and concurrency to 4
Monitor Thread Throughput : 4.80 Gbps
Monitor Thread Throughput : 6.72 Gbps
Monitor Thread Throughput : 5.12 Gbps
Monitor Thread Throughput : 5.12 Gbps
Monitor Thread Throughput : 5.12 Gbps
Monitor Thread Throughput : 5.12 Gbps
Main Thread changed parallelism to 7 and concurrency to 7
Monitor Thread Throughput : 1.28 Gbps
Monitor Thread Throughput : 5.44 Gbps
Monitor Thread Throughput : 9.92 Gbps
Monitor Thread Throughput : 11.84 Gbps
Monitor Thread Throughput : 3.20 Gbps
Monitor Thread Throughput : 11.20 Gbps
Main Thread changed parallelism to 1 and concurrency to 1
Monitor Thread Throughput : 5.44 Gbps
Monitor Thread Throughput : 8.00 Gbps
Monitor Thread Throughput : 0.32 Gbps
Monitor Thread Throughput : 0.64 Gbps
Monitor Thread Throughput : 0.32 Gbps
Monitor Thread Throughput : 0.00 Gbps
Main Thread changed parallelism to 3 and concurrency to 3
Monitor Thread Throughput : 2.88 Gbps
Monitor Thread Throughput : 2.88 Gbps
Monitor Thread Throughput : 2.88 Gbps
Monitor Thread Throughput : 2.88 Gbps
Monitor Thread Throughput : 2.88 Gbps
Monitor Thread Throughput : 2.88 Gbps
Main Thread changed parallelism to 2 and concurrency to 2
Monitor Thread Throughput : 3.20 Gbps
Monitor Thread Throughput : 2.24 Gbps
Monitor Thread Throughput : 0.00 Gbps
Monitor Thread Throughput : 1.28 Gbps
Monitor Thread Throughput : 1.60 Gbps
Monitor Thread Throughput : 0.96 Gbps
Main Thread changed parallelism to 2 and concurrency to 2
Monitor Thread Throughput : 1.28 Gbps
Monitor Thread Throughput : 1.28 Gbps
Monitor Thread Throughput : 1.28 Gbps
Monitor Thread Throughput : 1.60 Gbps
Monitor Thread Throughput : 1.92 Gbps
Main Thread changed parallelism to 5 and concurrency to 5
Monitor Thread Throughput : 1.60 Gbps
Monitor Thread Throughput : 0.64 Gbps
Monitor Thread Throughput : 8.00 Gbps
Monitor Thread Throughput : 9.28 Gbps
Monitor Thread Throughput : 0.32 Gbps
Monitor Thread Throughput : 7.68 Gbps
Main Thread changed parallelism to 2 and concurrency to 2
Monitor Thread Throughput : 8.00 Gbps
Monitor Thread Throughput : 4.80 Gbps
Monitor Thread Throughput : 2.88 Gbps
Monitor Thread Throughput : 1.28 Gbps
Monitor Thread Throughput : 1.28 Gbps
Monitor Thread Throughput : 1.28 Gbps
Main Thread changed parallelism to 5 and concurrency to 5
Monitor Thread Throughput : 1.28 Gbps
Monitor Thread Throughput : 1.28 Gbps
Monitor Thread Throughput : 8.00 Gbps
Monitor Thread Throughput : 7.68 Gbps
Monitor Thread Throughput : 8.00 Gbps
Monitor Thread Throughput : 7.04 Gbps
Main Thread changed parallelism to 4 and concurrency to 4
Monitor Thread Throughput : 4.80 Gbps
Monitor Thread Throughput : 3.20 Gbps
Monitor Thread Throughput : 2.88 Gbps
Monitor Thread Throughput : 2.56 Gbps
Monitor Thread Throughput : 2.56 Gbps
Monitor Thread Throughput : 2.24 Gbps
Main Thread changed parallelism to 4 and concurrency to 4
Monitor Thread Throughput : 2.56 Gbps
Monitor Thread Throughput : 0.64 Gbps
Concurrent Thread 2 shutting down because there are no files to download
Parent ID : 2 thread ID: 3, shutting itself off
Parent ID : 2 thread ID: 1, shutting itself off
Parent ID : 2 thread ID: 2, shutting itself off
Parent ID : 2 thread ID: 0, shutting itself off
Concurrent Thread 3 shutting down because there are no files to download
Parent ID : 3 thread ID: 1, shutting itself off
Parent ID : 3 thread ID: 3, shutting itself off
Parent ID : 3 thread ID: 2, shutting itself off
Parent ID : 3 thread ID: 0, shutting itself off
Concurrent Thread 9 shutting down because there are no files to download
Concurrent Thread 1 shutting down because there are no files to download
Parent ID : 1 thread ID: 0, shutting itself off
Parent ID : 1 thread ID: 2, shutting itself off
Parent ID : 1 thread ID: 3, shutting itself off
Parent ID : 1 thread ID: 1, shutting itself off
Concurrent Thread 14 shutting down because there are no files to download
Concurrent Thread 15 shutting down because there are no files to download
Concurrent Thread 16 shutting down because there are no files to download
Concurrent Thread 0 shutting down because there are no files to download
Parent ID : 0 thread ID: 0, shutting itself off
Parent ID : 0 thread ID: 3, shutting itself off
Parent ID : 0 thread ID: 2, shutting itself off
Parent ID : 0 thread ID: 1, shutting itself off
Concurrent Thread 6 shutting down because there are no files to download
Concurrent Thread 12 shutting down because there are no files to download
Concurrent Thread 11 shutting down because there are no files to download
Concurrent Thread 10 shutting down because there are no files to download
Concurrent Thread 8 shutting down because there are no files to download
Concurrent Thread 7 shutting down because there are no files to download
Concurrent Thread 5 shutting down because there are no files to download
Concurrent Thread 13 shutting down because there are no files to download
Concurrent Thread 4 shutting down because there are no files to download
