Gen address: 0x564d9e87d1b0
Gen address: 0x564d9e8811d0
Gen address: 0x564d9e88da70
Gen address: 0x564d9e88e730
Gen address: 0x564d9e88f370
Gen address: 0x564d9e890030
Gen address: 0x564d9e890630
Gen address: 0x564d9e88f9f0
Gen address: 0x564d9e890c70
Gen address: 0x564d9e8911b0
Gen address: 0x564d9e891270
Gen address: 0x564d9e891330
Gen address: 0x564d9e88a970
Gen address: 0x564d9e8882c0
Gen address: 0x564d9e88ad70
Gen address: 0x564d9e88e090
Gen address: 0x564d9e890d30
Gen address: 0x564d9e88d2c0
Gen address: 0x564d9e8883d0
Gen address: 0x564d9e888490
Gen address: 0x564d9e88a5d0
Gen address: 0x564d9e88aa80
Gen address: 0x564d9e88ab40
Gen address: 0x564d9e888550
Gen address: 0x564d9e88b6d0
Gen address: 0x564d9e88ae80
Gen address: 0x564d9e88af40
Gen address: 0x564d9e88b000
Gen address: 0x564d9e88b0c0
Gen address: 0x564d9e88b390
Gen address: 0x564d9e88b180
Gen address: 0x564d9e88b240
Concurrent Thread 0 creating all parallel threads (status: paused)
Concurrent Thread 8 creating all parallel threads (status: paused)
Concurrent Thread 4 creating all parallel threads (status: paused)
Concurrent Thread 1 creating all parallel threads (status: paused)
Concurrent Thread 6 creating all parallel threads (status: paused)
Concurrent Thread 7 creating all parallel threads (status: paused)
Concurrent Thread 9 creating all parallel threads (status: paused)
Concurrent Thread 11 creating all parallel threads (status: paused)
Concurrent Thread 5 creating all parallel threads (status: paused)
Concurrent Thread 2 creating all parallel threads (status: paused)
Main Thread changed parallelism to 4 and concurrency to 4
Concurrent Thread 3 creating all parallel threads (status: paused)
Concurrent Thread 10 creating all parallel threads (status: paused)
Concurrent Thread 13 creating all parallel threads (status: paused)
Concurrent Thread 12 creating all parallel threads (status: paused)
Concurrent Thread 14 creating all parallel threads (status: paused)
Concurrent Thread 16 creating all parallel threads (status: paused)
Concurrent Thread 15 creating all parallel threads (status: paused)
Monitor Thread Throughput : 1.28 Gbps
Monitor Thread Throughput : 1.28 Gbps
Monitor Thread Throughput : 1.28 Gbps
Monitor Thread Throughput : 5.12 Gbps
Monitor Thread Throughput : 5.12 Gbps
Monitor Thread Throughput : 5.12 Gbps
Main Thread changed parallelism to 4 and concurrency to 4
Monitor Thread Throughput : 5.44 Gbps
Monitor Thread Throughput : 5.12 Gbps
Monitor Thread Throughput : 5.12 Gbps
Monitor Thread Throughput : 5.12 Gbps
Monitor Thread Throughput : 6.08 Gbps
Monitor Thread Throughput : 5.44 Gbps
Main Thread changed parallelism to 7 and concurrency to 7
Monitor Thread Throughput : 6.72 Gbps
Monitor Thread Throughput : 7.04 Gbps
Monitor Thread Throughput : 4.80 Gbps
Monitor Thread Throughput : 0.64 Gbps
Monitor Thread Throughput : 2.88 Gbps
Monitor Thread Throughput : 14.08 Gbps
Main Thread changed parallelism to 1 and concurrency to 1
Monitor Thread Throughput : 8.32 Gbps
Monitor Thread Throughput : 7.36 Gbps
Monitor Thread Throughput : 10.88 Gbps
Monitor Thread Throughput : 3.84 Gbps
Monitor Thread Throughput : 0.32 Gbps
Monitor Thread Throughput : 0.32 Gbps
Main Thread changed parallelism to 3 and concurrency to 3
Monitor Thread Throughput : 1.28 Gbps
Monitor Thread Throughput : 1.28 Gbps
Monitor Thread Throughput : 1.28 Gbps
Monitor Thread Throughput : 3.20 Gbps
Monitor Thread Throughput : 2.88 Gbps
Monitor Thread Throughput : 3.20 Gbps
Main Thread changed parallelism to 2 and concurrency to 2
Monitor Thread Throughput : 2.88 Gbps
Monitor Thread Throughput : 2.56 Gbps
Monitor Thread Throughput : 1.60 Gbps
Monitor Thread Throughput : 2.56 Gbps
Monitor Thread Throughput : 1.60 Gbps
Monitor Thread Throughput : 0.64 Gbps
Main Thread changed parallelism to 2 and concurrency to 2
Monitor Thread Throughput : 1.28 Gbps
Monitor Thread Throughput : 1.28 Gbps
Monitor Thread Throughput : 1.28 Gbps
Monitor Thread Throughput : 1.60 Gbps
Monitor Thread Throughput : 1.60 Gbps
Main Thread changed parallelism to 7 and concurrency to 7
Monitor Thread Throughput : 1.28 Gbps
Monitor Thread Throughput : 0.96 Gbps
Monitor Thread Throughput : 10.56 Gbps
Monitor Thread Throughput : 9.28 Gbps
Monitor Thread Throughput : 2.24 Gbps
Monitor Thread Throughput : 12.48 Gbps
Main Thread changed parallelism to 2 and concurrency to 2
Monitor Thread Throughput : 3.20 Gbps
Monitor Thread Throughput : 11.84 Gbps
Monitor Thread Throughput : 5.12 Gbps
Monitor Thread Throughput : 3.20 Gbps
Monitor Thread Throughput : 2.56 Gbps
Monitor Thread Throughput : 2.56 Gbps
Main Thread changed parallelism to 4 and concurrency to 4
Monitor Thread Throughput : 1.28 Gbps
Monitor Thread Throughput : 4.80 Gbps
Monitor Thread Throughput : 4.48 Gbps
Monitor Thread Throughput : 4.48 Gbps
Monitor Thread Throughput : 5.12 Gbps
Monitor Thread Throughput : 4.16 Gbps
Main Thread changed parallelism to 4 and concurrency to 4
Monitor Thread Throughput : 3.84 Gbps
Monitor Thread Throughput : 4.48 Gbps
Monitor Thread Throughput : 4.16 Gbps
Monitor Thread Throughput : 2.88 Gbps
Monitor Thread Throughput : 0.32 Gbps
Concurrent Thread 1 shutting down because there are no files to download
Parent ID : 1 thread ID: 2, shutting itself off
Parent ID : 1 thread ID: 3, shutting itself off
Parent ID : 1 thread ID: 1, shutting itself off
Concurrent Thread 2 shutting down because there are no files to download
Parent ID : 2 thread ID: 1, shutting itself off
Parent ID : 2 thread ID: 0, shutting itself off
Concurrent Thread 8 shutting down because there are no files to download
Parent ID : 2 thread ID: 3, shutting itself off
Parent ID : 1 thread ID: 0, shutting itself off
Parent ID : 2 thread ID: 2, shutting itself off
Concurrent Thread 5 shutting down because there are no files to download
Concurrent Thread 4 shutting down because there are no files to download
Concurrent Thread 13 shutting down because there are no files to download
Concurrent Thread 12 shutting down because there are no files to download
Concurrent Thread 16 shutting down because there are no files to download
Concurrent Thread 15 shutting down because there are no files to download
Concurrent Thread 3 shutting down because there are no files to download
Parent ID : 3 thread ID: 0, shutting itself off
Parent ID : 3 thread ID: 3, shutting itself off
Parent ID : 3 thread ID: 1, shutting itself off
Parent ID : 3 thread ID: 2, shutting itself off
Concurrent Thread 14 shutting down because there are no files to download
Concurrent Thread 10 shutting down because there are no files to download
Concurrent Thread 0 shutting down because there are no files to download
Parent ID : 0 thread ID: 1, shutting itself off
Parent ID : 0 thread ID: 0, shutting itself off
Parent ID : 0 thread ID: 3, shutting itself off
Parent ID : 0 thread ID: 2, shutting itself off
Concurrent Thread 6 shutting down because there are no files to download
Concurrent Thread 11 shutting off all parallel threads
Parent ID : 11 thread ID: 0, shutting itself off
Parent ID : 11 thread ID: 3, shutting itself off
Parent ID : 11 thread ID: 11, shutting itself off
Parent ID : 11 thread ID: 4, shutting itself off
Parent ID : 11 thread ID: 1, shutting itself off
Parent ID : 11 thread ID: 15, shutting itself off
Parent ID : 11 thread ID: 8, shutting itself off
Parent ID : 11 thread ID: 10, shutting itself off
Parent ID : 11 thread ID: 5, shutting itself off
Parent ID : 11 thread ID: 16, shutting itself off
Parent ID : 11 thread ID: 12, shutting itself off
Parent ID : 11 thread ID: 13, shutting itself off
Parent ID : 11 thread ID: 6, shutting itself off
Parent ID : 11 thread ID: 9, shutting itself off
Parent ID : 11 thread ID: 14, shutting itself off
Parent ID : 11 thread ID: 7, shutting itself off
Parent ID : 11 thread ID: 2, shutting itself off
Concurrent Thread 7 shutting off all parallel threads
Parent ID : 7 thread ID: 11, shutting itself off
Parent ID : 7 thread ID: 12, shutting itself off
Parent ID : 7 thread ID: 6, shutting itself off
Parent ID : 7 thread ID: 14, shutting itself off
Parent ID : 7 thread ID: 13, shutting itself off
Parent ID : 7 thread ID: 5, shutting itself off
Parent ID : 7 thread ID: 7, shutting itself off
Parent ID : 7 thread ID: 3, shutting itself off
Parent ID : 7 thread ID: 15, shutting itself off
Parent ID : 7 thread ID: 1, shutting itself off
Concurrent Thread 9 shutting off all parallel threads
Parent ID : 7 thread ID: 16, shutting itself off
Parent ID : 9 thread ID: 14, shutting itself off
Parent ID : 9 thread ID: 8, shutting itself off
Parent ID : 9 thread ID: 4, shutting itself off
Parent ID : 7 thread ID: 4, shutting itself off
Parent ID : 9 thread ID: 11, shutting itself off
Parent ID : 9 thread ID: 16, shutting itself off
Parent ID : 7 thread ID: 2, shutting itself off
Parent ID : 9 thread ID: 6, shutting itself off
Parent ID : 7 thread ID: 8, shutting itself off
Parent ID : 7 thread ID: 0, shutting itself off
Parent ID : 7 thread ID: 9, shutting itself off
Parent ID : 7 thread ID: 10, shutting itself off
Parent ID : 9 thread ID: 1, shutting itself off
Parent ID : 9 thread ID: 7, shutting itself off
Parent ID : 9 thread ID: 9, shutting itself off
Parent ID : 9 thread ID: 13, shutting itself off
Parent ID : 9 thread ID: 10, shutting itself off
Parent ID : 9 thread ID: 5, shutting itself off
Parent ID : 9 thread ID: 0, shutting itself off
Parent ID : 9 thread ID: 15, shutting itself off
Parent ID : 9 thread ID: 2, shutting itself off
Parent ID : 9 thread ID: 3, shutting itself off
Parent ID : 9 thread ID: 12, shutting itself off
