Gen address: 0x5641dac3f1b0
Gen address: 0x5641dac431d0
Gen address: 0x5641dac4fa70
Gen address: 0x5641dac50730
Gen address: 0x5641dac51370
Gen address: 0x5641dac52030
Gen address: 0x5641dac52630
Gen address: 0x5641dac519f0
Gen address: 0x5641dac52c70
Gen address: 0x5641dac531b0
Gen address: 0x5641dac53270
Gen address: 0x5641dac53330
Gen address: 0x5641dac4c970
Gen address: 0x5641dac4a2c0
Gen address: 0x5641dac4cd70
Gen address: 0x5641dac50090
Gen address: 0x5641dac52d30
Gen address: 0x5641dac4f2c0
Gen address: 0x5641dac4a3d0
Gen address: 0x5641dac4a490
Gen address: 0x5641dac4c5d0
Gen address: 0x5641dac4ca80
Gen address: 0x5641dac4cb40
Gen address: 0x5641dac4a550
Gen address: 0x5641dac4d6d0
Gen address: 0x5641dac4ce80
Gen address: 0x5641dac4cf40
Gen address: 0x5641dac4d000
Gen address: 0x5641dac4d0c0
Gen address: 0x5641dac4d390
Gen address: 0x5641dac4d180
Gen address: 0x5641dac4d240
Main Thread changed parallelism to 4 and concurrency to 4
Concurrent Thread 6 creating all parallel threads (status: paused)
Concurrent Thread 2 creating all parallel threads (status: paused)
Concurrent Thread 14 creating all parallel threads (status: paused)
Concurrent Thread 9 creating all parallel threads (status: paused)
Concurrent Thread 7 creating all parallel threads (status: paused)
Concurrent Thread 11 creating all parallel threads (status: paused)
Concurrent Thread 3 creating all parallel threads (status: paused)
Concurrent Thread 4 creating all parallel threads (status: paused)
Concurrent Thread 15 creating all parallel threads (status: paused)
Concurrent Thread 13 creating all parallel threads (status: paused)
Concurrent Thread 0 creating all parallel threads (status: paused)
Concurrent Thread 12 creating all parallel threads (status: paused)
Concurrent Thread 5 creating all parallel threads (status: paused)
Concurrent Thread 8 creating all parallel threads (status: paused)
Concurrent Thread 1 creating all parallel threads (status: paused)
Concurrent Thread 16 creating all parallel threads (status: paused)
Concurrent Thread 10 creating all parallel threads (status: paused)
Monitor Thread Throughput : 5.12 Gbps
Monitor Thread Throughput : 5.12 Gbps
Monitor Thread Throughput : 5.12 Gbps
Monitor Thread Throughput : 5.12 Gbps
Monitor Thread Throughput : 5.12 Gbps
Monitor Thread Throughput : 5.12 Gbps
Main Thread changed parallelism to 4 and concurrency to 4
Monitor Thread Throughput : 5.44 Gbps
Monitor Thread Throughput : 6.08 Gbps
Monitor Thread Throughput : 5.12 Gbps
Monitor Thread Throughput : 5.12 Gbps
Monitor Thread Throughput : 5.12 Gbps
Monitor Thread Throughput : 5.12 Gbps
Main Thread changed parallelism to 7 and concurrency to 7
Monitor Thread Throughput : 0.96 Gbps
Monitor Thread Throughput : 12.16 Gbps
Monitor Thread Throughput : 2.88 Gbps
Monitor Thread Throughput : 12.16 Gbps
Monitor Thread Throughput : 4.48 Gbps
Monitor Thread Throughput : 10.88 Gbps
Main Thread changed parallelism to 1 and concurrency to 1
Monitor Thread Throughput : 5.44 Gbps
Monitor Thread Throughput : 8.32 Gbps
Monitor Thread Throughput : 0.64 Gbps
Monitor Thread Throughput : 0.32 Gbps
Monitor Thread Throughput : 0.32 Gbps
Main Thread changed parallelism to 3 and concurrency to 3
Monitor Thread Throughput : 0.32 Gbps
Monitor Thread Throughput : 2.88 Gbps
Monitor Thread Throughput : 2.88 Gbps
Monitor Thread Throughput : 2.88 Gbps
Monitor Thread Throughput : 2.88 Gbps
Monitor Thread Throughput : 3.20 Gbps
Main Thread changed parallelism to 2 and concurrency to 2
Monitor Thread Throughput : 2.88 Gbps
Monitor Thread Throughput : 3.84 Gbps
Monitor Thread Throughput : 1.60 Gbps
Monitor Thread Throughput : 0.64 Gbps
Monitor Thread Throughput : 1.28 Gbps
Monitor Thread Throughput : 1.28 Gbps
Main Thread changed parallelism to 2 and concurrency to 2
Monitor Thread Throughput : 1.28 Gbps
Monitor Thread Throughput : 1.28 Gbps
Monitor Thread Throughput : 1.92 Gbps
Monitor Thread Throughput : 1.28 Gbps
Monitor Thread Throughput : 1.92 Gbps
Monitor Thread Throughput : 1.28 Gbps
Main Thread changed parallelism to 5 and concurrency to 5
Monitor Thread Throughput : 0.96 Gbps
Monitor Thread Throughput : 0.64 Gbps
Monitor Thread Throughput : 7.36 Gbps
Monitor Thread Throughput : 6.40 Gbps
Monitor Thread Throughput : 6.40 Gbps
Monitor Thread Throughput : 8.00 Gbps
Main Thread changed parallelism to 2 and concurrency to 2
Monitor Thread Throughput : 8.00 Gbps
Monitor Thread Throughput : 3.20 Gbps
Monitor Thread Throughput : 3.52 Gbps
Monitor Thread Throughput : 0.96 Gbps
Monitor Thread Throughput : 1.60 Gbps
Monitor Thread Throughput : 0.64 Gbps
Main Thread changed parallelism to 6 and concurrency to 6
Monitor Thread Throughput : 0.64 Gbps
Monitor Thread Throughput : 0.64 Gbps
Monitor Thread Throughput : 10.56 Gbps
Monitor Thread Throughput : 9.28 Gbps
Monitor Thread Throughput : 0.96 Gbps
Monitor Thread Throughput : 10.88 Gbps
Main Thread changed parallelism to 4 and concurrency to 4
Monitor Thread Throughput : 11.20 Gbps
Monitor Thread Throughput : 3.84 Gbps
Monitor Thread Throughput : 1.92 Gbps
Monitor Thread Throughput : 0.96 Gbps
Monitor Thread Throughput : 0.64 Gbps
Concurrent Thread 11 shutting down because there are no files to download
Concurrent Thread 4 shutting down because there are no files to download
Concurrent Thread 7 shutting down because there are no files to download
Concurrent Thread 15 shutting down because there are no files to download
Concurrent Thread 13 shutting down because there are no files to download
Concurrent Thread 0 shutting down because there are no files to download
Parent ID : 0 thread ID: 1, shutting itself off
Parent ID : 0 thread ID: 2, shutting itself off
Parent ID : 0 thread ID: 3, shutting itself off
Parent ID : 0 thread ID: 0, shutting itself off
Concurrent Thread 5 shutting down because there are no files to download
Concurrent Thread 10 shutting down because there are no files to download
Concurrent Thread 12 shutting down because there are no files to download
Concurrent Thread 1 shutting down because there are no files to download
Parent ID : 1 thread ID: 1, shutting itself off
Parent ID : 1 thread ID: 3, shutting itself off
Parent ID : 1 thread ID: 2, shutting itself off
Parent ID : 1 thread ID: 0, shutting itself off
Concurrent Thread 8 shutting down because there are no files to download
Concurrent Thread 16 shutting down because there are no files to download
Concurrent Thread 2 shutting off all parallel threads
Parent ID : 2 thread ID: 3, shutting itself off
Parent ID : 2 thread ID: 12, shutting itself off
Parent ID : 2 thread ID: 15, shutting itself off
Parent ID : 2 thread ID: 5, shutting itself off
Parent ID : 2 thread ID: 1, shutting itself off
Parent ID : 2 thread ID: 8, shutting itself off
Parent ID : 2 thread ID: 6, shutting itself off
Parent ID : 2 thread ID: 2, shutting itself off
Parent ID : 2 thread ID: 13, shutting itself off
Parent ID : 2 thread ID: 16, shutting itself off
Parent ID : 2 thread ID: 11, shutting itself off
Parent ID : 2 thread ID: 10, shutting itself off
Parent ID : 2 thread ID: 4, shutting itself off
Parent ID : 2 thread ID: 9, shutting itself off
Parent ID : 2 thread ID: 7, shutting itself off
Parent ID : 2 thread ID: 14, shutting itself off
Parent ID : 2 thread ID: 0, shutting itself off
Concurrent Thread 6 shutting off all parallel threads
Parent ID : 6 thread ID: 2, shutting itself off
Parent ID : 6 thread ID: 15, shutting itself off
Parent ID : 6 thread ID: 11, shutting itself off
Parent ID : 6 thread ID: 3, shutting itself off
Parent ID : 6 thread ID: 5, shutting itself off
Parent ID : 6 thread ID: 6, shutting itself off
Parent ID : 6 thread ID: 0, shutting itself off
Parent ID : 6 thread ID: 4, shutting itself off
Parent ID : 6 thread ID: 10, shutting itself off
Parent ID : 6 thread ID: 16, shutting itself off
Concurrent Thread 9 shutting off all parallel threads
Parent ID : 9 thread ID: 14, shutting itself off
Parent ID : 9 thread ID: 10, shutting itself off
Parent ID : 9 thread ID: 13, shutting itself off
Parent ID : 9 thread ID: 4, shutting itself off
Parent ID : 9 thread ID: 2, shutting itself off
Parent ID : 9 thread ID: 5, shutting itself off
Parent ID : 9 thread ID: 15, shutting itself off
Parent ID : 6 thread ID: 12, shutting itself off
Parent ID : 9 thread ID: 3, shutting itself off
Parent ID : 6 thread ID: 8, shutting itself off
Parent ID : 9 thread ID: 1, shutting itself off
Parent ID : 9 thread ID: 9, shutting itself off
Parent ID : 9 thread ID: 12, shutting itself off
Parent ID : 6 thread ID: 1, shutting itself off
Parent ID : 9 thread ID: 6, shutting itself off
Parent ID : 9 thread ID: 8, shutting itself off
Parent ID : 9 thread ID: 16, shutting itself off
Parent ID : 9 thread ID: 0, shutting itself off
Parent ID : 9 thread ID: 11, shutting itself off
Parent ID : 6 thread ID: 9, shutting itself off
Parent ID : 6 thread ID: 13, shutting itself off
Parent ID : 9 thread ID: 7, shutting itself off
Parent ID : 6 thread ID: 7, shutting itself off
Parent ID : 6 thread ID: 14, shutting itself off
Concurrent Thread 14 shutting off all parallel threads
Parent ID : 14 thread ID: 15, shutting itself off
Parent ID : 14 thread ID: 9, shutting itself off
Parent ID : 14 thread ID: 12, shutting itself off
Parent ID : 14 thread ID: 11, shutting itself off
Parent ID : 14 thread ID: 0, shutting itself off
Parent ID : 14 thread ID: 4, shutting itself off
Parent ID : 14 thread ID: 13, shutting itself off
Parent ID : 14 thread ID: 8, shutting itself off
Parent ID : 14 thread ID: 2, shutting itself off
Parent ID : 14 thread ID: 7, shutting itself off
Parent ID : 14 thread ID: 3, shutting itself off
Parent ID : 14 thread ID: 14, shutting itself off
Parent ID : 14 thread ID: 6, shutting itself off
Parent ID : 14 thread ID: 5, shutting itself off
Parent ID : 14 thread ID: 16, shutting itself off
Concurrent Thread 3 shutting off all parallel threads
Parent ID : 14 thread ID: 10, shutting itself off
Parent ID : 3 thread ID: 7, shutting itself off
Parent ID : 3 thread ID: 4, shutting itself off
Parent ID : 3 thread ID: 2, shutting itself off
Parent ID : 3 thread ID: 14, shutting itself off
Parent ID : 3 thread ID: 9, shutting itself off
Parent ID : 3 thread ID: 10, shutting itself off
Parent ID : 14 thread ID: 1, shutting itself off
Parent ID : 3 thread ID: 13, shutting itself off
Parent ID : 3 thread ID: 11, shutting itself off
Parent ID : 3 thread ID: 5, shutting itself off
Parent ID : 3 thread ID: 12, shutting itself off
Parent ID : 3 thread ID: 1, shutting itself off
Parent ID : 3 thread ID: 0, shutting itself off
Parent ID : 3 thread ID: 16, shutting itself off
Parent ID : 3 thread ID: 6, shutting itself off
Parent ID : 3 thread ID: 15, shutting itself off
Parent ID : 3 thread ID: 3, shutting itself off
Parent ID : 3 thread ID: 8, shutting itself off
