From Main : Total 2500 chunks will be downloaded
Energy used: 101 Joules
Energy used: 101 Joules
Energy used: 84 Joules
Energy used: 89 Joules
Energy used: 97 Joules
Energy used: 76 Joules
Energy used: 60 Joules
Energy used: 50 Joules
Energy used: 72 Joules
Energy used: 86 Joules
Energy used: 88 Joules
Energy used: 76 Joules
Energy used: 77 Joules
Energy used: 66 Joules
Energy used: 58 Joules
Energy used: 55 Joules
Energy used: 57 Joules
Energy used: 59 Joules
Energy used: 61 Joules
Energy used: 56 Joules
Energy used: 76 Joules
Energy used: 57 Joules
Energy used: 62 Joules
Energy used: 54 Joules
Energy used: 68 Joules
Energy used: 74 Joules
Energy used: 52 Joules
Energy used: 51 Joules
Energy used: 51 Joules
Energy used: 145 Joules
Energy used: 160 Joules
Energy used: 51 Joules
Main Thread change parallelism to MAX and concurrency to MAX
Main thread is shutting off all concurrent threads
All done
Total energy used: 14881.061452 Joules
mean Network throughput: 13 [msg/s]
mean Network throughput: 4166.404 [Mb/s]
