From Main : Total 2500 chunks will be downloaded
Energy used: 50 Joules
Energy used: 54 Joules
Energy used: 59 Joules
Energy used: 55 Joules
Energy used: 50 Joules
Energy used: 52 Joules
Energy used: 50 Joules
Energy used: 53 Joules
Energy used: 51 Joules
Energy used: 50 Joules
Energy used: 113 Joules
Energy used: 91 Joules
Energy used: 60 Joules
Energy used: 54 Joules
Energy used: 50 Joules
Energy used: 65 Joules
Energy used: 51 Joules
Energy used: 51 Joules
Energy used: 90 Joules
Energy used: 92 Joules
Energy used: 99 Joules
Energy used: 75 Joules
Energy used: 73 Joules
Energy used: 76 Joules
Energy used: 120 Joules
Energy used: 55 Joules
Energy used: 56 Joules
Energy used: 68 Joules
Energy used: 91 Joules
Energy used: 64 Joules
Energy used: 83 Joules
Energy used: 73 Joules
Energy used: 62 Joules
Energy used: 61 Joules
Energy used: 61 Joules
Energy used: 64 Joules
Energy used: 84 Joules
Energy used: 119 Joules
Energy used: 121 Joules
Energy used: 145 Joules
Energy used: 51 Joules
Main Thread change parallelism to MAX and concurrency to MAX
Main thread is shutting off all concurrent threads
All done
Total energy used: 17350.865128 Joules
mean Network throughput: 10 [msg/s]
mean Network throughput: 3251.798 [Mb/s]
