From Main : Total 800 chunks will be downloaded
Energy used: 41 Joules
Energy used: 43 Joules
Energy used: 41 Joules
Energy used: 43 Joules
Energy used: 41 Joules
Energy used: 44 Joules
Energy used: 41 Joules
Energy used: 41 Joules
Energy used: 87 Joules
Energy used: 86 Joules
Energy used: 86 Joules
Energy used: 98 Joules
Energy used: 86 Joules
Main Thread change parallelism to MAX and concurrency to MAX
Main thread is shutting off all concurrent threads
All done
Total energy used: 4810.081863 Joules
mean Network throughput: 10 [msg/s]
mean Network throughput: 3281.748 [Mb/s]
