From Main : Total 800 chunks will be downloaded
Energy used: 52 Joules
Energy used: 54 Joules
Energy used: 52 Joules
Energy used: 54 Joules
Energy used: 52 Joules
Energy used: 54 Joules
Energy used: 52 Joules
Energy used: 52 Joules
Energy used: 88 Joules
Energy used: 45 Joules
Energy used: 91 Joules
Energy used: 42 Joules
Energy used: 47 Joules
Energy used: 77 Joules
Energy used: 59 Joules
Energy used: 60 Joules
Energy used: 79 Joules
Energy used: 92 Joules
Main Thread change parallelism to MAX and concurrency to MAX
Main thread is shutting off all concurrent threads
All done
Total energy used: 7008.316715 Joules
mean Network throughput: 7 [msg/s]
mean Network throughput: 2370.162 [Mb/s]
