From Main : Total 800 chunks will be downloaded
Energy used: 52 Joules
Energy used: 54 Joules
Energy used: 57 Joules
Energy used: 53 Joules
Energy used: 52 Joules
Energy used: 53 Joules
Energy used: 52 Joules
Energy used: 57 Joules
Energy used: 53 Joules
Energy used: 53 Joules
Energy used: 53 Joules
Energy used: 54 Joules
Energy used: 52 Joules
Energy used: 54 Joules
Energy used: 52 Joules
Energy used: 54 Joules
Energy used: 54 Joules
Energy used: 57 Joules
Energy used: 96 Joules
Energy used: 87 Joules
Energy used: 87 Joules
Energy used: 90 Joules
Energy used: 40 Joules
Main Thread change parallelism to MAX and concurrency to MAX
Main thread is shutting off all concurrent threads
All done
Total energy used: 8208.763349 Joules
mean Network throughput: 5 [msg/s]
mean Network throughput: 1854.931 [Mb/s]
