Running: Run Number=1, Parallelism=1, Concurrency=1
Sending values: 1 1
Sending values: 1 1
Sending values: 1 1
Sending values: 1 1
Sending values: 1 1
Sending values: 1 1
Sending values: 1 1
Sending values: 1 1
Sending values: 1 1
Sending values: 1 1
Sending values: 1 1
Sending values: 1 1
Sending values: 1 1
Sending values: 1 1
Sending values: 1 1
Sending values: 1 1
Sending values: 1 1
Sending values: 1 1
Sending values: 1 1
Sending values: 1 1
Sending values: 1 1
Sending values: 1 1
Sending values: 1 1
Sending values: 1 1
Sending values: 1 1
Sending values: 1 1
Sending values: 1 1
Sending values: 1 1
Sending values: 1 1
Sending values: 1 1
Sending values: 1 1
Sending values: 1 1
Sending values: 1 1
Sending values: 1 1
Sending values: 1 1
Sending values: 1 1
Sending values: 1 1
Sending values: 1 1
Sending values: 1 1
Sending values: 1 1
Sending values: 1 1
Sending values: 1 1
Sending values: 1 1
Sending values: 1 1
Sending values: 1 1
Sending values: 1 1
Sending values: 1 1
Sending values: 1 1
Sending values: 1 1
Sending values: 1 1
Sending values: 1 1
Sending values: 1 1
Sending values: 1 1
Sending values: 1 1
Sending values: 1 1
Sending values: 1 1
Sending values: 1 1
Sending values: 1 1
Sending values: 1 1
Sending values: 1 1
Sending values: 1 1
Sending values: 1 1
Sending values: 1 1
Sending values: 1 1
Sending values: 1 1
Sending values: 1 1
Sending values: 1 1
Sending values: 1 1
Sending values: 1 1
Sending values: 1 1
Sending values: 1 1
Received termination signal. Exiting...
Running: Run Number=1, Parallelism=1, Concurrency=2
Sending values: 1 2
Sending values: 1 2
Sending values: 1 2
Sending values: 1 2
Sending values: 1 2
Sending values: 1 2
Sending values: 1 2
Sending values: 1 2
Sending values: 1 2
Sending values: 1 2
Sending values: 1 2
Sending values: 1 2
Sending values: 1 2
Sending values: 1 2
Sending values: 1 2
Sending values: 1 2
Sending values: 1 2
Sending values: 1 2
Sending values: 1 2
Sending values: 1 2
Sending values: 1 2
Sending values: 1 2
Sending values: 1 2
Sending values: 1 2
Sending values: 1 2
Sending values: 1 2
Sending values: 1 2
Sending values: 1 2
Sending values: 1 2
Sending values: 1 2
Sending values: 1 2
Sending values: 1 2
Sending values: 1 2
Sending values: 1 2
Sending values: 1 2
Sending values: 1 2
Sending values: 1 2
Received termination signal. Exiting...
Running: Run Number=1, Parallelism=1, Concurrency=4
Sending values: 1 4
Sending values: 1 4
Sending values: 1 4
Sending values: 1 4
Sending values: 1 4
Sending values: 1 4
Sending values: 1 4
Sending values: 1 4
Sending values: 1 4
Sending values: 1 4
Sending values: 1 4
Sending values: 1 4
Sending values: 1 4
Sending values: 1 4
Sending values: 1 4
Sending values: 1 4
Sending values: 1 4
Sending values: 1 4
Sending values: 1 4
Sending values: 1 4
Received termination signal. Exiting...
Running: Run Number=1, Parallelism=1, Concurrency=8
Sending values: 1 8
Sending values: 1 8
Sending values: 1 8
Sending values: 1 8
Sending values: 1 8
Sending values: 1 8
Sending values: 1 8
Sending values: 1 8
Sending values: 1 8
Sending values: 1 8
Received termination signal. Exiting...
Running: Run Number=1, Parallelism=1, Concurrency=16
Sending values: 1 16
Sending values: 1 16
Sending values: 1 16
Sending values: 1 16
Sending values: 1 16
Sending values: 1 16
Received termination signal. Exiting...
Running: Run Number=1, Parallelism=2, Concurrency=1
Sending values: 2 1
Sending values: 2 1
Sending values: 2 1
Sending values: 2 1
Sending values: 2 1
Sending values: 2 1
Sending values: 2 1
Sending values: 2 1
Sending values: 2 1
Sending values: 2 1
Sending values: 2 1
Sending values: 2 1
Sending values: 2 1
Sending values: 2 1
Sending values: 2 1
Sending values: 2 1
Sending values: 2 1
Sending values: 2 1
Sending values: 2 1
Sending values: 2 1
Sending values: 2 1
Sending values: 2 1
Sending values: 2 1
Sending values: 2 1
Sending values: 2 1
Sending values: 2 1
Sending values: 2 1
Sending values: 2 1
Sending values: 2 1
Sending values: 2 1
Sending values: 2 1
Sending values: 2 1
Sending values: 2 1
Sending values: 2 1
Sending values: 2 1
Sending values: 2 1
Sending values: 2 1
Received termination signal. Exiting...
Running: Run Number=1, Parallelism=2, Concurrency=2
Sending values: 2 2
Sending values: 2 2
Sending values: 2 2
Sending values: 2 2
Sending values: 2 2
Sending values: 2 2
Sending values: 2 2
Sending values: 2 2
Sending values: 2 2
Sending values: 2 2
Sending values: 2 2
Sending values: 2 2
Sending values: 2 2
Sending values: 2 2
Sending values: 2 2
Sending values: 2 2
Sending values: 2 2
Sending values: 2 2
Sending values: 2 2
Sending values: 2 2
Received termination signal. Exiting...
Running: Run Number=1, Parallelism=2, Concurrency=4
Sending values: 2 4
Sending values: 2 4
Sending values: 2 4
Sending values: 2 4
Sending values: 2 4
Sending values: 2 4
Sending values: 2 4
Sending values: 2 4
Sending values: 2 4
Sending values: 2 4
Sending values: 2 4
Received termination signal. Exiting...
Running: Run Number=1, Parallelism=2, Concurrency=8
Sending values: 2 8
Sending values: 2 8
Sending values: 2 8
Sending values: 2 8
Sending values: 2 8
Sending values: 2 8
Received termination signal. Exiting...
Running: Run Number=1, Parallelism=2, Concurrency=16
Sending values: 2 16
Sending values: 2 16
Sending values: 2 16
Sending values: 2 16
Sending values: 2 16
Received termination signal. Exiting...
Running: Run Number=1, Parallelism=4, Concurrency=1
Sending values: 4 1
Sending values: 4 1
Sending values: 4 1
Sending values: 4 1
Sending values: 4 1
Sending values: 4 1
Sending values: 4 1
Sending values: 4 1
Sending values: 4 1
Sending values: 4 1
Sending values: 4 1
Sending values: 4 1
Sending values: 4 1
Sending values: 4 1
Sending values: 4 1
Sending values: 4 1
Sending values: 4 1
Sending values: 4 1
Sending values: 4 1
Received termination signal. Exiting...
Running: Run Number=1, Parallelism=4, Concurrency=2
Sending values: 4 2
Sending values: 4 2
Sending values: 4 2
Sending values: 4 2
Sending values: 4 2
Sending values: 4 2
Sending values: 4 2
Sending values: 4 2
Sending values: 4 2
Sending values: 4 2
Received termination signal. Exiting...
Running: Run Number=1, Parallelism=4, Concurrency=4
Sending values: 4 4
Sending values: 4 4
Sending values: 4 4
Sending values: 4 4
Sending values: 4 4
Sending values: 4 4
Received termination signal. Exiting...
Running: Run Number=1, Parallelism=4, Concurrency=8
Sending values: 4 8
Sending values: 4 8
Sending values: 4 8
Sending values: 4 8
Sending values: 4 8
Received termination signal. Exiting...
Running: Run Number=1, Parallelism=4, Concurrency=16
Sending values: 4 16
Sending values: 4 16
Sending values: 4 16
Sending values: 4 16
Received termination signal. Exiting...
Running: Run Number=1, Parallelism=8, Concurrency=1
Sending values: 8 1
Sending values: 8 1
Sending values: 8 1
Sending values: 8 1
Sending values: 8 1
Sending values: 8 1
Sending values: 8 1
Sending values: 8 1
Sending values: 8 1
Sending values: 8 1
Received termination signal. Exiting...
Running: Run Number=1, Parallelism=8, Concurrency=2
Sending values: 8 2
Sending values: 8 2
Sending values: 8 2
Sending values: 8 2
Sending values: 8 2
Sending values: 8 2
Received termination signal. Exiting...
Running: Run Number=1, Parallelism=8, Concurrency=4
Sending values: 8 4
Sending values: 8 4
Sending values: 8 4
Sending values: 8 4
Sending values: 8 4
Received termination signal. Exiting...
Running: Run Number=1, Parallelism=8, Concurrency=8
Sending values: 8 8
Sending values: 8 8
Sending values: 8 8
Sending values: 8 8
Received termination signal. Exiting...
Running: Run Number=1, Parallelism=8, Concurrency=16
Sending values: 8 16
Sending values: 8 16
Sending values: 8 16
Sending values: 8 16
Sending values: 8 16
Received termination signal. Exiting...
Running: Run Number=1, Parallelism=16, Concurrency=1
Sending values: 16 1
Sending values: 16 1
Sending values: 16 1
Sending values: 16 1
Sending values: 16 1
Sending values: 16 1
Sending values: 16 1
Sending values: 16 1
Sending values: 16 1
Sending values: 16 1
Received termination signal. Exiting...
Running: Run Number=1, Parallelism=16, Concurrency=2
Sending values: 16 2
Sending values: 16 2
Sending values: 16 2
Sending values: 16 2
Sending values: 16 2
Sending values: 16 2
Received termination signal. Exiting...
Running: Run Number=1, Parallelism=16, Concurrency=4
Sending values: 16 4
Sending values: 16 4
Sending values: 16 4
Sending values: 16 4
Sending values: 16 4
Received termination signal. Exiting...
Running: Run Number=1, Parallelism=16, Concurrency=8
Sending values: 16 8
Sending values: 16 8
Sending values: 16 8
Sending values: 16 8
Sending values: 16 8
Received termination signal. Exiting...
Running: Run Number=1, Parallelism=16, Concurrency=16
Sending values: 16 16
Sending values: 16 16
Sending values: 16 16
Sending values: 16 16
Failed to communicate with server: [Errno 104] Connection reset by peer
./run_programs.sh: line 24: 236801 Segmentation fault      (core dumped) ./parallel_concurrent 192.5.87.228 ./logFileDir/${1}_${2}_${current_time}.log >> $fileName
Running: Run Number=2, Parallelism=1, Concurrency=1
Sending values: 1 1
Sending values: 1 1
Sending values: 1 1
Sending values: 1 1
Sending values: 1 1
Sending values: 1 1
Sending values: 1 1
Sending values: 1 1
Sending values: 1 1
Sending values: 1 1
Sending values: 1 1
Sending values: 1 1
Sending values: 1 1
Sending values: 1 1
Sending values: 1 1
Sending values: 1 1
Sending values: 1 1
Sending values: 1 1
Sending values: 1 1
Sending values: 1 1
Sending values: 1 1
Sending values: 1 1
Sending values: 1 1
Sending values: 1 1
Sending values: 1 1
Sending values: 1 1
Sending values: 1 1
Sending values: 1 1
Sending values: 1 1
Sending values: 1 1
Sending values: 1 1
Sending values: 1 1
Sending values: 1 1
Sending values: 1 1
Sending values: 1 1
Sending values: 1 1
Sending values: 1 1
Sending values: 1 1
Sending values: 1 1
Sending values: 1 1
Sending values: 1 1
Sending values: 1 1
Sending values: 1 1
Sending values: 1 1
Sending values: 1 1
Sending values: 1 1
Sending values: 1 1
Sending values: 1 1
Sending values: 1 1
Sending values: 1 1
Sending values: 1 1
Sending values: 1 1
Sending values: 1 1
Sending values: 1 1
Sending values: 1 1
Sending values: 1 1
Sending values: 1 1
Sending values: 1 1
Sending values: 1 1
Sending values: 1 1
Sending values: 1 1
Sending values: 1 1
Sending values: 1 1
Sending values: 1 1
Sending values: 1 1
Sending values: 1 1
Sending values: 1 1
Sending values: 1 1
Sending values: 1 1
Received termination signal. Exiting...
Running: Run Number=2, Parallelism=1, Concurrency=2
Sending values: 1 2
Sending values: 1 2
Sending values: 1 2
Sending values: 1 2
Sending values: 1 2
Sending values: 1 2
Sending values: 1 2
Sending values: 1 2
Sending values: 1 2
Sending values: 1 2
Sending values: 1 2
Sending values: 1 2
Sending values: 1 2
Sending values: 1 2
Sending values: 1 2
Sending values: 1 2
Sending values: 1 2
Sending values: 1 2
Sending values: 1 2
Sending values: 1 2
Sending values: 1 2
Sending values: 1 2
Sending values: 1 2
Sending values: 1 2
Sending values: 1 2
Sending values: 1 2
Sending values: 1 2
Sending values: 1 2
Sending values: 1 2
Sending values: 1 2
Sending values: 1 2
Sending values: 1 2
Sending values: 1 2
Sending values: 1 2
Sending values: 1 2
Sending values: 1 2
Sending values: 1 2
Received termination signal. Exiting...
Running: Run Number=2, Parallelism=1, Concurrency=4
Sending values: 1 4
Sending values: 1 4
Sending values: 1 4
Sending values: 1 4
Sending values: 1 4
Sending values: 1 4
Sending values: 1 4
Sending values: 1 4
Sending values: 1 4
Sending values: 1 4
Sending values: 1 4
Sending values: 1 4
Sending values: 1 4
Sending values: 1 4
Sending values: 1 4
Sending values: 1 4
Sending values: 1 4
Sending values: 1 4
Sending values: 1 4
Received termination signal. Exiting...
Running: Run Number=2, Parallelism=1, Concurrency=8
Sending values: 1 8
Sending values: 1 8
Sending values: 1 8
Sending values: 1 8
Sending values: 1 8
Sending values: 1 8
Sending values: 1 8
Sending values: 1 8
Sending values: 1 8
Sending values: 1 8
Sending values: 1 8
Sending values: 1 8
Received termination signal. Exiting...
Running: Run Number=2, Parallelism=1, Concurrency=16
Sending values: 1 16
Sending values: 1 16
Sending values: 1 16
Sending values: 1 16
Sending values: 1 16
Sending values: 1 16
Received termination signal. Exiting...
Running: Run Number=2, Parallelism=2, Concurrency=1
Sending values: 2 1
Sending values: 2 1
Sending values: 2 1
Sending values: 2 1
Sending values: 2 1
Sending values: 2 1
Sending values: 2 1
Sending values: 2 1
Sending values: 2 1
Sending values: 2 1
Sending values: 2 1
Sending values: 2 1
Sending values: 2 1
Sending values: 2 1
Sending values: 2 1
Sending values: 2 1
Sending values: 2 1
Sending values: 2 1
Sending values: 2 1
Sending values: 2 1
Sending values: 2 1
Sending values: 2 1
Sending values: 2 1
Sending values: 2 1
Sending values: 2 1
Sending values: 2 1
Sending values: 2 1
Sending values: 2 1
Sending values: 2 1
Sending values: 2 1
Sending values: 2 1
Sending values: 2 1
Sending values: 2 1
Sending values: 2 1
Sending values: 2 1
Received termination signal. Exiting...
Running: Run Number=2, Parallelism=2, Concurrency=2
Sending values: 2 2
Sending values: 2 2
Sending values: 2 2
Sending values: 2 2
Sending values: 2 2
Sending values: 2 2
Sending values: 2 2
Sending values: 2 2
Sending values: 2 2
Sending values: 2 2
Sending values: 2 2
Sending values: 2 2
Sending values: 2 2
Sending values: 2 2
Sending values: 2 2
Sending values: 2 2
Sending values: 2 2
Sending values: 2 2
Sending values: 2 2
Received termination signal. Exiting...
Running: Run Number=2, Parallelism=2, Concurrency=4
Sending values: 2 4
Sending values: 2 4
Sending values: 2 4
Sending values: 2 4
Sending values: 2 4
Sending values: 2 4
Sending values: 2 4
Sending values: 2 4
Sending values: 2 4
Sending values: 2 4
Sending values: 2 4
Received termination signal. Exiting...
Running: Run Number=2, Parallelism=2, Concurrency=8
Sending values: 2 8
Sending values: 2 8
Sending values: 2 8
Sending values: 2 8
Sending values: 2 8
Sending values: 2 8
Received termination signal. Exiting...
Running: Run Number=2, Parallelism=2, Concurrency=16
Sending values: 2 16
Sending values: 2 16
Sending values: 2 16
Sending values: 2 16
Sending values: 2 16
Received termination signal. Exiting...
Running: Run Number=2, Parallelism=4, Concurrency=1
Sending values: 4 1
Sending values: 4 1
Sending values: 4 1
Sending values: 4 1
Sending values: 4 1
Sending values: 4 1
Sending values: 4 1
Sending values: 4 1
Sending values: 4 1
Sending values: 4 1
Sending values: 4 1
Sending values: 4 1
Sending values: 4 1
Sending values: 4 1
Sending values: 4 1
Sending values: 4 1
Sending values: 4 1
Sending values: 4 1
Sending values: 4 1
Received termination signal. Exiting...
Running: Run Number=2, Parallelism=4, Concurrency=2
Sending values: 4 2
Sending values: 4 2
Sending values: 4 2
Sending values: 4 2
Sending values: 4 2
Sending values: 4 2
Sending values: 4 2
Sending values: 4 2
Sending values: 4 2
Sending values: 4 2
Sending values: 4 2
Received termination signal. Exiting...
Running: Run Number=2, Parallelism=4, Concurrency=4
Sending values: 4 4
Sending values: 4 4
Sending values: 4 4
Sending values: 4 4
Sending values: 4 4
Sending values: 4 4
Received termination signal. Exiting...
Running: Run Number=2, Parallelism=4, Concurrency=8
Sending values: 4 8
Sending values: 4 8
Sending values: 4 8
Sending values: 4 8
Sending values: 4 8
Received termination signal. Exiting...
Running: Run Number=2, Parallelism=4, Concurrency=16
Sending values: 4 16
Sending values: 4 16
Sending values: 4 16
Sending values: 4 16
Received termination signal. Exiting...
Running: Run Number=2, Parallelism=8, Concurrency=1
Sending values: 8 1
Sending values: 8 1
Sending values: 8 1
Sending values: 8 1
Sending values: 8 1
Sending values: 8 1
Sending values: 8 1
Sending values: 8 1
Sending values: 8 1
Sending values: 8 1
Received termination signal. Exiting...
Running: Run Number=2, Parallelism=8, Concurrency=2
Sending values: 8 2
Sending values: 8 2
Sending values: 8 2
Sending values: 8 2
Sending values: 8 2
Sending values: 8 2
Received termination signal. Exiting...
Running: Run Number=2, Parallelism=8, Concurrency=4
Sending values: 8 4
Sending values: 8 4
Sending values: 8 4
Sending values: 8 4
Sending values: 8 4
Sending values: 8 4
Received termination signal. Exiting...
Running: Run Number=2, Parallelism=8, Concurrency=8
Sending values: 8 8
Sending values: 8 8
Sending values: 8 8
Sending values: 8 8
Sending values: 8 8
Received termination signal. Exiting...
Running: Run Number=2, Parallelism=8, Concurrency=16
Sending values: 8 16
Sending values: 8 16
Sending values: 8 16
Sending values: 8 16
Received termination signal. Exiting...
Running: Run Number=2, Parallelism=16, Concurrency=1
Sending values: 16 1
Sending values: 16 1
Sending values: 16 1
Sending values: 16 1
Sending values: 16 1
Sending values: 16 1
Sending values: 16 1
Sending values: 16 1
Sending values: 16 1
Received termination signal. Exiting...
Running: Run Number=2, Parallelism=16, Concurrency=2
Sending values: 16 2
Sending values: 16 2
Sending values: 16 2
Sending values: 16 2
Sending values: 16 2
Received termination signal. Exiting...
Running: Run Number=2, Parallelism=16, Concurrency=4
Sending values: 16 4
Sending values: 16 4
Sending values: 16 4
Sending values: 16 4
Sending values: 16 4
Received termination signal. Exiting...
Running: Run Number=2, Parallelism=16, Concurrency=8
Sending values: 16 8
Sending values: 16 8
Sending values: 16 8
Sending values: 16 8
Received termination signal. Exiting...
Running: Run Number=2, Parallelism=16, Concurrency=16
Sending values: 16 16
Sending values: 16 16
Sending values: 16 16
Sending values: 16 16
Sending values: 16 16
Sending values: 16 16
Received termination signal. Exiting...
Running: Run Number=3, Parallelism=1, Concurrency=1
Sending values: 1 1
Sending values: 1 1
Sending values: 1 1
Sending values: 1 1
Sending values: 1 1
Sending values: 1 1
Sending values: 1 1
Sending values: 1 1
Sending values: 1 1
Sending values: 1 1
Sending values: 1 1
Sending values: 1 1
Sending values: 1 1
Sending values: 1 1
Sending values: 1 1
Sending values: 1 1
Sending values: 1 1
Sending values: 1 1
Sending values: 1 1
Sending values: 1 1
Sending values: 1 1
Sending values: 1 1
Sending values: 1 1
Sending values: 1 1
Sending values: 1 1
Sending values: 1 1
Sending values: 1 1
Sending values: 1 1
Sending values: 1 1
Sending values: 1 1
Sending values: 1 1
Sending values: 1 1
Sending values: 1 1
Sending values: 1 1
Sending values: 1 1
Sending values: 1 1
Sending values: 1 1
Sending values: 1 1
Sending values: 1 1
Sending values: 1 1
Sending values: 1 1
Sending values: 1 1
Sending values: 1 1
Sending values: 1 1
Sending values: 1 1
Sending values: 1 1
Sending values: 1 1
Sending values: 1 1
Sending values: 1 1
Sending values: 1 1
Sending values: 1 1
Sending values: 1 1
Sending values: 1 1
Sending values: 1 1
Sending values: 1 1
Sending values: 1 1
Sending values: 1 1
Sending values: 1 1
Sending values: 1 1
Sending values: 1 1
Sending values: 1 1
Sending values: 1 1
Sending values: 1 1
Sending values: 1 1
Sending values: 1 1
Sending values: 1 1
Sending values: 1 1
Sending values: 1 1
Received termination signal. Exiting...
Running: Run Number=3, Parallelism=1, Concurrency=2
Sending values: 1 2
Sending values: 1 2
Sending values: 1 2
Sending values: 1 2
Sending values: 1 2
Sending values: 1 2
Sending values: 1 2
Sending values: 1 2
Sending values: 1 2
Sending values: 1 2
Sending values: 1 2
Sending values: 1 2
Sending values: 1 2
Sending values: 1 2
Sending values: 1 2
Sending values: 1 2
Sending values: 1 2
Sending values: 1 2
Sending values: 1 2
Sending values: 1 2
Sending values: 1 2
Sending values: 1 2
Sending values: 1 2
Sending values: 1 2
Sending values: 1 2
Sending values: 1 2
Sending values: 1 2
Sending values: 1 2
Sending values: 1 2
Sending values: 1 2
Sending values: 1 2
Sending values: 1 2
Sending values: 1 2
Sending values: 1 2
Sending values: 1 2
Received termination signal. Exiting...
Running: Run Number=3, Parallelism=1, Concurrency=4
Sending values: 1 4
Sending values: 1 4
Sending values: 1 4
Sending values: 1 4
Sending values: 1 4
Sending values: 1 4
Sending values: 1 4
Sending values: 1 4
Sending values: 1 4
Sending values: 1 4
Sending values: 1 4
Sending values: 1 4
Sending values: 1 4
Sending values: 1 4
Sending values: 1 4
Sending values: 1 4
Sending values: 1 4
Sending values: 1 4
Sending values: 1 4
Received termination signal. Exiting...
Running: Run Number=3, Parallelism=1, Concurrency=8
Sending values: 1 8
Sending values: 1 8
Sending values: 1 8
Sending values: 1 8
Sending values: 1 8
Sending values: 1 8
Sending values: 1 8
Sending values: 1 8
Sending values: 1 8
Sending values: 1 8
Received termination signal. Exiting...
Running: Run Number=3, Parallelism=1, Concurrency=16
Sending values: 1 16
Sending values: 1 16
Sending values: 1 16
Sending values: 1 16
Sending values: 1 16
Sending values: 1 16
Received termination signal. Exiting...
Running: Run Number=3, Parallelism=2, Concurrency=1
Sending values: 2 1
Sending values: 2 1
Sending values: 2 1
Sending values: 2 1
Sending values: 2 1
Sending values: 2 1
Sending values: 2 1
Sending values: 2 1
Sending values: 2 1
Sending values: 2 1
Sending values: 2 1
Sending values: 2 1
Sending values: 2 1
Sending values: 2 1
Sending values: 2 1
Sending values: 2 1
Sending values: 2 1
Sending values: 2 1
Sending values: 2 1
Sending values: 2 1
Sending values: 2 1
Sending values: 2 1
Sending values: 2 1
Sending values: 2 1
Sending values: 2 1
Sending values: 2 1
Sending values: 2 1
Sending values: 2 1
Sending values: 2 1
Sending values: 2 1
Sending values: 2 1
Sending values: 2 1
Sending values: 2 1
Sending values: 2 1
Sending values: 2 1
Sending values: 2 1
Received termination signal. Exiting...
Running: Run Number=3, Parallelism=2, Concurrency=2
Sending values: 2 2
Sending values: 2 2
Sending values: 2 2
Sending values: 2 2
Sending values: 2 2
Sending values: 2 2
Sending values: 2 2
Sending values: 2 2
Sending values: 2 2
Sending values: 2 2
Sending values: 2 2
Sending values: 2 2
Sending values: 2 2
Sending values: 2 2
Sending values: 2 2
Sending values: 2 2
Sending values: 2 2
Sending values: 2 2
Received termination signal. Exiting...
Running: Run Number=3, Parallelism=2, Concurrency=4
Sending values: 2 4
Sending values: 2 4
Sending values: 2 4
Sending values: 2 4
Sending values: 2 4
Sending values: 2 4
Sending values: 2 4
Sending values: 2 4
Sending values: 2 4
Sending values: 2 4
Sending values: 2 4
Received termination signal. Exiting...
Running: Run Number=3, Parallelism=2, Concurrency=8
Sending values: 2 8
Sending values: 2 8
Sending values: 2 8
Sending values: 2 8
Sending values: 2 8
Sending values: 2 8
Received termination signal. Exiting...
Running: Run Number=3, Parallelism=2, Concurrency=16
Sending values: 2 16
Sending values: 2 16
Sending values: 2 16
Sending values: 2 16
Received termination signal. Exiting...
Running: Run Number=3, Parallelism=4, Concurrency=1
Sending values: 4 1
Sending values: 4 1
Sending values: 4 1
Sending values: 4 1
Sending values: 4 1
Sending values: 4 1
Sending values: 4 1
Sending values: 4 1
Sending values: 4 1
Sending values: 4 1
Sending values: 4 1
Sending values: 4 1
Sending values: 4 1
Sending values: 4 1
Sending values: 4 1
Sending values: 4 1
Sending values: 4 1
Sending values: 4 1
Sending values: 4 1
Received termination signal. Exiting...
Running: Run Number=3, Parallelism=4, Concurrency=2
Sending values: 4 2
Sending values: 4 2
Sending values: 4 2
Sending values: 4 2
Sending values: 4 2
Sending values: 4 2
Sending values: 4 2
Sending values: 4 2
Sending values: 4 2
Sending values: 4 2
Sending values: 4 2
Received termination signal. Exiting...
Running: Run Number=3, Parallelism=4, Concurrency=4
Sending values: 4 4
Sending values: 4 4
Sending values: 4 4
Sending values: 4 4
Sending values: 4 4
Sending values: 4 4
Received termination signal. Exiting...
Running: Run Number=3, Parallelism=4, Concurrency=8
Sending values: 4 8
Sending values: 4 8
Sending values: 4 8
Sending values: 4 8
Sending values: 4 8
Received termination signal. Exiting...
Running: Run Number=3, Parallelism=4, Concurrency=16
Sending values: 4 16
Sending values: 4 16
Sending values: 4 16
Sending values: 4 16
Received termination signal. Exiting...
Running: Run Number=3, Parallelism=8, Concurrency=1
Sending values: 8 1
Sending values: 8 1
Sending values: 8 1
Sending values: 8 1
Sending values: 8 1
Sending values: 8 1
Sending values: 8 1
Sending values: 8 1
Sending values: 8 1
Sending values: 8 1
Sending values: 8 1
Received termination signal. Exiting...
Running: Run Number=3, Parallelism=8, Concurrency=2
Sending values: 8 2
Sending values: 8 2
Sending values: 8 2
Sending values: 8 2
Sending values: 8 2
Sending values: 8 2
Received termination signal. Exiting...
Running: Run Number=3, Parallelism=8, Concurrency=4
Sending values: 8 4
Sending values: 8 4
Sending values: 8 4
Sending values: 8 4
Sending values: 8 4
Sending values: 8 4
Sending values: 8 4
Received termination signal. Exiting...
Running: Run Number=3, Parallelism=8, Concurrency=8
Sending values: 8 8
Sending values: 8 8
Sending values: 8 8
Sending values: 8 8
Sending values: 8 8
Received termination signal. Exiting...
Running: Run Number=3, Parallelism=8, Concurrency=16
Sending values: 8 16
Sending values: 8 16
Sending values: 8 16
Sending values: 8 16
Sending values: 8 16
Received termination signal. Exiting...
Running: Run Number=3, Parallelism=16, Concurrency=1
Sending values: 16 1
Sending values: 16 1
Sending values: 16 1
Sending values: 16 1
Sending values: 16 1
Sending values: 16 1
Sending values: 16 1
Sending values: 16 1
Sending values: 16 1
Received termination signal. Exiting...
Running: Run Number=3, Parallelism=16, Concurrency=2
Sending values: 16 2
Sending values: 16 2
Sending values: 16 2
Sending values: 16 2
Sending values: 16 2
Sending values: 16 2
Received termination signal. Exiting...
Running: Run Number=3, Parallelism=16, Concurrency=4
Sending values: 16 4
Sending values: 16 4
Sending values: 16 4
Sending values: 16 4
Sending values: 16 4
Sending values: 16 4
Sending values: 16 4
Failed to communicate with server: [Errno 32] Broken pipe
Running: Run Number=3, Parallelism=16, Concurrency=8
Sending values: 16 8
Sending values: 16 8
Sending values: 16 8
Sending values: 16 8
Received termination signal. Exiting...
Running: Run Number=3, Parallelism=16, Concurrency=16
Sending values: 16 16
Sending values: 16 16
Sending values: 16 16
Sending values: 16 16
Failed to communicate with server: [Errno 104] Connection reset by peer
./run_programs.sh: line 24: 265278 Segmentation fault      (core dumped) ./parallel_concurrent 192.5.87.228 ./logFileDir/${1}_${2}_${current_time}.log >> $fileName
Running: Run Number=4, Parallelism=1, Concurrency=1
Sending values: 1 1
Sending values: 1 1
Sending values: 1 1
Sending values: 1 1
Sending values: 1 1
Sending values: 1 1
Sending values: 1 1
Sending values: 1 1
Sending values: 1 1
Sending values: 1 1
Sending values: 1 1
Sending values: 1 1
Sending values: 1 1
Sending values: 1 1
Sending values: 1 1
Sending values: 1 1
Sending values: 1 1
Sending values: 1 1
Sending values: 1 1
Sending values: 1 1
Sending values: 1 1
Sending values: 1 1
Sending values: 1 1
Sending values: 1 1
Sending values: 1 1
Sending values: 1 1
Sending values: 1 1
Sending values: 1 1
Sending values: 1 1
Sending values: 1 1
Sending values: 1 1
Sending values: 1 1
Sending values: 1 1
Sending values: 1 1
Sending values: 1 1
Sending values: 1 1
Sending values: 1 1
Sending values: 1 1
Sending values: 1 1
Sending values: 1 1
Sending values: 1 1
Sending values: 1 1
Sending values: 1 1
Sending values: 1 1
Sending values: 1 1
Sending values: 1 1
Sending values: 1 1
Sending values: 1 1
Sending values: 1 1
Sending values: 1 1
Sending values: 1 1
Sending values: 1 1
Sending values: 1 1
Sending values: 1 1
Sending values: 1 1
Sending values: 1 1
Sending values: 1 1
Sending values: 1 1
Sending values: 1 1
Sending values: 1 1
Sending values: 1 1
Sending values: 1 1
Sending values: 1 1
Sending values: 1 1
Sending values: 1 1
Sending values: 1 1
Sending values: 1 1
Sending values: 1 1
Sending values: 1 1
Sending values: 1 1
Sending values: 1 1
Sending values: 1 1
Sending values: 1 1
Received termination signal. Exiting...
Running: Run Number=4, Parallelism=1, Concurrency=2
Sending values: 1 2
Sending values: 1 2
Sending values: 1 2
Sending values: 1 2
Sending values: 1 2
Sending values: 1 2
Sending values: 1 2
Sending values: 1 2
Sending values: 1 2
Sending values: 1 2
Sending values: 1 2
Sending values: 1 2
Sending values: 1 2
Sending values: 1 2
Sending values: 1 2
Sending values: 1 2
Sending values: 1 2
Sending values: 1 2
Sending values: 1 2
Sending values: 1 2
Sending values: 1 2
Sending values: 1 2
Sending values: 1 2
Sending values: 1 2
Sending values: 1 2
Sending values: 1 2
Sending values: 1 2
Sending values: 1 2
Sending values: 1 2
Sending values: 1 2
Sending values: 1 2
Sending values: 1 2
Sending values: 1 2
Sending values: 1 2
Sending values: 1 2
Sending values: 1 2
Sending values: 1 2
Received termination signal. Exiting...
Running: Run Number=4, Parallelism=1, Concurrency=4
Sending values: 1 4
Sending values: 1 4
Sending values: 1 4
Sending values: 1 4
Sending values: 1 4
Sending values: 1 4
Sending values: 1 4
Sending values: 1 4
Sending values: 1 4
Sending values: 1 4
Sending values: 1 4
Sending values: 1 4
Sending values: 1 4
Sending values: 1 4
Sending values: 1 4
Sending values: 1 4
Sending values: 1 4
Sending values: 1 4
Sending values: 1 4
Sending values: 1 4
Received termination signal. Exiting...
Running: Run Number=4, Parallelism=1, Concurrency=8
Sending values: 1 8
Sending values: 1 8
Sending values: 1 8
Sending values: 1 8
Sending values: 1 8
Sending values: 1 8
Sending values: 1 8
Sending values: 1 8
Sending values: 1 8
Sending values: 1 8
Sending values: 1 8
Received termination signal. Exiting...
Running: Run Number=4, Parallelism=1, Concurrency=16
Sending values: 1 16
Sending values: 1 16
Sending values: 1 16
Sending values: 1 16
Sending values: 1 16
Sending values: 1 16
Received termination signal. Exiting...
Running: Run Number=4, Parallelism=2, Concurrency=1
Sending values: 2 1
Sending values: 2 1
Sending values: 2 1
Sending values: 2 1
Sending values: 2 1
Sending values: 2 1
Sending values: 2 1
Sending values: 2 1
Sending values: 2 1
Sending values: 2 1
Sending values: 2 1
Sending values: 2 1
Sending values: 2 1
Sending values: 2 1
Sending values: 2 1
Sending values: 2 1
Sending values: 2 1
Sending values: 2 1
Sending values: 2 1
Sending values: 2 1
Sending values: 2 1
Sending values: 2 1
Sending values: 2 1
Sending values: 2 1
Sending values: 2 1
Sending values: 2 1
Sending values: 2 1
Sending values: 2 1
Sending values: 2 1
Sending values: 2 1
Sending values: 2 1
Sending values: 2 1
Sending values: 2 1
Sending values: 2 1
Sending values: 2 1
Sending values: 2 1
Sending values: 2 1
Sending values: 2 1
Received termination signal. Exiting...
Running: Run Number=4, Parallelism=2, Concurrency=2
Sending values: 2 2
Sending values: 2 2
Sending values: 2 2
Sending values: 2 2
Sending values: 2 2
Sending values: 2 2
Sending values: 2 2
Sending values: 2 2
Sending values: 2 2
Sending values: 2 2
Sending values: 2 2
Sending values: 2 2
Sending values: 2 2
Sending values: 2 2
Sending values: 2 2
Sending values: 2 2
Sending values: 2 2
Sending values: 2 2
Sending values: 2 2
Received termination signal. Exiting...
Running: Run Number=4, Parallelism=2, Concurrency=4
Sending values: 2 4
Sending values: 2 4
Sending values: 2 4
Sending values: 2 4
Sending values: 2 4
Sending values: 2 4
Sending values: 2 4
Sending values: 2 4
Sending values: 2 4
Sending values: 2 4
Received termination signal. Exiting...
Running: Run Number=4, Parallelism=2, Concurrency=8
Sending values: 2 8
Sending values: 2 8
Sending values: 2 8
Sending values: 2 8
Sending values: 2 8
Sending values: 2 8
Received termination signal. Exiting...
Running: Run Number=4, Parallelism=2, Concurrency=16
Sending values: 2 16
Sending values: 2 16
Sending values: 2 16
Sending values: 2 16
Sending values: 2 16
Received termination signal. Exiting...
Running: Run Number=4, Parallelism=4, Concurrency=1
Sending values: 4 1
Sending values: 4 1
Sending values: 4 1
Sending values: 4 1
Sending values: 4 1
Sending values: 4 1
Sending values: 4 1
Sending values: 4 1
Sending values: 4 1
Sending values: 4 1
Sending values: 4 1
Sending values: 4 1
Sending values: 4 1
Sending values: 4 1
Sending values: 4 1
Sending values: 4 1
Sending values: 4 1
Sending values: 4 1
Sending values: 4 1
Sending values: 4 1
Received termination signal. Exiting...
Running: Run Number=4, Parallelism=4, Concurrency=2
Sending values: 4 2
Sending values: 4 2
Sending values: 4 2
Sending values: 4 2
Sending values: 4 2
Sending values: 4 2
Sending values: 4 2
Sending values: 4 2
Sending values: 4 2
Sending values: 4 2
Received termination signal. Exiting...
Running: Run Number=4, Parallelism=4, Concurrency=4
Sending values: 4 4
Sending values: 4 4
Sending values: 4 4
Sending values: 4 4
Sending values: 4 4
Sending values: 4 4
Received termination signal. Exiting...
Running: Run Number=4, Parallelism=4, Concurrency=8
Sending values: 4 8
Sending values: 4 8
Sending values: 4 8
Sending values: 4 8
Sending values: 4 8
Received termination signal. Exiting...
Running: Run Number=4, Parallelism=4, Concurrency=16
Sending values: 4 16
Sending values: 4 16
Sending values: 4 16
Sending values: 4 16
Received termination signal. Exiting...
Running: Run Number=4, Parallelism=8, Concurrency=1
Sending values: 8 1
Sending values: 8 1
Sending values: 8 1
Sending values: 8 1
Sending values: 8 1
Sending values: 8 1
Sending values: 8 1
Sending values: 8 1
Sending values: 8 1
Sending values: 8 1
Received termination signal. Exiting...
Running: Run Number=4, Parallelism=8, Concurrency=2
Sending values: 8 2
Sending values: 8 2
Sending values: 8 2
Sending values: 8 2
Sending values: 8 2
Sending values: 8 2
Received termination signal. Exiting...
Running: Run Number=4, Parallelism=8, Concurrency=4
Sending values: 8 4
Sending values: 8 4
Sending values: 8 4
Sending values: 8 4
Sending values: 8 4
Received termination signal. Exiting...
Running: Run Number=4, Parallelism=8, Concurrency=8
Sending values: 8 8
Sending values: 8 8
Sending values: 8 8
Sending values: 8 8
Received termination signal. Exiting...
Running: Run Number=4, Parallelism=8, Concurrency=16
Sending values: 8 16
Sending values: 8 16
Sending values: 8 16
Sending values: 8 16
Sending values: 8 16
Received termination signal. Exiting...
Running: Run Number=4, Parallelism=16, Concurrency=1
Sending values: 16 1
Sending values: 16 1
Sending values: 16 1
Sending values: 16 1
Sending values: 16 1
Sending values: 16 1
Sending values: 16 1
Sending values: 16 1
Sending values: 16 1
Sending values: 16 1
Received termination signal. Exiting...
Running: Run Number=4, Parallelism=16, Concurrency=2
Sending values: 16 2
Sending values: 16 2
Sending values: 16 2
Sending values: 16 2
Sending values: 16 2
Sending values: 16 2
Received termination signal. Exiting...
Running: Run Number=4, Parallelism=16, Concurrency=4
Sending values: 16 4
Sending values: 16 4
Sending values: 16 4
Sending values: 16 4
Received termination signal. Exiting...
Running: Run Number=4, Parallelism=16, Concurrency=8
Sending values: 16 8
Sending values: 16 8
Sending values: 16 8
Sending values: 16 8
Received termination signal. Exiting...
Running: Run Number=4, Parallelism=16, Concurrency=16
Sending values: 16 16
Sending values: 16 16
Sending values: 16 16
Sending values: 16 16
Sending values: 16 16
Received termination signal. Exiting...
Running: Run Number=5, Parallelism=1, Concurrency=1
Sending values: 1 1
Sending values: 1 1
Sending values: 1 1
Sending values: 1 1
Sending values: 1 1
Sending values: 1 1
Sending values: 1 1
Sending values: 1 1
Sending values: 1 1
Sending values: 1 1
Sending values: 1 1
Sending values: 1 1
Sending values: 1 1
Sending values: 1 1
Sending values: 1 1
Sending values: 1 1
Sending values: 1 1
Sending values: 1 1
Sending values: 1 1
Sending values: 1 1
Sending values: 1 1
Sending values: 1 1
Sending values: 1 1
Sending values: 1 1
Sending values: 1 1
Sending values: 1 1
Sending values: 1 1
Sending values: 1 1
Sending values: 1 1
Sending values: 1 1
Sending values: 1 1
Sending values: 1 1
Sending values: 1 1
Sending values: 1 1
Sending values: 1 1
Sending values: 1 1
Sending values: 1 1
Sending values: 1 1
Sending values: 1 1
Sending values: 1 1
Sending values: 1 1
Sending values: 1 1
Sending values: 1 1
Sending values: 1 1
Sending values: 1 1
Sending values: 1 1
Sending values: 1 1
Sending values: 1 1
Sending values: 1 1
Sending values: 1 1
Sending values: 1 1
Sending values: 1 1
Sending values: 1 1
Sending values: 1 1
Sending values: 1 1
Sending values: 1 1
Sending values: 1 1
Sending values: 1 1
Sending values: 1 1
Sending values: 1 1
Sending values: 1 1
Sending values: 1 1
Sending values: 1 1
Sending values: 1 1
Sending values: 1 1
Sending values: 1 1
Sending values: 1 1
Sending values: 1 1
Sending values: 1 1
Sending values: 1 1
Sending values: 1 1
Sending values: 1 1
Received termination signal. Exiting...
Running: Run Number=5, Parallelism=1, Concurrency=2
Sending values: 1 2
Sending values: 1 2
Sending values: 1 2
Sending values: 1 2
Sending values: 1 2
Sending values: 1 2
Sending values: 1 2
Sending values: 1 2
Sending values: 1 2
Sending values: 1 2
Sending values: 1 2
Sending values: 1 2
Sending values: 1 2
Sending values: 1 2
Sending values: 1 2
Sending values: 1 2
Sending values: 1 2
Sending values: 1 2
Sending values: 1 2
Sending values: 1 2
Sending values: 1 2
Sending values: 1 2
Sending values: 1 2
Sending values: 1 2
Sending values: 1 2
Sending values: 1 2
Sending values: 1 2
Sending values: 1 2
Sending values: 1 2
Sending values: 1 2
Sending values: 1 2
Sending values: 1 2
Sending values: 1 2
Sending values: 1 2
Sending values: 1 2
Sending values: 1 2
Sending values: 1 2
Received termination signal. Exiting...
Running: Run Number=5, Parallelism=1, Concurrency=4
Sending values: 1 4
Sending values: 1 4
Sending values: 1 4
Sending values: 1 4
Sending values: 1 4
Sending values: 1 4
Sending values: 1 4
Sending values: 1 4
Sending values: 1 4
Sending values: 1 4
Sending values: 1 4
Sending values: 1 4
Sending values: 1 4
Sending values: 1 4
Sending values: 1 4
Sending values: 1 4
Sending values: 1 4
Sending values: 1 4
Sending values: 1 4
Received termination signal. Exiting...
Running: Run Number=5, Parallelism=1, Concurrency=8
Sending values: 1 8
Sending values: 1 8
Sending values: 1 8
Sending values: 1 8
Sending values: 1 8
Sending values: 1 8
Sending values: 1 8
Sending values: 1 8
Sending values: 1 8
Sending values: 1 8
Received termination signal. Exiting...
Running: Run Number=5, Parallelism=1, Concurrency=16
Sending values: 1 16
Sending values: 1 16
Sending values: 1 16
Sending values: 1 16
Sending values: 1 16
Sending values: 1 16
Received termination signal. Exiting...
Running: Run Number=5, Parallelism=2, Concurrency=1
Sending values: 2 1
Sending values: 2 1
Sending values: 2 1
Sending values: 2 1
Sending values: 2 1
Sending values: 2 1
Sending values: 2 1
Sending values: 2 1
Sending values: 2 1
Sending values: 2 1
Sending values: 2 1
Sending values: 2 1
Sending values: 2 1
Sending values: 2 1
Sending values: 2 1
Sending values: 2 1
Sending values: 2 1
Sending values: 2 1
Sending values: 2 1
Sending values: 2 1
Sending values: 2 1
Sending values: 2 1
Sending values: 2 1
Sending values: 2 1
Sending values: 2 1
Sending values: 2 1
Sending values: 2 1
Sending values: 2 1
Sending values: 2 1
Sending values: 2 1
Sending values: 2 1
Sending values: 2 1
Sending values: 2 1
Sending values: 2 1
Sending values: 2 1
Sending values: 2 1
Sending values: 2 1
Received termination signal. Exiting...
Running: Run Number=5, Parallelism=2, Concurrency=2
Sending values: 2 2
Sending values: 2 2
Sending values: 2 2
Sending values: 2 2
Sending values: 2 2
Sending values: 2 2
Sending values: 2 2
Sending values: 2 2
Sending values: 2 2
Sending values: 2 2
Sending values: 2 2
Sending values: 2 2
Sending values: 2 2
Sending values: 2 2
Sending values: 2 2
Sending values: 2 2
Sending values: 2 2
Sending values: 2 2
Sending values: 2 2
Received termination signal. Exiting...
Running: Run Number=5, Parallelism=2, Concurrency=4
Sending values: 2 4
Sending values: 2 4
Sending values: 2 4
Sending values: 2 4
Sending values: 2 4
Sending values: 2 4
Sending values: 2 4
Sending values: 2 4
Sending values: 2 4
Sending values: 2 4
Received termination signal. Exiting...
Running: Run Number=5, Parallelism=2, Concurrency=8
Sending values: 2 8
Sending values: 2 8
Sending values: 2 8
Sending values: 2 8
Sending values: 2 8
Sending values: 2 8
Sending values: 2 8
Received termination signal. Exiting...
Running: Run Number=5, Parallelism=2, Concurrency=16
Sending values: 2 16
Sending values: 2 16
Sending values: 2 16
Sending values: 2 16
Sending values: 2 16
Received termination signal. Exiting...
Running: Run Number=5, Parallelism=4, Concurrency=1
Sending values: 4 1
Sending values: 4 1
Sending values: 4 1
Sending values: 4 1
Sending values: 4 1
Sending values: 4 1
Sending values: 4 1
Sending values: 4 1
Sending values: 4 1
Sending values: 4 1
Sending values: 4 1
Sending values: 4 1
Sending values: 4 1
Sending values: 4 1
Sending values: 4 1
Sending values: 4 1
Sending values: 4 1
Sending values: 4 1
Sending values: 4 1
Received termination signal. Exiting...
Running: Run Number=5, Parallelism=4, Concurrency=2
Sending values: 4 2
Sending values: 4 2
Sending values: 4 2
Sending values: 4 2
Sending values: 4 2
Sending values: 4 2
Sending values: 4 2
Sending values: 4 2
Sending values: 4 2
Sending values: 4 2
Received termination signal. Exiting...
Running: Run Number=5, Parallelism=4, Concurrency=4
Sending values: 4 4
Sending values: 4 4
Sending values: 4 4
Sending values: 4 4
Sending values: 4 4
Sending values: 4 4
Received termination signal. Exiting...
Running: Run Number=5, Parallelism=4, Concurrency=8
Sending values: 4 8
Sending values: 4 8
Sending values: 4 8
Sending values: 4 8
Sending values: 4 8
Received termination signal. Exiting...
Running: Run Number=5, Parallelism=4, Concurrency=16
Sending values: 4 16
Sending values: 4 16
Sending values: 4 16
Sending values: 4 16
Received termination signal. Exiting...
Running: Run Number=5, Parallelism=8, Concurrency=1
Sending values: 8 1
Sending values: 8 1
Sending values: 8 1
Sending values: 8 1
Sending values: 8 1
Sending values: 8 1
Sending values: 8 1
Sending values: 8 1
Sending values: 8 1
Sending values: 8 1
Sending values: 8 1
Received termination signal. Exiting...
Running: Run Number=5, Parallelism=8, Concurrency=2
Sending values: 8 2
Sending values: 8 2
Sending values: 8 2
Sending values: 8 2
Sending values: 8 2
Sending values: 8 2
Received termination signal. Exiting...
Running: Run Number=5, Parallelism=8, Concurrency=4
Sending values: 8 4
Sending values: 8 4
Sending values: 8 4
Sending values: 8 4
Sending values: 8 4
Received termination signal. Exiting...
Running: Run Number=5, Parallelism=8, Concurrency=8
Sending values: 8 8
Sending values: 8 8
Sending values: 8 8
Sending values: 8 8
Sending values: 8 8
Received termination signal. Exiting...
Running: Run Number=5, Parallelism=8, Concurrency=16
Sending values: 8 16
Sending values: 8 16
Sending values: 8 16
Sending values: 8 16
Received termination signal. Exiting...
Running: Run Number=5, Parallelism=16, Concurrency=1
Sending values: 16 1
Sending values: 16 1
Sending values: 16 1
Sending values: 16 1
Sending values: 16 1
Sending values: 16 1
Sending values: 16 1
Sending values: 16 1
Sending values: 16 1
Sending values: 16 1
Received termination signal. Exiting...
Running: Run Number=5, Parallelism=16, Concurrency=2
Sending values: 16 2
Sending values: 16 2
Sending values: 16 2
Sending values: 16 2
Sending values: 16 2
Sending values: 16 2
Received termination signal. Exiting...
Running: Run Number=5, Parallelism=16, Concurrency=4
Sending values: 16 4
Sending values: 16 4
Sending values: 16 4
Sending values: 16 4
Received termination signal. Exiting...
Running: Run Number=5, Parallelism=16, Concurrency=8
Sending values: 16 8
Sending values: 16 8
Sending values: 16 8
Sending values: 16 8
Sending values: 16 8
Received termination signal. Exiting...
Running: Run Number=5, Parallelism=16, Concurrency=16
Sending values: 16 16
Sending values: 16 16
Sending values: 16 16
Sending values: 16 16
Sending values: 16 16
Sending values: 16 16
Received termination signal. Exiting...
Running: Run Number=6, Parallelism=1, Concurrency=1
Sending values: 1 1
Sending values: 1 1
Sending values: 1 1
Sending values: 1 1
Sending values: 1 1
Sending values: 1 1
Sending values: 1 1
Sending values: 1 1
Sending values: 1 1
Sending values: 1 1
Sending values: 1 1
Sending values: 1 1
Sending values: 1 1
Sending values: 1 1
Sending values: 1 1
Sending values: 1 1
Sending values: 1 1
Sending values: 1 1
Sending values: 1 1
Sending values: 1 1
Sending values: 1 1
Sending values: 1 1
Sending values: 1 1
Sending values: 1 1
Sending values: 1 1
Sending values: 1 1
Sending values: 1 1
Sending values: 1 1
Sending values: 1 1
Sending values: 1 1
Sending values: 1 1
Sending values: 1 1
Sending values: 1 1
Sending values: 1 1
Sending values: 1 1
Sending values: 1 1
Sending values: 1 1
Sending values: 1 1
Sending values: 1 1
Sending values: 1 1
Sending values: 1 1
Sending values: 1 1
Sending values: 1 1
Sending values: 1 1
Sending values: 1 1
Sending values: 1 1
Sending values: 1 1
Sending values: 1 1
Sending values: 1 1
Sending values: 1 1
Sending values: 1 1
Sending values: 1 1
Sending values: 1 1
Sending values: 1 1
Sending values: 1 1
Sending values: 1 1
Sending values: 1 1
Sending values: 1 1
Sending values: 1 1
Sending values: 1 1
Sending values: 1 1
Sending values: 1 1
Sending values: 1 1
Sending values: 1 1
Sending values: 1 1
Sending values: 1 1
Sending values: 1 1
Sending values: 1 1
Sending values: 1 1
Received termination signal. Exiting...
Running: Run Number=6, Parallelism=1, Concurrency=2
Sending values: 1 2
Sending values: 1 2
Sending values: 1 2
Sending values: 1 2
Sending values: 1 2
Sending values: 1 2
Sending values: 1 2
Sending values: 1 2
Sending values: 1 2
Sending values: 1 2
Sending values: 1 2
Sending values: 1 2
Sending values: 1 2
Sending values: 1 2
Sending values: 1 2
Sending values: 1 2
Sending values: 1 2
Sending values: 1 2
Sending values: 1 2
Sending values: 1 2
Sending values: 1 2
Sending values: 1 2
Sending values: 1 2
Sending values: 1 2
Sending values: 1 2
Sending values: 1 2
Sending values: 1 2
Sending values: 1 2
Sending values: 1 2
Sending values: 1 2
Sending values: 1 2
Sending values: 1 2
Sending values: 1 2
Sending values: 1 2
Sending values: 1 2
Sending values: 1 2
Received termination signal. Exiting...
Running: Run Number=6, Parallelism=1, Concurrency=4
Sending values: 1 4
Sending values: 1 4
Sending values: 1 4
Sending values: 1 4
Sending values: 1 4
Sending values: 1 4
Sending values: 1 4
Sending values: 1 4
Sending values: 1 4
Sending values: 1 4
Sending values: 1 4
Sending values: 1 4
Sending values: 1 4
Sending values: 1 4
Sending values: 1 4
Sending values: 1 4
Sending values: 1 4
Sending values: 1 4
Sending values: 1 4
Received termination signal. Exiting...
Running: Run Number=6, Parallelism=1, Concurrency=8
Sending values: 1 8
Sending values: 1 8
Sending values: 1 8
Sending values: 1 8
Sending values: 1 8
Sending values: 1 8
Sending values: 1 8
Sending values: 1 8
Sending values: 1 8
Sending values: 1 8
Sending values: 1 8
Received termination signal. Exiting...
Running: Run Number=6, Parallelism=1, Concurrency=16
Sending values: 1 16
Sending values: 1 16
Sending values: 1 16
Sending values: 1 16
Sending values: 1 16
Sending values: 1 16
Received termination signal. Exiting...
Running: Run Number=6, Parallelism=2, Concurrency=1
Sending values: 2 1
Sending values: 2 1
Sending values: 2 1
Sending values: 2 1
Sending values: 2 1
Sending values: 2 1
Sending values: 2 1
Sending values: 2 1
Sending values: 2 1
Sending values: 2 1
Sending values: 2 1
Sending values: 2 1
Sending values: 2 1
Sending values: 2 1
Sending values: 2 1
Sending values: 2 1
Sending values: 2 1
Sending values: 2 1
Sending values: 2 1
Sending values: 2 1
Sending values: 2 1
Sending values: 2 1
Sending values: 2 1
Sending values: 2 1
Sending values: 2 1
Sending values: 2 1
Sending values: 2 1
Sending values: 2 1
Sending values: 2 1
Sending values: 2 1
Sending values: 2 1
Sending values: 2 1
Sending values: 2 1
Sending values: 2 1
Sending values: 2 1
Received termination signal. Exiting...
Running: Run Number=6, Parallelism=2, Concurrency=2
Sending values: 2 2
Sending values: 2 2
Sending values: 2 2
Sending values: 2 2
Sending values: 2 2
Sending values: 2 2
Sending values: 2 2
Sending values: 2 2
Sending values: 2 2
Sending values: 2 2
Sending values: 2 2
Sending values: 2 2
Sending values: 2 2
Sending values: 2 2
Sending values: 2 2
Sending values: 2 2
Sending values: 2 2
Sending values: 2 2
Sending values: 2 2
Received termination signal. Exiting...
Running: Run Number=6, Parallelism=2, Concurrency=4
Sending values: 2 4
Sending values: 2 4
Sending values: 2 4
Sending values: 2 4
Sending values: 2 4
Sending values: 2 4
Sending values: 2 4
Sending values: 2 4
Sending values: 2 4
Sending values: 2 4
Received termination signal. Exiting...
Running: Run Number=6, Parallelism=2, Concurrency=8
Sending values: 2 8
Sending values: 2 8
Sending values: 2 8
Sending values: 2 8
Sending values: 2 8
Sending values: 2 8
Sending values: 2 8
Sending values: 2 8
Failed to communicate with server: [Errno 32] Broken pipe
Running: Run Number=6, Parallelism=2, Concurrency=16
Sending values: 2 16
Sending values: 2 16
Sending values: 2 16
Sending values: 2 16
Received termination signal. Exiting...
Running: Run Number=6, Parallelism=4, Concurrency=1
Sending values: 4 1
Sending values: 4 1
Sending values: 4 1
Sending values: 4 1
Sending values: 4 1
Sending values: 4 1
Sending values: 4 1
Sending values: 4 1
Sending values: 4 1
Sending values: 4 1
Sending values: 4 1
Sending values: 4 1
Sending values: 4 1
Sending values: 4 1
Sending values: 4 1
Sending values: 4 1
Sending values: 4 1
Sending values: 4 1
Sending values: 4 1
Received termination signal. Exiting...
Running: Run Number=6, Parallelism=4, Concurrency=2
Sending values: 4 2
Sending values: 4 2
Sending values: 4 2
Sending values: 4 2
Sending values: 4 2
Sending values: 4 2
Sending values: 4 2
Sending values: 4 2
Sending values: 4 2
Sending values: 4 2
Sending values: 4 2
Received termination signal. Exiting...
Running: Run Number=6, Parallelism=4, Concurrency=4
Sending values: 4 4
Sending values: 4 4
Sending values: 4 4
Sending values: 4 4
Sending values: 4 4
Sending values: 4 4
Received termination signal. Exiting...
Running: Run Number=6, Parallelism=4, Concurrency=8
Sending values: 4 8
Sending values: 4 8
Sending values: 4 8
Sending values: 4 8
Sending values: 4 8
Received termination signal. Exiting...
Running: Run Number=6, Parallelism=4, Concurrency=16
Sending values: 4 16
Sending values: 4 16
Sending values: 4 16
Sending values: 4 16
Received termination signal. Exiting...
Running: Run Number=6, Parallelism=8, Concurrency=1
Sending values: 8 1
Sending values: 8 1
Sending values: 8 1
Sending values: 8 1
Sending values: 8 1
Sending values: 8 1
Sending values: 8 1
Sending values: 8 1
Sending values: 8 1
Sending values: 8 1
Received termination signal. Exiting...
Running: Run Number=6, Parallelism=8, Concurrency=2
Sending values: 8 2
Sending values: 8 2
Sending values: 8 2
Sending values: 8 2
Sending values: 8 2
Sending values: 8 2
Received termination signal. Exiting...
Running: Run Number=6, Parallelism=8, Concurrency=4
Sending values: 8 4
Sending values: 8 4
Sending values: 8 4
Sending values: 8 4
Sending values: 8 4
Sending values: 8 4
Received termination signal. Exiting...
Running: Run Number=6, Parallelism=8, Concurrency=8
Sending values: 8 8
Sending values: 8 8
Sending values: 8 8
Sending values: 8 8
Received termination signal. Exiting...
Running: Run Number=6, Parallelism=8, Concurrency=16
Sending values: 8 16
Sending values: 8 16
Sending values: 8 16
Sending values: 8 16
Received termination signal. Exiting...
Running: Run Number=6, Parallelism=16, Concurrency=1
Sending values: 16 1
Sending values: 16 1
Sending values: 16 1
Sending values: 16 1
Sending values: 16 1
Sending values: 16 1
Sending values: 16 1
Sending values: 16 1
Sending values: 16 1
Sending values: 16 1
Received termination signal. Exiting...
Running: Run Number=6, Parallelism=16, Concurrency=2
Sending values: 16 2
Sending values: 16 2
Sending values: 16 2
Sending values: 16 2
Sending values: 16 2
Sending values: 16 2
Received termination signal. Exiting...
Running: Run Number=6, Parallelism=16, Concurrency=4
Sending values: 16 4
Sending values: 16 4
Sending values: 16 4
Sending values: 16 4
Received termination signal. Exiting...
Running: Run Number=6, Parallelism=16, Concurrency=8
Sending values: 16 8
Sending values: 16 8
Sending values: 16 8
Sending values: 16 8
Sending values: 16 8
Received termination signal. Exiting...
Running: Run Number=6, Parallelism=16, Concurrency=16
Sending values: 16 16
Sending values: 16 16
Sending values: 16 16
Sending values: 16 16
Failed to communicate with server: [Errno 104] Connection reset by peer
./run_programs.sh: line 24: 307561 Segmentation fault      (core dumped) ./parallel_concurrent 192.5.87.228 ./logFileDir/${1}_${2}_${current_time}.log >> $fileName
Running: Run Number=7, Parallelism=1, Concurrency=1
Sending values: 1 1
Sending values: 1 1
Sending values: 1 1
Sending values: 1 1
Sending values: 1 1
Sending values: 1 1
Sending values: 1 1
Sending values: 1 1
Sending values: 1 1
Sending values: 1 1
Sending values: 1 1
Sending values: 1 1
Sending values: 1 1
Sending values: 1 1
Sending values: 1 1
Sending values: 1 1
Sending values: 1 1
Sending values: 1 1
Sending values: 1 1
Sending values: 1 1
Sending values: 1 1
Sending values: 1 1
Sending values: 1 1
Sending values: 1 1
Sending values: 1 1
Sending values: 1 1
Sending values: 1 1
Sending values: 1 1
Sending values: 1 1
Sending values: 1 1
Sending values: 1 1
Sending values: 1 1
Sending values: 1 1
Sending values: 1 1
Sending values: 1 1
Sending values: 1 1
Sending values: 1 1
Sending values: 1 1
Sending values: 1 1
Sending values: 1 1
Sending values: 1 1
Sending values: 1 1
Sending values: 1 1
Sending values: 1 1
Sending values: 1 1
Sending values: 1 1
Sending values: 1 1
Sending values: 1 1
Sending values: 1 1
Sending values: 1 1
Sending values: 1 1
Sending values: 1 1
Sending values: 1 1
Sending values: 1 1
Sending values: 1 1
Sending values: 1 1
Sending values: 1 1
Sending values: 1 1
Sending values: 1 1
Sending values: 1 1
Sending values: 1 1
Sending values: 1 1
Sending values: 1 1
Sending values: 1 1
Sending values: 1 1
Sending values: 1 1
Sending values: 1 1
Sending values: 1 1
Sending values: 1 1
Sending values: 1 1
Sending values: 1 1
Sending values: 1 1
Received termination signal. Exiting...
Running: Run Number=7, Parallelism=1, Concurrency=2
Sending values: 1 2
Sending values: 1 2
Sending values: 1 2
Sending values: 1 2
Sending values: 1 2
Sending values: 1 2
Sending values: 1 2
Sending values: 1 2
Sending values: 1 2
Sending values: 1 2
Sending values: 1 2
Sending values: 1 2
Sending values: 1 2
Sending values: 1 2
Sending values: 1 2
Sending values: 1 2
Sending values: 1 2
Sending values: 1 2
Sending values: 1 2
Sending values: 1 2
Sending values: 1 2
Sending values: 1 2
Sending values: 1 2
Sending values: 1 2
Sending values: 1 2
Sending values: 1 2
Sending values: 1 2
Sending values: 1 2
Sending values: 1 2
Sending values: 1 2
Sending values: 1 2
Sending values: 1 2
Sending values: 1 2
Sending values: 1 2
Sending values: 1 2
Sending values: 1 2
Sending values: 1 2
Received termination signal. Exiting...
Running: Run Number=7, Parallelism=1, Concurrency=4
Sending values: 1 4
Sending values: 1 4
Sending values: 1 4
Sending values: 1 4
Sending values: 1 4
Sending values: 1 4
Sending values: 1 4
Sending values: 1 4
Sending values: 1 4
Sending values: 1 4
Sending values: 1 4
Sending values: 1 4
Sending values: 1 4
Sending values: 1 4
Sending values: 1 4
Sending values: 1 4
Sending values: 1 4
Sending values: 1 4
Sending values: 1 4
Sending values: 1 4
Received termination signal. Exiting...
Running: Run Number=7, Parallelism=1, Concurrency=8
Sending values: 1 8
Sending values: 1 8
Sending values: 1 8
Sending values: 1 8
Sending values: 1 8
Sending values: 1 8
Sending values: 1 8
Sending values: 1 8
Sending values: 1 8
Sending values: 1 8
Received termination signal. Exiting...
Running: Run Number=7, Parallelism=1, Concurrency=16
Sending values: 1 16
Sending values: 1 16
Sending values: 1 16
Sending values: 1 16
Sending values: 1 16
Sending values: 1 16
Received termination signal. Exiting...
Running: Run Number=7, Parallelism=2, Concurrency=1
Sending values: 2 1
Sending values: 2 1
Sending values: 2 1
Sending values: 2 1
Sending values: 2 1
Sending values: 2 1
Sending values: 2 1
Sending values: 2 1
Sending values: 2 1
Sending values: 2 1
Sending values: 2 1
Sending values: 2 1
Sending values: 2 1
Sending values: 2 1
Sending values: 2 1
Sending values: 2 1
Sending values: 2 1
Sending values: 2 1
Sending values: 2 1
Sending values: 2 1
Sending values: 2 1
Sending values: 2 1
Sending values: 2 1
Sending values: 2 1
Sending values: 2 1
Sending values: 2 1
Sending values: 2 1
Sending values: 2 1
Sending values: 2 1
Sending values: 2 1
Sending values: 2 1
Sending values: 2 1
Sending values: 2 1
Sending values: 2 1
Sending values: 2 1
Sending values: 2 1
Sending values: 2 1
Received termination signal. Exiting...
Running: Run Number=7, Parallelism=2, Concurrency=2
Sending values: 2 2
Sending values: 2 2
Sending values: 2 2
Sending values: 2 2
Sending values: 2 2
Sending values: 2 2
Sending values: 2 2
Sending values: 2 2
Sending values: 2 2
Sending values: 2 2
Sending values: 2 2
Sending values: 2 2
Sending values: 2 2
Sending values: 2 2
Sending values: 2 2
Sending values: 2 2
Sending values: 2 2
Sending values: 2 2
Sending values: 2 2
Received termination signal. Exiting...
Running: Run Number=7, Parallelism=2, Concurrency=4
Sending values: 2 4
Sending values: 2 4
Sending values: 2 4
Sending values: 2 4
Sending values: 2 4
Sending values: 2 4
Sending values: 2 4
Sending values: 2 4
Sending values: 2 4
Sending values: 2 4
Received termination signal. Exiting...
Running: Run Number=7, Parallelism=2, Concurrency=8
Sending values: 2 8
Sending values: 2 8
Sending values: 2 8
Sending values: 2 8
Sending values: 2 8
Sending values: 2 8
Received termination signal. Exiting...
Running: Run Number=7, Parallelism=2, Concurrency=16
Sending values: 2 16
Sending values: 2 16
Sending values: 2 16
Sending values: 2 16
Sending values: 2 16
Received termination signal. Exiting...
Running: Run Number=7, Parallelism=4, Concurrency=1
Sending values: 4 1
Sending values: 4 1
Sending values: 4 1
Sending values: 4 1
Sending values: 4 1
Sending values: 4 1
Sending values: 4 1
Sending values: 4 1
Sending values: 4 1
Sending values: 4 1
Sending values: 4 1
Sending values: 4 1
Sending values: 4 1
Sending values: 4 1
Sending values: 4 1
Sending values: 4 1
Sending values: 4 1
Sending values: 4 1
Sending values: 4 1
Sending values: 4 1
Received termination signal. Exiting...
Running: Run Number=7, Parallelism=4, Concurrency=2
Sending values: 4 2
Sending values: 4 2
Sending values: 4 2
Sending values: 4 2
Sending values: 4 2
Sending values: 4 2
Sending values: 4 2
Sending values: 4 2
Sending values: 4 2
Sending values: 4 2
Sending values: 4 2
Sending values: 4 2
Received termination signal. Exiting...
Running: Run Number=7, Parallelism=4, Concurrency=4
Sending values: 4 4
Sending values: 4 4
Sending values: 4 4
Sending values: 4 4
Sending values: 4 4
Sending values: 4 4
Received termination signal. Exiting...
Running: Run Number=7, Parallelism=4, Concurrency=8
Sending values: 4 8
Sending values: 4 8
Sending values: 4 8
Sending values: 4 8
Sending values: 4 8
Received termination signal. Exiting...
Running: Run Number=7, Parallelism=4, Concurrency=16
Sending values: 4 16
Sending values: 4 16
Sending values: 4 16
Sending values: 4 16
Received termination signal. Exiting...
Running: Run Number=7, Parallelism=8, Concurrency=1
Sending values: 8 1
Sending values: 8 1
Sending values: 8 1
Sending values: 8 1
Sending values: 8 1
Sending values: 8 1
Sending values: 8 1
Sending values: 8 1
Sending values: 8 1
Sending values: 8 1
Received termination signal. Exiting...
Running: Run Number=7, Parallelism=8, Concurrency=2
Sending values: 8 2
Sending values: 8 2
Sending values: 8 2
Sending values: 8 2
Sending values: 8 2
Sending values: 8 2
Received termination signal. Exiting...
Running: Run Number=7, Parallelism=8, Concurrency=4
Sending values: 8 4
Sending values: 8 4
Sending values: 8 4
Sending values: 8 4
Sending values: 8 4
Received termination signal. Exiting...
Running: Run Number=7, Parallelism=8, Concurrency=8
Sending values: 8 8
Sending values: 8 8
Sending values: 8 8
Sending values: 8 8
Sending values: 8 8
Received termination signal. Exiting...
Running: Run Number=7, Parallelism=8, Concurrency=16
Sending values: 8 16
Sending values: 8 16
Sending values: 8 16
Sending values: 8 16
Received termination signal. Exiting...
Running: Run Number=7, Parallelism=16, Concurrency=1
Sending values: 16 1
Sending values: 16 1
Sending values: 16 1
Sending values: 16 1
Sending values: 16 1
Sending values: 16 1
Sending values: 16 1
Sending values: 16 1
Sending values: 16 1
Sending values: 16 1
Received termination signal. Exiting...
Running: Run Number=7, Parallelism=16, Concurrency=2
Sending values: 16 2
Sending values: 16 2
Sending values: 16 2
Sending values: 16 2
Sending values: 16 2
Sending values: 16 2
Received termination signal. Exiting...
Running: Run Number=7, Parallelism=16, Concurrency=4
Sending values: 16 4
Sending values: 16 4
Sending values: 16 4
Sending values: 16 4
Sending values: 16 4
Failed to communicate with server: [Errno 104] Connection reset by peer
./run_programs.sh: line 24: 316636 Segmentation fault      (core dumped) ./parallel_concurrent 192.5.87.228 ./logFileDir/${1}_${2}_${current_time}.log >> $fileName
Running: Run Number=7, Parallelism=16, Concurrency=8
Sending values: 16 8
Sending values: 16 8
Sending values: 16 8
Sending values: 16 8
Received termination signal. Exiting...
Running: Run Number=7, Parallelism=16, Concurrency=16
Sending values: 16 16
Sending values: 16 16
Sending values: 16 16
Sending values: 16 16
Sending values: 16 16
Received termination signal. Exiting...
Running: Run Number=8, Parallelism=1, Concurrency=1
Sending values: 1 1
Sending values: 1 1
Sending values: 1 1
Sending values: 1 1
Sending values: 1 1
Sending values: 1 1
Sending values: 1 1
Sending values: 1 1
Sending values: 1 1
Sending values: 1 1
Sending values: 1 1
Sending values: 1 1
Sending values: 1 1
Sending values: 1 1
Sending values: 1 1
Sending values: 1 1
Sending values: 1 1
Sending values: 1 1
Sending values: 1 1
Sending values: 1 1
Sending values: 1 1
Sending values: 1 1
Sending values: 1 1
Sending values: 1 1
Sending values: 1 1
Sending values: 1 1
Sending values: 1 1
Sending values: 1 1
Sending values: 1 1
Sending values: 1 1
Sending values: 1 1
Sending values: 1 1
Sending values: 1 1
Sending values: 1 1
Sending values: 1 1
Sending values: 1 1
Sending values: 1 1
Sending values: 1 1
Sending values: 1 1
Sending values: 1 1
Sending values: 1 1
Sending values: 1 1
Sending values: 1 1
Sending values: 1 1
Sending values: 1 1
Sending values: 1 1
Sending values: 1 1
Sending values: 1 1
Sending values: 1 1
Sending values: 1 1
Sending values: 1 1
Sending values: 1 1
Sending values: 1 1
Sending values: 1 1
Sending values: 1 1
Sending values: 1 1
Sending values: 1 1
Sending values: 1 1
Sending values: 1 1
Sending values: 1 1
Sending values: 1 1
Sending values: 1 1
Sending values: 1 1
Sending values: 1 1
Sending values: 1 1
Sending values: 1 1
Sending values: 1 1
Sending values: 1 1
Sending values: 1 1
Sending values: 1 1
Sending values: 1 1
Sending values: 1 1
Sending values: 1 1
Received termination signal. Exiting...
Running: Run Number=8, Parallelism=1, Concurrency=2
Sending values: 1 2
Sending values: 1 2
Sending values: 1 2
Sending values: 1 2
Sending values: 1 2
Sending values: 1 2
Sending values: 1 2
Sending values: 1 2
Sending values: 1 2
Sending values: 1 2
Sending values: 1 2
Sending values: 1 2
Sending values: 1 2
Sending values: 1 2
Sending values: 1 2
Sending values: 1 2
Sending values: 1 2
Sending values: 1 2
Sending values: 1 2
Sending values: 1 2
Sending values: 1 2
Sending values: 1 2
Sending values: 1 2
Sending values: 1 2
Sending values: 1 2
Sending values: 1 2
Sending values: 1 2
Sending values: 1 2
Sending values: 1 2
Sending values: 1 2
Sending values: 1 2
Sending values: 1 2
Sending values: 1 2
Sending values: 1 2
Sending values: 1 2
Sending values: 1 2
Sending values: 1 2
Received termination signal. Exiting...
Running: Run Number=8, Parallelism=1, Concurrency=4
Sending values: 1 4
Sending values: 1 4
Sending values: 1 4
Sending values: 1 4
Sending values: 1 4
Sending values: 1 4
Sending values: 1 4
Sending values: 1 4
Sending values: 1 4
Sending values: 1 4
Sending values: 1 4
Sending values: 1 4
Sending values: 1 4
Sending values: 1 4
Sending values: 1 4
Sending values: 1 4
Sending values: 1 4
Sending values: 1 4
Sending values: 1 4
Received termination signal. Exiting...
Running: Run Number=8, Parallelism=1, Concurrency=8
Sending values: 1 8
Sending values: 1 8
Sending values: 1 8
Sending values: 1 8
Sending values: 1 8
Sending values: 1 8
Sending values: 1 8
Sending values: 1 8
Sending values: 1 8
Sending values: 1 8
Sending values: 1 8
Received termination signal. Exiting...
Running: Run Number=8, Parallelism=1, Concurrency=16
Sending values: 1 16
Sending values: 1 16
Sending values: 1 16
Sending values: 1 16
Sending values: 1 16
Sending values: 1 16
Received termination signal. Exiting...
Running: Run Number=8, Parallelism=2, Concurrency=1
Sending values: 2 1
Sending values: 2 1
Sending values: 2 1
Sending values: 2 1
Sending values: 2 1
Sending values: 2 1
Sending values: 2 1
Sending values: 2 1
Sending values: 2 1
Sending values: 2 1
Sending values: 2 1
Sending values: 2 1
Sending values: 2 1
Sending values: 2 1
Sending values: 2 1
Sending values: 2 1
Sending values: 2 1
Sending values: 2 1
Sending values: 2 1
Sending values: 2 1
Sending values: 2 1
Sending values: 2 1
Sending values: 2 1
Sending values: 2 1
Sending values: 2 1
Sending values: 2 1
Sending values: 2 1
Sending values: 2 1
Sending values: 2 1
Sending values: 2 1
Sending values: 2 1
Sending values: 2 1
Sending values: 2 1
Sending values: 2 1
Sending values: 2 1
Sending values: 2 1
Sending values: 2 1
Sending values: 2 1
Received termination signal. Exiting...
Running: Run Number=8, Parallelism=2, Concurrency=2
Sending values: 2 2
Sending values: 2 2
Sending values: 2 2
Sending values: 2 2
Sending values: 2 2
Sending values: 2 2
Sending values: 2 2
Sending values: 2 2
Sending values: 2 2
Sending values: 2 2
Sending values: 2 2
Sending values: 2 2
Sending values: 2 2
Sending values: 2 2
Sending values: 2 2
Sending values: 2 2
Sending values: 2 2
Sending values: 2 2
Sending values: 2 2
Received termination signal. Exiting...
Running: Run Number=8, Parallelism=2, Concurrency=4
Sending values: 2 4
Sending values: 2 4
Sending values: 2 4
Sending values: 2 4
Sending values: 2 4
Sending values: 2 4
Sending values: 2 4
Sending values: 2 4
Sending values: 2 4
Sending values: 2 4
Sending values: 2 4
Received termination signal. Exiting...
Running: Run Number=8, Parallelism=2, Concurrency=8
Sending values: 2 8
Sending values: 2 8
Sending values: 2 8
Sending values: 2 8
Sending values: 2 8
Sending values: 2 8
Received termination signal. Exiting...
Running: Run Number=8, Parallelism=2, Concurrency=16
Sending values: 2 16
Sending values: 2 16
Sending values: 2 16
Sending values: 2 16
Sending values: 2 16
Received termination signal. Exiting...
Running: Run Number=8, Parallelism=4, Concurrency=1
Sending values: 4 1
Sending values: 4 1
Sending values: 4 1
Sending values: 4 1
Sending values: 4 1
Sending values: 4 1
Sending values: 4 1
Sending values: 4 1
Sending values: 4 1
Sending values: 4 1
Sending values: 4 1
Sending values: 4 1
Sending values: 4 1
Sending values: 4 1
Sending values: 4 1
Sending values: 4 1
Sending values: 4 1
Sending values: 4 1
Sending values: 4 1
Sending values: 4 1
Received termination signal. Exiting...
Running: Run Number=8, Parallelism=4, Concurrency=2
Sending values: 4 2
Sending values: 4 2
Sending values: 4 2
Sending values: 4 2
Sending values: 4 2
Sending values: 4 2
Sending values: 4 2
Sending values: 4 2
Sending values: 4 2
Sending values: 4 2
Sending values: 4 2
Received termination signal. Exiting...
Running: Run Number=8, Parallelism=4, Concurrency=4
Sending values: 4 4
Sending values: 4 4
Sending values: 4 4
Sending values: 4 4
Sending values: 4 4
Sending values: 4 4
Received termination signal. Exiting...
Running: Run Number=8, Parallelism=4, Concurrency=8
Sending values: 4 8
Sending values: 4 8
Sending values: 4 8
Sending values: 4 8
Sending values: 4 8
Received termination signal. Exiting...
Running: Run Number=8, Parallelism=4, Concurrency=16
Sending values: 4 16
Sending values: 4 16
Sending values: 4 16
Sending values: 4 16
Received termination signal. Exiting...
Running: Run Number=8, Parallelism=8, Concurrency=1
Sending values: 8 1
Sending values: 8 1
Sending values: 8 1
Sending values: 8 1
Sending values: 8 1
Sending values: 8 1
Sending values: 8 1
Sending values: 8 1
Sending values: 8 1
Sending values: 8 1
Received termination signal. Exiting...
Running: Run Number=8, Parallelism=8, Concurrency=2
Sending values: 8 2
Sending values: 8 2
Sending values: 8 2
Sending values: 8 2
Sending values: 8 2
Sending values: 8 2
Received termination signal. Exiting...
Running: Run Number=8, Parallelism=8, Concurrency=4
Sending values: 8 4
Sending values: 8 4
Sending values: 8 4
Sending values: 8 4
Sending values: 8 4
Sending values: 8 4
Received termination signal. Exiting...
Running: Run Number=8, Parallelism=8, Concurrency=8
Sending values: 8 8
Sending values: 8 8
Sending values: 8 8
Sending values: 8 8
Received termination signal. Exiting...
Running: Run Number=8, Parallelism=8, Concurrency=16
Sending values: 8 16
Sending values: 8 16
Sending values: 8 16
Sending values: 8 16
Received termination signal. Exiting...
Running: Run Number=8, Parallelism=16, Concurrency=1
Sending values: 16 1
Sending values: 16 1
Sending values: 16 1
Sending values: 16 1
Sending values: 16 1
Sending values: 16 1
Sending values: 16 1
Sending values: 16 1
Sending values: 16 1
Received termination signal. Exiting...
Running: Run Number=8, Parallelism=16, Concurrency=2
Sending values: 16 2
Sending values: 16 2
Sending values: 16 2
Sending values: 16 2
Sending values: 16 2
Received termination signal. Exiting...
Running: Run Number=8, Parallelism=16, Concurrency=4
Sending values: 16 4
Sending values: 16 4
Sending values: 16 4
Sending values: 16 4
Received termination signal. Exiting...
Running: Run Number=8, Parallelism=16, Concurrency=8
Sending values: 16 8
Sending values: 16 8
Sending values: 16 8
Sending values: 16 8
Received termination signal. Exiting...
Running: Run Number=8, Parallelism=16, Concurrency=16
Sending values: 16 16
Sending values: 16 16
Sending values: 16 16
Failed to communicate with server: [Errno 104] Connection reset by peer
./run_programs.sh: line 24: 327301 Segmentation fault      (core dumped) ./parallel_concurrent 192.5.87.228 ./logFileDir/${1}_${2}_${current_time}.log >> $fileName
Running: Run Number=9, Parallelism=1, Concurrency=1
Sending values: 1 1
Sending values: 1 1
Sending values: 1 1
Sending values: 1 1
Sending values: 1 1
Sending values: 1 1
Sending values: 1 1
Sending values: 1 1
Sending values: 1 1
Sending values: 1 1
Sending values: 1 1
Sending values: 1 1
Sending values: 1 1
Sending values: 1 1
Sending values: 1 1
Sending values: 1 1
Sending values: 1 1
Sending values: 1 1
Sending values: 1 1
Sending values: 1 1
Sending values: 1 1
Sending values: 1 1
Sending values: 1 1
Sending values: 1 1
Sending values: 1 1
Sending values: 1 1
Sending values: 1 1
Sending values: 1 1
Sending values: 1 1
Sending values: 1 1
Sending values: 1 1
Sending values: 1 1
Sending values: 1 1
Sending values: 1 1
Sending values: 1 1
Sending values: 1 1
Sending values: 1 1
Sending values: 1 1
Sending values: 1 1
Sending values: 1 1
Sending values: 1 1
Sending values: 1 1
Sending values: 1 1
Sending values: 1 1
Sending values: 1 1
Sending values: 1 1
Sending values: 1 1
Sending values: 1 1
Sending values: 1 1
Sending values: 1 1
Sending values: 1 1
Sending values: 1 1
Sending values: 1 1
Sending values: 1 1
Sending values: 1 1
Sending values: 1 1
Sending values: 1 1
Sending values: 1 1
Sending values: 1 1
Sending values: 1 1
Sending values: 1 1
Sending values: 1 1
Sending values: 1 1
Sending values: 1 1
Sending values: 1 1
Sending values: 1 1
Sending values: 1 1
Sending values: 1 1
Sending values: 1 1
Sending values: 1 1
Sending values: 1 1
Sending values: 1 1
Sending values: 1 1
Received termination signal. Exiting...
Running: Run Number=9, Parallelism=1, Concurrency=2
Sending values: 1 2
Sending values: 1 2
Sending values: 1 2
Sending values: 1 2
Sending values: 1 2
Sending values: 1 2
Sending values: 1 2
Sending values: 1 2
Sending values: 1 2
Sending values: 1 2
Sending values: 1 2
Sending values: 1 2
Sending values: 1 2
Sending values: 1 2
Sending values: 1 2
Sending values: 1 2
Sending values: 1 2
Sending values: 1 2
Sending values: 1 2
Sending values: 1 2
Sending values: 1 2
Sending values: 1 2
Sending values: 1 2
Sending values: 1 2
Sending values: 1 2
Sending values: 1 2
Sending values: 1 2
Sending values: 1 2
Sending values: 1 2
Sending values: 1 2
Sending values: 1 2
Sending values: 1 2
Sending values: 1 2
Sending values: 1 2
Sending values: 1 2
Sending values: 1 2
Sending values: 1 2
Received termination signal. Exiting...
Running: Run Number=9, Parallelism=1, Concurrency=4
Sending values: 1 4
Sending values: 1 4
Sending values: 1 4
Sending values: 1 4
Sending values: 1 4
Sending values: 1 4
Sending values: 1 4
Sending values: 1 4
Sending values: 1 4
Sending values: 1 4
Sending values: 1 4
Sending values: 1 4
Sending values: 1 4
Sending values: 1 4
Sending values: 1 4
Sending values: 1 4
Sending values: 1 4
Sending values: 1 4
Sending values: 1 4
Received termination signal. Exiting...
Running: Run Number=9, Parallelism=1, Concurrency=8
Sending values: 1 8
Sending values: 1 8
Sending values: 1 8
Sending values: 1 8
Sending values: 1 8
Sending values: 1 8
Sending values: 1 8
Sending values: 1 8
Sending values: 1 8
Sending values: 1 8
Sending values: 1 8
Received termination signal. Exiting...
Running: Run Number=9, Parallelism=1, Concurrency=16
Sending values: 1 16
Sending values: 1 16
Sending values: 1 16
Sending values: 1 16
Sending values: 1 16
Sending values: 1 16
Received termination signal. Exiting...
Running: Run Number=9, Parallelism=2, Concurrency=1
Sending values: 2 1
Sending values: 2 1
Sending values: 2 1
Sending values: 2 1
Sending values: 2 1
Sending values: 2 1
Sending values: 2 1
Sending values: 2 1
Sending values: 2 1
Sending values: 2 1
Sending values: 2 1
Sending values: 2 1
Sending values: 2 1
Sending values: 2 1
Sending values: 2 1
Sending values: 2 1
Sending values: 2 1
Sending values: 2 1
Sending values: 2 1
Sending values: 2 1
Sending values: 2 1
Sending values: 2 1
Sending values: 2 1
Sending values: 2 1
Sending values: 2 1
Sending values: 2 1
Sending values: 2 1
Sending values: 2 1
Sending values: 2 1
Sending values: 2 1
Sending values: 2 1
Sending values: 2 1
Sending values: 2 1
Sending values: 2 1
Sending values: 2 1
Sending values: 2 1
Sending values: 2 1
Received termination signal. Exiting...
Running: Run Number=9, Parallelism=2, Concurrency=2
Sending values: 2 2
Sending values: 2 2
Sending values: 2 2
Sending values: 2 2
Sending values: 2 2
Sending values: 2 2
Sending values: 2 2
Sending values: 2 2
Sending values: 2 2
Sending values: 2 2
Sending values: 2 2
Sending values: 2 2
Sending values: 2 2
Sending values: 2 2
Sending values: 2 2
Sending values: 2 2
Sending values: 2 2
Sending values: 2 2
Sending values: 2 2
Sending values: 2 2
Received termination signal. Exiting...
Running: Run Number=9, Parallelism=2, Concurrency=4
Sending values: 2 4
Sending values: 2 4
Sending values: 2 4
Sending values: 2 4
Sending values: 2 4
Sending values: 2 4
Sending values: 2 4
Sending values: 2 4
Sending values: 2 4
Sending values: 2 4
Sending values: 2 4
Received termination signal. Exiting...
Running: Run Number=9, Parallelism=2, Concurrency=8
Sending values: 2 8
Sending values: 2 8
Sending values: 2 8
Sending values: 2 8
Sending values: 2 8
Sending values: 2 8
Received termination signal. Exiting...
Running: Run Number=9, Parallelism=2, Concurrency=16
Sending values: 2 16
Sending values: 2 16
Sending values: 2 16
Sending values: 2 16
Sending values: 2 16
Received termination signal. Exiting...
Running: Run Number=9, Parallelism=4, Concurrency=1
Sending values: 4 1
Sending values: 4 1
Sending values: 4 1
Sending values: 4 1
Sending values: 4 1
Sending values: 4 1
Sending values: 4 1
Sending values: 4 1
Sending values: 4 1
Sending values: 4 1
Sending values: 4 1
Sending values: 4 1
Sending values: 4 1
Sending values: 4 1
Sending values: 4 1
Sending values: 4 1
Sending values: 4 1
Sending values: 4 1
Sending values: 4 1
Sending values: 4 1
Received termination signal. Exiting...
Running: Run Number=9, Parallelism=4, Concurrency=2
Sending values: 4 2
Sending values: 4 2
Sending values: 4 2
Sending values: 4 2
Sending values: 4 2
Sending values: 4 2
Sending values: 4 2
Sending values: 4 2
Sending values: 4 2
Sending values: 4 2
Sending values: 4 2
Received termination signal. Exiting...
Running: Run Number=9, Parallelism=4, Concurrency=4
Sending values: 4 4
Sending values: 4 4
Sending values: 4 4
Sending values: 4 4
Sending values: 4 4
Sending values: 4 4
Received termination signal. Exiting...
Running: Run Number=9, Parallelism=4, Concurrency=8
Sending values: 4 8
Sending values: 4 8
Sending values: 4 8
Sending values: 4 8
Sending values: 4 8
Received termination signal. Exiting...
Running: Run Number=9, Parallelism=4, Concurrency=16
Sending values: 4 16
Sending values: 4 16
Sending values: 4 16
Sending values: 4 16
Received termination signal. Exiting...
Running: Run Number=9, Parallelism=8, Concurrency=1
Sending values: 8 1
Sending values: 8 1
Sending values: 8 1
Sending values: 8 1
Sending values: 8 1
Sending values: 8 1
Sending values: 8 1
Sending values: 8 1
Sending values: 8 1
Sending values: 8 1
Received termination signal. Exiting...
Running: Run Number=9, Parallelism=8, Concurrency=2
Sending values: 8 2
Sending values: 8 2
Sending values: 8 2
Sending values: 8 2
Sending values: 8 2
Sending values: 8 2
Received termination signal. Exiting...
Running: Run Number=9, Parallelism=8, Concurrency=4
Sending values: 8 4
Sending values: 8 4
Sending values: 8 4
Sending values: 8 4
Sending values: 8 4
Received termination signal. Exiting...
Running: Run Number=9, Parallelism=8, Concurrency=8
Sending values: 8 8
Sending values: 8 8
Sending values: 8 8
Sending values: 8 8
Sending values: 8 8
Sending values: 8 8
Failed to communicate with server: [Errno 32] Broken pipe
Running: Run Number=9, Parallelism=8, Concurrency=16
Sending values: 8 16
Sending values: 8 16
Sending values: 8 16
Sending values: 8 16
Received termination signal. Exiting...
Running: Run Number=9, Parallelism=16, Concurrency=1
Sending values: 16 1
Sending values: 16 1
Sending values: 16 1
Sending values: 16 1
Sending values: 16 1
Sending values: 16 1
Sending values: 16 1
Sending values: 16 1
Sending values: 16 1
Sending values: 16 1
Received termination signal. Exiting...
Running: Run Number=9, Parallelism=16, Concurrency=2
Sending values: 16 2
Sending values: 16 2
Sending values: 16 2
Sending values: 16 2
Sending values: 16 2
Sending values: 16 2
Received termination signal. Exiting...
Running: Run Number=9, Parallelism=16, Concurrency=4
Sending values: 16 4
Sending values: 16 4
Sending values: 16 4
Sending values: 16 4
Received termination signal. Exiting...
Running: Run Number=9, Parallelism=16, Concurrency=8
Sending values: 16 8
Sending values: 16 8
Sending values: 16 8
Sending values: 16 8
Received termination signal. Exiting...
Running: Run Number=9, Parallelism=16, Concurrency=16
Sending values: 16 16
Sending values: 16 16
Sending values: 16 16
Failed to communicate with server: [Errno 104] Connection reset by peer
./run_programs.sh: line 24: 339369 Segmentation fault      (core dumped) ./parallel_concurrent 192.5.87.228 ./logFileDir/${1}_${2}_${current_time}.log >> $fileName
Running: Run Number=10, Parallelism=1, Concurrency=1
Sending values: 1 1
Sending values: 1 1
Sending values: 1 1
Sending values: 1 1
Sending values: 1 1
Sending values: 1 1
Sending values: 1 1
Sending values: 1 1
Sending values: 1 1
Sending values: 1 1
Sending values: 1 1
Sending values: 1 1
Sending values: 1 1
Sending values: 1 1
Sending values: 1 1
Sending values: 1 1
Sending values: 1 1
Sending values: 1 1
Sending values: 1 1
Sending values: 1 1
Sending values: 1 1
Sending values: 1 1
Sending values: 1 1
Sending values: 1 1
Sending values: 1 1
Sending values: 1 1
Sending values: 1 1
Sending values: 1 1
Sending values: 1 1
Sending values: 1 1
Sending values: 1 1
Sending values: 1 1
Sending values: 1 1
Sending values: 1 1
Sending values: 1 1
Sending values: 1 1
Sending values: 1 1
Sending values: 1 1
Sending values: 1 1
Sending values: 1 1
Sending values: 1 1
Sending values: 1 1
Sending values: 1 1
Sending values: 1 1
Sending values: 1 1
Sending values: 1 1
Sending values: 1 1
Sending values: 1 1
Sending values: 1 1
Sending values: 1 1
Sending values: 1 1
Sending values: 1 1
Sending values: 1 1
Sending values: 1 1
Sending values: 1 1
Sending values: 1 1
Sending values: 1 1
Sending values: 1 1
Sending values: 1 1
Sending values: 1 1
Sending values: 1 1
Sending values: 1 1
Sending values: 1 1
Sending values: 1 1
Sending values: 1 1
Sending values: 1 1
Sending values: 1 1
Sending values: 1 1
Sending values: 1 1
Sending values: 1 1
Sending values: 1 1
Sending values: 1 1
Sending values: 1 1
Received termination signal. Exiting...
Running: Run Number=10, Parallelism=1, Concurrency=2
Sending values: 1 2
Sending values: 1 2
Sending values: 1 2
Sending values: 1 2
Sending values: 1 2
Sending values: 1 2
Sending values: 1 2
Sending values: 1 2
Sending values: 1 2
Sending values: 1 2
Sending values: 1 2
Sending values: 1 2
Sending values: 1 2
Sending values: 1 2
Sending values: 1 2
Sending values: 1 2
Sending values: 1 2
Sending values: 1 2
Sending values: 1 2
Sending values: 1 2
Sending values: 1 2
Sending values: 1 2
Sending values: 1 2
Sending values: 1 2
Sending values: 1 2
Sending values: 1 2
Sending values: 1 2
Sending values: 1 2
Sending values: 1 2
Sending values: 1 2
Sending values: 1 2
Sending values: 1 2
Sending values: 1 2
Sending values: 1 2
Sending values: 1 2
Sending values: 1 2
Sending values: 1 2
Received termination signal. Exiting...
Running: Run Number=10, Parallelism=1, Concurrency=4
Sending values: 1 4
Sending values: 1 4
Sending values: 1 4
Sending values: 1 4
Sending values: 1 4
Sending values: 1 4
Sending values: 1 4
Sending values: 1 4
Sending values: 1 4
Sending values: 1 4
Sending values: 1 4
Sending values: 1 4
Sending values: 1 4
Sending values: 1 4
Sending values: 1 4
Sending values: 1 4
Sending values: 1 4
Sending values: 1 4
Sending values: 1 4
Received termination signal. Exiting...
Running: Run Number=10, Parallelism=1, Concurrency=8
Sending values: 1 8
Sending values: 1 8
Sending values: 1 8
Sending values: 1 8
Sending values: 1 8
Sending values: 1 8
Sending values: 1 8
Sending values: 1 8
Sending values: 1 8
Sending values: 1 8
Sending values: 1 8
Received termination signal. Exiting...
Running: Run Number=10, Parallelism=1, Concurrency=16
Sending values: 1 16
Sending values: 1 16
Sending values: 1 16
Sending values: 1 16
Sending values: 1 16
Sending values: 1 16
Received termination signal. Exiting...
Running: Run Number=10, Parallelism=2, Concurrency=1
Sending values: 2 1
Sending values: 2 1
Sending values: 2 1
Sending values: 2 1
Sending values: 2 1
Sending values: 2 1
Sending values: 2 1
Sending values: 2 1
Sending values: 2 1
Sending values: 2 1
Sending values: 2 1
Sending values: 2 1
Sending values: 2 1
Sending values: 2 1
Sending values: 2 1
Sending values: 2 1
Sending values: 2 1
Sending values: 2 1
Sending values: 2 1
Sending values: 2 1
Sending values: 2 1
Sending values: 2 1
Sending values: 2 1
Sending values: 2 1
Sending values: 2 1
Sending values: 2 1
Sending values: 2 1
Sending values: 2 1
Sending values: 2 1
Sending values: 2 1
Sending values: 2 1
Sending values: 2 1
Sending values: 2 1
Sending values: 2 1
Sending values: 2 1
Sending values: 2 1
Sending values: 2 1
Received termination signal. Exiting...
Running: Run Number=10, Parallelism=2, Concurrency=2
Sending values: 2 2
Sending values: 2 2
Sending values: 2 2
Sending values: 2 2
Sending values: 2 2
Sending values: 2 2
Sending values: 2 2
Sending values: 2 2
Sending values: 2 2
Sending values: 2 2
Sending values: 2 2
Sending values: 2 2
Sending values: 2 2
Sending values: 2 2
Sending values: 2 2
Sending values: 2 2
Sending values: 2 2
Sending values: 2 2
Sending values: 2 2
Sending values: 2 2
Received termination signal. Exiting...
Running: Run Number=10, Parallelism=2, Concurrency=4
Sending values: 2 4
Sending values: 2 4
Sending values: 2 4
Sending values: 2 4
Sending values: 2 4
Sending values: 2 4
Sending values: 2 4
Sending values: 2 4
Sending values: 2 4
Sending values: 2 4
Received termination signal. Exiting...
Running: Run Number=10, Parallelism=2, Concurrency=8
Sending values: 2 8
Sending values: 2 8
Sending values: 2 8
Sending values: 2 8
Sending values: 2 8
Sending values: 2 8
Received termination signal. Exiting...
Running: Run Number=10, Parallelism=2, Concurrency=16
Sending values: 2 16
Sending values: 2 16
Sending values: 2 16
Sending values: 2 16
Sending values: 2 16
Received termination signal. Exiting...
Running: Run Number=10, Parallelism=4, Concurrency=1
Sending values: 4 1
Sending values: 4 1
Sending values: 4 1
Sending values: 4 1
Sending values: 4 1
Sending values: 4 1
Sending values: 4 1
Sending values: 4 1
Sending values: 4 1
Sending values: 4 1
Sending values: 4 1
Sending values: 4 1
Sending values: 4 1
Sending values: 4 1
Sending values: 4 1
Sending values: 4 1
Sending values: 4 1
Sending values: 4 1
Sending values: 4 1
Received termination signal. Exiting...
Running: Run Number=10, Parallelism=4, Concurrency=2
Sending values: 4 2
Sending values: 4 2
Sending values: 4 2
Sending values: 4 2
Sending values: 4 2
Sending values: 4 2
Sending values: 4 2
Sending values: 4 2
Sending values: 4 2
Sending values: 4 2
Received termination signal. Exiting...
Running: Run Number=10, Parallelism=4, Concurrency=4
Sending values: 4 4
Sending values: 4 4
Sending values: 4 4
Sending values: 4 4
Sending values: 4 4
Sending values: 4 4
Received termination signal. Exiting...
Running: Run Number=10, Parallelism=4, Concurrency=8
Sending values: 4 8
Sending values: 4 8
Sending values: 4 8
Sending values: 4 8
Sending values: 4 8
Received termination signal. Exiting...
Running: Run Number=10, Parallelism=4, Concurrency=16
Sending values: 4 16
Sending values: 4 16
Sending values: 4 16
Sending values: 4 16
Received termination signal. Exiting...
Running: Run Number=10, Parallelism=8, Concurrency=1
Sending values: 8 1
Sending values: 8 1
Sending values: 8 1
Sending values: 8 1
Sending values: 8 1
Sending values: 8 1
Sending values: 8 1
Sending values: 8 1
Sending values: 8 1
Sending values: 8 1
Received termination signal. Exiting...
Running: Run Number=10, Parallelism=8, Concurrency=2
Sending values: 8 2
Sending values: 8 2
Sending values: 8 2
Sending values: 8 2
Sending values: 8 2
Sending values: 8 2
Received termination signal. Exiting...
Running: Run Number=10, Parallelism=8, Concurrency=4
Sending values: 8 4
Sending values: 8 4
Sending values: 8 4
Sending values: 8 4
Sending values: 8 4
Sending values: 8 4
Received termination signal. Exiting...
Running: Run Number=10, Parallelism=8, Concurrency=8
Sending values: 8 8
Sending values: 8 8
Sending values: 8 8
Sending values: 8 8
Sending values: 8 8
Received termination signal. Exiting...
Running: Run Number=10, Parallelism=8, Concurrency=16
Sending values: 8 16
Sending values: 8 16
Sending values: 8 16
Sending values: 8 16
Received termination signal. Exiting...
Running: Run Number=10, Parallelism=16, Concurrency=1
Sending values: 16 1
Sending values: 16 1
Sending values: 16 1
Sending values: 16 1
Sending values: 16 1
Sending values: 16 1
Sending values: 16 1
Sending values: 16 1
Sending values: 16 1
Sending values: 16 1
Received termination signal. Exiting...
Running: Run Number=10, Parallelism=16, Concurrency=2
Sending values: 16 2
Sending values: 16 2
Sending values: 16 2
Sending values: 16 2
Sending values: 16 2
Received termination signal. Exiting...
Running: Run Number=10, Parallelism=16, Concurrency=4
Sending values: 16 4
Sending values: 16 4
Sending values: 16 4
Sending values: 16 4
Received termination signal. Exiting...
Running: Run Number=10, Parallelism=16, Concurrency=8
Sending values: 16 8
Sending values: 16 8
Sending values: 16 8
Sending values: 16 8
Received termination signal. Exiting...
Running: Run Number=10, Parallelism=16, Concurrency=16
Sending values: 16 16
Sending values: 16 16
Sending values: 16 16
Sending values: 16 16
Sending values: 16 16
Sending values: 16 16
Received termination signal. Exiting...
