Concurrent Thread 0 creating all parallel threads (status: paused)
Concurrent Thread 2 creating all parallel threads (status: paused)
Concurrent Thread 1 creating all parallel threads (status: paused)
Concurrent Thread 3 creating all parallel threads (status: paused)
Main Thread changed parallelism to 2 and concurrency to 2
Main Thread changed parallelism to 2 and concurrency to 2
Main Thread changed parallelism to 2 and concurrency to 2
Main Thread changed parallelism to 1 and concurrency to 1
Main Thread changed parallelism to 2 and concurrency to 2
Main Thread changed parallelism to 4 and concurrency to 4
Main Thread change parallelism to MAX and concurrency to MAX
Main thread is shutting off all concurrent threads
Concurrent Thread 2 shutting off all parallel threads
Parent ID : 2 thread ID: 1, shutting itself off
Parent ID : 2 thread ID: 3, shutting itself off
Parent ID : 2 thread ID: 2, shutting itself off
Parent ID : 2 thread ID: 0, shutting itself off
Concurrent Thread 3 shutting off all parallel threads
Parent ID : 3 thread ID: 0, shutting itself off
Parent ID : 3 thread ID: 1, shutting itself off
Concurrent Thread 1 shutting off all parallel threads
Concurrent Thread 0 shutting off all parallel threads
Parent ID : 0 thread ID: 1, shutting itself off
Parent ID : 1 thread ID: 3, shutting itself off
Parent ID : 0 thread ID: 2, shutting itself off
Parent ID : 1 thread ID: 1, shutting itself off
Parent ID : 0 thread ID: 3, shutting itself off
Parent ID : 3 thread ID: 3, shutting itself off
Parent ID : 1 thread ID: 0, shutting itself off
Parent ID : 1 thread ID: 2, shutting itself off
Parent ID : 3 thread ID: 2, shutting itself off
Parent ID : 0 thread ID: 0, shutting itself off
