From Main : Total 800 chunks will be downloaded
Main Thread change parallelism to MAX and concurrency to MAX
Main thread is shutting off all concurrent threads
All done
Total energy used: 5825.498636 Joules
mean Network throughput: 14 [msg/s]
mean Network throughput: 4740.608 [Mb/s]
From Main : Total 800 chunks will be downloaded
Main Thread change parallelism to MAX and concurrency to MAX
Main thread is shutting off all concurrent threads
All done
Total energy used: 5547.813007 Joules
mean Network throughput: 16 [msg/s]
mean Network throughput: 5333.193 [Mb/s]
From Main : Total 800 chunks will be downloaded
Main Thread change parallelism to MAX and concurrency to MAX
Main thread is shutting off all concurrent threads
All done
Total energy used: 5520.692410 Joules
mean Network throughput: 14 [msg/s]
mean Network throughput: 4740.620 [Mb/s]
From Main : Total 800 chunks will be downloaded
Main Thread change parallelism to MAX and concurrency to MAX
Main thread is shutting off all concurrent threads
All done
Total energy used: 5961.720822 Joules
mean Network throughput: 14 [msg/s]
mean Network throughput: 4740.489 [Mb/s]
From Main : Total 800 chunks will be downloaded
Main Thread change parallelism to MAX and concurrency to MAX
Main thread is shutting off all concurrent threads
All done
Total energy used: 5676.250301 Joules
mean Network throughput: 14 [msg/s]
mean Network throughput: 4740.652 [Mb/s]
From Main : Total 800 chunks will be downloaded
Main Thread change parallelism to MAX and concurrency to MAX
Main thread is shutting off all concurrent threads
All done
Total energy used: 5957.568916 Joules
mean Network throughput: 14 [msg/s]
mean Network throughput: 4740.590 [Mb/s]
From Main : Total 800 chunks will be downloaded
Main Thread change parallelism to MAX and concurrency to MAX
Main thread is shutting off all concurrent threads
All done
Total energy used: 5837.446909 Joules
mean Network throughput: 14 [msg/s]
mean Network throughput: 4740.619 [Mb/s]
From Main : Total 800 chunks will be downloaded
Main Thread change parallelism to MAX and concurrency to MAX
Main thread is shutting off all concurrent threads
All done
Total energy used: 5768.548648 Joules
mean Network throughput: 14 [msg/s]
mean Network throughput: 4740.651 [Mb/s]
From Main : Total 800 chunks will be downloaded
Main Thread change parallelism to MAX and concurrency to MAX
Main thread is shutting off all concurrent threads
All done
Total energy used: 5816.544008 Joules
mean Network throughput: 14 [msg/s]
mean Network throughput: 4740.545 [Mb/s]
From Main : Total 800 chunks will be downloaded
Main Thread change parallelism to MAX and concurrency to MAX
Main thread is shutting off all concurrent threads
All done
Total energy used: 5409.459480 Joules
mean Network throughput: 16 [msg/s]
mean Network throughput: 5333.164 [Mb/s]
From Main : Total 800 chunks will be downloaded
Main Thread change parallelism to MAX and concurrency to MAX
Main thread is shutting off all concurrent threads
All done
Total energy used: 5706.467019 Joules
mean Network throughput: 14 [msg/s]
mean Network throughput: 4740.589 [Mb/s]
From Main : Total 800 chunks will be downloaded
Main Thread change parallelism to MAX and concurrency to MAX
Main thread is shutting off all concurrent threads
All done
Total energy used: 5505.343816 Joules
mean Network throughput: 16 [msg/s]
mean Network throughput: 5333.207 [Mb/s]
From Main : Total 800 chunks will be downloaded
Main Thread change parallelism to MAX and concurrency to MAX
Main thread is shutting off all concurrent threads
All done
Total energy used: 5615.051116 Joules
mean Network throughput: 14 [msg/s]
mean Network throughput: 4740.601 [Mb/s]
From Main : Total 800 chunks will be downloaded
Main Thread change parallelism to MAX and concurrency to MAX
Main thread is shutting off all concurrent threads
All done
Total energy used: 5666.729145 Joules
mean Network throughput: 14 [msg/s]
mean Network throughput: 4740.659 [Mb/s]
From Main : Total 800 chunks will be downloaded
Main Thread change parallelism to MAX and concurrency to MAX
Main thread is shutting off all concurrent threads
All done
Total energy used: 5788.418531 Joules
mean Network throughput: 14 [msg/s]
mean Network throughput: 4740.631 [Mb/s]
From Main : Total 800 chunks will be downloaded
Main Thread change parallelism to MAX and concurrency to MAX
Main thread is shutting off all concurrent threads
All done
Total energy used: 5715.665666 Joules
mean Network throughput: 14 [msg/s]
mean Network throughput: 4740.597 [Mb/s]
From Main : Total 800 chunks will be downloaded
Main Thread change parallelism to MAX and concurrency to MAX
Main thread is shutting off all concurrent threads
All done
Total energy used: 5702.814136 Joules
mean Network throughput: 14 [msg/s]
mean Network throughput: 4740.602 [Mb/s]
From Main : Total 800 chunks will be downloaded
Main Thread change parallelism to MAX and concurrency to MAX
Main thread is shutting off all concurrent threads
All done
Total energy used: 5735.993434 Joules
mean Network throughput: 14 [msg/s]
mean Network throughput: 4740.606 [Mb/s]
From Main : Total 800 chunks will be downloaded
Main Thread change parallelism to MAX and concurrency to MAX
Main thread is shutting off all concurrent threads
All done
Total energy used: 5739.790543 Joules
mean Network throughput: 14 [msg/s]
mean Network throughput: 4740.634 [Mb/s]
From Main : Total 800 chunks will be downloaded
Main Thread change parallelism to MAX and concurrency to MAX
Main thread is shutting off all concurrent threads
All done
Total energy used: 5737.708639 Joules
mean Network throughput: 14 [msg/s]
mean Network throughput: 4740.626 [Mb/s]
