From Main : Total 800 chunks will be downloaded
Main Thread change parallelism to MAX and concurrency to MAX
Main thread is shutting off all concurrent threads
All done
Total energy used: 4741.421761 Joules
mean Network throughput: 19 [msg/s]
mean Network throughput: 6095.075 [Mb/s]
From Main : Total 800 chunks will be downloaded
Main Thread change parallelism to MAX and concurrency to MAX
Main thread is shutting off all concurrent threads
All done
Total energy used: 5138.053924 Joules
mean Network throughput: 16 [msg/s]
mean Network throughput: 5332.883 [Mb/s]
From Main : Total 800 chunks will be downloaded
Main Thread change parallelism to MAX and concurrency to MAX
Main thread is shutting off all concurrent threads
All done
Total energy used: 4782.320948 Joules
mean Network throughput: 19 [msg/s]
mean Network throughput: 6093.496 [Mb/s]
From Main : Total 800 chunks will be downloaded
Main Thread change parallelism to MAX and concurrency to MAX
Main thread is shutting off all concurrent threads
All done
Total energy used: 5391.442009 Joules
mean Network throughput: 14 [msg/s]
mean Network throughput: 4740.592 [Mb/s]
From Main : Total 800 chunks will be downloaded
Main Thread change parallelism to MAX and concurrency to MAX
Main thread is shutting off all concurrent threads
All done
Total energy used: 5174.822141 Joules
mean Network throughput: 16 [msg/s]
mean Network throughput: 5333.173 [Mb/s]
From Main : Total 800 chunks will be downloaded
Main Thread change parallelism to MAX and concurrency to MAX
Main thread is shutting off all concurrent threads
All done
Total energy used: 5160.067479 Joules
mean Network throughput: 16 [msg/s]
mean Network throughput: 5333.142 [Mb/s]
From Main : Total 800 chunks will be downloaded
Main Thread change parallelism to MAX and concurrency to MAX
Main thread is shutting off all concurrent threads
All done
Total energy used: -257188.469892 Joules
mean Network throughput: 19 [msg/s]
mean Network throughput: 6094.720 [Mb/s]
From Main : Total 800 chunks will be downloaded
Main Thread change parallelism to MAX and concurrency to MAX
Main thread is shutting off all concurrent threads
All done
Total energy used: 5611.350258 Joules
mean Network throughput: 14 [msg/s]
mean Network throughput: 4740.283 [Mb/s]
From Main : Total 800 chunks will be downloaded
Main Thread change parallelism to MAX and concurrency to MAX
Main thread is shutting off all concurrent threads
All done
Total energy used: 4508.949700 Joules
mean Network throughput: 22 [msg/s]
mean Network throughput: 7110.671 [Mb/s]
From Main : Total 800 chunks will be downloaded
Main Thread change parallelism to MAX and concurrency to MAX
Main thread is shutting off all concurrent threads
All done
Total energy used: 4527.949468 Joules
mean Network throughput: 22 [msg/s]
mean Network throughput: 7109.840 [Mb/s]
From Main : Total 800 chunks will be downloaded
Main Thread change parallelism to MAX and concurrency to MAX
Main thread is shutting off all concurrent threads
All done
Total energy used: 5139.475185 Joules
mean Network throughput: 14 [msg/s]
mean Network throughput: 4740.609 [Mb/s]
From Main : Total 800 chunks will be downloaded
Main Thread change parallelism to MAX and concurrency to MAX
Main thread is shutting off all concurrent threads
All done
Total energy used: 4701.628772 Joules
mean Network throughput: 19 [msg/s]
mean Network throughput: 6094.071 [Mb/s]
From Main : Total 800 chunks will be downloaded
Main Thread change parallelism to MAX and concurrency to MAX
Main thread is shutting off all concurrent threads
All done
Total energy used: 4705.444192 Joules
mean Network throughput: 22 [msg/s]
mean Network throughput: 7110.926 [Mb/s]
From Main : Total 800 chunks will be downloaded
Main Thread change parallelism to MAX and concurrency to MAX
Main thread is shutting off all concurrent threads
All done
Total energy used: 4705.174112 Joules
mean Network throughput: 22 [msg/s]
mean Network throughput: 7110.830 [Mb/s]
From Main : Total 800 chunks will be downloaded
Main Thread change parallelism to MAX and concurrency to MAX
Main thread is shutting off all concurrent threads
All done
Total energy used: 5272.878835 Joules
mean Network throughput: 14 [msg/s]
mean Network throughput: 4740.571 [Mb/s]
From Main : Total 800 chunks will be downloaded
Main Thread change parallelism to MAX and concurrency to MAX
Main thread is shutting off all concurrent threads
All done
Total energy used: 5447.511751 Joules
mean Network throughput: 13 [msg/s]
mean Network throughput: 4266.222 [Mb/s]
From Main : Total 800 chunks will be downloaded
Main Thread change parallelism to MAX and concurrency to MAX
Main thread is shutting off all concurrent threads
All done
Total energy used: 5682.733927 Joules
mean Network throughput: 12 [msg/s]
mean Network throughput: 3878.552 [Mb/s]
