From Main : Total 800 chunks will be downloaded
Main Thread change parallelism to MAX and concurrency to MAX
Main thread is shutting off all concurrent threads
All done
Total energy used: 5036.057969 Joules
mean Network throughput: 19 [msg/s]
mean Network throughput: 6095.081 [Mb/s]
From Main : Total 800 chunks will be downloaded
Main Thread change parallelism to MAX and concurrency to MAX
Main thread is shutting off all concurrent threads
All done
Total energy used: 5250.617723 Joules
mean Network throughput: 19 [msg/s]
mean Network throughput: 6095.050 [Mb/s]
From Main : Total 800 chunks will be downloaded
Main Thread change parallelism to MAX and concurrency to MAX
Main thread is shutting off all concurrent threads
All done
Total energy used: 5165.028099 Joules
mean Network throughput: 19 [msg/s]
mean Network throughput: 6095.077 [Mb/s]
From Main : Total 800 chunks will be downloaded
Main Thread change parallelism to MAX and concurrency to MAX
Main thread is shutting off all concurrent threads
All done
Total energy used: 5389.897274 Joules
mean Network throughput: 16 [msg/s]
mean Network throughput: 5333.215 [Mb/s]
From Main : Total 800 chunks will be downloaded
Main Thread change parallelism to MAX and concurrency to MAX
Main thread is shutting off all concurrent threads
All done
Total energy used: 5110.211832 Joules
mean Network throughput: 19 [msg/s]
mean Network throughput: 6095.048 [Mb/s]
From Main : Total 800 chunks will be downloaded
Main Thread change parallelism to MAX and concurrency to MAX
Main thread is shutting off all concurrent threads
All done
Total energy used: 5106.403981 Joules
mean Network throughput: 19 [msg/s]
mean Network throughput: 6095.072 [Mb/s]
From Main : Total 800 chunks will be downloaded
Main Thread change parallelism to MAX and concurrency to MAX
Main thread is shutting off all concurrent threads
All done
Total energy used: 5175.870844 Joules
mean Network throughput: 19 [msg/s]
mean Network throughput: 6095.088 [Mb/s]
From Main : Total 800 chunks will be downloaded
Main Thread change parallelism to MAX and concurrency to MAX
Main thread is shutting off all concurrent threads
All done
Total energy used: 5169.316112 Joules
mean Network throughput: 19 [msg/s]
mean Network throughput: 6095.029 [Mb/s]
From Main : Total 800 chunks will be downloaded
Main Thread change parallelism to MAX and concurrency to MAX
Main thread is shutting off all concurrent threads
All done
Total energy used: 4969.485630 Joules
mean Network throughput: 19 [msg/s]
mean Network throughput: 6095.086 [Mb/s]
From Main : Total 800 chunks will be downloaded
Main Thread change parallelism to MAX and concurrency to MAX
Main thread is shutting off all concurrent threads
All done
Total energy used: 4939.226980 Joules
mean Network throughput: 19 [msg/s]
mean Network throughput: 6095.064 [Mb/s]
From Main : Total 800 chunks will be downloaded
Main Thread change parallelism to MAX and concurrency to MAX
Main thread is shutting off all concurrent threads
All done
Total energy used: 5137.460848 Joules
mean Network throughput: 19 [msg/s]
mean Network throughput: 6095.054 [Mb/s]
From Main : Total 800 chunks will be downloaded
Main Thread change parallelism to MAX and concurrency to MAX
Main thread is shutting off all concurrent threads
All done
Total energy used: 5150.195067 Joules
mean Network throughput: 19 [msg/s]
mean Network throughput: 6095.016 [Mb/s]
From Main : Total 800 chunks will be downloaded
Main Thread change parallelism to MAX and concurrency to MAX
Main thread is shutting off all concurrent threads
All done
Total energy used: 5113.105807 Joules
mean Network throughput: 19 [msg/s]
mean Network throughput: 6095.055 [Mb/s]
From Main : Total 800 chunks will be downloaded
Main Thread change parallelism to MAX and concurrency to MAX
Main thread is shutting off all concurrent threads
All done
Total energy used: 5091.485196 Joules
mean Network throughput: 19 [msg/s]
mean Network throughput: 6095.063 [Mb/s]
From Main : Total 800 chunks will be downloaded
Main Thread change parallelism to MAX and concurrency to MAX
Main thread is shutting off all concurrent threads
All done
Total energy used: 4933.030829 Joules
mean Network throughput: 19 [msg/s]
mean Network throughput: 6094.860 [Mb/s]
From Main : Total 800 chunks will be downloaded
Main Thread change parallelism to MAX and concurrency to MAX
Main thread is shutting off all concurrent threads
All done
Total energy used: 5126.285400 Joules
mean Network throughput: 19 [msg/s]
mean Network throughput: 6095.037 [Mb/s]
From Main : Total 800 chunks will be downloaded
Main Thread change parallelism to MAX and concurrency to MAX
Main thread is shutting off all concurrent threads
All done
Total energy used: 5003.582345 Joules
mean Network throughput: 19 [msg/s]
mean Network throughput: 6095.073 [Mb/s]
From Main : Total 800 chunks will be downloaded
Main Thread change parallelism to MAX and concurrency to MAX
Main thread is shutting off all concurrent threads
All done
Total energy used: 5149.289247 Joules
mean Network throughput: 19 [msg/s]
mean Network throughput: 6095.050 [Mb/s]
From Main : Total 800 chunks will be downloaded
Main Thread change parallelism to MAX and concurrency to MAX
Main thread is shutting off all concurrent threads
All done
Total energy used: 4954.739086 Joules
mean Network throughput: 19 [msg/s]
mean Network throughput: 6094.973 [Mb/s]
From Main : Total 800 chunks will be downloaded
Main Thread change parallelism to MAX and concurrency to MAX
Main thread is shutting off all concurrent threads
All done
Total energy used: 5131.197008 Joules
mean Network throughput: 19 [msg/s]
mean Network throughput: 6095.058 [Mb/s]
