From Main : Total 800 chunks will be downloaded
Main Thread change parallelism to MAX and concurrency to MAX
Main thread is shutting off all concurrent threads
All done
Total energy used: 4625.240662 Joules
mean Network throughput: 22 [msg/s]
mean Network throughput: 7110.798 [Mb/s]
From Main : Total 800 chunks will be downloaded
Main Thread change parallelism to MAX and concurrency to MAX
Main thread is shutting off all concurrent threads
All done
Total energy used: 4927.983112 Joules
mean Network throughput: 19 [msg/s]
mean Network throughput: 6094.506 [Mb/s]
From Main : Total 800 chunks will be downloaded
Main Thread change parallelism to MAX and concurrency to MAX
Main thread is shutting off all concurrent threads
All done
Total energy used: 4631.698653 Joules
mean Network throughput: 22 [msg/s]
mean Network throughput: 7110.772 [Mb/s]
From Main : Total 800 chunks will be downloaded
Main Thread change parallelism to MAX and concurrency to MAX
Main thread is shutting off all concurrent threads
All done
Total energy used: 4697.353331 Joules
mean Network throughput: 22 [msg/s]
mean Network throughput: 7110.480 [Mb/s]
From Main : Total 800 chunks will be downloaded
Main Thread change parallelism to MAX and concurrency to MAX
Main thread is shutting off all concurrent threads
All done
Total energy used: 4889.808954 Joules
mean Network throughput: 22 [msg/s]
mean Network throughput: 7110.859 [Mb/s]
From Main : Total 800 chunks will be downloaded
Main Thread change parallelism to MAX and concurrency to MAX
Main thread is shutting off all concurrent threads
All done
Total energy used: 4934.232974 Joules
mean Network throughput: 22 [msg/s]
mean Network throughput: 7110.896 [Mb/s]
From Main : Total 800 chunks will be downloaded
Main Thread change parallelism to MAX and concurrency to MAX
Main thread is shutting off all concurrent threads
All done
Total energy used: 4940.464098 Joules
mean Network throughput: 19 [msg/s]
mean Network throughput: 6095.060 [Mb/s]
From Main : Total 800 chunks will be downloaded
Main Thread change parallelism to MAX and concurrency to MAX
Main thread is shutting off all concurrent threads
All done
Total energy used: 4653.272328 Joules
mean Network throughput: 22 [msg/s]
mean Network throughput: 7110.875 [Mb/s]
From Main : Total 800 chunks will be downloaded
Main Thread change parallelism to MAX and concurrency to MAX
Main thread is shutting off all concurrent threads
All done
Total energy used: 4797.506761 Joules
mean Network throughput: 22 [msg/s]
mean Network throughput: 7110.822 [Mb/s]
From Main : Total 800 chunks will be downloaded
Main Thread change parallelism to MAX and concurrency to MAX
Main thread is shutting off all concurrent threads
All done
Total energy used: 4713.505511 Joules
mean Network throughput: 19 [msg/s]
mean Network throughput: 6094.926 [Mb/s]
From Main : Total 800 chunks will be downloaded
Main Thread change parallelism to MAX and concurrency to MAX
Main thread is shutting off all concurrent threads
All done
Total energy used: 4806.053126 Joules
mean Network throughput: 22 [msg/s]
mean Network throughput: 7110.593 [Mb/s]
From Main : Total 800 chunks will be downloaded
Main Thread change parallelism to MAX and concurrency to MAX
Main thread is shutting off all concurrent threads
All done
Total energy used: 4711.014368 Joules
mean Network throughput: 22 [msg/s]
mean Network throughput: 7110.787 [Mb/s]
From Main : Total 800 chunks will be downloaded
Main Thread change parallelism to MAX and concurrency to MAX
Main thread is shutting off all concurrent threads
All done
Total energy used: 4780.571258 Joules
mean Network throughput: 22 [msg/s]
mean Network throughput: 7110.808 [Mb/s]
From Main : Total 800 chunks will be downloaded
Main Thread change parallelism to MAX and concurrency to MAX
Main thread is shutting off all concurrent threads
All done
Total energy used: 4527.847112 Joules
mean Network throughput: 22 [msg/s]
mean Network throughput: 7110.927 [Mb/s]
From Main : Total 800 chunks will be downloaded
Main Thread change parallelism to MAX and concurrency to MAX
Main thread is shutting off all concurrent threads
All done
Total energy used: 4503.920477 Joules
mean Network throughput: 22 [msg/s]
mean Network throughput: 7110.840 [Mb/s]
From Main : Total 800 chunks will be downloaded
Main Thread change parallelism to MAX and concurrency to MAX
Main thread is shutting off all concurrent threads
All done
Total energy used: 4834.317886 Joules
mean Network throughput: 19 [msg/s]
mean Network throughput: 6095.041 [Mb/s]
From Main : Total 800 chunks will be downloaded
Main Thread change parallelism to MAX and concurrency to MAX
Main thread is shutting off all concurrent threads
All done
Total energy used: 4577.732605 Joules
mean Network throughput: 22 [msg/s]
mean Network throughput: 7110.214 [Mb/s]
From Main : Total 800 chunks will be downloaded
Main Thread change parallelism to MAX and concurrency to MAX
Main thread is shutting off all concurrent threads
All done
Total energy used: 4716.049938 Joules
mean Network throughput: 19 [msg/s]
mean Network throughput: 6093.474 [Mb/s]
From Main : Total 800 chunks will be downloaded
Main Thread change parallelism to MAX and concurrency to MAX
Main thread is shutting off all concurrent threads
All done
Total energy used: 4565.166475 Joules
mean Network throughput: 22 [msg/s]
mean Network throughput: 7110.770 [Mb/s]
From Main : Total 800 chunks will be downloaded
Main Thread change parallelism to MAX and concurrency to MAX
Main thread is shutting off all concurrent threads
All done
Total energy used: 4750.130051 Joules
mean Network throughput: 22 [msg/s]
mean Network throughput: 7110.845 [Mb/s]
