From Main : Total 800 chunks will be downloaded
Main Thread change parallelism to MAX and concurrency to MAX
Main thread is shutting off all concurrent threads
All done
Total energy used: 8268.293164 Joules
mean Network throughput: 7 [msg/s]
mean Network throughput: 2509.731 [Mb/s]
From Main : Total 800 chunks will be downloaded
Main Thread change parallelism to MAX and concurrency to MAX
Main thread is shutting off all concurrent threads
All done
Total energy used: -254222.889288 Joules
mean Network throughput: 8 [msg/s]
mean Network throughput: 2666.568 [Mb/s]
From Main : Total 800 chunks will be downloaded
Main Thread change parallelism to MAX and concurrency to MAX
Main thread is shutting off all concurrent threads
All done
Total energy used: 7996.443641 Joules
mean Network throughput: 8 [msg/s]
mean Network throughput: 2666.590 [Mb/s]
From Main : Total 800 chunks will be downloaded
Main Thread change parallelism to MAX and concurrency to MAX
Main thread is shutting off all concurrent threads
All done
Total energy used: 7963.152039 Joules
mean Network throughput: 8 [msg/s]
mean Network throughput: 2666.576 [Mb/s]
From Main : Total 800 chunks will be downloaded
Main Thread change parallelism to MAX and concurrency to MAX
Main thread is shutting off all concurrent threads
All done
Total energy used: 7988.128842 Joules
mean Network throughput: 7 [msg/s]
mean Network throughput: 2509.715 [Mb/s]
From Main : Total 800 chunks will be downloaded
Main Thread change parallelism to MAX and concurrency to MAX
Main thread is shutting off all concurrent threads
All done
Total energy used: 7994.009991 Joules
mean Network throughput: 8 [msg/s]
mean Network throughput: 2666.577 [Mb/s]
From Main : Total 800 chunks will be downloaded
Main Thread change parallelism to MAX and concurrency to MAX
Main thread is shutting off all concurrent threads
All done
Total energy used: 8247.799809 Joules
mean Network throughput: 7 [msg/s]
mean Network throughput: 2509.735 [Mb/s]
From Main : Total 800 chunks will be downloaded
Main Thread change parallelism to MAX and concurrency to MAX
Main thread is shutting off all concurrent threads
All done
Total energy used: 8038.525625 Joules
mean Network throughput: 8 [msg/s]
mean Network throughput: 2666.566 [Mb/s]
From Main : Total 800 chunks will be downloaded
Main Thread change parallelism to MAX and concurrency to MAX
Main thread is shutting off all concurrent threads
All done
Total energy used: 7975.105133 Joules
mean Network throughput: 8 [msg/s]
mean Network throughput: 2666.579 [Mb/s]
From Main : Total 800 chunks will be downloaded
Main Thread change parallelism to MAX and concurrency to MAX
Main thread is shutting off all concurrent threads
All done
Total energy used: 7743.532483 Joules
mean Network throughput: 8 [msg/s]
mean Network throughput: 2666.581 [Mb/s]
From Main : Total 800 chunks will be downloaded
Main Thread change parallelism to MAX and concurrency to MAX
Main thread is shutting off all concurrent threads
All done
Total energy used: 7742.047746 Joules
mean Network throughput: 8 [msg/s]
mean Network throughput: 2666.561 [Mb/s]
From Main : Total 800 chunks will be downloaded
Main Thread change parallelism to MAX and concurrency to MAX
Main thread is shutting off all concurrent threads
All done
Total energy used: 7634.486986 Joules
mean Network throughput: 8 [msg/s]
mean Network throughput: 2666.538 [Mb/s]
From Main : Total 800 chunks will be downloaded
Main Thread change parallelism to MAX and concurrency to MAX
Main thread is shutting off all concurrent threads
All done
Total energy used: 7740.010520 Joules
mean Network throughput: 8 [msg/s]
mean Network throughput: 2666.519 [Mb/s]
From Main : Total 800 chunks will be downloaded
Main Thread change parallelism to MAX and concurrency to MAX
Main thread is shutting off all concurrent threads
All done
Total energy used: 7708.411968 Joules
mean Network throughput: 8 [msg/s]
mean Network throughput: 2666.551 [Mb/s]
From Main : Total 800 chunks will be downloaded
Main Thread change parallelism to MAX and concurrency to MAX
Main thread is shutting off all concurrent threads
All done
Total energy used: 7962.931519 Joules
mean Network throughput: 7 [msg/s]
mean Network throughput: 2509.728 [Mb/s]
From Main : Total 800 chunks will be downloaded
Main Thread change parallelism to MAX and concurrency to MAX
Main thread is shutting off all concurrent threads
All done
Total energy used: 7711.444736 Joules
mean Network throughput: 8 [msg/s]
mean Network throughput: 2666.601 [Mb/s]
From Main : Total 800 chunks will be downloaded
Main Thread change parallelism to MAX and concurrency to MAX
Main thread is shutting off all concurrent threads
All done
Total energy used: 7673.039561 Joules
mean Network throughput: 8 [msg/s]
mean Network throughput: 2666.572 [Mb/s]
From Main : Total 800 chunks will be downloaded
Main Thread change parallelism to MAX and concurrency to MAX
Main thread is shutting off all concurrent threads
All done
Total energy used: 7942.304924 Joules
mean Network throughput: 7 [msg/s]
mean Network throughput: 2509.722 [Mb/s]
From Main : Total 800 chunks will be downloaded
Main Thread change parallelism to MAX and concurrency to MAX
Main thread is shutting off all concurrent threads
All done
Total energy used: 8109.933401 Joules
mean Network throughput: 7 [msg/s]
mean Network throughput: 2509.682 [Mb/s]
