From Main : Total 800 chunks will be downloaded
Main Thread change parallelism to MAX and concurrency to MAX
Main thread is shutting off all concurrent threads
All done
Total energy used: 13700.621298 Joules
mean Network throughput: 2 [msg/s]
mean Network throughput: 656.389 [Mb/s]
From Main : Total 800 chunks will be downloaded
Main Thread change parallelism to MAX and concurrency to MAX
Main thread is shutting off all concurrent threads
All done
Total energy used: 13608.428114 Joules
mean Network throughput: 2 [msg/s]
mean Network throughput: 656.386 [Mb/s]
From Main : Total 800 chunks will be downloaded
Main Thread change parallelism to MAX and concurrency to MAX
Main thread is shutting off all concurrent threads
All done
Total energy used: 13739.551070 Joules
mean Network throughput: 2 [msg/s]
mean Network throughput: 656.385 [Mb/s]
From Main : Total 800 chunks will be downloaded
Main Thread change parallelism to MAX and concurrency to MAX
Main thread is shutting off all concurrent threads
All done
Total energy used: 13954.485029 Joules
mean Network throughput: 2 [msg/s]
mean Network throughput: 646.431 [Mb/s]
From Main : Total 800 chunks will be downloaded
Main Thread change parallelism to MAX and concurrency to MAX
Main thread is shutting off all concurrent threads
All done
Total energy used: 13890.317712 Joules
mean Network throughput: 2 [msg/s]
mean Network throughput: 656.383 [Mb/s]
From Main : Total 800 chunks will be downloaded
Main Thread change parallelism to MAX and concurrency to MAX
Main thread is shutting off all concurrent threads
All done
Total energy used: 14003.792153 Joules
mean Network throughput: 2 [msg/s]
mean Network throughput: 656.384 [Mb/s]
From Main : Total 800 chunks will be downloaded
Main Thread change parallelism to MAX and concurrency to MAX
Main thread is shutting off all concurrent threads
All done
Total energy used: 13625.795501 Joules
mean Network throughput: 2 [msg/s]
mean Network throughput: 656.383 [Mb/s]
From Main : Total 800 chunks will be downloaded
Main Thread change parallelism to MAX and concurrency to MAX
Main thread is shutting off all concurrent threads
All done
Total energy used: 13590.156799 Joules
mean Network throughput: 2 [msg/s]
mean Network throughput: 656.386 [Mb/s]
From Main : Total 800 chunks will be downloaded
Main Thread change parallelism to MAX and concurrency to MAX
Main thread is shutting off all concurrent threads
All done
Total energy used: 13839.568025 Joules
mean Network throughput: 2 [msg/s]
mean Network throughput: 646.437 [Mb/s]
From Main : Total 800 chunks will be downloaded
Main Thread change parallelism to MAX and concurrency to MAX
Main thread is shutting off all concurrent threads
All done
Total energy used: 14065.504153 Joules
mean Network throughput: 2 [msg/s]
mean Network throughput: 656.383 [Mb/s]
From Main : Total 800 chunks will be downloaded
Main Thread change parallelism to MAX and concurrency to MAX
Main thread is shutting off all concurrent threads
All done
Total energy used: 13586.629158 Joules
mean Network throughput: 2 [msg/s]
mean Network throughput: 666.639 [Mb/s]
From Main : Total 800 chunks will be downloaded
Main Thread change parallelism to MAX and concurrency to MAX
Main thread is shutting off all concurrent threads
All done
Total energy used: 13939.154135 Joules
mean Network throughput: 2 [msg/s]
mean Network throughput: 656.379 [Mb/s]
From Main : Total 800 chunks will be downloaded
Main Thread change parallelism to MAX and concurrency to MAX
Main thread is shutting off all concurrent threads
All done
Total energy used: 13268.481291 Joules
mean Network throughput: 2 [msg/s]
mean Network throughput: 666.623 [Mb/s]
From Main : Total 800 chunks will be downloaded
Main Thread change parallelism to MAX and concurrency to MAX
Main thread is shutting off all concurrent threads
All done
Total energy used: -248921.160306 Joules
mean Network throughput: 2 [msg/s]
mean Network throughput: 666.640 [Mb/s]
From Main : Total 800 chunks will be downloaded
Main Thread change parallelism to MAX and concurrency to MAX
Main thread is shutting off all concurrent threads
All done
Total energy used: 14135.266731 Joules
mean Network throughput: 2 [msg/s]
mean Network throughput: 646.441 [Mb/s]
From Main : Total 800 chunks will be downloaded
Main Thread change parallelism to MAX and concurrency to MAX
Main thread is shutting off all concurrent threads
All done
Total energy used: 13276.066660 Joules
mean Network throughput: 2 [msg/s]
mean Network throughput: 666.643 [Mb/s]
From Main : Total 800 chunks will be downloaded
Main Thread change parallelism to MAX and concurrency to MAX
Main thread is shutting off all concurrent threads
All done
Total energy used: -248902.295303 Joules
mean Network throughput: 2 [msg/s]
mean Network throughput: 666.640 [Mb/s]
From Main : Total 800 chunks will be downloaded
Main Thread change parallelism to MAX and concurrency to MAX
Main thread is shutting off all concurrent threads
All done
Total energy used: 13990.177503 Joules
mean Network throughput: 2 [msg/s]
mean Network throughput: 656.365 [Mb/s]
From Main : Total 800 chunks will be downloaded
Main Thread change parallelism to MAX and concurrency to MAX
Main thread is shutting off all concurrent threads
All done
Total energy used: 13382.395490 Joules
mean Network throughput: 2 [msg/s]
mean Network throughput: 666.643 [Mb/s]
From Main : Total 800 chunks will be downloaded
Main Thread change parallelism to MAX and concurrency to MAX
Main thread is shutting off all concurrent threads
All done
Total energy used: -248576.924616 Joules
mean Network throughput: 2 [msg/s]
mean Network throughput: 656.374 [Mb/s]
