From Main : Total 800 chunks will be downloaded
Main Thread change parallelism to MAX and concurrency to MAX
Main thread is shutting off all concurrent threads
All done
Total energy used: 3721.240107 Joules
mean Network throughput: 14 [msg/s]
mean Network throughput: 4740.575 [Mb/s]
From Main : Total 800 chunks will be downloaded
Main Thread change parallelism to MAX and concurrency to MAX
Main thread is shutting off all concurrent threads
All done
Total energy used: 3616.547321 Joules
mean Network throughput: 14 [msg/s]
mean Network throughput: 4740.552 [Mb/s]
From Main : Total 800 chunks will be downloaded
Main Thread change parallelism to MAX and concurrency to MAX
Main thread is shutting off all concurrent threads
All done
Total energy used: 3686.435020 Joules
mean Network throughput: 14 [msg/s]
mean Network throughput: 4740.582 [Mb/s]
From Main : Total 800 chunks will be downloaded
Main Thread change parallelism to MAX and concurrency to MAX
Main thread is shutting off all concurrent threads
All done
Total energy used: 3682.951021 Joules
mean Network throughput: 14 [msg/s]
mean Network throughput: 4740.524 [Mb/s]
From Main : Total 800 chunks will be downloaded
Main Thread change parallelism to MAX and concurrency to MAX
Main thread is shutting off all concurrent threads
All done
Total energy used: 3671.687805 Joules
mean Network throughput: 14 [msg/s]
mean Network throughput: 4740.567 [Mb/s]
From Main : Total 800 chunks will be downloaded
Main Thread change parallelism to MAX and concurrency to MAX
Main thread is shutting off all concurrent threads
All done
Total energy used: 3772.960862 Joules
mean Network throughput: 14 [msg/s]
mean Network throughput: 4740.624 [Mb/s]
From Main : Total 800 chunks will be downloaded
Main Thread change parallelism to MAX and concurrency to MAX
Main thread is shutting off all concurrent threads
All done
Total energy used: 3498.700028 Joules
mean Network throughput: 16 [msg/s]
mean Network throughput: 5333.129 [Mb/s]
From Main : Total 800 chunks will be downloaded
Main Thread change parallelism to MAX and concurrency to MAX
Main thread is shutting off all concurrent threads
All done
Total energy used: 3822.376506 Joules
mean Network throughput: 14 [msg/s]
mean Network throughput: 4740.559 [Mb/s]
From Main : Total 800 chunks will be downloaded
Main Thread change parallelism to MAX and concurrency to MAX
Main thread is shutting off all concurrent threads
All done
Total energy used: 3371.242956 Joules
mean Network throughput: 14 [msg/s]
mean Network throughput: 4740.573 [Mb/s]
From Main : Total 800 chunks will be downloaded
Main Thread change parallelism to MAX and concurrency to MAX
Main thread is shutting off all concurrent threads
All done
Total energy used: 3499.801404 Joules
mean Network throughput: 14 [msg/s]
mean Network throughput: 4740.559 [Mb/s]
From Main : Total 800 chunks will be downloaded
Main Thread change parallelism to MAX and concurrency to MAX
Main thread is shutting off all concurrent threads
All done
Total energy used: 3676.342395 Joules
mean Network throughput: 14 [msg/s]
mean Network throughput: 4740.587 [Mb/s]
From Main : Total 800 chunks will be downloaded
Main Thread change parallelism to MAX and concurrency to MAX
Main thread is shutting off all concurrent threads
All done
Total energy used: 3386.438474 Joules
mean Network throughput: 14 [msg/s]
mean Network throughput: 4740.556 [Mb/s]
From Main : Total 800 chunks will be downloaded
Main Thread change parallelism to MAX and concurrency to MAX
Main thread is shutting off all concurrent threads
All done
Total energy used: 3457.030517 Joules
mean Network throughput: 14 [msg/s]
mean Network throughput: 4740.574 [Mb/s]
From Main : Total 800 chunks will be downloaded
Main Thread change parallelism to MAX and concurrency to MAX
Main thread is shutting off all concurrent threads
All done
Total energy used: 3344.154525 Joules
mean Network throughput: 14 [msg/s]
mean Network throughput: 4740.539 [Mb/s]
From Main : Total 800 chunks will be downloaded
Main Thread change parallelism to MAX and concurrency to MAX
Main thread is shutting off all concurrent threads
All done
Total energy used: 3280.039515 Joules
mean Network throughput: 14 [msg/s]
mean Network throughput: 4740.503 [Mb/s]
From Main : Total 800 chunks will be downloaded
Main Thread change parallelism to MAX and concurrency to MAX
Main thread is shutting off all concurrent threads
All done
Total energy used: 3566.589075 Joules
mean Network throughput: 13 [msg/s]
mean Network throughput: 4266.360 [Mb/s]
From Main : Total 800 chunks will be downloaded
Main Thread change parallelism to MAX and concurrency to MAX
Main thread is shutting off all concurrent threads
All done
Total energy used: 3325.424775 Joules
mean Network throughput: 14 [msg/s]
mean Network throughput: 4740.586 [Mb/s]
From Main : Total 800 chunks will be downloaded
Main Thread change parallelism to MAX and concurrency to MAX
Main thread is shutting off all concurrent threads
All done
Total energy used: 3333.416576 Joules
mean Network throughput: 14 [msg/s]
mean Network throughput: 4740.593 [Mb/s]
From Main : Total 800 chunks will be downloaded
Main Thread change parallelism to MAX and concurrency to MAX
Main thread is shutting off all concurrent threads
All done
Total energy used: 3171.763304 Joules
mean Network throughput: 16 [msg/s]
mean Network throughput: 5333.172 [Mb/s]
From Main : Total 800 chunks will be downloaded
Main Thread change parallelism to MAX and concurrency to MAX
Main thread is shutting off all concurrent threads
All done
Total energy used: 3282.745014 Joules
mean Network throughput: 14 [msg/s]
mean Network throughput: 4740.592 [Mb/s]
