From Main : Total 800 chunks will be downloaded
Main Thread change parallelism to MAX and concurrency to MAX
Main thread is shutting off all concurrent threads
All done
Total energy used: 25883.920736 Joules
mean Network throughput: 1 [msg/s]
mean Network throughput: 330.738 [Mb/s]
From Main : Total 800 chunks will be downloaded
Main Thread change parallelism to MAX and concurrency to MAX
Main thread is shutting off all concurrent threads
All done
Total energy used: 25882.891381 Joules
mean Network throughput: 1 [msg/s]
mean Network throughput: 333.322 [Mb/s]
From Main : Total 800 chunks will be downloaded
Main Thread change parallelism to MAX and concurrency to MAX
Main thread is shutting off all concurrent threads
All done
Total energy used: 25787.378931 Joules
mean Network throughput: 1 [msg/s]
mean Network throughput: 333.320 [Mb/s]
From Main : Total 800 chunks will be downloaded
Main Thread change parallelism to MAX and concurrency to MAX
Main thread is shutting off all concurrent threads
All done
Total energy used: 26135.704516 Joules
mean Network throughput: 1 [msg/s]
mean Network throughput: 333.317 [Mb/s]
From Main : Total 800 chunks will be downloaded
Main Thread change parallelism to MAX and concurrency to MAX
Main thread is shutting off all concurrent threads
All done
Total energy used: 26381.413787 Joules
mean Network throughput: 1 [msg/s]
mean Network throughput: 328.191 [Mb/s]
From Main : Total 800 chunks will be downloaded
Main Thread change parallelism to MAX and concurrency to MAX
Main thread is shutting off all concurrent threads
All done
Total energy used: 26415.648440 Joules
mean Network throughput: 1 [msg/s]
mean Network throughput: 328.187 [Mb/s]
From Main : Total 800 chunks will be downloaded
Main Thread change parallelism to MAX and concurrency to MAX
Main thread is shutting off all concurrent threads
All done
Total energy used: -235830.131442 Joules
mean Network throughput: 1 [msg/s]
mean Network throughput: 330.737 [Mb/s]
From Main : Total 800 chunks will be downloaded
Main Thread change parallelism to MAX and concurrency to MAX
Main thread is shutting off all concurrent threads
All done
Total energy used: 26254.567432 Joules
mean Network throughput: 1 [msg/s]
mean Network throughput: 330.738 [Mb/s]
From Main : Total 800 chunks will be downloaded
Main Thread change parallelism to MAX and concurrency to MAX
Main thread is shutting off all concurrent threads
All done
Total energy used: 25828.971597 Joules
mean Network throughput: 1 [msg/s]
mean Network throughput: 333.316 [Mb/s]
From Main : Total 800 chunks will be downloaded
Main Thread change parallelism to MAX and concurrency to MAX
Main thread is shutting off all concurrent threads
All done
Total energy used: 26376.194439 Joules
mean Network throughput: 1 [msg/s]
mean Network throughput: 330.734 [Mb/s]
From Main : Total 800 chunks will be downloaded
Main Thread change parallelism to MAX and concurrency to MAX
Main thread is shutting off all concurrent threads
All done
Total energy used: 26165.362643 Joules
mean Network throughput: 1 [msg/s]
mean Network throughput: 330.738 [Mb/s]
From Main : Total 800 chunks will be downloaded
Main Thread change parallelism to MAX and concurrency to MAX
Main thread is shutting off all concurrent threads
All done
Total energy used: 26054.961558 Joules
mean Network throughput: 1 [msg/s]
mean Network throughput: 330.738 [Mb/s]
From Main : Total 800 chunks will be downloaded
Main Thread change parallelism to MAX and concurrency to MAX
Main thread is shutting off all concurrent threads
All done
Total energy used: 25864.814340 Joules
mean Network throughput: 1 [msg/s]
mean Network throughput: 333.313 [Mb/s]
From Main : Total 800 chunks will be downloaded
Main Thread change parallelism to MAX and concurrency to MAX
Main thread is shutting off all concurrent threads
All done
Total energy used: 26545.750829 Joules
mean Network throughput: 1 [msg/s]
mean Network throughput: 328.191 [Mb/s]
From Main : Total 800 chunks will be downloaded
Main Thread change parallelism to MAX and concurrency to MAX
Main thread is shutting off all concurrent threads
All done
Total energy used: 26178.888548 Joules
mean Network throughput: 1 [msg/s]
mean Network throughput: 330.733 [Mb/s]
From Main : Total 800 chunks will be downloaded
Main Thread change parallelism to MAX and concurrency to MAX
Main thread is shutting off all concurrent threads
All done
Total energy used: 26090.019941 Joules
mean Network throughput: 1 [msg/s]
mean Network throughput: 330.734 [Mb/s]
From Main : Total 800 chunks will be downloaded
Main Thread change parallelism to MAX and concurrency to MAX
Main thread is shutting off all concurrent threads
All done
Total energy used: 26343.135015 Joules
mean Network throughput: 1 [msg/s]
mean Network throughput: 330.737 [Mb/s]
From Main : Total 800 chunks will be downloaded
Main Thread change parallelism to MAX and concurrency to MAX
Main thread is shutting off all concurrent threads
All done
Total energy used: 26241.579001 Joules
mean Network throughput: 1 [msg/s]
mean Network throughput: 330.735 [Mb/s]
From Main : Total 800 chunks will be downloaded
Main Thread change parallelism to MAX and concurrency to MAX
Main thread is shutting off all concurrent threads
All done
Total energy used: 26080.077094 Joules
mean Network throughput: 1 [msg/s]
mean Network throughput: 333.315 [Mb/s]
From Main : Total 800 chunks will be downloaded
Main Thread change parallelism to MAX and concurrency to MAX
Main thread is shutting off all concurrent threads
All done
Total energy used: 26544.437784 Joules
mean Network throughput: 1 [msg/s]
mean Network throughput: 325.686 [Mb/s]
