From Main : Total 800 chunks will be downloaded
Main Thread change parallelism to MAX and concurrency to MAX
Main thread is shutting off all concurrent threads
All done
Total energy used: 8042.061931 Joules
mean Network throughput: 4 [msg/s]
mean Network throughput: 1292.865 [Mb/s]
From Main : Total 800 chunks will be downloaded
Main Thread change parallelism to MAX and concurrency to MAX
Main thread is shutting off all concurrent threads
All done
Total energy used: 8096.829003 Joules
mean Network throughput: 4 [msg/s]
mean Network throughput: 1292.886 [Mb/s]
From Main : Total 800 chunks will be downloaded
Main Thread change parallelism to MAX and concurrency to MAX
Main thread is shutting off all concurrent threads
All done
Total energy used: 8147.645219 Joules
mean Network throughput: 4 [msg/s]
mean Network throughput: 1292.864 [Mb/s]
From Main : Total 800 chunks will be downloaded
Main Thread change parallelism to MAX and concurrency to MAX
Main thread is shutting off all concurrent threads
All done
Total energy used: 8344.818420 Joules
mean Network throughput: 4 [msg/s]
mean Network throughput: 1292.875 [Mb/s]
From Main : Total 800 chunks will be downloaded
Main Thread change parallelism to MAX and concurrency to MAX
Main thread is shutting off all concurrent threads
All done
Total energy used: 8413.081489 Joules
mean Network throughput: 4 [msg/s]
mean Network throughput: 1292.875 [Mb/s]
From Main : Total 800 chunks will be downloaded
Main Thread change parallelism to MAX and concurrency to MAX
Main thread is shutting off all concurrent threads
All done
Total energy used: 8034.638184 Joules
mean Network throughput: 4 [msg/s]
mean Network throughput: 1292.854 [Mb/s]
From Main : Total 800 chunks will be downloaded
Main Thread change parallelism to MAX and concurrency to MAX
Main thread is shutting off all concurrent threads
All done
Total energy used: 8109.761954 Joules
mean Network throughput: 4 [msg/s]
mean Network throughput: 1333.266 [Mb/s]
From Main : Total 800 chunks will be downloaded
Main Thread change parallelism to MAX and concurrency to MAX
Main thread is shutting off all concurrent threads
All done
Total energy used: 8428.386809 Joules
mean Network throughput: 4 [msg/s]
mean Network throughput: 1292.854 [Mb/s]
From Main : Total 800 chunks will be downloaded
Main Thread change parallelism to MAX and concurrency to MAX
Main thread is shutting off all concurrent threads
All done
Total energy used: 7028.408643 Joules
mean Network throughput: 4 [msg/s]
mean Network throughput: 1333.254 [Mb/s]
From Main : Total 800 chunks will be downloaded
Main Thread change parallelism to MAX and concurrency to MAX
Main thread is shutting off all concurrent threads
All done
Total energy used: 8101.912731 Joules
mean Network throughput: 4 [msg/s]
mean Network throughput: 1292.875 [Mb/s]
From Main : Total 800 chunks will be downloaded
Main Thread change parallelism to MAX and concurrency to MAX
Main thread is shutting off all concurrent threads
All done
Total energy used: -254132.136102 Joules
mean Network throughput: 4 [msg/s]
mean Network throughput: 1292.879 [Mb/s]
From Main : Total 800 chunks will be downloaded
Main Thread change parallelism to MAX and concurrency to MAX
Main thread is shutting off all concurrent threads
All done
Total energy used: 7039.520919 Joules
mean Network throughput: 4 [msg/s]
mean Network throughput: 1333.277 [Mb/s]
From Main : Total 800 chunks will be downloaded
Main Thread change parallelism to MAX and concurrency to MAX
Main thread is shutting off all concurrent threads
All done
Total energy used: 7366.927368 Joules
mean Network throughput: 4 [msg/s]
mean Network throughput: 1292.875 [Mb/s]
From Main : Total 800 chunks will be downloaded
Main Thread change parallelism to MAX and concurrency to MAX
Main thread is shutting off all concurrent threads
All done
Total energy used: 7495.521949 Joules
mean Network throughput: 4 [msg/s]
mean Network throughput: 1292.881 [Mb/s]
From Main : Total 800 chunks will be downloaded
Main Thread change parallelism to MAX and concurrency to MAX
Main thread is shutting off all concurrent threads
All done
Total energy used: 7736.818817 Joules
mean Network throughput: 4 [msg/s]
mean Network throughput: 1292.879 [Mb/s]
From Main : Total 800 chunks will be downloaded
Main Thread change parallelism to MAX and concurrency to MAX
Main thread is shutting off all concurrent threads
All done
Total energy used: 7009.163758 Joules
mean Network throughput: 4 [msg/s]
mean Network throughput: 1333.287 [Mb/s]
From Main : Total 800 chunks will be downloaded
Main Thread change parallelism to MAX and concurrency to MAX
Main thread is shutting off all concurrent threads
All done
Total energy used: 7134.675217 Joules
mean Network throughput: 4 [msg/s]
mean Network throughput: 1333.269 [Mb/s]
From Main : Total 800 chunks will be downloaded
Main Thread change parallelism to MAX and concurrency to MAX
Main thread is shutting off all concurrent threads
All done
Total energy used: 7532.360539 Joules
mean Network throughput: 4 [msg/s]
mean Network throughput: 1292.887 [Mb/s]
From Main : Total 800 chunks will be downloaded
Main Thread change parallelism to MAX and concurrency to MAX
Main thread is shutting off all concurrent threads
All done
Total energy used: 6976.509300 Joules
mean Network throughput: 4 [msg/s]
mean Network throughput: 1333.262 [Mb/s]
From Main : Total 800 chunks will be downloaded
Main Thread change parallelism to MAX and concurrency to MAX
Main thread is shutting off all concurrent threads
All done
Total energy used: 7113.945960 Joules
mean Network throughput: 4 [msg/s]
mean Network throughput: 1333.274 [Mb/s]
