From Main : Total 800 chunks will be downloaded
Main Thread change parallelism to MAX and concurrency to MAX
Main thread is shutting off all concurrent threads
All done
Total energy used: 5431.267163 Joules
mean Network throughput: 7 [msg/s]
mean Network throughput: 2509.720 [Mb/s]
From Main : Total 800 chunks will be downloaded
Main Thread change parallelism to MAX and concurrency to MAX
Main thread is shutting off all concurrent threads
All done
Total energy used: 5692.493667 Joules
mean Network throughput: 7 [msg/s]
mean Network throughput: 2370.240 [Mb/s]
From Main : Total 800 chunks will be downloaded
Main Thread change parallelism to MAX and concurrency to MAX
Main thread is shutting off all concurrent threads
All done
Total energy used: 5546.652121 Joules
mean Network throughput: 7 [msg/s]
mean Network throughput: 2370.300 [Mb/s]
From Main : Total 800 chunks will be downloaded
Main Thread change parallelism to MAX and concurrency to MAX
Main thread is shutting off all concurrent threads
All done
Total energy used: -256947.684131 Joules
mean Network throughput: 7 [msg/s]
mean Network throughput: 2509.724 [Mb/s]
From Main : Total 800 chunks will be downloaded
Main Thread change parallelism to MAX and concurrency to MAX
Main thread is shutting off all concurrent threads
All done
Total energy used: 5706.200724 Joules
mean Network throughput: 7 [msg/s]
mean Network throughput: 2509.720 [Mb/s]
From Main : Total 800 chunks will be downloaded
Main Thread change parallelism to MAX and concurrency to MAX
Main thread is shutting off all concurrent threads
All done
Total energy used: 5223.485102 Joules
mean Network throughput: 8 [msg/s]
mean Network throughput: 2666.584 [Mb/s]
From Main : Total 800 chunks will be downloaded
Main Thread change parallelism to MAX and concurrency to MAX
Main thread is shutting off all concurrent threads
All done
Total energy used: 5559.604359 Joules
mean Network throughput: 7 [msg/s]
mean Network throughput: 2509.731 [Mb/s]
From Main : Total 800 chunks will be downloaded
Main Thread change parallelism to MAX and concurrency to MAX
Main thread is shutting off all concurrent threads
All done
Total energy used: 5089.110141 Joules
mean Network throughput: 8 [msg/s]
mean Network throughput: 2666.587 [Mb/s]
From Main : Total 800 chunks will be downloaded
Main Thread change parallelism to MAX and concurrency to MAX
Main thread is shutting off all concurrent threads
All done
Total energy used: 4414.894215 Joules
mean Network throughput: 7 [msg/s]
mean Network throughput: 2509.706 [Mb/s]
From Main : Total 800 chunks will be downloaded
Main Thread change parallelism to MAX and concurrency to MAX
Main thread is shutting off all concurrent threads
All done
Total energy used: 5630.606985 Joules
mean Network throughput: 7 [msg/s]
mean Network throughput: 2509.711 [Mb/s]
From Main : Total 800 chunks will be downloaded
Main Thread change parallelism to MAX and concurrency to MAX
Main thread is shutting off all concurrent threads
All done
Total energy used: 5917.118397 Joules
mean Network throughput: 6 [msg/s]
mean Network throughput: 2133.247 [Mb/s]
From Main : Total 800 chunks will be downloaded
Main Thread change parallelism to MAX and concurrency to MAX
Main thread is shutting off all concurrent threads
All done
Total energy used: 4434.762451 Joules
mean Network throughput: 7 [msg/s]
mean Network throughput: 2509.696 [Mb/s]
From Main : Total 800 chunks will be downloaded
Main Thread change parallelism to MAX and concurrency to MAX
Main thread is shutting off all concurrent threads
All done
Total energy used: 4662.749050 Joules
mean Network throughput: 7 [msg/s]
mean Network throughput: 2245.484 [Mb/s]
From Main : Total 800 chunks will be downloaded
Main Thread change parallelism to MAX and concurrency to MAX
Main thread is shutting off all concurrent threads
All done
Total energy used: 4442.708964 Joules
mean Network throughput: 7 [msg/s]
mean Network throughput: 2509.711 [Mb/s]
From Main : Total 800 chunks will be downloaded
Main Thread change parallelism to MAX and concurrency to MAX
Main thread is shutting off all concurrent threads
All done
Total energy used: 4343.324575 Joules
mean Network throughput: 7 [msg/s]
mean Network throughput: 2509.711 [Mb/s]
From Main : Total 800 chunks will be downloaded
Main Thread change parallelism to MAX and concurrency to MAX
Main thread is shutting off all concurrent threads
All done
Total energy used: 4198.291376 Joules
mean Network throughput: 8 [msg/s]
mean Network throughput: 2666.557 [Mb/s]
From Main : Total 800 chunks will be downloaded
Main Thread change parallelism to MAX and concurrency to MAX
Main thread is shutting off all concurrent threads
All done
Total energy used: 4379.527790 Joules
mean Network throughput: 8 [msg/s]
mean Network throughput: 2666.567 [Mb/s]
From Main : Total 800 chunks will be downloaded
Main Thread change parallelism to MAX and concurrency to MAX
Main thread is shutting off all concurrent threads
All done
Total energy used: 4654.352159 Joules
mean Network throughput: 7 [msg/s]
mean Network throughput: 2509.721 [Mb/s]
From Main : Total 800 chunks will be downloaded
Main Thread change parallelism to MAX and concurrency to MAX
Main thread is shutting off all concurrent threads
All done
Total energy used: 4123.000249 Joules
mean Network throughput: 8 [msg/s]
mean Network throughput: 2666.564 [Mb/s]
From Main : Total 800 chunks will be downloaded
Main Thread change parallelism to MAX and concurrency to MAX
Main thread is shutting off all concurrent threads
All done
Total energy used: 4287.213451 Joules
mean Network throughput: 7 [msg/s]
mean Network throughput: 2509.729 [Mb/s]
