From Main : Total 800 chunks will be downloaded
Main Thread change parallelism to MAX and concurrency to MAX
Main thread is shutting off all concurrent threads
All done
Total energy used: 5443.713420 Joules
mean Network throughput: 7 [msg/s]
mean Network throughput: 2509.711 [Mb/s]
From Main : Total 800 chunks will be downloaded
Main Thread change parallelism to MAX and concurrency to MAX
Main thread is shutting off all concurrent threads
All done
Total energy used: 5550.362561 Joules
mean Network throughput: 7 [msg/s]
mean Network throughput: 2509.744 [Mb/s]
From Main : Total 800 chunks will be downloaded
Main Thread change parallelism to MAX and concurrency to MAX
Main thread is shutting off all concurrent threads
All done
Total energy used: 5520.673489 Joules
mean Network throughput: 7 [msg/s]
mean Network throughput: 2509.711 [Mb/s]
From Main : Total 800 chunks will be downloaded
Main Thread change parallelism to MAX and concurrency to MAX
Main thread is shutting off all concurrent threads
All done
Total energy used: 5244.883423 Joules
mean Network throughput: 7 [msg/s]
mean Network throughput: 2509.705 [Mb/s]
From Main : Total 800 chunks will be downloaded
Main Thread change parallelism to MAX and concurrency to MAX
Main thread is shutting off all concurrent threads
All done
Total energy used: 5276.091229 Joules
mean Network throughput: 7 [msg/s]
mean Network throughput: 2509.703 [Mb/s]
From Main : Total 800 chunks will be downloaded
Main Thread change parallelism to MAX and concurrency to MAX
Main thread is shutting off all concurrent threads
All done
Total energy used: 5436.411254 Joules
mean Network throughput: 7 [msg/s]
mean Network throughput: 2509.675 [Mb/s]
From Main : Total 800 chunks will be downloaded
Main Thread change parallelism to MAX and concurrency to MAX
Main thread is shutting off all concurrent threads
All done
Total energy used: 5700.486322 Joules
mean Network throughput: 7 [msg/s]
mean Network throughput: 2509.708 [Mb/s]
From Main : Total 800 chunks will be downloaded
Main Thread change parallelism to MAX and concurrency to MAX
Main thread is shutting off all concurrent threads
All done
Total energy used: 5632.654526 Joules
mean Network throughput: 7 [msg/s]
mean Network throughput: 2370.284 [Mb/s]
From Main : Total 800 chunks will be downloaded
Main Thread change parallelism to MAX and concurrency to MAX
Main thread is shutting off all concurrent threads
All done
Total energy used: 4430.764231 Joules
mean Network throughput: 7 [msg/s]
mean Network throughput: 2509.685 [Mb/s]
From Main : Total 800 chunks will be downloaded
Main Thread change parallelism to MAX and concurrency to MAX
Main thread is shutting off all concurrent threads
All done
Total energy used: 5767.886175 Joules
mean Network throughput: 7 [msg/s]
mean Network throughput: 2370.263 [Mb/s]
From Main : Total 800 chunks will be downloaded
Main Thread change parallelism to MAX and concurrency to MAX
Main thread is shutting off all concurrent threads
All done
Total energy used: 4354.725546 Joules
mean Network throughput: 7 [msg/s]
mean Network throughput: 2509.712 [Mb/s]
From Main : Total 800 chunks will be downloaded
Main Thread change parallelism to MAX and concurrency to MAX
Main thread is shutting off all concurrent threads
All done
Total energy used: 4532.188227 Joules
mean Network throughput: 7 [msg/s]
mean Network throughput: 2509.680 [Mb/s]
From Main : Total 800 chunks will be downloaded
Main Thread change parallelism to MAX and concurrency to MAX
Main thread is shutting off all concurrent threads
All done
Total energy used: 4607.093736 Joules
mean Network throughput: 7 [msg/s]
mean Network throughput: 2370.279 [Mb/s]
From Main : Total 800 chunks will be downloaded
Main Thread change parallelism to MAX and concurrency to MAX
Main thread is shutting off all concurrent threads
All done
Total energy used: 4396.530615 Joules
mean Network throughput: 7 [msg/s]
mean Network throughput: 2509.708 [Mb/s]
From Main : Total 800 chunks will be downloaded
Main Thread change parallelism to MAX and concurrency to MAX
Main thread is shutting off all concurrent threads
All done
Total energy used: 4596.346387 Joules
mean Network throughput: 7 [msg/s]
mean Network throughput: 2370.237 [Mb/s]
From Main : Total 800 chunks will be downloaded
Main Thread change parallelism to MAX and concurrency to MAX
Main thread is shutting off all concurrent threads
All done
Total energy used: 4433.982423 Joules
mean Network throughput: 7 [msg/s]
mean Network throughput: 2509.701 [Mb/s]
From Main : Total 800 chunks will be downloaded
Main Thread change parallelism to MAX and concurrency to MAX
Main thread is shutting off all concurrent threads
All done
Total energy used: 4572.715345 Joules
mean Network throughput: 7 [msg/s]
mean Network throughput: 2509.721 [Mb/s]
From Main : Total 800 chunks will be downloaded
Main Thread change parallelism to MAX and concurrency to MAX
Main thread is shutting off all concurrent threads
All done
Total energy used: 4592.682029 Joules
mean Network throughput: 7 [msg/s]
mean Network throughput: 2509.707 [Mb/s]
From Main : Total 800 chunks will be downloaded
Main Thread change parallelism to MAX and concurrency to MAX
Main thread is shutting off all concurrent threads
All done
Total energy used: 4329.695704 Joules
mean Network throughput: 7 [msg/s]
mean Network throughput: 2509.702 [Mb/s]
From Main : Total 800 chunks will be downloaded
Main Thread change parallelism to MAX and concurrency to MAX
Main thread is shutting off all concurrent threads
All done
Total energy used: 4521.331504 Joules
mean Network throughput: 7 [msg/s]
mean Network throughput: 2509.698 [Mb/s]
