From Main : Total 800 chunks will be downloaded
Main Thread change parallelism to MAX and concurrency to MAX
Main thread is shutting off all concurrent threads
All done
Total energy used: 3803.172514 Joules
mean Network throughput: 22 [msg/s]
mean Network throughput: 7110.928 [Mb/s]
From Main : Total 800 chunks will be downloaded
Main Thread change parallelism to MAX and concurrency to MAX
Main thread is shutting off all concurrent threads
All done
Total energy used: 4012.088606 Joules
mean Network throughput: 22 [msg/s]
mean Network throughput: 7110.914 [Mb/s]
From Main : Total 800 chunks will be downloaded
Main Thread change parallelism to MAX and concurrency to MAX
Main thread is shutting off all concurrent threads
All done
Total energy used: 4207.710725 Joules
mean Network throughput: 19 [msg/s]
mean Network throughput: 6095.068 [Mb/s]
From Main : Total 800 chunks will be downloaded
Main Thread change parallelism to MAX and concurrency to MAX
Main thread is shutting off all concurrent threads
All done
Total energy used: 4007.672724 Joules
mean Network throughput: 22 [msg/s]
mean Network throughput: 7110.841 [Mb/s]
From Main : Total 800 chunks will be downloaded
Main Thread change parallelism to MAX and concurrency to MAX
Main thread is shutting off all concurrent threads
All done
Total energy used: 3941.864543 Joules
mean Network throughput: 22 [msg/s]
mean Network throughput: 7110.907 [Mb/s]
From Main : Total 800 chunks will be downloaded
Main Thread change parallelism to MAX and concurrency to MAX
Main thread is shutting off all concurrent threads
All done
Total energy used: 4245.093564 Joules
mean Network throughput: 19 [msg/s]
mean Network throughput: 6095.064 [Mb/s]
From Main : Total 800 chunks will be downloaded
Main Thread change parallelism to MAX and concurrency to MAX
Main thread is shutting off all concurrent threads
All done
Total energy used: 4211.021325 Joules
mean Network throughput: 19 [msg/s]
mean Network throughput: 6095.052 [Mb/s]
From Main : Total 800 chunks will be downloaded
Main Thread change parallelism to MAX and concurrency to MAX
Main thread is shutting off all concurrent threads
All done
Total energy used: 4026.094917 Joules
mean Network throughput: 22 [msg/s]
mean Network throughput: 7110.902 [Mb/s]
From Main : Total 800 chunks will be downloaded
Main Thread change parallelism to MAX and concurrency to MAX
Main thread is shutting off all concurrent threads
All done
Total energy used: 3945.792694 Joules
mean Network throughput: 19 [msg/s]
mean Network throughput: 6095.031 [Mb/s]
From Main : Total 800 chunks will be downloaded
Main Thread change parallelism to MAX and concurrency to MAX
Main thread is shutting off all concurrent threads
All done
Total energy used: 3729.236791 Joules
mean Network throughput: 22 [msg/s]
mean Network throughput: 7110.934 [Mb/s]
From Main : Total 800 chunks will be downloaded
Main Thread change parallelism to MAX and concurrency to MAX
Main thread is shutting off all concurrent threads
All done
Total energy used: 3837.847658 Joules
mean Network throughput: 19 [msg/s]
mean Network throughput: 6095.087 [Mb/s]
From Main : Total 800 chunks will be downloaded
Main Thread change parallelism to MAX and concurrency to MAX
Main thread is shutting off all concurrent threads
All done
Total energy used: 4172.164307 Joules
mean Network throughput: 19 [msg/s]
mean Network throughput: 6095.051 [Mb/s]
From Main : Total 800 chunks will be downloaded
Main Thread change parallelism to MAX and concurrency to MAX
Main thread is shutting off all concurrent threads
All done
Total energy used: 3641.776627 Joules
mean Network throughput: 22 [msg/s]
mean Network throughput: 7110.713 [Mb/s]
From Main : Total 800 chunks will be downloaded
Main Thread change parallelism to MAX and concurrency to MAX
Main thread is shutting off all concurrent threads
All done
Total energy used: 4063.776340 Joules
mean Network throughput: 19 [msg/s]
mean Network throughput: 6095.049 [Mb/s]
From Main : Total 800 chunks will be downloaded
Main Thread change parallelism to MAX and concurrency to MAX
Main thread is shutting off all concurrent threads
All done
Total energy used: 4163.772422 Joules
mean Network throughput: 19 [msg/s]
mean Network throughput: 6094.997 [Mb/s]
From Main : Total 800 chunks will be downloaded
Main Thread change parallelism to MAX and concurrency to MAX
Main thread is shutting off all concurrent threads
All done
Total energy used: 3496.804098 Joules
mean Network throughput: 22 [msg/s]
mean Network throughput: 7110.878 [Mb/s]
From Main : Total 800 chunks will be downloaded
Main Thread change parallelism to MAX and concurrency to MAX
Main thread is shutting off all concurrent threads
All done
Total energy used: 4094.096208 Joules
mean Network throughput: 19 [msg/s]
mean Network throughput: 6095.066 [Mb/s]
From Main : Total 800 chunks will be downloaded
Main Thread change parallelism to MAX and concurrency to MAX
Main thread is shutting off all concurrent threads
All done
Total energy used: 4059.539534 Joules
mean Network throughput: 19 [msg/s]
mean Network throughput: 6095.001 [Mb/s]
From Main : Total 800 chunks will be downloaded
Main Thread change parallelism to MAX and concurrency to MAX
Main thread is shutting off all concurrent threads
All done
Total energy used: 4142.142656 Joules
mean Network throughput: 19 [msg/s]
mean Network throughput: 6095.059 [Mb/s]
From Main : Total 800 chunks will be downloaded
Main Thread change parallelism to MAX and concurrency to MAX
Main thread is shutting off all concurrent threads
All done
Total energy used: 4100.978515 Joules
mean Network throughput: 19 [msg/s]
mean Network throughput: 6095.042 [Mb/s]
