From Main : Total 800 chunks will be downloaded
Main Thread change parallelism to MAX and concurrency to MAX
Main thread is shutting off all concurrent threads
All done
Total energy used: 13767.731905 Joules
mean Network throughput: 2 [msg/s]
mean Network throughput: 656.389 [Mb/s]
From Main : Total 800 chunks will be downloaded
Main Thread change parallelism to MAX and concurrency to MAX
Main thread is shutting off all concurrent threads
All done
Total energy used: 13715.126388 Joules
mean Network throughput: 2 [msg/s]
mean Network throughput: 656.377 [Mb/s]
From Main : Total 800 chunks will be downloaded
Main Thread change parallelism to MAX and concurrency to MAX
Main thread is shutting off all concurrent threads
All done
Total energy used: 13672.391451 Joules
mean Network throughput: 2 [msg/s]
mean Network throughput: 656.381 [Mb/s]
From Main : Total 800 chunks will be downloaded
Main Thread change parallelism to MAX and concurrency to MAX
Main thread is shutting off all concurrent threads
All done
Total energy used: 13881.063097 Joules
mean Network throughput: 2 [msg/s]
mean Network throughput: 656.379 [Mb/s]
From Main : Total 800 chunks will be downloaded
Main Thread change parallelism to MAX and concurrency to MAX
Main thread is shutting off all concurrent threads
All done
Total energy used: 13947.724548 Joules
mean Network throughput: 2 [msg/s]
mean Network throughput: 656.385 [Mb/s]
From Main : Total 800 chunks will be downloaded
Main Thread change parallelism to MAX and concurrency to MAX
Main thread is shutting off all concurrent threads
All done
Total energy used: 13832.586659 Joules
mean Network throughput: 2 [msg/s]
mean Network throughput: 656.383 [Mb/s]
From Main : Total 800 chunks will be downloaded
Main Thread change parallelism to MAX and concurrency to MAX
Main thread is shutting off all concurrent threads
All done
Total energy used: 13868.820758 Joules
mean Network throughput: 2 [msg/s]
mean Network throughput: 656.386 [Mb/s]
From Main : Total 800 chunks will be downloaded
Main Thread change parallelism to MAX and concurrency to MAX
Main thread is shutting off all concurrent threads
All done
Total energy used: 13874.061101 Joules
mean Network throughput: 2 [msg/s]
mean Network throughput: 656.377 [Mb/s]
From Main : Total 800 chunks will be downloaded
Main Thread change parallelism to MAX and concurrency to MAX
Main thread is shutting off all concurrent threads
All done
Total energy used: 14537.120012 Joules
mean Network throughput: 1 [msg/s]
mean Network throughput: 618.327 [Mb/s]
From Main : Total 800 chunks will be downloaded
Main Thread change parallelism to MAX and concurrency to MAX
Main thread is shutting off all concurrent threads
All done
Total energy used: 13935.906890 Joules
mean Network throughput: 2 [msg/s]
mean Network throughput: 646.435 [Mb/s]
From Main : Total 800 chunks will be downloaded
Main Thread change parallelism to MAX and concurrency to MAX
Main thread is shutting off all concurrent threads
All done
Total energy used: 13850.935062 Joules
mean Network throughput: 2 [msg/s]
mean Network throughput: 656.372 [Mb/s]
From Main : Total 800 chunks will be downloaded
Main Thread change parallelism to MAX and concurrency to MAX
Main thread is shutting off all concurrent threads
All done
Total energy used: 13758.859247 Joules
mean Network throughput: 2 [msg/s]
mean Network throughput: 656.386 [Mb/s]
From Main : Total 800 chunks will be downloaded
Main Thread change parallelism to MAX and concurrency to MAX
Main thread is shutting off all concurrent threads
All done
Total energy used: 13644.695966 Joules
mean Network throughput: 2 [msg/s]
mean Network throughput: 656.383 [Mb/s]
From Main : Total 800 chunks will be downloaded
Main Thread change parallelism to MAX and concurrency to MAX
Main thread is shutting off all concurrent threads
All done
Total energy used: 13710.961482 Joules
mean Network throughput: 2 [msg/s]
mean Network throughput: 656.382 [Mb/s]
From Main : Total 800 chunks will be downloaded
Main Thread change parallelism to MAX and concurrency to MAX
Main thread is shutting off all concurrent threads
All done
Total energy used: 13751.573622 Joules
mean Network throughput: 2 [msg/s]
mean Network throughput: 656.382 [Mb/s]
From Main : Total 800 chunks will be downloaded
Main Thread change parallelism to MAX and concurrency to MAX
Main thread is shutting off all concurrent threads
All done
Total energy used: 14002.077191 Joules
mean Network throughput: 2 [msg/s]
mean Network throughput: 646.433 [Mb/s]
From Main : Total 800 chunks will be downloaded
Main Thread change parallelism to MAX and concurrency to MAX
Main thread is shutting off all concurrent threads
All done
Total energy used: 13671.260900 Joules
mean Network throughput: 2 [msg/s]
mean Network throughput: 656.374 [Mb/s]
From Main : Total 800 chunks will be downloaded
Main Thread change parallelism to MAX and concurrency to MAX
Main thread is shutting off all concurrent threads
All done
Total energy used: 14423.017826 Joules
mean Network throughput: 1 [msg/s]
mean Network throughput: 618.328 [Mb/s]
From Main : Total 800 chunks will be downloaded
Main Thread change parallelism to MAX and concurrency to MAX
Main thread is shutting off all concurrent threads
All done
Total energy used: 13633.076366 Joules
mean Network throughput: 2 [msg/s]
mean Network throughput: 656.382 [Mb/s]
From Main : Total 800 chunks will be downloaded
Main Thread change parallelism to MAX and concurrency to MAX
Main thread is shutting off all concurrent threads
All done
Total energy used: 13564.767459 Joules
mean Network throughput: 2 [msg/s]
mean Network throughput: 656.375 [Mb/s]
