From Main : Total 800 chunks will be downloaded
Main Thread change parallelism to MAX and concurrency to MAX
Main thread is shutting off all concurrent threads
All done
Total energy used: -254136.892804 Joules
mean Network throughput: 4 [msg/s]
mean Network throughput: 1292.868 [Mb/s]
From Main : Total 800 chunks will be downloaded
Main Thread change parallelism to MAX and concurrency to MAX
Main thread is shutting off all concurrent threads
All done
Total energy used: 8073.368554 Joules
mean Network throughput: 4 [msg/s]
mean Network throughput: 1292.876 [Mb/s]
From Main : Total 800 chunks will be downloaded
Main Thread change parallelism to MAX and concurrency to MAX
Main thread is shutting off all concurrent threads
All done
Total energy used: 7987.457762 Joules
mean Network throughput: 4 [msg/s]
mean Network throughput: 1292.872 [Mb/s]
From Main : Total 800 chunks will be downloaded
Main Thread change parallelism to MAX and concurrency to MAX
Main thread is shutting off all concurrent threads
All done
Total energy used: 8130.316040 Joules
mean Network throughput: 4 [msg/s]
mean Network throughput: 1292.880 [Mb/s]
From Main : Total 800 chunks will be downloaded
Main Thread change parallelism to MAX and concurrency to MAX
Main thread is shutting off all concurrent threads
All done
Total energy used: 9119.283845 Joules
mean Network throughput: 3 [msg/s]
mean Network throughput: 1153.098 [Mb/s]
From Main : Total 800 chunks will be downloaded
Main Thread change parallelism to MAX and concurrency to MAX
Main thread is shutting off all concurrent threads
All done
Total energy used: 8242.356768 Joules
mean Network throughput: 4 [msg/s]
mean Network throughput: 1292.867 [Mb/s]
From Main : Total 800 chunks will be downloaded
Main Thread change parallelism to MAX and concurrency to MAX
Main thread is shutting off all concurrent threads
All done
Total energy used: 8067.136208 Joules
mean Network throughput: 4 [msg/s]
mean Network throughput: 1292.862 [Mb/s]
From Main : Total 800 chunks will be downloaded
Main Thread change parallelism to MAX and concurrency to MAX
Main thread is shutting off all concurrent threads
All done
Total energy used: 8287.875572 Joules
mean Network throughput: 4 [msg/s]
mean Network throughput: 1292.875 [Mb/s]
From Main : Total 800 chunks will be downloaded
Main Thread change parallelism to MAX and concurrency to MAX
Main thread is shutting off all concurrent threads
All done
Total energy used: 7300.682116 Joules
mean Network throughput: 4 [msg/s]
mean Network throughput: 1292.874 [Mb/s]
From Main : Total 800 chunks will be downloaded
Main Thread change parallelism to MAX and concurrency to MAX
Main thread is shutting off all concurrent threads
All done
Total energy used: 8247.327031 Joules
mean Network throughput: 4 [msg/s]
mean Network throughput: 1292.875 [Mb/s]
From Main : Total 800 chunks will be downloaded
Main Thread change parallelism to MAX and concurrency to MAX
Main thread is shutting off all concurrent threads
All done
Total energy used: 7359.745868 Joules
mean Network throughput: 4 [msg/s]
mean Network throughput: 1292.864 [Mb/s]
From Main : Total 800 chunks will be downloaded
Main Thread change parallelism to MAX and concurrency to MAX
Main thread is shutting off all concurrent threads
All done
Total energy used: 7430.492208 Joules
mean Network throughput: 4 [msg/s]
mean Network throughput: 1292.851 [Mb/s]
From Main : Total 800 chunks will be downloaded
Main Thread change parallelism to MAX and concurrency to MAX
Main thread is shutting off all concurrent threads
All done
Total energy used: 7571.921229 Joules
mean Network throughput: 4 [msg/s]
mean Network throughput: 1292.868 [Mb/s]
From Main : Total 800 chunks will be downloaded
Main Thread change parallelism to MAX and concurrency to MAX
Main thread is shutting off all concurrent threads
All done
Total energy used: 7308.530790 Joules
mean Network throughput: 4 [msg/s]
mean Network throughput: 1292.877 [Mb/s]
From Main : Total 800 chunks will be downloaded
Main Thread change parallelism to MAX and concurrency to MAX
Main thread is shutting off all concurrent threads
All done
Total energy used: 7424.435950 Joules
mean Network throughput: 4 [msg/s]
mean Network throughput: 1292.857 [Mb/s]
From Main : Total 800 chunks will be downloaded
Main Thread change parallelism to MAX and concurrency to MAX
Main thread is shutting off all concurrent threads
All done
Total energy used: 7716.991109 Joules
mean Network throughput: 4 [msg/s]
mean Network throughput: 1292.884 [Mb/s]
From Main : Total 800 chunks will be downloaded
Main Thread change parallelism to MAX and concurrency to MAX
Main thread is shutting off all concurrent threads
All done
Total energy used: 7550.134236 Joules
mean Network throughput: 4 [msg/s]
mean Network throughput: 1292.863 [Mb/s]
From Main : Total 800 chunks will be downloaded
Main Thread change parallelism to MAX and concurrency to MAX
Main thread is shutting off all concurrent threads
All done
Total energy used: 7648.476819 Joules
mean Network throughput: 4 [msg/s]
mean Network throughput: 1292.888 [Mb/s]
From Main : Total 800 chunks will be downloaded
Main Thread change parallelism to MAX and concurrency to MAX
Main thread is shutting off all concurrent threads
All done
Total energy used: 7821.267942 Joules
mean Network throughput: 3 [msg/s]
mean Network throughput: 1254.849 [Mb/s]
From Main : Total 800 chunks will be downloaded
Main Thread change parallelism to MAX and concurrency to MAX
Main thread is shutting off all concurrent threads
All done
Total energy used: 7378.836945 Joules
mean Network throughput: 4 [msg/s]
mean Network throughput: 1292.874 [Mb/s]
