From Main : Total 800 chunks will be downloaded
Main Thread change parallelism to MAX and concurrency to MAX
Main thread is shutting off all concurrent threads
All done
Total energy used: 3879.744279 Joules
mean Network throughput: 13 [msg/s]
mean Network throughput: 4266.538 [Mb/s]
From Main : Total 800 chunks will be downloaded
Main Thread change parallelism to MAX and concurrency to MAX
Main thread is shutting off all concurrent threads
All done
Total energy used: 4377.758447 Joules
mean Network throughput: 10 [msg/s]
mean Network throughput: 3281.955 [Mb/s]
From Main : Total 800 chunks will be downloaded
Main Thread change parallelism to MAX and concurrency to MAX
Main thread is shutting off all concurrent threads
All done
Total energy used: 3479.433170 Joules
mean Network throughput: 14 [msg/s]
mean Network throughput: 4740.530 [Mb/s]
From Main : Total 800 chunks will be downloaded
Main Thread change parallelism to MAX and concurrency to MAX
Main thread is shutting off all concurrent threads
All done
Total energy used: 3651.132621 Joules
mean Network throughput: 14 [msg/s]
mean Network throughput: 4740.542 [Mb/s]
From Main : Total 800 chunks will be downloaded
Main Thread change parallelism to MAX and concurrency to MAX
Main thread is shutting off all concurrent threads
All done
Total energy used: 3739.353586 Joules
mean Network throughput: 14 [msg/s]
mean Network throughput: 4740.615 [Mb/s]
From Main : Total 800 chunks will be downloaded
Main Thread change parallelism to MAX and concurrency to MAX
Main thread is shutting off all concurrent threads
All done
Total energy used: 3769.407404 Joules
mean Network throughput: 14 [msg/s]
mean Network throughput: 4740.580 [Mb/s]
From Main : Total 800 chunks will be downloaded
Main Thread change parallelism to MAX and concurrency to MAX
Main thread is shutting off all concurrent threads
All done
Total energy used: 3593.455278 Joules
mean Network throughput: 14 [msg/s]
mean Network throughput: 4740.582 [Mb/s]
From Main : Total 800 chunks will be downloaded
Main Thread change parallelism to MAX and concurrency to MAX
Main thread is shutting off all concurrent threads
All done
Total energy used: 3491.584872 Joules
mean Network throughput: 14 [msg/s]
mean Network throughput: 4740.458 [Mb/s]
From Main : Total 800 chunks will be downloaded
Main Thread change parallelism to MAX and concurrency to MAX
Main thread is shutting off all concurrent threads
All done
Total energy used: 3297.723919 Joules
mean Network throughput: 14 [msg/s]
mean Network throughput: 4740.591 [Mb/s]
From Main : Total 800 chunks will be downloaded
Main Thread change parallelism to MAX and concurrency to MAX
Main thread is shutting off all concurrent threads
All done
Total energy used: 3635.451569 Joules
mean Network throughput: 14 [msg/s]
mean Network throughput: 4740.569 [Mb/s]
From Main : Total 800 chunks will be downloaded
Main Thread change parallelism to MAX and concurrency to MAX
Main thread is shutting off all concurrent threads
All done
Total energy used: 3232.362453 Joules
mean Network throughput: 14 [msg/s]
mean Network throughput: 4740.586 [Mb/s]
From Main : Total 800 chunks will be downloaded
Main Thread change parallelism to MAX and concurrency to MAX
Main thread is shutting off all concurrent threads
All done
Total energy used: 3252.608251 Joules
mean Network throughput: 14 [msg/s]
mean Network throughput: 4740.573 [Mb/s]
From Main : Total 800 chunks will be downloaded
Main Thread change parallelism to MAX and concurrency to MAX
Main thread is shutting off all concurrent threads
All done
Total energy used: 3425.334798 Joules
mean Network throughput: 14 [msg/s]
mean Network throughput: 4740.570 [Mb/s]
From Main : Total 800 chunks will be downloaded
Main Thread change parallelism to MAX and concurrency to MAX
Main thread is shutting off all concurrent threads
All done
Total energy used: 3232.556666 Joules
mean Network throughput: 14 [msg/s]
mean Network throughput: 4740.565 [Mb/s]
From Main : Total 800 chunks will be downloaded
Main Thread change parallelism to MAX and concurrency to MAX
Main thread is shutting off all concurrent threads
All done
Total energy used: 3314.651671 Joules
mean Network throughput: 14 [msg/s]
mean Network throughput: 4740.527 [Mb/s]
From Main : Total 800 chunks will be downloaded
Main Thread change parallelism to MAX and concurrency to MAX
Main thread is shutting off all concurrent threads
All done
Total energy used: 3195.978512 Joules
mean Network throughput: 14 [msg/s]
mean Network throughput: 4740.589 [Mb/s]
From Main : Total 800 chunks will be downloaded
Main Thread change parallelism to MAX and concurrency to MAX
Main thread is shutting off all concurrent threads
All done
Total energy used: 3460.847220 Joules
mean Network throughput: 14 [msg/s]
mean Network throughput: 4740.588 [Mb/s]
From Main : Total 800 chunks will be downloaded
Main Thread change parallelism to MAX and concurrency to MAX
Main thread is shutting off all concurrent threads
All done
Total energy used: 3189.712660 Joules
mean Network throughput: 16 [msg/s]
mean Network throughput: 5333.142 [Mb/s]
From Main : Total 800 chunks will be downloaded
Main Thread change parallelism to MAX and concurrency to MAX
Main thread is shutting off all concurrent threads
All done
Total energy used: 3517.464323 Joules
mean Network throughput: 13 [msg/s]
mean Network throughput: 4266.459 [Mb/s]
From Main : Total 800 chunks will be downloaded
Main Thread change parallelism to MAX and concurrency to MAX
Main thread is shutting off all concurrent threads
All done
Total energy used: 3248.053636 Joules
mean Network throughput: 14 [msg/s]
mean Network throughput: 4740.572 [Mb/s]
