From Main : Total 800 chunks will be downloaded
Main Thread change parallelism to MAX and concurrency to MAX
Main thread is shutting off all concurrent threads
All done
Total energy used: 8137.211529 Joules
mean Network throughput: 4 [msg/s]
mean Network throughput: 1292.873 [Mb/s]
From Main : Total 800 chunks will be downloaded
Main Thread change parallelism to MAX and concurrency to MAX
Main thread is shutting off all concurrent threads
All done
Total energy used: 8293.282114 Joules
mean Network throughput: 3 [msg/s]
mean Network throughput: 1254.861 [Mb/s]
From Main : Total 800 chunks will be downloaded
Main Thread change parallelism to MAX and concurrency to MAX
Main thread is shutting off all concurrent threads
All done
Total energy used: 8359.333947 Joules
mean Network throughput: 4 [msg/s]
mean Network throughput: 1292.882 [Mb/s]
From Main : Total 800 chunks will be downloaded
Main Thread change parallelism to MAX and concurrency to MAX
Main thread is shutting off all concurrent threads
All done
Total energy used: 8206.916796 Joules
mean Network throughput: 4 [msg/s]
mean Network throughput: 1292.871 [Mb/s]
From Main : Total 800 chunks will be downloaded
Main Thread change parallelism to MAX and concurrency to MAX
Main thread is shutting off all concurrent threads
All done
Total energy used: 8892.521241 Joules
mean Network throughput: 3 [msg/s]
mean Network throughput: 1153.109 [Mb/s]
From Main : Total 800 chunks will be downloaded
Main Thread change parallelism to MAX and concurrency to MAX
Main thread is shutting off all concurrent threads
All done
Total energy used: 8094.614776 Joules
mean Network throughput: 4 [msg/s]
mean Network throughput: 1292.882 [Mb/s]
From Main : Total 800 chunks will be downloaded
Main Thread change parallelism to MAX and concurrency to MAX
Main thread is shutting off all concurrent threads
All done
Total energy used: 8149.878184 Joules
mean Network throughput: 4 [msg/s]
mean Network throughput: 1292.866 [Mb/s]
From Main : Total 800 chunks will be downloaded
Main Thread change parallelism to MAX and concurrency to MAX
Main thread is shutting off all concurrent threads
All done
Total energy used: -253975.448698 Joules
mean Network throughput: 4 [msg/s]
mean Network throughput: 1292.886 [Mb/s]
From Main : Total 800 chunks will be downloaded
Main Thread change parallelism to MAX and concurrency to MAX
Main thread is shutting off all concurrent threads
All done
Total energy used: 8096.985986 Joules
mean Network throughput: 4 [msg/s]
mean Network throughput: 1292.872 [Mb/s]
From Main : Total 800 chunks will be downloaded
Main Thread change parallelism to MAX and concurrency to MAX
Main thread is shutting off all concurrent threads
All done
Total energy used: 8153.933777 Joules
mean Network throughput: 4 [msg/s]
mean Network throughput: 1292.874 [Mb/s]
From Main : Total 800 chunks will be downloaded
Main Thread change parallelism to MAX and concurrency to MAX
Main thread is shutting off all concurrent threads
All done
Total energy used: 7583.361018 Joules
mean Network throughput: 4 [msg/s]
mean Network throughput: 1292.864 [Mb/s]
From Main : Total 800 chunks will be downloaded
Main Thread change parallelism to MAX and concurrency to MAX
Main thread is shutting off all concurrent threads
All done
Total energy used: 7482.191966 Joules
mean Network throughput: 4 [msg/s]
mean Network throughput: 1292.872 [Mb/s]
From Main : Total 800 chunks will be downloaded
Main Thread change parallelism to MAX and concurrency to MAX
Main thread is shutting off all concurrent threads
All done
Total energy used: 7448.092566 Joules
mean Network throughput: 4 [msg/s]
mean Network throughput: 1292.884 [Mb/s]
From Main : Total 800 chunks will be downloaded
Main Thread change parallelism to MAX and concurrency to MAX
Main thread is shutting off all concurrent threads
All done
Total energy used: 7738.704737 Joules
mean Network throughput: 3 [msg/s]
mean Network throughput: 1254.853 [Mb/s]
From Main : Total 800 chunks will be downloaded
Main Thread change parallelism to MAX and concurrency to MAX
Main thread is shutting off all concurrent threads
All done
Total energy used: 7421.653486 Joules
mean Network throughput: 4 [msg/s]
mean Network throughput: 1292.875 [Mb/s]
From Main : Total 800 chunks will be downloaded
Main Thread change parallelism to MAX and concurrency to MAX
Main thread is shutting off all concurrent threads
All done
Total energy used: 7509.316042 Joules
mean Network throughput: 4 [msg/s]
mean Network throughput: 1292.874 [Mb/s]
From Main : Total 800 chunks will be downloaded
Main Thread change parallelism to MAX and concurrency to MAX
Main thread is shutting off all concurrent threads
All done
Total energy used: 7465.362176 Joules
mean Network throughput: 4 [msg/s]
mean Network throughput: 1292.864 [Mb/s]
From Main : Total 800 chunks will be downloaded
Main Thread change parallelism to MAX and concurrency to MAX
Main thread is shutting off all concurrent threads
All done
Total energy used: 7515.385545 Joules
mean Network throughput: 4 [msg/s]
mean Network throughput: 1292.875 [Mb/s]
From Main : Total 800 chunks will be downloaded
Main Thread change parallelism to MAX and concurrency to MAX
Main thread is shutting off all concurrent threads
All done
Total energy used: 7408.034990 Joules
mean Network throughput: 4 [msg/s]
mean Network throughput: 1292.876 [Mb/s]
From Main : Total 800 chunks will be downloaded
Main Thread change parallelism to MAX and concurrency to MAX
Main thread is shutting off all concurrent threads
All done
Total energy used: 7412.575995 Joules
mean Network throughput: 4 [msg/s]
mean Network throughput: 1292.875 [Mb/s]
