From Main : Total 800 chunks will be downloaded
Main Thread change parallelism to MAX and concurrency to MAX
Main thread is shutting off all concurrent threads
All done
Total energy used: 4517.097384 Joules
mean Network throughput: 22 [msg/s]
mean Network throughput: 7110.821 [Mb/s]
From Main : Total 800 chunks will be downloaded
Main Thread change parallelism to MAX and concurrency to MAX
Main thread is shutting off all concurrent threads
All done
Total energy used: 4509.415641 Joules
mean Network throughput: 22 [msg/s]
mean Network throughput: 7110.852 [Mb/s]
From Main : Total 800 chunks will be downloaded
Main Thread change parallelism to MAX and concurrency to MAX
Main thread is shutting off all concurrent threads
All done
Total energy used: 4549.741954 Joules
mean Network throughput: 22 [msg/s]
mean Network throughput: 7110.510 [Mb/s]
From Main : Total 800 chunks will be downloaded
Main Thread change parallelism to MAX and concurrency to MAX
Main thread is shutting off all concurrent threads
All done
Total energy used: 4533.497549 Joules
mean Network throughput: 22 [msg/s]
mean Network throughput: 7110.756 [Mb/s]
From Main : Total 800 chunks will be downloaded
Main Thread change parallelism to MAX and concurrency to MAX
Main thread is shutting off all concurrent threads
All done
Total energy used: 4620.618481 Joules
mean Network throughput: 22 [msg/s]
mean Network throughput: 7110.806 [Mb/s]
From Main : Total 800 chunks will be downloaded
Main Thread change parallelism to MAX and concurrency to MAX
Main thread is shutting off all concurrent threads
All done
Total energy used: 4738.735000 Joules
mean Network throughput: 19 [msg/s]
mean Network throughput: 6095.031 [Mb/s]
From Main : Total 800 chunks will be downloaded
Main Thread change parallelism to MAX and concurrency to MAX
Main thread is shutting off all concurrent threads
All done
Total energy used: 4658.982580 Joules
mean Network throughput: 22 [msg/s]
mean Network throughput: 7110.800 [Mb/s]
From Main : Total 800 chunks will be downloaded
Main Thread change parallelism to MAX and concurrency to MAX
Main thread is shutting off all concurrent threads
All done
Total energy used: 4586.451637 Joules
mean Network throughput: 22 [msg/s]
mean Network throughput: 7110.805 [Mb/s]
From Main : Total 800 chunks will be downloaded
Main Thread change parallelism to MAX and concurrency to MAX
Main thread is shutting off all concurrent threads
All done
Total energy used: 4646.078866 Joules
mean Network throughput: 22 [msg/s]
mean Network throughput: 7110.790 [Mb/s]
From Main : Total 800 chunks will be downloaded
Main Thread change parallelism to MAX and concurrency to MAX
Main thread is shutting off all concurrent threads
All done
Total energy used: 4492.389256 Joules
mean Network throughput: 22 [msg/s]
mean Network throughput: 7110.787 [Mb/s]
From Main : Total 800 chunks will be downloaded
Main Thread change parallelism to MAX and concurrency to MAX
Main thread is shutting off all concurrent threads
All done
Total energy used: 4449.928977 Joules
mean Network throughput: 22 [msg/s]
mean Network throughput: 7110.835 [Mb/s]
From Main : Total 800 chunks will be downloaded
Main Thread change parallelism to MAX and concurrency to MAX
Main thread is shutting off all concurrent threads
All done
Total energy used: 4409.086430 Joules
mean Network throughput: 22 [msg/s]
mean Network throughput: 7110.831 [Mb/s]
From Main : Total 800 chunks will be downloaded
Main Thread change parallelism to MAX and concurrency to MAX
Main thread is shutting off all concurrent threads
All done
Total energy used: 4398.220918 Joules
mean Network throughput: 22 [msg/s]
mean Network throughput: 7110.808 [Mb/s]
From Main : Total 800 chunks will be downloaded
Main Thread change parallelism to MAX and concurrency to MAX
Main thread is shutting off all concurrent threads
All done
Total energy used: 4579.335445 Joules
mean Network throughput: 19 [msg/s]
mean Network throughput: 6094.957 [Mb/s]
From Main : Total 800 chunks will be downloaded
Main Thread change parallelism to MAX and concurrency to MAX
Main thread is shutting off all concurrent threads
All done
Total energy used: 4446.527557 Joules
mean Network throughput: 22 [msg/s]
mean Network throughput: 7110.869 [Mb/s]
From Main : Total 800 chunks will be downloaded
Main Thread change parallelism to MAX and concurrency to MAX
Main thread is shutting off all concurrent threads
All done
Total energy used: 4470.771819 Joules
mean Network throughput: 22 [msg/s]
mean Network throughput: 7110.890 [Mb/s]
From Main : Total 800 chunks will be downloaded
Main Thread change parallelism to MAX and concurrency to MAX
Main thread is shutting off all concurrent threads
All done
Total energy used: 4506.663390 Joules
mean Network throughput: 22 [msg/s]
mean Network throughput: 7110.802 [Mb/s]
From Main : Total 800 chunks will be downloaded
Main Thread change parallelism to MAX and concurrency to MAX
Main thread is shutting off all concurrent threads
All done
Total energy used: 4416.616745 Joules
mean Network throughput: 22 [msg/s]
mean Network throughput: 7110.828 [Mb/s]
From Main : Total 800 chunks will be downloaded
Main Thread change parallelism to MAX and concurrency to MAX
Main thread is shutting off all concurrent threads
All done
Total energy used: 4440.356613 Joules
mean Network throughput: 22 [msg/s]
mean Network throughput: 7110.850 [Mb/s]
From Main : Total 800 chunks will be downloaded
Main Thread change parallelism to MAX and concurrency to MAX
Main thread is shutting off all concurrent threads
All done
Total energy used: 4435.012023 Joules
mean Network throughput: 22 [msg/s]
mean Network throughput: 7110.806 [Mb/s]
