From Main : Total 800 chunks will be downloaded
Main Thread change parallelism to MAX and concurrency to MAX
Main thread is shutting off all concurrent threads
All done
Total energy used: 3475.775831 Joules
mean Network throughput: 14 [msg/s]
mean Network throughput: 4740.484 [Mb/s]
From Main : Total 800 chunks will be downloaded
Main Thread change parallelism to MAX and concurrency to MAX
Main thread is shutting off all concurrent threads
All done
Total energy used: 3659.767669 Joules
mean Network throughput: 14 [msg/s]
mean Network throughput: 4740.568 [Mb/s]
From Main : Total 800 chunks will be downloaded
Main Thread change parallelism to MAX and concurrency to MAX
Main thread is shutting off all concurrent threads
All done
Total energy used: 3661.176113 Joules
mean Network throughput: 14 [msg/s]
mean Network throughput: 4740.590 [Mb/s]
From Main : Total 800 chunks will be downloaded
Main Thread change parallelism to MAX and concurrency to MAX
Main thread is shutting off all concurrent threads
All done
Total energy used: 3919.943457 Joules
mean Network throughput: 13 [msg/s]
mean Network throughput: 4266.489 [Mb/s]
From Main : Total 800 chunks will be downloaded
Main Thread change parallelism to MAX and concurrency to MAX
Main thread is shutting off all concurrent threads
All done
Total energy used: 3704.348793 Joules
mean Network throughput: 14 [msg/s]
mean Network throughput: 4740.575 [Mb/s]
From Main : Total 800 chunks will be downloaded
Main Thread change parallelism to MAX and concurrency to MAX
Main thread is shutting off all concurrent threads
All done
Total energy used: 3528.026979 Joules
mean Network throughput: 14 [msg/s]
mean Network throughput: 4740.553 [Mb/s]
From Main : Total 800 chunks will be downloaded
Main Thread change parallelism to MAX and concurrency to MAX
Main thread is shutting off all concurrent threads
All done
Total energy used: 3664.852556 Joules
mean Network throughput: 14 [msg/s]
mean Network throughput: 4740.516 [Mb/s]
From Main : Total 800 chunks will be downloaded
Main Thread change parallelism to MAX and concurrency to MAX
Main thread is shutting off all concurrent threads
All done
Total energy used: 3673.136166 Joules
mean Network throughput: 14 [msg/s]
mean Network throughput: 4740.570 [Mb/s]
From Main : Total 800 chunks will be downloaded
Main Thread change parallelism to MAX and concurrency to MAX
Main thread is shutting off all concurrent threads
All done
Total energy used: 3691.805674 Joules
mean Network throughput: 14 [msg/s]
mean Network throughput: 4740.525 [Mb/s]
From Main : Total 800 chunks will be downloaded
Main Thread change parallelism to MAX and concurrency to MAX
Main thread is shutting off all concurrent threads
All done
Total energy used: 3672.660764 Joules
mean Network throughput: 14 [msg/s]
mean Network throughput: 4740.513 [Mb/s]
From Main : Total 800 chunks will be downloaded
Main Thread change parallelism to MAX and concurrency to MAX
Main thread is shutting off all concurrent threads
All done
Total energy used: 3331.510332 Joules
mean Network throughput: 14 [msg/s]
mean Network throughput: 4740.552 [Mb/s]
From Main : Total 800 chunks will be downloaded
Main Thread change parallelism to MAX and concurrency to MAX
Main thread is shutting off all concurrent threads
All done
Total energy used: 3277.828157 Joules
mean Network throughput: 14 [msg/s]
mean Network throughput: 4740.582 [Mb/s]
From Main : Total 800 chunks will be downloaded
Main Thread change parallelism to MAX and concurrency to MAX
Main thread is shutting off all concurrent threads
All done
Total energy used: 3281.848410 Joules
mean Network throughput: 14 [msg/s]
mean Network throughput: 4740.528 [Mb/s]
From Main : Total 800 chunks will be downloaded
Main Thread change parallelism to MAX and concurrency to MAX
Main thread is shutting off all concurrent threads
All done
Total energy used: 3492.261567 Joules
mean Network throughput: 13 [msg/s]
mean Network throughput: 4266.478 [Mb/s]
From Main : Total 800 chunks will be downloaded
Main Thread change parallelism to MAX and concurrency to MAX
Main thread is shutting off all concurrent threads
All done
Total energy used: 3188.416459 Joules
mean Network throughput: 14 [msg/s]
mean Network throughput: 4740.573 [Mb/s]
From Main : Total 800 chunks will be downloaded
Main Thread change parallelism to MAX and concurrency to MAX
Main thread is shutting off all concurrent threads
All done
Total energy used: 3280.512354 Joules
mean Network throughput: 14 [msg/s]
mean Network throughput: 4740.556 [Mb/s]
From Main : Total 800 chunks will be downloaded
Main Thread change parallelism to MAX and concurrency to MAX
Main thread is shutting off all concurrent threads
All done
Total energy used: 3361.353700 Joules
mean Network throughput: 14 [msg/s]
mean Network throughput: 4740.508 [Mb/s]
From Main : Total 800 chunks will be downloaded
Main Thread change parallelism to MAX and concurrency to MAX
Main thread is shutting off all concurrent threads
All done
Total energy used: 3907.445868 Joules
mean Network throughput: 10 [msg/s]
mean Network throughput: 3281.928 [Mb/s]
From Main : Total 800 chunks will be downloaded
Main Thread change parallelism to MAX and concurrency to MAX
Main thread is shutting off all concurrent threads
All done
Total energy used: 3320.919904 Joules
mean Network throughput: 14 [msg/s]
mean Network throughput: 4740.578 [Mb/s]
From Main : Total 800 chunks will be downloaded
Main Thread change parallelism to MAX and concurrency to MAX
Main thread is shutting off all concurrent threads
All done
Total energy used: 3269.676444 Joules
mean Network throughput: 14 [msg/s]
mean Network throughput: 4740.552 [Mb/s]
