From Main : Total 800 chunks will be downloaded
Main Thread change parallelism to MAX and concurrency to MAX
Main thread is shutting off all concurrent threads
All done
Total energy used: 5657.908001 Joules
mean Network throughput: 7 [msg/s]
mean Network throughput: 2509.747 [Mb/s]
From Main : Total 800 chunks will be downloaded
Main Thread change parallelism to MAX and concurrency to MAX
Main thread is shutting off all concurrent threads
All done
Total energy used: 5182.405434 Joules
mean Network throughput: 7 [msg/s]
mean Network throughput: 2509.720 [Mb/s]
From Main : Total 800 chunks will be downloaded
Main Thread change parallelism to MAX and concurrency to MAX
Main thread is shutting off all concurrent threads
All done
Total energy used: 5351.533969 Joules
mean Network throughput: 7 [msg/s]
mean Network throughput: 2509.727 [Mb/s]
From Main : Total 800 chunks will be downloaded
Main Thread change parallelism to MAX and concurrency to MAX
Main thread is shutting off all concurrent threads
All done
Total energy used: 5175.944086 Joules
mean Network throughput: 7 [msg/s]
mean Network throughput: 2509.725 [Mb/s]
From Main : Total 800 chunks will be downloaded
Main Thread change parallelism to MAX and concurrency to MAX
Main thread is shutting off all concurrent threads
All done
Total energy used: 5196.295291 Joules
mean Network throughput: 7 [msg/s]
mean Network throughput: 2509.724 [Mb/s]
From Main : Total 800 chunks will be downloaded
Main Thread change parallelism to MAX and concurrency to MAX
Main thread is shutting off all concurrent threads
All done
Total energy used: 5603.213195 Joules
mean Network throughput: 7 [msg/s]
mean Network throughput: 2509.733 [Mb/s]
From Main : Total 800 chunks will be downloaded
Main Thread change parallelism to MAX and concurrency to MAX
Main thread is shutting off all concurrent threads
All done
Total energy used: 5101.373720 Joules
mean Network throughput: 7 [msg/s]
mean Network throughput: 2509.696 [Mb/s]
From Main : Total 800 chunks will be downloaded
Main Thread change parallelism to MAX and concurrency to MAX
Main thread is shutting off all concurrent threads
All done
Total energy used: 5619.203571 Joules
mean Network throughput: 7 [msg/s]
mean Network throughput: 2509.666 [Mb/s]
From Main : Total 800 chunks will be downloaded
Main Thread change parallelism to MAX and concurrency to MAX
Main thread is shutting off all concurrent threads
All done
Total energy used: 5338.783818 Joules
mean Network throughput: 7 [msg/s]
mean Network throughput: 2509.722 [Mb/s]
From Main : Total 800 chunks will be downloaded
Main Thread change parallelism to MAX and concurrency to MAX
Main thread is shutting off all concurrent threads
All done
Total energy used: 6042.037633 Joules
mean Network throughput: 6 [msg/s]
mean Network throughput: 2133.261 [Mb/s]
From Main : Total 800 chunks will be downloaded
Main Thread change parallelism to MAX and concurrency to MAX
Main thread is shutting off all concurrent threads
All done
Total energy used: 4494.488861 Joules
mean Network throughput: 7 [msg/s]
mean Network throughput: 2509.709 [Mb/s]
From Main : Total 800 chunks will be downloaded
Main Thread change parallelism to MAX and concurrency to MAX
Main thread is shutting off all concurrent threads
All done
Total energy used: 4814.980105 Joules
mean Network throughput: 7 [msg/s]
mean Network throughput: 2370.249 [Mb/s]
From Main : Total 800 chunks will be downloaded
Main Thread change parallelism to MAX and concurrency to MAX
Main thread is shutting off all concurrent threads
All done
Total energy used: 4423.292753 Joules
mean Network throughput: 7 [msg/s]
mean Network throughput: 2509.706 [Mb/s]
From Main : Total 800 chunks will be downloaded
Main Thread change parallelism to MAX and concurrency to MAX
Main thread is shutting off all concurrent threads
All done
Total energy used: 4395.750038 Joules
mean Network throughput: 7 [msg/s]
mean Network throughput: 2509.683 [Mb/s]
From Main : Total 800 chunks will be downloaded
Main Thread change parallelism to MAX and concurrency to MAX
Main thread is shutting off all concurrent threads
All done
Total energy used: 4573.769541 Joules
mean Network throughput: 7 [msg/s]
mean Network throughput: 2509.706 [Mb/s]
From Main : Total 800 chunks will be downloaded
Main Thread change parallelism to MAX and concurrency to MAX
Main thread is shutting off all concurrent threads
All done
Total energy used: 4511.043566 Joules
mean Network throughput: 7 [msg/s]
mean Network throughput: 2509.689 [Mb/s]
From Main : Total 800 chunks will be downloaded
Main Thread change parallelism to MAX and concurrency to MAX
Main thread is shutting off all concurrent threads
All done
Total energy used: 4473.758323 Joules
mean Network throughput: 7 [msg/s]
mean Network throughput: 2509.721 [Mb/s]
From Main : Total 800 chunks will be downloaded
Main Thread change parallelism to MAX and concurrency to MAX
Main thread is shutting off all concurrent threads
All done
Total energy used: 4480.111212 Joules
mean Network throughput: 7 [msg/s]
mean Network throughput: 2509.714 [Mb/s]
From Main : Total 800 chunks will be downloaded
Main Thread change parallelism to MAX and concurrency to MAX
Main thread is shutting off all concurrent threads
All done
Total energy used: 4697.245971 Joules
mean Network throughput: 7 [msg/s]
mean Network throughput: 2509.683 [Mb/s]
From Main : Total 800 chunks will be downloaded
Main Thread change parallelism to MAX and concurrency to MAX
Main thread is shutting off all concurrent threads
All done
Total energy used: 4481.914552 Joules
mean Network throughput: 7 [msg/s]
mean Network throughput: 2509.685 [Mb/s]
