From Main : Total 800 chunks will be downloaded
Main Thread change parallelism to MAX and concurrency to MAX
Main thread is shutting off all concurrent threads
All done
Total energy used: 4249.757554 Joules
mean Network throughput: 19 [msg/s]
mean Network throughput: 6095.031 [Mb/s]
From Main : Total 800 chunks will be downloaded
Main Thread change parallelism to MAX and concurrency to MAX
Main thread is shutting off all concurrent threads
All done
Total energy used: 4295.083610 Joules
mean Network throughput: 19 [msg/s]
mean Network throughput: 6095.105 [Mb/s]
From Main : Total 800 chunks will be downloaded
Main Thread change parallelism to MAX and concurrency to MAX
Main thread is shutting off all concurrent threads
All done
Total energy used: 4230.137730 Joules
mean Network throughput: 19 [msg/s]
mean Network throughput: 6095.023 [Mb/s]
From Main : Total 800 chunks will be downloaded
Main Thread change parallelism to MAX and concurrency to MAX
Main thread is shutting off all concurrent threads
All done
Total energy used: 4216.697335 Joules
mean Network throughput: 19 [msg/s]
mean Network throughput: 6095.074 [Mb/s]
From Main : Total 800 chunks will be downloaded
Main Thread change parallelism to MAX and concurrency to MAX
Main thread is shutting off all concurrent threads
All done
Total energy used: 4258.145898 Joules
mean Network throughput: 19 [msg/s]
mean Network throughput: 6095.075 [Mb/s]
From Main : Total 800 chunks will be downloaded
Main Thread change parallelism to MAX and concurrency to MAX
Main thread is shutting off all concurrent threads
All done
Total energy used: 4174.437373 Joules
mean Network throughput: 19 [msg/s]
mean Network throughput: 6094.888 [Mb/s]
From Main : Total 800 chunks will be downloaded
Main Thread change parallelism to MAX and concurrency to MAX
Main thread is shutting off all concurrent threads
All done
Total energy used: 4241.354133 Joules
mean Network throughput: 19 [msg/s]
mean Network throughput: 6095.062 [Mb/s]
From Main : Total 800 chunks will be downloaded
Main Thread change parallelism to MAX and concurrency to MAX
Main thread is shutting off all concurrent threads
All done
Total energy used: 4277.209204 Joules
mean Network throughput: 19 [msg/s]
mean Network throughput: 6095.098 [Mb/s]
From Main : Total 800 chunks will be downloaded
Main Thread change parallelism to MAX and concurrency to MAX
Main thread is shutting off all concurrent threads
All done
Total energy used: 4229.645728 Joules
mean Network throughput: 19 [msg/s]
mean Network throughput: 6095.050 [Mb/s]
From Main : Total 800 chunks will be downloaded
Main Thread change parallelism to MAX and concurrency to MAX
Main thread is shutting off all concurrent threads
All done
Total energy used: 4177.686509 Joules
mean Network throughput: 19 [msg/s]
mean Network throughput: 6094.914 [Mb/s]
From Main : Total 800 chunks will be downloaded
Main Thread change parallelism to MAX and concurrency to MAX
Main thread is shutting off all concurrent threads
All done
Total energy used: 4077.708617 Joules
mean Network throughput: 19 [msg/s]
mean Network throughput: 6095.031 [Mb/s]
From Main : Total 800 chunks will be downloaded
Main Thread change parallelism to MAX and concurrency to MAX
Main thread is shutting off all concurrent threads
All done
Total energy used: 4063.950350 Joules
mean Network throughput: 19 [msg/s]
mean Network throughput: 6095.069 [Mb/s]
From Main : Total 800 chunks will be downloaded
Main Thread change parallelism to MAX and concurrency to MAX
Main thread is shutting off all concurrent threads
All done
Total energy used: 4086.374976 Joules
mean Network throughput: 19 [msg/s]
mean Network throughput: 6094.971 [Mb/s]
From Main : Total 800 chunks will be downloaded
Main Thread change parallelism to MAX and concurrency to MAX
Main thread is shutting off all concurrent threads
All done
Total energy used: 4084.446270 Joules
mean Network throughput: 19 [msg/s]
mean Network throughput: 6095.068 [Mb/s]
From Main : Total 800 chunks will be downloaded
Main Thread change parallelism to MAX and concurrency to MAX
Main thread is shutting off all concurrent threads
All done
Total energy used: 4071.602858 Joules
mean Network throughput: 19 [msg/s]
mean Network throughput: 6095.006 [Mb/s]
From Main : Total 800 chunks will be downloaded
Main Thread change parallelism to MAX and concurrency to MAX
Main thread is shutting off all concurrent threads
All done
Total energy used: 3992.147251 Joules
mean Network throughput: 19 [msg/s]
mean Network throughput: 6094.993 [Mb/s]
From Main : Total 800 chunks will be downloaded
Main Thread change parallelism to MAX and concurrency to MAX
Main thread is shutting off all concurrent threads
All done
Total energy used: 4191.580456 Joules
mean Network throughput: 19 [msg/s]
mean Network throughput: 6094.856 [Mb/s]
From Main : Total 800 chunks will be downloaded
Main Thread change parallelism to MAX and concurrency to MAX
Main thread is shutting off all concurrent threads
All done
Total energy used: 4204.844460 Joules
mean Network throughput: 19 [msg/s]
mean Network throughput: 6095.073 [Mb/s]
From Main : Total 800 chunks will be downloaded
Main Thread change parallelism to MAX and concurrency to MAX
Main thread is shutting off all concurrent threads
All done
Total energy used: 4069.159810 Joules
mean Network throughput: 19 [msg/s]
mean Network throughput: 6095.062 [Mb/s]
From Main : Total 800 chunks will be downloaded
Main Thread change parallelism to MAX and concurrency to MAX
Main thread is shutting off all concurrent threads
All done
Total energy used: 4148.047181 Joules
mean Network throughput: 19 [msg/s]
mean Network throughput: 6095.040 [Mb/s]
