From Main : Total 800 chunks will be downloaded
Main Thread change parallelism to MAX and concurrency to MAX
Main thread is shutting off all concurrent threads
All done
Total energy used: 3544.238669 Joules
mean Network throughput: 14 [msg/s]
mean Network throughput: 4740.559 [Mb/s]
From Main : Total 800 chunks will be downloaded
Main Thread change parallelism to MAX and concurrency to MAX
Main thread is shutting off all concurrent threads
All done
Total energy used: 4046.300615 Joules
mean Network throughput: 13 [msg/s]
mean Network throughput: 4266.539 [Mb/s]
From Main : Total 800 chunks will be downloaded
Main Thread change parallelism to MAX and concurrency to MAX
Main thread is shutting off all concurrent threads
All done
Total energy used: 3570.876356 Joules
mean Network throughput: 14 [msg/s]
mean Network throughput: 4740.617 [Mb/s]
From Main : Total 800 chunks will be downloaded
Main Thread change parallelism to MAX and concurrency to MAX
Main thread is shutting off all concurrent threads
All done
Total energy used: 3630.506575 Joules
mean Network throughput: 14 [msg/s]
mean Network throughput: 4740.573 [Mb/s]
From Main : Total 800 chunks will be downloaded
Main Thread change parallelism to MAX and concurrency to MAX
Main thread is shutting off all concurrent threads
All done
Total energy used: 3600.876218 Joules
mean Network throughput: 14 [msg/s]
mean Network throughput: 4740.557 [Mb/s]
From Main : Total 800 chunks will be downloaded
Main Thread change parallelism to MAX and concurrency to MAX
Main thread is shutting off all concurrent threads
All done
Total energy used: 3590.146143 Joules
mean Network throughput: 14 [msg/s]
mean Network throughput: 4740.496 [Mb/s]
From Main : Total 800 chunks will be downloaded
Main Thread change parallelism to MAX and concurrency to MAX
Main thread is shutting off all concurrent threads
All done
Total energy used: 3601.907832 Joules
mean Network throughput: 14 [msg/s]
mean Network throughput: 4740.613 [Mb/s]
From Main : Total 800 chunks will be downloaded
Main Thread change parallelism to MAX and concurrency to MAX
Main thread is shutting off all concurrent threads
All done
Total energy used: 3580.933521 Joules
mean Network throughput: 14 [msg/s]
mean Network throughput: 4740.600 [Mb/s]
From Main : Total 800 chunks will be downloaded
Main Thread change parallelism to MAX and concurrency to MAX
Main thread is shutting off all concurrent threads
All done
Total energy used: 3577.327573 Joules
mean Network throughput: 14 [msg/s]
mean Network throughput: 4740.563 [Mb/s]
From Main : Total 800 chunks will be downloaded
Main Thread change parallelism to MAX and concurrency to MAX
Main thread is shutting off all concurrent threads
All done
Total energy used: 3614.075953 Joules
mean Network throughput: 14 [msg/s]
mean Network throughput: 4740.559 [Mb/s]
From Main : Total 800 chunks will be downloaded
Main Thread change parallelism to MAX and concurrency to MAX
Main thread is shutting off all concurrent threads
All done
Total energy used: 3256.936791 Joules
mean Network throughput: 14 [msg/s]
mean Network throughput: 4740.590 [Mb/s]
From Main : Total 800 chunks will be downloaded
Main Thread change parallelism to MAX and concurrency to MAX
Main thread is shutting off all concurrent threads
All done
Total energy used: 3306.497639 Joules
mean Network throughput: 14 [msg/s]
mean Network throughput: 4740.558 [Mb/s]
From Main : Total 800 chunks will be downloaded
Main Thread change parallelism to MAX and concurrency to MAX
Main thread is shutting off all concurrent threads
All done
Total energy used: 3331.294389 Joules
mean Network throughput: 14 [msg/s]
mean Network throughput: 4740.612 [Mb/s]
From Main : Total 800 chunks will be downloaded
Main Thread change parallelism to MAX and concurrency to MAX
Main thread is shutting off all concurrent threads
All done
Total energy used: 3477.708627 Joules
mean Network throughput: 13 [msg/s]
mean Network throughput: 4266.523 [Mb/s]
From Main : Total 800 chunks will be downloaded
Main Thread change parallelism to MAX and concurrency to MAX
Main thread is shutting off all concurrent threads
All done
Total energy used: -258858.262187 Joules
mean Network throughput: 14 [msg/s]
mean Network throughput: 4740.578 [Mb/s]
From Main : Total 800 chunks will be downloaded
Main Thread change parallelism to MAX and concurrency to MAX
Main thread is shutting off all concurrent threads
All done
Total energy used: 3369.821879 Joules
mean Network throughput: 14 [msg/s]
mean Network throughput: 4740.525 [Mb/s]
From Main : Total 800 chunks will be downloaded
Main Thread change parallelism to MAX and concurrency to MAX
Main thread is shutting off all concurrent threads
All done
Total energy used: 3331.405778 Joules
mean Network throughput: 14 [msg/s]
mean Network throughput: 4740.544 [Mb/s]
From Main : Total 800 chunks will be downloaded
Main Thread change parallelism to MAX and concurrency to MAX
Main thread is shutting off all concurrent threads
All done
Total energy used: 3358.371835 Joules
mean Network throughput: 14 [msg/s]
mean Network throughput: 4740.598 [Mb/s]
From Main : Total 800 chunks will be downloaded
Main Thread change parallelism to MAX and concurrency to MAX
Main thread is shutting off all concurrent threads
All done
Total energy used: 3269.693046 Joules
mean Network throughput: 14 [msg/s]
mean Network throughput: 4740.561 [Mb/s]
From Main : Total 800 chunks will be downloaded
Main Thread change parallelism to MAX and concurrency to MAX
Main thread is shutting off all concurrent threads
All done
Total energy used: 3318.165639 Joules
mean Network throughput: 14 [msg/s]
mean Network throughput: 4740.522 [Mb/s]
