From Main : Total 800 chunks will be downloaded
Main Thread change parallelism to MAX and concurrency to MAX
Main thread is shutting off all concurrent threads
All done
Total energy used: 5437.817317 Joules
mean Network throughput: 16 [msg/s]
mean Network throughput: 5333.227 [Mb/s]
From Main : Total 800 chunks will be downloaded
Main Thread change parallelism to MAX and concurrency to MAX
Main thread is shutting off all concurrent threads
All done
Total energy used: 5790.342660 Joules
mean Network throughput: 14 [msg/s]
mean Network throughput: 4740.639 [Mb/s]
From Main : Total 800 chunks will be downloaded
Main Thread change parallelism to MAX and concurrency to MAX
Main thread is shutting off all concurrent threads
All done
Total energy used: 5815.170294 Joules
mean Network throughput: 14 [msg/s]
mean Network throughput: 4740.647 [Mb/s]
From Main : Total 800 chunks will be downloaded
Main Thread change parallelism to MAX and concurrency to MAX
Main thread is shutting off all concurrent threads
All done
Total energy used: 5736.450585 Joules
mean Network throughput: 14 [msg/s]
mean Network throughput: 4740.644 [Mb/s]
From Main : Total 800 chunks will be downloaded
Main Thread change parallelism to MAX and concurrency to MAX
Main thread is shutting off all concurrent threads
All done
Total energy used: 5868.661245 Joules
mean Network throughput: 14 [msg/s]
mean Network throughput: 4740.617 [Mb/s]
From Main : Total 800 chunks will be downloaded
Main Thread change parallelism to MAX and concurrency to MAX
Main thread is shutting off all concurrent threads
All done
Total energy used: 5809.946858 Joules
mean Network throughput: 14 [msg/s]
mean Network throughput: 4740.647 [Mb/s]
From Main : Total 800 chunks will be downloaded
Main Thread change parallelism to MAX and concurrency to MAX
Main thread is shutting off all concurrent threads
All done
Total energy used: 5788.149367 Joules
mean Network throughput: 14 [msg/s]
mean Network throughput: 4740.650 [Mb/s]
From Main : Total 800 chunks will be downloaded
Main Thread change parallelism to MAX and concurrency to MAX
Main thread is shutting off all concurrent threads
All done
Total energy used: 5754.984779 Joules
mean Network throughput: 14 [msg/s]
mean Network throughput: 4740.627 [Mb/s]
From Main : Total 800 chunks will be downloaded
Main Thread change parallelism to MAX and concurrency to MAX
Main thread is shutting off all concurrent threads
All done
Total energy used: 5617.900169 Joules
mean Network throughput: 14 [msg/s]
mean Network throughput: 4740.622 [Mb/s]
From Main : Total 800 chunks will be downloaded
Main Thread change parallelism to MAX and concurrency to MAX
Main thread is shutting off all concurrent threads
All done
Total energy used: 5795.513972 Joules
mean Network throughput: 14 [msg/s]
mean Network throughput: 4740.623 [Mb/s]
From Main : Total 800 chunks will be downloaded
Main Thread change parallelism to MAX and concurrency to MAX
Main thread is shutting off all concurrent threads
All done
Total energy used: 5664.940576 Joules
mean Network throughput: 14 [msg/s]
mean Network throughput: 4740.419 [Mb/s]
From Main : Total 800 chunks will be downloaded
Main Thread change parallelism to MAX and concurrency to MAX
Main thread is shutting off all concurrent threads
All done
Total energy used: 5674.825560 Joules
mean Network throughput: 14 [msg/s]
mean Network throughput: 4740.654 [Mb/s]
From Main : Total 800 chunks will be downloaded
Main Thread change parallelism to MAX and concurrency to MAX
Main thread is shutting off all concurrent threads
All done
Total energy used: 5508.181455 Joules
mean Network throughput: 14 [msg/s]
mean Network throughput: 4740.634 [Mb/s]
From Main : Total 800 chunks will be downloaded
Main Thread change parallelism to MAX and concurrency to MAX
Main thread is shutting off all concurrent threads
All done
Total energy used: 5240.083081 Joules
mean Network throughput: 14 [msg/s]
mean Network throughput: 4740.618 [Mb/s]
From Main : Total 800 chunks will be downloaded
Main Thread change parallelism to MAX and concurrency to MAX
Main thread is shutting off all concurrent threads
All done
Total energy used: 5546.729880 Joules
mean Network throughput: 14 [msg/s]
mean Network throughput: 4740.598 [Mb/s]
From Main : Total 800 chunks will be downloaded
Main Thread change parallelism to MAX and concurrency to MAX
Main thread is shutting off all concurrent threads
All done
Total energy used: 5515.880045 Joules
mean Network throughput: 14 [msg/s]
mean Network throughput: 4740.617 [Mb/s]
From Main : Total 800 chunks will be downloaded
Main Thread change parallelism to MAX and concurrency to MAX
Main thread is shutting off all concurrent threads
All done
Total energy used: 5676.525507 Joules
mean Network throughput: 14 [msg/s]
mean Network throughput: 4740.624 [Mb/s]
From Main : Total 800 chunks will be downloaded
Main Thread change parallelism to MAX and concurrency to MAX
Main thread is shutting off all concurrent threads
All done
Total energy used: 5764.599073 Joules
mean Network throughput: 14 [msg/s]
mean Network throughput: 4740.589 [Mb/s]
From Main : Total 800 chunks will be downloaded
Main Thread change parallelism to MAX and concurrency to MAX
Main thread is shutting off all concurrent threads
All done
Total energy used: 5681.415814 Joules
mean Network throughput: 14 [msg/s]
mean Network throughput: 4740.592 [Mb/s]
From Main : Total 800 chunks will be downloaded
Main Thread change parallelism to MAX and concurrency to MAX
Main thread is shutting off all concurrent threads
All done
Total energy used: 5557.821954 Joules
mean Network throughput: 14 [msg/s]
mean Network throughput: 4740.581 [Mb/s]
