From Main : Total 800 chunks will be downloaded
Main Thread change parallelism to MAX and concurrency to MAX
Main thread is shutting off all concurrent threads
All done
Total energy used: 5471.668121 Joules
mean Network throughput: 7 [msg/s]
mean Network throughput: 2509.725 [Mb/s]
From Main : Total 800 chunks will be downloaded
Main Thread change parallelism to MAX and concurrency to MAX
Main thread is shutting off all concurrent threads
All done
Total energy used: 5342.926203 Joules
mean Network throughput: 7 [msg/s]
mean Network throughput: 2509.672 [Mb/s]
From Main : Total 800 chunks will be downloaded
Main Thread change parallelism to MAX and concurrency to MAX
Main thread is shutting off all concurrent threads
All done
Total energy used: 5320.181693 Joules
mean Network throughput: 7 [msg/s]
mean Network throughput: 2509.720 [Mb/s]
From Main : Total 800 chunks will be downloaded
Main Thread change parallelism to MAX and concurrency to MAX
Main thread is shutting off all concurrent threads
All done
Total energy used: 5491.012493 Joules
mean Network throughput: 7 [msg/s]
mean Network throughput: 2509.721 [Mb/s]
From Main : Total 800 chunks will be downloaded
Main Thread change parallelism to MAX and concurrency to MAX
Main thread is shutting off all concurrent threads
All done
Total energy used: -256896.766720 Joules
mean Network throughput: 7 [msg/s]
mean Network throughput: 2509.737 [Mb/s]
From Main : Total 800 chunks will be downloaded
Main Thread change parallelism to MAX and concurrency to MAX
Main thread is shutting off all concurrent threads
All done
Total energy used: 5550.654186 Joules
mean Network throughput: 7 [msg/s]
mean Network throughput: 2370.281 [Mb/s]
From Main : Total 800 chunks will be downloaded
Main Thread change parallelism to MAX and concurrency to MAX
Main thread is shutting off all concurrent threads
All done
Total energy used: 5278.578649 Joules
mean Network throughput: 7 [msg/s]
mean Network throughput: 2509.715 [Mb/s]
From Main : Total 800 chunks will be downloaded
Main Thread change parallelism to MAX and concurrency to MAX
Main thread is shutting off all concurrent threads
All done
Total energy used: 5431.228040 Joules
mean Network throughput: 7 [msg/s]
mean Network throughput: 2509.713 [Mb/s]
From Main : Total 800 chunks will be downloaded
Main Thread change parallelism to MAX and concurrency to MAX
Main thread is shutting off all concurrent threads
All done
Total energy used: 5241.765817 Joules
mean Network throughput: 7 [msg/s]
mean Network throughput: 2509.710 [Mb/s]
From Main : Total 800 chunks will be downloaded
Main Thread change parallelism to MAX and concurrency to MAX
Main thread is shutting off all concurrent threads
All done
Total energy used: 5427.418357 Joules
mean Network throughput: 7 [msg/s]
mean Network throughput: 2509.709 [Mb/s]
From Main : Total 800 chunks will be downloaded
Main Thread change parallelism to MAX and concurrency to MAX
Main thread is shutting off all concurrent threads
All done
Total energy used: 4779.831941 Joules
mean Network throughput: 7 [msg/s]
mean Network throughput: 2370.299 [Mb/s]
From Main : Total 800 chunks will be downloaded
Main Thread change parallelism to MAX and concurrency to MAX
Main thread is shutting off all concurrent threads
All done
Total energy used: 4776.410990 Joules
mean Network throughput: 7 [msg/s]
mean Network throughput: 2509.702 [Mb/s]
From Main : Total 800 chunks will be downloaded
Main Thread change parallelism to MAX and concurrency to MAX
Main thread is shutting off all concurrent threads
All done
Total energy used: 4643.259964 Joules
mean Network throughput: 7 [msg/s]
mean Network throughput: 2509.711 [Mb/s]
From Main : Total 800 chunks will be downloaded
Main Thread change parallelism to MAX and concurrency to MAX
Main thread is shutting off all concurrent threads
All done
Total energy used: 4845.707688 Joules
mean Network throughput: 7 [msg/s]
mean Network throughput: 2370.265 [Mb/s]
From Main : Total 800 chunks will be downloaded
Main Thread change parallelism to MAX and concurrency to MAX
Main thread is shutting off all concurrent threads
All done
Total energy used: 4516.008336 Joules
mean Network throughput: 7 [msg/s]
mean Network throughput: 2509.696 [Mb/s]
From Main : Total 800 chunks will be downloaded
Main Thread change parallelism to MAX and concurrency to MAX
Main thread is shutting off all concurrent threads
All done
Total energy used: 4577.185182 Joules
mean Network throughput: 7 [msg/s]
mean Network throughput: 2509.681 [Mb/s]
From Main : Total 800 chunks will be downloaded
Main Thread change parallelism to MAX and concurrency to MAX
Main thread is shutting off all concurrent threads
All done
Total energy used: 4844.220875 Joules
mean Network throughput: 7 [msg/s]
mean Network throughput: 2370.241 [Mb/s]
From Main : Total 800 chunks will be downloaded
Main Thread change parallelism to MAX and concurrency to MAX
Main thread is shutting off all concurrent threads
All done
Total energy used: -257729.731506 Joules
mean Network throughput: 7 [msg/s]
mean Network throughput: 2509.711 [Mb/s]
From Main : Total 800 chunks will be downloaded
Main Thread change parallelism to MAX and concurrency to MAX
Main thread is shutting off all concurrent threads
All done
Total energy used: 4485.396232 Joules
mean Network throughput: 7 [msg/s]
mean Network throughput: 2509.718 [Mb/s]
From Main : Total 800 chunks will be downloaded
Main Thread change parallelism to MAX and concurrency to MAX
Main thread is shutting off all concurrent threads
All done
Total energy used: 4522.161030 Joules
mean Network throughput: 7 [msg/s]
mean Network throughput: 2509.710 [Mb/s]
