From Main : Total 800 chunks will be downloaded
Main Thread change parallelism to MAX and concurrency to MAX
Main thread is shutting off all concurrent threads
All done
Total energy used: 4685.193389 Joules
mean Network throughput: 22 [msg/s]
mean Network throughput: 7109.394 [Mb/s]
From Main : Total 800 chunks will be downloaded
Main Thread change parallelism to MAX and concurrency to MAX
Main thread is shutting off all concurrent threads
All done
Total energy used: 4501.657848 Joules
mean Network throughput: 22 [msg/s]
mean Network throughput: 7110.857 [Mb/s]
From Main : Total 800 chunks will be downloaded
Main Thread change parallelism to MAX and concurrency to MAX
Main thread is shutting off all concurrent threads
All done
Total energy used: 4591.881983 Joules
mean Network throughput: 22 [msg/s]
mean Network throughput: 7110.812 [Mb/s]
From Main : Total 800 chunks will be downloaded
Main Thread change parallelism to MAX and concurrency to MAX
Main thread is shutting off all concurrent threads
All done
Total energy used: 4984.960871 Joules
mean Network throughput: 19 [msg/s]
mean Network throughput: 6094.995 [Mb/s]
From Main : Total 800 chunks will be downloaded
Main Thread change parallelism to MAX and concurrency to MAX
Main thread is shutting off all concurrent threads
All done
Total energy used: 4592.145898 Joules
mean Network throughput: 22 [msg/s]
mean Network throughput: 7110.804 [Mb/s]
From Main : Total 800 chunks will be downloaded
Main Thread change parallelism to MAX and concurrency to MAX
Main thread is shutting off all concurrent threads
All done
Total energy used: 4665.647846 Joules
mean Network throughput: 22 [msg/s]
mean Network throughput: 7110.873 [Mb/s]
From Main : Total 800 chunks will be downloaded
Main Thread change parallelism to MAX and concurrency to MAX
Main thread is shutting off all concurrent threads
All done
Total energy used: 4653.216481 Joules
mean Network throughput: 22 [msg/s]
mean Network throughput: 7110.912 [Mb/s]
From Main : Total 800 chunks will be downloaded
Main Thread change parallelism to MAX and concurrency to MAX
Main thread is shutting off all concurrent threads
All done
Total energy used: 4821.049914 Joules
mean Network throughput: 22 [msg/s]
mean Network throughput: 7110.857 [Mb/s]
From Main : Total 800 chunks will be downloaded
Main Thread change parallelism to MAX and concurrency to MAX
Main thread is shutting off all concurrent threads
All done
Total energy used: 4881.494949 Joules
mean Network throughput: 19 [msg/s]
mean Network throughput: 6094.824 [Mb/s]
From Main : Total 800 chunks will be downloaded
Main Thread change parallelism to MAX and concurrency to MAX
Main thread is shutting off all concurrent threads
All done
Total energy used: 5307.283105 Joules
mean Network throughput: 14 [msg/s]
mean Network throughput: 4740.595 [Mb/s]
From Main : Total 800 chunks will be downloaded
Main Thread change parallelism to MAX and concurrency to MAX
Main thread is shutting off all concurrent threads
All done
Total energy used: 4616.801047 Joules
mean Network throughput: 22 [msg/s]
mean Network throughput: 7110.796 [Mb/s]
From Main : Total 800 chunks will be downloaded
Main Thread change parallelism to MAX and concurrency to MAX
Main thread is shutting off all concurrent threads
All done
Total energy used: 4969.221837 Joules
mean Network throughput: 19 [msg/s]
mean Network throughput: 6094.964 [Mb/s]
From Main : Total 800 chunks will be downloaded
Main Thread change parallelism to MAX and concurrency to MAX
Main thread is shutting off all concurrent threads
All done
Total energy used: 4977.876722 Joules
mean Network throughput: 19 [msg/s]
mean Network throughput: 6095.008 [Mb/s]
From Main : Total 800 chunks will be downloaded
Main Thread change parallelism to MAX and concurrency to MAX
Main thread is shutting off all concurrent threads
All done
Total energy used: 4648.973145 Joules
mean Network throughput: 22 [msg/s]
mean Network throughput: 7110.849 [Mb/s]
From Main : Total 800 chunks will be downloaded
Main Thread change parallelism to MAX and concurrency to MAX
Main thread is shutting off all concurrent threads
All done
Total energy used: 4753.070962 Joules
mean Network throughput: 22 [msg/s]
mean Network throughput: 7110.667 [Mb/s]
From Main : Total 800 chunks will be downloaded
Main Thread change parallelism to MAX and concurrency to MAX
Main thread is shutting off all concurrent threads
All done
Total energy used: 4631.157456 Joules
mean Network throughput: 22 [msg/s]
mean Network throughput: 7108.841 [Mb/s]
From Main : Total 800 chunks will be downloaded
Main Thread change parallelism to MAX and concurrency to MAX
Main thread is shutting off all concurrent threads
All done
Total energy used: 4497.464866 Joules
mean Network throughput: 22 [msg/s]
mean Network throughput: 7110.828 [Mb/s]
From Main : Total 800 chunks will be downloaded
Main Thread change parallelism to MAX and concurrency to MAX
Main thread is shutting off all concurrent threads
All done
Total energy used: 4579.590999 Joules
mean Network throughput: 22 [msg/s]
mean Network throughput: 7110.854 [Mb/s]
From Main : Total 800 chunks will be downloaded
Main Thread change parallelism to MAX and concurrency to MAX
Main thread is shutting off all concurrent threads
All done
Total energy used: 4544.959373 Joules
mean Network throughput: 22 [msg/s]
mean Network throughput: 7110.800 [Mb/s]
From Main : Total 800 chunks will be downloaded
Main Thread change parallelism to MAX and concurrency to MAX
Main thread is shutting off all concurrent threads
All done
Total energy used: 4564.438144 Joules
mean Network throughput: 22 [msg/s]
mean Network throughput: 7110.140 [Mb/s]
