From Main : Total 800 chunks will be downloaded
Main Thread change parallelism to MAX and concurrency to MAX
Main thread is shutting off all concurrent threads
All done
Total energy used: 5172.316654 Joules
mean Network throughput: 19 [msg/s]
mean Network throughput: 6095.065 [Mb/s]
From Main : Total 800 chunks will be downloaded
Main Thread change parallelism to MAX and concurrency to MAX
Main thread is shutting off all concurrent threads
All done
Total energy used: 5125.904419 Joules
mean Network throughput: 19 [msg/s]
mean Network throughput: 6095.033 [Mb/s]
From Main : Total 800 chunks will be downloaded
Main Thread change parallelism to MAX and concurrency to MAX
Main thread is shutting off all concurrent threads
All done
Total energy used: 5202.529101 Joules
mean Network throughput: 19 [msg/s]
mean Network throughput: 6095.005 [Mb/s]
From Main : Total 800 chunks will be downloaded
Main Thread change parallelism to MAX and concurrency to MAX
Main thread is shutting off all concurrent threads
All done
Total energy used: 4660.375033 Joules
mean Network throughput: 22 [msg/s]
mean Network throughput: 7110.906 [Mb/s]
From Main : Total 800 chunks will be downloaded
Main Thread change parallelism to MAX and concurrency to MAX
Main thread is shutting off all concurrent threads
All done
Total energy used: 5155.817001 Joules
mean Network throughput: 19 [msg/s]
mean Network throughput: 6094.846 [Mb/s]
From Main : Total 800 chunks will be downloaded
Main Thread change parallelism to MAX and concurrency to MAX
Main thread is shutting off all concurrent threads
All done
Total energy used: 5142.881670 Joules
mean Network throughput: 19 [msg/s]
mean Network throughput: 6095.044 [Mb/s]
From Main : Total 800 chunks will be downloaded
Main Thread change parallelism to MAX and concurrency to MAX
Main thread is shutting off all concurrent threads
All done
Total energy used: 5044.341762 Joules
mean Network throughput: 19 [msg/s]
mean Network throughput: 6095.012 [Mb/s]
From Main : Total 800 chunks will be downloaded
Main Thread change parallelism to MAX and concurrency to MAX
Main thread is shutting off all concurrent threads
All done
Total energy used: 5098.979379 Joules
mean Network throughput: 16 [msg/s]
mean Network throughput: 5333.197 [Mb/s]
From Main : Total 800 chunks will be downloaded
Main Thread change parallelism to MAX and concurrency to MAX
Main thread is shutting off all concurrent threads
All done
Total energy used: 4853.979884 Joules
mean Network throughput: 19 [msg/s]
mean Network throughput: 6095.061 [Mb/s]
From Main : Total 800 chunks will be downloaded
Main Thread change parallelism to MAX and concurrency to MAX
Main thread is shutting off all concurrent threads
All done
Total energy used: 5206.590736 Joules
mean Network throughput: 19 [msg/s]
mean Network throughput: 6095.090 [Mb/s]
From Main : Total 800 chunks will be downloaded
Main Thread change parallelism to MAX and concurrency to MAX
Main thread is shutting off all concurrent threads
All done
Total energy used: 5089.955415 Joules
mean Network throughput: 19 [msg/s]
mean Network throughput: 6095.053 [Mb/s]
From Main : Total 800 chunks will be downloaded
Main Thread change parallelism to MAX and concurrency to MAX
Main thread is shutting off all concurrent threads
All done
Total energy used: 4858.528944 Joules
mean Network throughput: 19 [msg/s]
mean Network throughput: 6095.072 [Mb/s]
From Main : Total 800 chunks will be downloaded
Main Thread change parallelism to MAX and concurrency to MAX
Main thread is shutting off all concurrent threads
All done
Total energy used: 5072.740859 Joules
mean Network throughput: 19 [msg/s]
mean Network throughput: 6095.053 [Mb/s]
From Main : Total 800 chunks will be downloaded
Main Thread change parallelism to MAX and concurrency to MAX
Main thread is shutting off all concurrent threads
All done
Total energy used: 5019.887845 Joules
mean Network throughput: 19 [msg/s]
mean Network throughput: 6095.053 [Mb/s]
From Main : Total 800 chunks will be downloaded
Main Thread change parallelism to MAX and concurrency to MAX
Main thread is shutting off all concurrent threads
All done
Total energy used: 5024.580888 Joules
mean Network throughput: 19 [msg/s]
mean Network throughput: 6095.046 [Mb/s]
From Main : Total 800 chunks will be downloaded
Main Thread change parallelism to MAX and concurrency to MAX
Main thread is shutting off all concurrent threads
All done
Total energy used: 5048.432266 Joules
mean Network throughput: 19 [msg/s]
mean Network throughput: 6094.993 [Mb/s]
From Main : Total 800 chunks will be downloaded
Main Thread change parallelism to MAX and concurrency to MAX
Main thread is shutting off all concurrent threads
All done
Total energy used: 4458.787718 Joules
mean Network throughput: 22 [msg/s]
mean Network throughput: 7110.925 [Mb/s]
From Main : Total 800 chunks will be downloaded
Main Thread change parallelism to MAX and concurrency to MAX
Main thread is shutting off all concurrent threads
All done
Total energy used: 5080.382075 Joules
mean Network throughput: 19 [msg/s]
mean Network throughput: 6095.117 [Mb/s]
From Main : Total 800 chunks will be downloaded
Main Thread change parallelism to MAX and concurrency to MAX
Main thread is shutting off all concurrent threads
All done
Total energy used: 5056.709406 Joules
mean Network throughput: 19 [msg/s]
mean Network throughput: 6095.001 [Mb/s]
From Main : Total 800 chunks will be downloaded
Main Thread change parallelism to MAX and concurrency to MAX
Main thread is shutting off all concurrent threads
All done
Total energy used: 5063.825049 Joules
mean Network throughput: 19 [msg/s]
mean Network throughput: 6095.080 [Mb/s]
