From Main : Total 200 chunks will be downloaded
Main Thread change parallelism to MAX and concurrency to MAX
Main thread is shutting off all concurrent threads
All done
Total energy used: 1215.439943 Joules
mean Network throughput: 8 [msg/s]
mean Network throughput: 2666.585 [Mb/s]
From Main : Total 200 chunks will be downloaded
Main Thread change parallelism to MAX and concurrency to MAX
Main thread is shutting off all concurrent threads
All done
Total energy used: 1608.862947 Joules
mean Network throughput: 6 [msg/s]
mean Network throughput: 2133.227 [Mb/s]
From Main : Total 200 chunks will be downloaded
Main Thread change parallelism to MAX and concurrency to MAX
Main thread is shutting off all concurrent threads
All done
Total energy used: 1424.666458 Joules
mean Network throughput: 6 [msg/s]
mean Network throughput: 2133.268 [Mb/s]
