From Main : Total 1600 chunks will be downloaded
Main Thread change parallelism to MAX and concurrency to MAX
Main thread is shutting off all concurrent threads
All done
Total energy used: 17232.854810 Joules
mean Network throughput: 2 [msg/s]
mean Network throughput: 119.847 [Mb/s]
From Main : Total 1600 chunks will be downloaded
Main Thread change parallelism to MAX and concurrency to MAX
Main thread is shutting off all concurrent threads
All done
Total energy used: 19014.820829 Joules
mean Network throughput: 2 [msg/s]
mean Network throughput: 108.840 [Mb/s]
From Main : Total 200 chunks will be downloaded
Main Thread change parallelism to MAX and concurrency to MAX
Main thread is shutting off all concurrent threads
All done
Total energy used: 3514.516638 Joules
mean Network throughput: 1 [msg/s]
mean Network throughput: 627.425 [Mb/s]
From Main : Total 200 chunks will be downloaded
Main Thread change parallelism to MAX and concurrency to MAX
Main thread is shutting off all concurrent threads
All done
Total energy used: 3462.163012 Joules
mean Network throughput: 1 [msg/s]
mean Network throughput: 627.415 [Mb/s]
From Main : Total 200 chunks will be downloaded
Main Thread change parallelism to MAX and concurrency to MAX
Main thread is shutting off all concurrent threads
All done
Total energy used: 3700.948350 Joules
mean Network throughput: 1 [msg/s]
mean Network throughput: 592.574 [Mb/s]
