From Main : Total 1600 chunks will be downloaded
Main Thread change parallelism to MAX and concurrency to MAX
Main thread is shutting off all concurrent threads
All done
Total energy used: 9005.544694 Joules
mean Network throughput: 5 [msg/s]
mean Network throughput: 237.030 [Mb/s]
From Main : Total 200 chunks will be downloaded
Main Thread change parallelism to MAX and concurrency to MAX
Main thread is shutting off all concurrent threads
All done
Total energy used: 2047.642158 Joules
mean Network throughput: 3 [msg/s]
mean Network throughput: 1185.131 [Mb/s]
From Main : Total 200 chunks will be downloaded
Main Thread change parallelism to MAX and concurrency to MAX
Main thread is shutting off all concurrent threads
All done
Total energy used: 2231.181300 Joules
mean Network throughput: 3 [msg/s]
mean Network throughput: 1185.145 [Mb/s]
From Main : Total 200 chunks will be downloaded
Main Thread change parallelism to MAX and concurrency to MAX
Main thread is shutting off all concurrent threads
All done
Total energy used: 2079.663743 Joules
mean Network throughput: 3 [msg/s]
mean Network throughput: 1185.142 [Mb/s]
