From Main : Total 1600 chunks will be downloaded
Main Thread change parallelism to MAX and concurrency to MAX
Main thread is shutting off all concurrent threads
All done
Total energy used: -228887.080368 Joules
mean Network throughput: 1 [msg/s]
mean Network throughput: 61.655 [Mb/s]
From Main : Total 1600 chunks will be downloaded
Main Thread change parallelism to MAX and concurrency to MAX
Main thread is shutting off all concurrent threads
All done
Total energy used: 37541.786400 Joules
mean Network throughput: 1 [msg/s]
mean Network throughput: 54.420 [Mb/s]
From Main : Total 200 chunks will be downloaded
Main Thread change parallelism to MAX and concurrency to MAX
Main thread is shutting off all concurrent threads
All done
Total energy used: 6577.385262 Joules
mean Network throughput: 1 [msg/s]
mean Network throughput: 323.212 [Mb/s]
From Main : Total 200 chunks will be downloaded
Main Thread change parallelism to MAX and concurrency to MAX
Main thread is shutting off all concurrent threads
All done
Total energy used: 6650.430118 Joules
mean Network throughput: 1 [msg/s]
mean Network throughput: 323.221 [Mb/s]
From Main : Total 200 chunks will be downloaded
Main Thread change parallelism to MAX and concurrency to MAX
Main thread is shutting off all concurrent threads
All done
Total energy used: 6889.808473 Joules
mean Network throughput: 0 [msg/s]
mean Network throughput: 313.712 [Mb/s]
