From Main : Total 1600 chunks will be downloaded
Main Thread change parallelism to MAX and concurrency to MAX
Main thread is shutting off all concurrent threads
All done
Total energy used: 9998.756569 Joules
mean Network throughput: 5 [msg/s]
mean Network throughput: 213.327 [Mb/s]
From Main : Total 1600 chunks will be downloaded
Main Thread change parallelism to MAX and concurrency to MAX
Main thread is shutting off all concurrent threads
All done
Total energy used: 8297.551268 Joules
mean Network throughput: 6 [msg/s]
mean Network throughput: 253.961 [Mb/s]
From Main : Total 200 chunks will be downloaded
Main Thread change parallelism to MAX and concurrency to MAX
Main thread is shutting off all concurrent threads
All done
Total energy used: 2062.944670 Joules
mean Network throughput: 3 [msg/s]
mean Network throughput: 1185.127 [Mb/s]
From Main : Total 200 chunks will be downloaded
Main Thread change parallelism to MAX and concurrency to MAX
Main thread is shutting off all concurrent threads
All done
Total energy used: 1993.474694 Joules
mean Network throughput: 3 [msg/s]
mean Network throughput: 1185.124 [Mb/s]
From Main : Total 200 chunks will be downloaded
Main Thread change parallelism to MAX and concurrency to MAX
Main thread is shutting off all concurrent threads
All done
Total energy used: 2261.883492 Joules
mean Network throughput: 3 [msg/s]
mean Network throughput: 1066.622 [Mb/s]
