From Main : Total 1600 chunks will be downloaded
Main Thread change parallelism to MAX and concurrency to MAX
Main thread is shutting off all concurrent threads
All done
Total energy used: 19854.363357 Joules
mean Network throughput: 2 [msg/s]
mean Network throughput: 105.608 [Mb/s]
From Main : Total 1600 chunks will be downloaded
Main Thread change parallelism to MAX and concurrency to MAX
Main thread is shutting off all concurrent threads
All done
Total energy used: 17576.930405 Joules
mean Network throughput: 2 [msg/s]
mean Network throughput: 118.515 [Mb/s]
From Main : Total 200 chunks will be downloaded
Main Thread change parallelism to MAX and concurrency to MAX
Main thread is shutting off all concurrent threads
All done
Total energy used: 3451.124526 Joules
mean Network throughput: 1 [msg/s]
mean Network throughput: 627.424 [Mb/s]
From Main : Total 200 chunks will be downloaded
Main Thread change parallelism to MAX and concurrency to MAX
Main thread is shutting off all concurrent threads
All done
Total energy used: 3437.187612 Joules
mean Network throughput: 1 [msg/s]
mean Network throughput: 627.426 [Mb/s]
From Main : Total 200 chunks will be downloaded
Main Thread change parallelism to MAX and concurrency to MAX
Main thread is shutting off all concurrent threads
All done
Total energy used: 3546.748794 Joules
mean Network throughput: 1 [msg/s]
mean Network throughput: 627.416 [Mb/s]
