From Main : Total 200 chunks will be downloaded
Main Thread change parallelism to MAX and concurrency to MAX
Main thread is shutting off all concurrent threads
All done
Total energy used: 1029.019644 Joules
mean Network throughput: 11 [msg/s]
mean Network throughput: 3555.408 [Mb/s]
From Main : Total 200 chunks will be downloaded
Main Thread change parallelism to MAX and concurrency to MAX
Main thread is shutting off all concurrent threads
All done
Total energy used: 967.966455 Joules
mean Network throughput: 11 [msg/s]
mean Network throughput: 3555.440 [Mb/s]
From Main : Total 200 chunks will be downloaded
Main Thread change parallelism to MAX and concurrency to MAX
Main thread is shutting off all concurrent threads
All done
Total energy used: 1107.384189 Joules
mean Network throughput: 11 [msg/s]
mean Network throughput: 3555.432 [Mb/s]
