From Main : Total 1600 chunks will be downloaded
Main Thread change parallelism to MAX and concurrency to MAX
Main thread is shutting off all concurrent threads
All done
Total energy used: 5627.566709 Joules
mean Network throughput: 10 [msg/s]
mean Network throughput: 410.245 [Mb/s]
From Main : Total 1600 chunks will be downloaded
Main Thread change parallelism to MAX and concurrency to MAX
Main thread is shutting off all concurrent threads
All done
Total energy used: 5487.257132 Joules
mean Network throughput: 10 [msg/s]
mean Network throughput: 410.244 [Mb/s]
From Main : Total 200 chunks will be downloaded
Main Thread change parallelism to MAX and concurrency to MAX
Main thread is shutting off all concurrent threads
All done
Total energy used: 1571.854985 Joules
mean Network throughput: 5 [msg/s]
mean Network throughput: 1777.708 [Mb/s]
From Main : Total 200 chunks will be downloaded
Main Thread change parallelism to MAX and concurrency to MAX
Main thread is shutting off all concurrent threads
All done
Total energy used: 1472.469008 Joules
mean Network throughput: 6 [msg/s]
mean Network throughput: 2133.261 [Mb/s]
From Main : Total 200 chunks will be downloaded
Main Thread change parallelism to MAX and concurrency to MAX
Main thread is shutting off all concurrent threads
All done
Total energy used: 1481.507804 Joules
mean Network throughput: 6 [msg/s]
mean Network throughput: 2133.265 [Mb/s]
