From Main : Total 1600 chunks will be downloaded
Main Thread change parallelism to MAX and concurrency to MAX
Main thread is shutting off all concurrent threads
All done
Total energy used: 10835.678681 Joules
mean Network throughput: 5 [msg/s]
mean Network throughput: 205.122 [Mb/s]
From Main : Total 1600 chunks will be downloaded
Main Thread change parallelism to MAX and concurrency to MAX
Main thread is shutting off all concurrent threads
All done
Total energy used: 9231.168507 Joules
mean Network throughput: 5 [msg/s]
mean Network throughput: 231.877 [Mb/s]
From Main : Total 200 chunks will be downloaded
Main Thread change parallelism to MAX and concurrency to MAX
Main thread is shutting off all concurrent threads
All done
Total energy used: 2215.347295 Joules
mean Network throughput: 3 [msg/s]
mean Network throughput: 1066.610 [Mb/s]
From Main : Total 200 chunks will be downloaded
Main Thread change parallelism to MAX and concurrency to MAX
Main thread is shutting off all concurrent threads
All done
Total energy used: 1947.347920 Joules
mean Network throughput: 3 [msg/s]
mean Network throughput: 1185.137 [Mb/s]
From Main : Total 200 chunks will be downloaded
Main Thread change parallelism to MAX and concurrency to MAX
Main thread is shutting off all concurrent threads
All done
Total energy used: 1989.692294 Joules
mean Network throughput: 3 [msg/s]
mean Network throughput: 1185.115 [Mb/s]
