From Main : Total 200 chunks will be downloaded
Main Thread change parallelism to MAX and concurrency to MAX
Main thread is shutting off all concurrent threads
All done
Total energy used: 1133.141813 Joules
mean Network throughput: 16 [msg/s]
mean Network throughput: 5333.184 [Mb/s]
From Main : Total 200 chunks will be downloaded
Main Thread change parallelism to MAX and concurrency to MAX
Main thread is shutting off all concurrent threads
All done
Total energy used: 1271.504558 Joules
mean Network throughput: 11 [msg/s]
mean Network throughput: 3555.407 [Mb/s]
From Main : Total 200 chunks will be downloaded
Main Thread change parallelism to MAX and concurrency to MAX
Main thread is shutting off all concurrent threads
All done
Total energy used: 1263.670349 Joules
mean Network throughput: 11 [msg/s]
mean Network throughput: 3555.468 [Mb/s]
