Gen address: 0x5585ba0451b0
Gen address: 0x5585ba0491d0
Gen address: 0x5585ba055a70
Gen address: 0x5585ba056730
Gen address: 0x5585ba057370
Gen address: 0x5585ba058030
Gen address: 0x5585ba058630
Gen address: 0x5585ba0579f0
Gen address: 0x5585ba058c70
Gen address: 0x5585ba0591b0
Gen address: 0x5585ba059270
Gen address: 0x5585ba059330
Gen address: 0x5585ba052970
Gen address: 0x5585ba0502c0
Gen address: 0x5585ba052d70
Gen address: 0x5585ba056090
Gen address: 0x5585ba058d30
Gen address: 0x5585ba0552c0
Gen address: 0x5585ba0503d0
Gen address: 0x5585ba050490
Gen address: 0x5585ba0525d0
Gen address: 0x5585ba052a80
Gen address: 0x5585ba052b40
Gen address: 0x5585ba050550
Gen address: 0x5585ba0536d0
Gen address: 0x5585ba052e80
Gen address: 0x5585ba052f40
Gen address: 0x5585ba053000
Gen address: 0x5585ba0530c0
Gen address: 0x5585ba053390
Gen address: 0x5585ba053180
Gen address: 0x5585ba053240
Main Thread changed parallelism to 1 and concurrency to 1
Concurrent Thread 4 creating all parallel threads (status: paused)
Concurrent Thread 3 creating all parallel threads (status: paused)
Concurrent Thread 6 creating all parallel threads (status: paused)
Concurrent Thread 15 creating all parallel threads (status: paused)
Concurrent Thread 2 creating all parallel threads (status: paused)
Concurrent Thread 13 creating all parallel threads (status: paused)
Concurrent Thread 14 creating all parallel threads (status: paused)
Concurrent Thread 10 creating all parallel threads (status: paused)
Concurrent Thread 5 creating all parallel threads (status: paused)
Concurrent Thread 11 creating all parallel threads (status: paused)
Concurrent Thread 7 creating all parallel threads (status: paused)
Concurrent Thread 1 creating all parallel threads (status: paused)
Concurrent Thread 12 creating all parallel threads (status: paused)
Concurrent Thread 8 creating all parallel threads (status: paused)
Concurrent Thread 0 creating all parallel threads (status: paused)
Concurrent Thread 9 creating all parallel threads (status: paused)
Concurrent Thread 16 creating all parallel threads (status: paused)
Monitor Thread Throughput : 0.32 Gbps
Monitor Thread Throughput : 0.32 Gbps
Monitor Thread Throughput : 0.32 Gbps
Monitor Thread Throughput : 0.32 Gbps
Monitor Thread Throughput : 0.32 Gbps
Monitor Thread Throughput : 0.32 Gbps
Main Thread changed parallelism to 1 and concurrency to 1
Monitor Thread Throughput : 0.32 Gbps
Monitor Thread Throughput : 0.64 Gbps
Monitor Thread Throughput : 0.32 Gbps
Monitor Thread Throughput : 0.32 Gbps
Monitor Thread Throughput : 0.32 Gbps
Monitor Thread Throughput : 0.32 Gbps
Main Thread changed parallelism to 2 and concurrency to 2
Monitor Thread Throughput : 1.28 Gbps
Monitor Thread Throughput : 1.28 Gbps
Monitor Thread Throughput : 1.28 Gbps
Monitor Thread Throughput : 1.60 Gbps
Monitor Thread Throughput : 1.28 Gbps
Monitor Thread Throughput : 0.96 Gbps
Main Thread changed parallelism to 1 and concurrency to 1
Monitor Thread Throughput : 1.92 Gbps
Monitor Thread Throughput : 0.64 Gbps
Monitor Thread Throughput : 0.32 Gbps
Monitor Thread Throughput : 0.32 Gbps
Monitor Thread Throughput : 0.32 Gbps
Main Thread changed parallelism to 2 and concurrency to 2
Monitor Thread Throughput : 0.32 Gbps
Monitor Thread Throughput : 1.28 Gbps
Monitor Thread Throughput : 1.60 Gbps
Monitor Thread Throughput : 1.28 Gbps
Monitor Thread Throughput : 1.28 Gbps
Monitor Thread Throughput : 1.28 Gbps
Main Thread changed parallelism to 6 and concurrency to 6
Monitor Thread Throughput : 1.28 Gbps
Monitor Thread Throughput : 1.28 Gbps
Monitor Thread Throughput : 9.92 Gbps
Monitor Thread Throughput : 9.28 Gbps
Monitor Thread Throughput : 0.32 Gbps
Monitor Thread Throughput : 10.88 Gbps
Main Thread changed parallelism to 7 and concurrency to 7
Monitor Thread Throughput : 9.60 Gbps
Monitor Thread Throughput : 3.52 Gbps
Monitor Thread Throughput : 8.64 Gbps
Monitor Thread Throughput : 7.68 Gbps
Monitor Thread Throughput : 11.52 Gbps
Monitor Thread Throughput : 3.84 Gbps
Main Thread changed parallelism to 6 and concurrency to 6
Monitor Thread Throughput : 12.80 Gbps
Monitor Thread Throughput : 2.88 Gbps
Monitor Thread Throughput : 14.08 Gbps
Monitor Thread Throughput : 1.92 Gbps
Monitor Thread Throughput : 10.24 Gbps
Monitor Thread Throughput : 9.92 Gbps
Main Thread changed parallelism to 7 and concurrency to 7
Monitor Thread Throughput : 8.00 Gbps
Monitor Thread Throughput : 0.64 Gbps
Monitor Thread Throughput : 9.92 Gbps
Monitor Thread Throughput : 8.00 Gbps
Monitor Thread Throughput : 7.04 Gbps
Monitor Thread Throughput : 10.56 Gbps
Main Thread changed parallelism to 6 and concurrency to 6
Monitor Thread Throughput : 7.36 Gbps
Monitor Thread Throughput : 8.32 Gbps
Monitor Thread Throughput : 10.24 Gbps
Monitor Thread Throughput : 2.24 Gbps
Monitor Thread Throughput : 1.60 Gbps
Monitor Thread Throughput : 9.60 Gbps
Main Thread changed parallelism to 7 and concurrency to 7
Monitor Thread Throughput : 8.00 Gbps
Concurrent Thread 5 shutting down because there are no files to download
Parent ID : 5 thread ID: 5, shutting itself off
Parent ID : 5 thread ID: 0, shutting itself off
Parent ID : 5 thread ID: 4, shutting itself off
Parent ID : 5 thread ID: 2, shutting itself off
Parent ID : 5 thread ID: 3, shutting itself off
Parent ID : 5 thread ID: 1, shutting itself off
Concurrent Thread 1 shutting down because there are no files to download
Parent ID : 1 thread ID: 2, shutting itself off
Parent ID : 1 thread ID: 4, shutting itself off
Parent ID : 1 thread ID: 3, shutting itself off
Parent ID : 1 thread ID: 1, shutting itself off
Parent ID : 1 thread ID: 0, shutting itself off
Parent ID : 1 thread ID: 5, shutting itself off
Concurrent Thread 0 shutting down because there are no files to download
Parent ID : 0 thread ID: 3, shutting itself off
Parent ID : 0 thread ID: 5, shutting itself off
Parent ID : 0 thread ID: 1, shutting itself off
Parent ID : 0 thread ID: 0, shutting itself off
Parent ID : 0 thread ID: 2, shutting itself off
Parent ID : 0 thread ID: 4, shutting itself off
Monitor Thread Throughput : 6.72 Gbps
Monitor Thread Throughput : 5.76 Gbps
Concurrent Thread 3 shutting down because there are no files to download
Parent ID : 3 thread ID: 3, shutting itself off
Parent ID : 3 thread ID: 4, shutting itself off
Parent ID : 3 thread ID: 1, shutting itself off
Parent ID : 3 thread ID: 5, shutting itself off
Parent ID : 3 thread ID: 6, shutting itself off
Parent ID : 3 thread ID: 0, shutting itself off
Parent ID : 3 thread ID: 2, shutting itself off
Concurrent Thread 6 shutting down because there are no files to download
Parent ID : 6 thread ID: 4, shutting itself off
Parent ID : 6 thread ID: 6, shutting itself off
Parent ID : 6 thread ID: 2, shutting itself off
Parent ID : 6 thread ID: 1, shutting itself off
Parent ID : 6 thread ID: 0, shutting itself off
Parent ID : 6 thread ID: 5, shutting itself off
Parent ID : 6 thread ID: 3, shutting itself off
Concurrent Thread 4 shutting down because there are no files to download
Parent ID : 4 thread ID: 0, shutting itself off
Parent ID : 4 thread ID: 3, shutting itself off
Parent ID : 4 thread ID: 6, shutting itself off
Parent ID : 4 thread ID: 2, shutting itself off
Parent ID : 4 thread ID: 5, shutting itself off
Parent ID : 4 thread ID: 1, shutting itself off
Parent ID : 4 thread ID: 4, shutting itself off
Concurrent Thread 2 shutting down because there are no files to download
Parent ID : 2 thread ID: 6, shutting itself off
Parent ID : 2 thread ID: 3, shutting itself off
Parent ID : 2 thread ID: 0, shutting itself off
Parent ID : 2 thread ID: 1, shutting itself off
Parent ID : 2 thread ID: 4, shutting itself off
Parent ID : 2 thread ID: 5, shutting itself off
Parent ID : 2 thread ID: 2, shutting itself off
Concurrent Thread 15 shutting down because there are no files to download
Concurrent Thread 13 shutting down because there are no files to download
Concurrent Thread 10 shutting down because there are no files to download
Concurrent Thread 11 shutting down because there are no files to download
Concurrent Thread 16 shutting down because there are no files to download
Concurrent Thread 14 shutting down because there are no files to download
Concurrent Thread 7 shutting down because there are no files to download
Concurrent Thread 8 shutting down because there are no files to download
Concurrent Thread 12 shutting down because there are no files to download
Concurrent Thread 9 shutting down because there are no files to download
