Gen address: 0x562361db41b0
Gen address: 0x562361db81d0
Gen address: 0x562361dc4a70
Gen address: 0x562361dc5730
Gen address: 0x562361dc6370
Gen address: 0x562361dc7030
Gen address: 0x562361dc7630
Gen address: 0x562361dc69f0
Gen address: 0x562361dc7c70
Gen address: 0x562361dc81b0
Gen address: 0x562361dc8270
Gen address: 0x562361dc8330
Gen address: 0x562361dc1970
Gen address: 0x562361dbf2c0
Gen address: 0x562361dc1d70
Gen address: 0x562361dc5090
Gen address: 0x562361dc7d30
Gen address: 0x562361dc42c0
Gen address: 0x562361dbf3d0
Gen address: 0x562361dbf490
Gen address: 0x562361dc15d0
Gen address: 0x562361dc1a80
Gen address: 0x562361dc1b40
Gen address: 0x562361dbf550
Gen address: 0x562361dc26d0
Gen address: 0x562361dc1e80
Gen address: 0x562361dc1f40
Gen address: 0x562361dc2000
Gen address: 0x562361dc20c0
Gen address: 0x562361dc2390
Gen address: 0x562361dc2180
Gen address: 0x562361dc2240
Concurrent Thread 0 creating all parallel threads (status: paused)
Main Thread changed parallelism to 1 and concurrency to 1
Concurrent Thread 4 creating all parallel threads (status: paused)
Concurrent Thread 2 creating all parallel threads (status: paused)
Concurrent Thread 7 creating all parallel threads (status: paused)
Concurrent Thread 1 creating all parallel threads (status: paused)
Concurrent Thread 8 creating all parallel threads (status: paused)
Concurrent Thread 10 creating all parallel threads (status: paused)
Concurrent Thread 12 creating all parallel threads (status: paused)
Concurrent Thread 13 creating all parallel threads (status: paused)
Concurrent Thread 3 creating all parallel threads (status: paused)
Concurrent Thread 9 creating all parallel threads (status: paused)
Concurrent Thread 14 creating all parallel threads (status: paused)
Concurrent Thread 5 creating all parallel threads (status: paused)
Concurrent Thread 11 creating all parallel threads (status: paused)
Concurrent Thread 15 creating all parallel threads (status: paused)
Concurrent Thread 6 creating all parallel threads (status: paused)
Concurrent Thread 16 creating all parallel threads (status: paused)
Monitor Thread Throughput : 0.00 Gbps
Monitor Thread Throughput : 0.00 Gbps
Monitor Thread Throughput : 0.00 Gbps
Monitor Thread Throughput : 0.32 Gbps
Monitor Thread Throughput : 0.32 Gbps
Monitor Thread Throughput : 0.32 Gbps
Main Thread changed parallelism to 1 and concurrency to 1
Monitor Thread Throughput : 0.32 Gbps
Monitor Thread Throughput : 0.32 Gbps
Monitor Thread Throughput : 0.32 Gbps
Monitor Thread Throughput : 0.32 Gbps
Monitor Thread Throughput : 0.32 Gbps
Monitor Thread Throughput : 0.64 Gbps
Main Thread changed parallelism to 2 and concurrency to 2
Monitor Thread Throughput : 1.28 Gbps
Monitor Thread Throughput : 1.28 Gbps
Monitor Thread Throughput : 1.28 Gbps
Monitor Thread Throughput : 1.28 Gbps
Monitor Thread Throughput : 1.28 Gbps
Monitor Thread Throughput : 1.28 Gbps
Main Thread changed parallelism to 1 and concurrency to 1
Monitor Thread Throughput : 1.60 Gbps
Monitor Thread Throughput : 0.32 Gbps
Monitor Thread Throughput : 0.00 Gbps
Monitor Thread Throughput : 0.32 Gbps
Monitor Thread Throughput : 0.32 Gbps
Monitor Thread Throughput : 0.32 Gbps
Main Thread changed parallelism to 2 and concurrency to 2
Monitor Thread Throughput : 1.28 Gbps
Monitor Thread Throughput : 1.28 Gbps
Monitor Thread Throughput : 1.28 Gbps
Monitor Thread Throughput : 1.28 Gbps
Monitor Thread Throughput : 1.60 Gbps
Main Thread changed parallelism to 6 and concurrency to 6
Monitor Thread Throughput : 1.60 Gbps
Monitor Thread Throughput : 0.64 Gbps
Monitor Thread Throughput : 11.20 Gbps
Monitor Thread Throughput : 9.60 Gbps
Monitor Thread Throughput : 0.64 Gbps
Monitor Thread Throughput : 11.20 Gbps
Main Thread changed parallelism to 7 and concurrency to 7
Monitor Thread Throughput : 4.16 Gbps
Monitor Thread Throughput : 7.68 Gbps
Monitor Thread Throughput : 12.48 Gbps
Monitor Thread Throughput : 0.96 Gbps
Monitor Thread Throughput : 12.80 Gbps
Monitor Thread Throughput : 3.52 Gbps
Main Thread changed parallelism to 8 and concurrency to 8
Monitor Thread Throughput : 12.48 Gbps
Monitor Thread Throughput : 6.40 Gbps
Monitor Thread Throughput : 1.60 Gbps
Monitor Thread Throughput : 16.32 Gbps
Monitor Thread Throughput : 3.84 Gbps
Monitor Thread Throughput : 11.20 Gbps
Main Thread changed parallelism to 1 and concurrency to 1
Monitor Thread Throughput : 7.68 Gbps
Monitor Thread Throughput : 4.16 Gbps
Monitor Thread Throughput : 13.76 Gbps
Monitor Thread Throughput : 0.32 Gbps
Monitor Thread Throughput : 0.32 Gbps
Monitor Thread Throughput : 0.32 Gbps
Main Thread changed parallelism to 3 and concurrency to 3
Monitor Thread Throughput : 0.32 Gbps
Monitor Thread Throughput : 2.56 Gbps
Monitor Thread Throughput : 3.20 Gbps
Monitor Thread Throughput : 2.88 Gbps
Monitor Thread Throughput : 2.88 Gbps
Monitor Thread Throughput : 3.20 Gbps
Main Thread changed parallelism to 4 and concurrency to 4
Monitor Thread Throughput : 3.20 Gbps
Monitor Thread Throughput : 6.08 Gbps
Monitor Thread Throughput : 1.60 Gbps
Monitor Thread Throughput : 1.28 Gbps
Monitor Thread Throughput : 5.12 Gbps
Monitor Thread Throughput : 5.12 Gbps
Main Thread changed parallelism to 3 and concurrency to 3
Monitor Thread Throughput : 5.12 Gbps
Monitor Thread Throughput : 4.16 Gbps
Monitor Thread Throughput : 2.88 Gbps
Monitor Thread Throughput : 3.20 Gbps
Monitor Thread Throughput : 3.20 Gbps
Monitor Thread Throughput : 1.28 Gbps
Main Thread changed parallelism to 4 and concurrency to 4
Monitor Thread Throughput : 0.96 Gbps
Monitor Thread Throughput : 4.16 Gbps
Monitor Thread Throughput : 3.84 Gbps
Monitor Thread Throughput : 3.20 Gbps
Monitor Thread Throughput : 3.20 Gbps
Monitor Thread Throughput : 1.28 Gbps
Main Thread changed parallelism to 3 and concurrency to 3
Monitor Thread Throughput : 1.28 Gbps
Monitor Thread Throughput : 1.92 Gbps
Monitor Thread Throughput : 1.28 Gbps
Monitor Thread Throughput : 0.96 Gbps
Monitor Thread Throughput : 0.96 Gbps
Monitor Thread Throughput : 0.32 Gbps
Concurrent Thread 0 shutting down because there are no files to download
Parent ID : 0 thread ID: 1, shutting itself off
Parent ID : 0 thread ID: 2, shutting itself off
Parent ID : 0 thread ID: 0, shutting itself off
Concurrent Thread 4 shutting down because there are no files to download
Concurrent Thread 2 shutting down because there are no files to download
Parent ID : 2 thread ID: 0, shutting itself off
Parent ID : 2 thread ID: 1, shutting itself off
Parent ID : 2 thread ID: 2, shutting itself off
Concurrent Thread 8 shutting down because there are no files to download
Concurrent Thread 12 shutting down because there are no files to download
Concurrent Thread 10 shutting down because there are no files to download
Concurrent Thread 7 shutting down because there are no files to download
Concurrent Thread 5 shutting down because there are no files to download
Concurrent Thread 13 shutting down because there are no files to download
Concurrent Thread 1 shutting down because there are no files to download
Parent ID : 1 thread ID: 0, shutting itself off
Parent ID : 1 thread ID: 1, shutting itself off
Parent ID : 1 thread ID: 2, shutting itself off
Concurrent Thread 14 shutting down because there are no files to download
Concurrent Thread 11 shutting down because there are no files to download
Concurrent Thread 15 shutting down because there are no files to download
Concurrent Thread 6 shutting down because there are no files to download
Concurrent Thread 16 shutting down because there are no files to download
Concurrent Thread 9 shutting down because there are no files to download
Concurrent Thread 3 shutting down because there are no files to download
