1703656535.787937 -- INFO: Throughput @1703656535.7875001s:   0.0Gbps, lossRate: 0 CC:1  score:0.0  rtt:0.0 ms energy:0.0 Jules s-plr:0.0 
1703656536.786037 -- INFO: Throughput @1703656536.785958s:   0.0Gbps, lossRate: 0.0 CC:4  score:0.0  rtt:0.0 ms energy:0.0 Jules s-plr:0.0 
1703656537.787215 -- INFO: Throughput @1703656537.7871468s:   0.0Gbps, lossRate: 0 CC:4  score:0.0  rtt:32.7 ms energy:0.0 Jules s-plr:0.0 
1703656538.787035 -- INFO: Throughput @1703656538.786969s:   0.0Gbps, lossRate: 0 CC:4  score:0.0  rtt:32.6 ms energy:0.0 Jules s-plr:0.0 
1703656539.788103 -- INFO: Throughput @1703656539.7880383s:   0.0Gbps, lossRate: 0 CC:4  score:0.0  rtt:32.7 ms energy:0.0 Jules s-plr:0.0 
1703656540.789538 -- INFO: Throughput @1703656540.789474s:   0.0Gbps, lossRate: 0 CC:4  score:0.0  rtt:32.6 ms energy:0.0 Jules s-plr:0.0 
1703656541.790448 -- INFO: Throughput @1703656541.7903771s:   0.0Gbps, lossRate: 0.0 CC:4  score:0.0  rtt:32.8 ms energy:0.0 Jules s-plr:0.0 
1703656542.793036 -- INFO: Throughput @1703656542.7929585s:   0.64Gbps, lossRate: 0 CC:4  score:1.0  rtt:32.8 ms energy:0.0 Jules s-plr:0.0 
1703656543.793562 -- INFO: Throughput @1703656543.7934864s:   0.64Gbps, lossRate: 0 CC:4  score:1.0  rtt:32.7 ms energy:0.0 Jules s-plr:0.0 
1703656544.794020 -- INFO: Throughput @1703656544.7939382s:   0.64Gbps, lossRate: 0.0 CC:4  score:1.0  rtt:32.6 ms energy:0.0 Jules s-plr:0.0 
1703656545.796423 -- INFO: Throughput @1703656545.796346s:   1.28Gbps, lossRate: 0 CC:4  score:1.0  rtt:32.6 ms energy:0.0 Jules s-plr:0.0 
1703656546.797014 -- INFO: Throughput @1703656546.796935s:   1.28Gbps, lossRate: 0 CC:4  score:1.0  rtt:32.7 ms energy:0.0 Jules s-plr:0.0 
1703656547.798570 -- INFO: Throughput @1703656547.7984967s:   1.28Gbps, lossRate: 0 CC:4  score:1.0  rtt:32.7 ms energy:43.0 Jules s-plr:0.0 
1703656548.798524 -- INFO: Throughput @1703656548.7984478s:   1.6Gbps, lossRate: 0 CC:4  score:1.0  rtt:32.8 ms energy:43.0 Jules s-plr:0.0 
1703656549.800471 -- INFO: Throughput @1703656549.8003936s:   1.6Gbps, lossRate: 0 CC:4  score:1.0  rtt:32.7 ms energy:43.0 Jules s-plr:0.0 
1703656550.801930 -- INFO: Throughput @1703656550.8018525s:   1.28Gbps, lossRate: 0 CC:4  score:1.0  rtt:32.7 ms energy:43.0 Jules s-plr:0.0 
1703656551.802047 -- INFO: Throughput @1703656551.8019679s:   1.28Gbps, lossRate: 0 CC:4  score:1.0  rtt:32.7 ms energy:43.0 Jules s-plr:0.0 
1703656552.803967 -- INFO: Throughput @1703656552.8038757s:   1.6Gbps, lossRate: 0 CC:4  score:-44.0  rtt:32.7 ms energy:43.0 Jules s-plr:2.8291030205581715 
1703656553.804009 -- INFO: Throughput @1703656553.803939s:   1.28Gbps, lossRate: 0.0 CC:4  score:1.0  rtt:32.6 ms energy:43.0 Jules s-plr:0.0 
1703656554.804354 -- INFO: Throughput @1703656554.8042855s:   1.28Gbps, lossRate: 0 CC:4  score:-53.0  rtt:32.7 ms energy:43.0 Jules s-plr:4.241369697532872 
1703656555.807205 -- INFO: Throughput @1703656555.8071404s:   1.28Gbps, lossRate: 0 CC:4  score:1.0  rtt:32.5 ms energy:43.0 Jules s-plr:0.0 
1703656556.807252 -- INFO: Throughput @1703656556.807185s:   0.96Gbps, lossRate: 0.0 CC:4  score:1.0  rtt:32.7 ms energy:43.0 Jules s-plr:0.0 
1703656557.807546 -- INFO: Throughput @1703656557.8074806s:   1.28Gbps, lossRate: 0 CC:4  score:1.0  rtt:32.6 ms energy:43.0 Jules s-plr:0.0 
1703656558.809989 -- INFO: Throughput @1703656558.8099222s:   0.96Gbps, lossRate: 0 CC:4  score:1.0  rtt:32.6 ms energy:43.0 Jules s-plr:0.0 
1703656559.810238 -- INFO: Throughput @1703656559.8101685s:   0.96Gbps, lossRate: 0 CC:1  score:1.0  rtt:32.6 ms energy:43.0 Jules s-plr:0.0 
1703656560.810941 -- INFO: Throughput @1703656560.8108742s:   1.28Gbps, lossRate: 0 CC:1  score:1.0  rtt:32.6 ms energy:43.0 Jules s-plr:0.0 
1703656561.813540 -- INFO: Throughput @1703656561.8134716s:   1.28Gbps, lossRate: 0 CC:1  score:-59.0  rtt:32.7 ms energy:43.0 Jules s-plr:4.678632478632479 
1703656562.813783 -- INFO: Throughput @1703656562.8137178s:   0.96Gbps, lossRate: 0 CC:1  score:1.0  rtt:33.0 ms energy:43.0 Jules s-plr:0.0 
1703656563.813987 -- INFO: Throughput @1703656563.8139207s:   1.28Gbps, lossRate: 0 CC:1  score:1.0  rtt:33.0 ms energy:43.0 Jules s-plr:0.0 
1703656564.816903 -- INFO: Throughput @1703656564.8168285s:   1.28Gbps, lossRate: 0 CC:1  score:1.0  rtt:32.6 ms energy:43.0 Jules s-plr:0.0 
1703656565.817033 -- INFO: Throughput @1703656565.8169634s:   0.96Gbps, lossRate: 0 CC:4  score:1.0  rtt:32.6 ms energy:46.0 Jules s-plr:0.0 
1703656566.816743 -- INFO: Throughput @1703656566.8166757s:   0.64Gbps, lossRate: 0 CC:4  score:1.0  rtt:32.7 ms energy:46.0 Jules s-plr:0.0 
1703656567.820027 -- INFO: Throughput @1703656567.8199618s:   0.64Gbps, lossRate: 0 CC:4  score:1.0  rtt:32.7 ms energy:46.0 Jules s-plr:0.0 
1703656568.820356 -- INFO: Throughput @1703656568.8202903s:   0.64Gbps, lossRate: 0 CC:4  score:1.0  rtt:32.8 ms energy:46.0 Jules s-plr:0.0 
1703656569.820163 -- INFO: Throughput @1703656569.8200953s:   0.64Gbps, lossRate: 0 CC:4  score:-1.0  rtt:32.8 ms energy:46.0 Jules s-plr:0.22223926380368098 
1703656570.823426 -- INFO: Throughput @1703656570.8233476s:   0.64Gbps, lossRate: 0 CC:4  score:1.0  rtt:32.7 ms energy:46.0 Jules s-plr:0.0 
1703656571.824575 -- INFO: Throughput @1703656571.8244994s:   0.96Gbps, lossRate: 0.0 CC:1  score:1.0  rtt:32.7 ms energy:41.0 Jules s-plr:0.0 
1703656572.825201 -- INFO: Throughput @1703656572.8251219s:   0.96Gbps, lossRate: 0 CC:1  score:1.0  rtt:32.9 ms energy:41.0 Jules s-plr:0.0 
1703656573.826758 -- INFO: Throughput @1703656573.8266792s:   0.96Gbps, lossRate: 0 CC:1  score:1.0  rtt:32.9 ms energy:41.0 Jules s-plr:0.0 
1703656574.828776 -- INFO: Throughput @1703656574.8286324s:   1.28Gbps, lossRate: 0.0 CC:1  score:1.0  rtt:32.7 ms energy:41.0 Jules s-plr:0.0 
1703656575.827296 -- INFO: Throughput @1703656575.8272192s:   1.28Gbps, lossRate: 0 CC:1  score:1.0  rtt:32.6 ms energy:41.0 Jules s-plr:0.0 
1703656576.829737 -- INFO: Throughput @1703656576.829659s:   1.28Gbps, lossRate: 0 CC:1  score:1.0  rtt:32.6 ms energy:44.0 Jules s-plr:0.0 
1703656577.830601 -- INFO: Throughput @1703656577.8305247s:   1.28Gbps, lossRate: 0 CC:1  score:1.0  rtt:32.7 ms energy:44.0 Jules s-plr:0.0 
1703656578.830550 -- INFO: Throughput @1703656578.8304782s:   1.6Gbps, lossRate: 0 CC:1  score:2.0  rtt:32.7 ms energy:44.0 Jules s-plr:0.0 
1703656579.832479 -- INFO: Throughput @1703656579.8324032s:   0.64Gbps, lossRate: 0 CC:1  score:1.0  rtt:32.6 ms energy:44.0 Jules s-plr:0.0 
1703656580.833180 -- INFO: Throughput @1703656580.8331099s:   0.96Gbps, lossRate: 0 CC:1  score:1.0  rtt:32.7 ms energy:44.0 Jules s-plr:0.0 
1703656581.833408 -- INFO: Throughput @1703656581.8333402s:   0.32Gbps, lossRate: 0 CC:1  score:0.0  rtt:32.8 ms energy:44.0 Jules s-plr:0.0 
1703656582.834430 -- INFO: Throughput @1703656582.834363s:   0.32Gbps, lossRate: 0 CC:1  score:0.0  rtt:32.8 ms energy:41.0 Jules s-plr:0.0 
1703656583.836443 -- INFO: Throughput @1703656583.836375s:   0.32Gbps, lossRate: 0 CC:1  score:0.0  rtt:32.8 ms energy:41.0 Jules s-plr:0.0 
1703656584.837746 -- INFO: Throughput @1703656584.8376806s:   0.32Gbps, lossRate: 0 CC:1  score:0.0  rtt:32.7 ms energy:41.0 Jules s-plr:0.0 
1703656585.838212 -- INFO: Throughput @1703656585.8381455s:   0.32Gbps, lossRate: 0 CC:1  score:0.0  rtt:32.6 ms energy:41.0 Jules s-plr:0.0 
1703656586.839854 -- INFO: Throughput @1703656586.83979s:   0.32Gbps, lossRate: 0 CC:1  score:0.0  rtt:32.7 ms energy:41.0 Jules s-plr:0.0 
1703656587.840093 -- INFO: Throughput @1703656587.84003s:   0.0Gbps, lossRate: 0 CC:1  score:0.0  rtt:32.7 ms energy:41.0 Jules s-plr:0.0 
1703656588.842041 -- INFO: Throughput @1703656588.8419771s:   0.0Gbps, lossRate: 0 CC:1  score:0.0  rtt:32.7 ms energy:51.0 Jules s-plr:0.0 
1703656589.842769 -- INFO: Throughput @1703656589.8427022s:   0.32Gbps, lossRate: 0.0 CC:1  score:0.0  rtt:32.7 ms energy:51.0 Jules s-plr:0.0 
1703656590.842736 -- INFO: Throughput @1703656590.8426712s:   0.32Gbps, lossRate: 0 CC:4  score:0.0  rtt:32.6 ms energy:51.0 Jules s-plr:0.0 
1703656591.845190 -- INFO: Throughput @1703656591.8451235s:   0.32Gbps, lossRate: 0 CC:4  score:0.0  rtt:32.6 ms energy:51.0 Jules s-plr:0.0 
1703656592.846364 -- INFO: Throughput @1703656592.8463s:   0.32Gbps, lossRate: 0 CC:4  score:0.0  rtt:32.7 ms energy:51.0 Jules s-plr:0.0 
1703656593.846500 -- INFO: Throughput @1703656593.8464327s:   0.32Gbps, lossRate: 0 CC:4  score:0.0  rtt:32.6 ms energy:51.0 Jules s-plr:0.0 
1703656594.847497 -- INFO: Throughput @1703656594.84743s:   0.32Gbps, lossRate: 0 CC:4  score:0.0  rtt:32.6 ms energy:42.0 Jules s-plr:0.0 
1703656595.849496 -- INFO: Throughput @1703656595.8494282s:   0.32Gbps, lossRate: 0 CC:4  score:0.0  rtt:32.6 ms energy:42.0 Jules s-plr:0.0 
1703656596.849996 -- INFO: Throughput @1703656596.8499286s:   0.64Gbps, lossRate: 0 CC:4  score:1.0  rtt:32.8 ms energy:42.0 Jules s-plr:0.0 
1703656597.850874 -- INFO: Throughput @1703656597.8508077s:   0.32Gbps, lossRate: 0 CC:4  score:0.0  rtt:32.7 ms energy:42.0 Jules s-plr:0.0 
1703656598.853224 -- INFO: Throughput @1703656598.8531532s:   1.28Gbps, lossRate: 0.0 CC:4  score:1.0  rtt:32.7 ms energy:42.0 Jules s-plr:0.0 
1703656599.855225 -- INFO: Throughput @1703656599.8551583s:   1.28Gbps, lossRate: 0 CC:4  score:1.0  rtt:32.7 ms energy:42.0 Jules s-plr:0.0 
1703656600.853998 -- INFO: Throughput @1703656600.853933s:   1.28Gbps, lossRate: 0 CC:4  score:1.0  rtt:32.6 ms energy:43.0 Jules s-plr:0.0 
1703656601.856229 -- INFO: Throughput @1703656601.8561625s:   1.28Gbps, lossRate: 0 CC:4  score:1.0  rtt:32.9 ms energy:43.0 Jules s-plr:0.0 
1703656602.857138 -- INFO: Throughput @1703656602.8570678s:   1.28Gbps, lossRate: 0 CC:1  score:1.0  rtt:32.6 ms energy:43.0 Jules s-plr:0.0 
1703656603.858215 -- INFO: Throughput @1703656603.858106s:   1.6Gbps, lossRate: 0 CC:1  score:2.0  rtt:32.7 ms energy:43.0 Jules s-plr:0.0 
1703656604.859022 -- INFO: Throughput @1703656604.858947s:   1.6Gbps, lossRate: 0 CC:1  score:2.0  rtt:32.6 ms energy:43.0 Jules s-plr:0.0 
1703656605.860719 -- INFO: Throughput @1703656605.8606398s:   0.96Gbps, lossRate: 0 CC:1  score:1.0  rtt:32.6 ms energy:43.0 Jules s-plr:0.0 
1703656606.863073 -- INFO: Throughput @1703656606.8629932s:   0.64Gbps, lossRate: 0.0 CC:1  score:1.0  rtt:32.5 ms energy:57.0 Jules s-plr:0.0 
1703656607.862899 -- INFO: Throughput @1703656607.862795s:   1.28Gbps, lossRate: 0 CC:1  score:1.0  rtt:32.6 ms energy:57.0 Jules s-plr:0.0 
1703656608.864783 -- INFO: Throughput @1703656608.864683s:   1.28Gbps, lossRate: 0 CC:4  score:1.0  rtt:32.7 ms energy:57.0 Jules s-plr:0.0 
1703656609.866198 -- INFO: Throughput @1703656609.866079s:   0.96Gbps, lossRate: 0 CC:4  score:1.0  rtt:32.6 ms energy:57.0 Jules s-plr:0.0 
1703656610.864871 -- INFO: Throughput @1703656610.8647442s:   0.64Gbps, lossRate: 0 CC:4  score:1.0  rtt:32.7 ms energy:57.0 Jules s-plr:0.0 
1703656611.865271 -- INFO: Throughput @1703656611.8652024s:   0.32Gbps, lossRate: 0 CC:4  score:0.0  rtt:32.7 ms energy:57.0 Jules s-plr:0.0 
1703656612.867979 -- INFO: Throughput @1703656612.8679104s:   0.32Gbps, lossRate: 0 CC:4  score:0.0  rtt:32.7 ms energy:41.0 Jules s-plr:0.0 
1703656613.867524 -- INFO: Throughput @1703656613.8674564s:   0.32Gbps, lossRate: 0 CC:4  score:0.0  rtt:32.7 ms energy:41.0 Jules s-plr:0.0 
1703656614.867858 -- INFO: Throughput @1703656614.8677914s:   0.32Gbps, lossRate: 0 CC:4  score:0.0  rtt:32.6 ms energy:41.0 Jules s-plr:0.0 
1703656615.870301 -- INFO: Throughput @1703656615.870232s:   0.32Gbps, lossRate: 0.0 CC:4  score:0.0  rtt:32.6 ms energy:41.0 Jules s-plr:0.0 
1703656616.872132 -- INFO: Throughput @1703656616.8720558s:   1.6Gbps, lossRate: 0 CC:4  score:1.0  rtt:32.6 ms energy:41.0 Jules s-plr:0.0 
1703656617.871643 -- INFO: Throughput @1703656617.8715672s:   1.28Gbps, lossRate: 0 CC:4  score:1.0  rtt:32.9 ms energy:41.0 Jules s-plr:0.0 
1703656618.873764 -- INFO: Throughput @1703656618.8736875s:   1.28Gbps, lossRate: 0 CC:4  score:1.0  rtt:32.9 ms energy:43.0 Jules s-plr:0.0 
1703656619.875483 -- INFO: Throughput @1703656619.8754063s:   1.28Gbps, lossRate: 0 CC:4  score:1.0  rtt:32.7 ms energy:43.0 Jules s-plr:0.0 
1703656620.876065 -- INFO: Throughput @1703656620.8759885s:   1.28Gbps, lossRate: 0 CC:1  score:1.0  rtt:32.8 ms energy:43.0 Jules s-plr:0.0 
1703656621.877379 -- INFO: Throughput @1703656621.8772988s:   0.96Gbps, lossRate: 0.0 CC:1  score:1.0  rtt:32.7 ms energy:43.0 Jules s-plr:0.0 
1703656622.879056 -- INFO: Throughput @1703656622.8789787s:   1.28Gbps, lossRate: 0 CC:1  score:1.0  rtt:32.8 ms energy:43.0 Jules s-plr:0.0 
1703656623.879076 -- INFO: Throughput @1703656623.8789961s:   1.92Gbps, lossRate: 0 CC:1  score:-38.0  rtt:32.9 ms energy:43.0 Jules s-plr:2.0994111048794166 
1703656624.879858 -- INFO: Throughput @1703656624.879781s:   1.28Gbps, lossRate: 0 CC:1  score:1.0  rtt:32.6 ms energy:43.0 Jules s-plr:0.0 
1703656625.881897 -- INFO: Throughput @1703656625.8818169s:   1.28Gbps, lossRate: 0 CC:1  score:1.0  rtt:32.6 ms energy:43.0 Jules s-plr:0.0 
1703656626.877201 -- INFO: Throughput @1703656626.8771408s:   1.28Gbps, lossRate: 0 CC:1  score:1.0  rtt:32.8 ms energy:43.0 Jules s-plr:0.0 
1703656627.882313 -- INFO: Throughput @1703656627.8822432s:   0.96Gbps, lossRate: 0 CC:1  score:1.0  rtt:32.6 ms energy:43.0 Jules s-plr:0.0 
1703656628.885460 -- INFO: Throughput @1703656628.8853922s:   0.64Gbps, lossRate: 0 CC:1  score:1.0  rtt:32.7 ms energy:43.0 Jules s-plr:0.0 
1703656629.884896 -- INFO: Throughput @1703656629.884821s:   0.96Gbps, lossRate: 0 CC:1  score:1.0  rtt:32.7 ms energy:43.0 Jules s-plr:0.0 
1703656630.885679 -- INFO: Throughput @1703656630.8856015s:   0.32Gbps, lossRate: 0 CC:1  score:0.0  rtt:32.7 ms energy:42.0 Jules s-plr:0.0 
1703656631.887871 -- INFO: Throughput @1703656631.8877957s:   0.32Gbps, lossRate: 0 CC:1  score:0.0  rtt:32.7 ms energy:42.0 Jules s-plr:0.0 
1703656632.881160 -- INFO: Throughput @1703656632.8810894s:   0.32Gbps, lossRate: 0 CC:4  score:0.0  rtt:32.7 ms energy:42.0 Jules s-plr:0.0 
1703656633.888778 -- INFO: Throughput @1703656633.8887086s:   0.32Gbps, lossRate: 0 CC:4  score:0.0  rtt:32.7 ms energy:42.0 Jules s-plr:0.0 
1703656634.891006 -- INFO: Throughput @1703656634.8909383s:   0.32Gbps, lossRate: 0 CC:4  score:0.0  rtt:32.6 ms energy:42.0 Jules s-plr:0.0 
1703656635.890504 -- INFO: Throughput @1703656635.8904371s:   0.64Gbps, lossRate: 0 CC:4  score:1.0  rtt:32.6 ms energy:42.0 Jules s-plr:0.0 
1703656636.892557 -- INFO: Throughput @1703656636.8924928s:   0.32Gbps, lossRate: 0 CC:4  score:0.0  rtt:32.7 ms energy:42.0 Jules s-plr:0.0 
1703656637.894237 -- INFO: Throughput @1703656637.8941698s:   0.32Gbps, lossRate: 0 CC:4  score:0.0  rtt:32.6 ms energy:42.0 Jules s-plr:0.0 
1703656638.893977 -- INFO: Throughput @1703656638.8939116s:   0.32Gbps, lossRate: 0 CC:4  score:0.0  rtt:32.7 ms energy:42.0 Jules s-plr:0.0 
1703656639.894825 -- INFO: Throughput @1703656639.8947566s:   0.32Gbps, lossRate: 0.0 CC:4  score:0.0  rtt:32.9 ms energy:42.0 Jules s-plr:0.0 
1703656640.897482 -- INFO: Throughput @1703656640.8974037s:   1.28Gbps, lossRate: 0 CC:4  score:1.0  rtt:32.7 ms energy:42.0 Jules s-plr:0.0 
1703656641.899607 -- INFO: Throughput @1703656641.8995318s:   1.28Gbps, lossRate: 0 CC:4  score:1.0  rtt:32.8 ms energy:42.0 Jules s-plr:0.0 
1703656642.898283 -- INFO: Throughput @1703656642.898204s:   1.28Gbps, lossRate: 0 CC:4  score:1.0  rtt:32.9 ms energy:43.0 Jules s-plr:0.0 
1703656643.900996 -- INFO: Throughput @1703656643.9009185s:   1.28Gbps, lossRate: 0 CC:4  score:1.0  rtt:32.7 ms energy:43.0 Jules s-plr:0.0 
1703656644.901218 -- INFO: Throughput @1703656644.901141s:   1.6Gbps, lossRate: 0 CC:1  score:2.0  rtt:32.6 ms energy:43.0 Jules s-plr:0.0 
1703656645.901988 -- INFO: Throughput @1703656645.90191s:   1.28Gbps, lossRate: 0 CC:1  score:1.0  rtt:32.7 ms energy:43.0 Jules s-plr:0.0 
1703656646.904310 -- INFO: Throughput @1703656646.9042335s:   1.6Gbps, lossRate: 0 CC:1  score:2.0  rtt:32.7 ms energy:43.0 Jules s-plr:0.0 
1703656647.905314 -- INFO: Throughput @1703656647.9052324s:   1.92Gbps, lossRate: 0 CC:1  score:-41.0  rtt:32.8 ms energy:43.0 Jules s-plr:2.208210305743404 
1703656648.905091 -- INFO: Throughput @1703656648.905013s:   1.28Gbps, lossRate: 0 CC:1  score:1.0  rtt:32.8 ms energy:43.0 Jules s-plr:0.0 
1703656649.906731 -- INFO: Throughput @1703656649.9066525s:   1.28Gbps, lossRate: 0 CC:1  score:1.0  rtt:32.6 ms energy:43.0 Jules s-plr:0.0 
1703656650.899363 -- INFO: Throughput @1703656650.899315s:   0.64Gbps, lossRate: 0 CC:1  score:1.0  rtt:32.8 ms energy:43.0 Jules s-plr:0.0 
1703656651.908112 -- INFO: Throughput @1703656651.908043s:   0.32Gbps, lossRate: 0.0 CC:1  score:0.0  rtt:32.7 ms energy:43.0 Jules s-plr:0.0 
1703656652.908686 -- INFO: Throughput @1703656652.9086165s:   0.32Gbps, lossRate: 0 CC:1  score:0.0  rtt:32.8 ms energy:43.0 Jules s-plr:0.0 
1703656653.910737 -- INFO: Throughput @1703656653.9106688s:   0.64Gbps, lossRate: 0 CC:1  score:-4.0  rtt:32.8 ms energy:43.0 Jules s-plr:0.6897536594073546 
1703656654.911448 -- INFO: Throughput @1703656654.911381s:   0.32Gbps, lossRate: 0 CC:1  score:0.0  rtt:32.6 ms energy:42.0 Jules s-plr:0.0 
1703656655.911783 -- INFO: Throughput @1703656655.9117157s:   0.32Gbps, lossRate: 0 CC:1  score:0.0  rtt:32.7 ms energy:42.0 Jules s-plr:0.0 
1703656656.916306 -- INFO: Throughput @1703656656.9162161s:   0.32Gbps, lossRate: 0 CC:1  score:0.0  rtt:32.8 ms energy:42.0 Jules s-plr:0.0 
1703656657.914737 -- INFO: Throughput @1703656657.9146507s:   0.32Gbps, lossRate: 0 CC:1  score:0.0  rtt:32.6 ms energy:42.0 Jules s-plr:0.0 
1703656658.915265 -- INFO: Throughput @1703656658.9151902s:   0.32Gbps, lossRate: 0 CC:1  score:0.0  rtt:32.6 ms energy:42.0 Jules s-plr:0.0 
1703656659.916751 -- INFO: Throughput @1703656659.9166822s:   0.32Gbps, lossRate: 0 CC:1  score:0.0  rtt:32.6 ms energy:42.0 Jules s-plr:0.0 
1703656660.918144 -- INFO: Throughput @1703656660.9180765s:   0.64Gbps, lossRate: 0 CC:1  score:1.0  rtt:32.6 ms energy:42.0 Jules s-plr:0.0 
1703656661.918319 -- INFO: Throughput @1703656661.918251s:   0.32Gbps, lossRate: 0 CC:1  score:0.0  rtt:32.6 ms energy:42.0 Jules s-plr:0.0 
1703656662.919602 -- INFO: Throughput @1703656662.9195328s:   0.32Gbps, lossRate: 0 CC:1  score:0.0  rtt:32.7 ms energy:42.0 Jules s-plr:0.0 
1703656663.922052 -- INFO: Throughput @1703656663.9219775s:   0.32Gbps, lossRate: 0 CC:4  score:0.0  rtt:32.7 ms energy:42.0 Jules s-plr:0.0 
1703656664.922357 -- INFO: Throughput @1703656664.9222908s:   0.32Gbps, lossRate: 0 CC:4  score:0.0  rtt:32.7 ms energy:42.0 Jules s-plr:0.0 
1703656665.922488 -- INFO: Throughput @1703656665.9224231s:   0.32Gbps, lossRate: 0 CC:4  score:0.0  rtt:32.8 ms energy:42.0 Jules s-plr:0.0 
1703656666.924938 -- INFO: Throughput @1703656666.9248717s:   0.32Gbps, lossRate: 0 CC:4  score:0.0  rtt:32.7 ms energy:42.0 Jules s-plr:0.0 
1703656667.925332 -- INFO: Throughput @1703656667.925266s:   0.32Gbps, lossRate: 0 CC:4  score:0.0  rtt:32.6 ms energy:42.0 Jules s-plr:0.0 
1703656668.925561 -- INFO: Throughput @1703656668.9255106s:   0.32Gbps, lossRate: 0 CC:4  score:0.0  rtt:32.8 ms energy:42.0 Jules s-plr:0.0 
1703656669.928727 -- INFO: Throughput @1703656669.9286485s:   0.64Gbps, lossRate: 0.0 CC:1  score:-9.0  rtt:32.7 ms energy:42.0 Jules s-plr:1.47 
1703656670.929132 -- INFO: Throughput @1703656670.929054s:   1.28Gbps, lossRate: 0 CC:1  score:1.0  rtt:32.8 ms energy:42.0 Jules s-plr:0.0 
1703656671.928641 -- INFO: Throughput @1703656671.9285634s:   1.28Gbps, lossRate: 0 CC:1  score:1.0  rtt:32.7 ms energy:42.0 Jules s-plr:0.0 
1703656672.931117 -- INFO: Throughput @1703656672.9310439s:   0.64Gbps, lossRate: 0.0 CC:1  score:1.0  rtt:32.7 ms energy:51.0 Jules s-plr:0.0 
1703656673.931856 -- INFO: Throughput @1703656673.9317937s:   1.28Gbps, lossRate: 0 CC:1  score:1.0  rtt:32.7 ms energy:51.0 Jules s-plr:0.0 
1703656674.932295 -- INFO: Throughput @1703656674.932203s:   1.28Gbps, lossRate: 0 CC:1  score:1.0  rtt:32.6 ms energy:51.0 Jules s-plr:0.0 
1703656675.934931 -- INFO: Throughput @1703656675.934852s:   1.6Gbps, lossRate: 0 CC:4  score:1.0  rtt:32.6 ms energy:51.0 Jules s-plr:0.0 
1703656676.935937 -- INFO: Throughput @1703656676.9358625s:   1.6Gbps, lossRate: 0 CC:4  score:-16.0  rtt:32.6 ms energy:51.0 Jules s-plr:1.0694572580857737 
1703656677.934649 -- INFO: Throughput @1703656677.934579s:   0.32Gbps, lossRate: 0 CC:4  score:0.0  rtt:32.6 ms energy:51.0 Jules s-plr:0.0 
1703656678.937013 -- INFO: Throughput @1703656678.9369447s:   0.32Gbps, lossRate: 0 CC:4  score:0.0  rtt:32.6 ms energy:42.0 Jules s-plr:0.0 
1703656679.938065 -- INFO: Throughput @1703656679.9379976s:   0.32Gbps, lossRate: 0 CC:4  score:0.0  rtt:32.7 ms energy:42.0 Jules s-plr:0.0 
1703656680.938030 -- INFO: Throughput @1703656680.9379618s:   0.32Gbps, lossRate: 0 CC:4  score:0.0  rtt:32.6 ms energy:42.0 Jules s-plr:0.0 
1703656681.939988 -- INFO: Throughput @1703656681.9399147s:   0.64Gbps, lossRate: 0.0 CC:1  score:-86.0  rtt:32.6 ms energy:42.0 Jules s-plr:13.471086542948418 
1703656682.941946 -- INFO: Throughput @1703656682.9418743s:   1.28Gbps, lossRate: 0 CC:1  score:1.0  rtt:32.8 ms energy:42.0 Jules s-plr:0.0 
1703656683.942039 -- INFO: Throughput @1703656683.941969s:   1.28Gbps, lossRate: 0 CC:1  score:1.0  rtt:32.6 ms energy:42.0 Jules s-plr:0.0 
1703656684.943277 -- INFO: Throughput @1703656684.9432101s:   1.28Gbps, lossRate: 0 CC:1  score:1.0  rtt:32.6 ms energy:48.0 Jules s-plr:0.0 
1703656685.945119 -- INFO: Throughput @1703656685.9450529s:   1.28Gbps, lossRate: 0 CC:1  score:1.0  rtt:32.6 ms energy:48.0 Jules s-plr:0.0 
1703656686.944814 -- INFO: Throughput @1703656686.9447336s:   1.28Gbps, lossRate: 0 CC:1  score:1.0  rtt:32.6 ms energy:48.0 Jules s-plr:0.0 
1703656687.945460 -- INFO: Throughput @1703656687.945391s:   0.96Gbps, lossRate: 0.0 CC:4  score:1.0  rtt:32.7 ms energy:48.0 Jules s-plr:0.0 
1703656688.947815 -- INFO: Throughput @1703656688.9477491s:   1.6Gbps, lossRate: 0 CC:4  score:1.0  rtt:32.6 ms energy:48.0 Jules s-plr:0.0 
1703656689.947761 -- INFO: Throughput @1703656689.9476943s:   0.96Gbps, lossRate: 0 CC:4  score:1.0  rtt:32.7 ms energy:48.0 Jules s-plr:0.0 
1703656690.948512 -- INFO: Throughput @1703656690.9484444s:   0.32Gbps, lossRate: 0 CC:4  score:0.0  rtt:32.6 ms energy:42.0 Jules s-plr:0.0 
1703656691.951571 -- INFO: Throughput @1703656691.9515028s:   0.32Gbps, lossRate: 0 CC:4  score:0.0  rtt:32.8 ms energy:42.0 Jules s-plr:0.0 
1703656692.951531 -- INFO: Throughput @1703656692.9514647s:   0.32Gbps, lossRate: 0 CC:4  score:0.0  rtt:32.8 ms energy:42.0 Jules s-plr:0.0 
1703656693.952092 -- INFO: Throughput @1703656693.9520254s:   0.32Gbps, lossRate: 0.0 CC:4  score:0.0  rtt:32.9 ms energy:42.0 Jules s-plr:0.0 
1703656694.953959 -- INFO: Throughput @1703656694.953893s:   1.28Gbps, lossRate: 0 CC:4  score:1.0  rtt:32.6 ms energy:42.0 Jules s-plr:0.0 
1703656695.955451 -- INFO: Throughput @1703656695.9553838s:   1.6Gbps, lossRate: 0 CC:4  score:1.0  rtt:32.6 ms energy:42.0 Jules s-plr:0.0 
1703656696.955731 -- INFO: Throughput @1703656696.9556653s:   1.28Gbps, lossRate: 0 CC:4  score:1.0  rtt:32.6 ms energy:43.0 Jules s-plr:0.0 
1703656697.956618 -- INFO: Throughput @1703656697.9565482s:   1.28Gbps, lossRate: 0 CC:4  score:-6.0  rtt:32.7 ms energy:43.0 Jules s-plr:0.5937713427127441 
1703656698.958654 -- INFO: Throughput @1703656698.9585886s:   1.28Gbps, lossRate: 0 CC:4  score:1.0  rtt:32.6 ms energy:43.0 Jules s-plr:0.0 
1703656699.959415 -- INFO: Throughput @1703656699.9593484s:   1.28Gbps, lossRate: 0 CC:1  score:1.0  rtt:32.6 ms energy:43.0 Jules s-plr:0.0 
1703656700.959641 -- INFO: Throughput @1703656700.9595714s:   1.92Gbps, lossRate: 0 CC:1  score:-41.0  rtt:32.6 ms energy:43.0 Jules s-plr:2.2512404149751917 
1703656701.962095 -- INFO: Throughput @1703656701.9620225s:   0.96Gbps, lossRate: 0 CC:1  score:1.0  rtt:32.6 ms energy:43.0 Jules s-plr:0.0 
1703656702.962877 -- INFO: Throughput @1703656702.9628055s:   0.64Gbps, lossRate: 0.0 CC:1  score:1.0  rtt:32.5 ms energy:55.0 Jules s-plr:0.0 
1703656703.962669 -- INFO: Throughput @1703656703.9625988s:   1.28Gbps, lossRate: 0 CC:1  score:1.0  rtt:32.6 ms energy:55.0 Jules s-plr:0.0 
1703656704.965666 -- INFO: Throughput @1703656704.9655979s:   1.6Gbps, lossRate: 0 CC:1  score:2.0  rtt:32.6 ms energy:55.0 Jules s-plr:0.0 
1703656705.965875 -- INFO: Throughput @1703656705.9658062s:   0.96Gbps, lossRate: 0 CC:1  score:1.0  rtt:32.7 ms energy:55.0 Jules s-plr:0.0 
1703656706.966795 -- INFO: Throughput @1703656706.966722s:   0.64Gbps, lossRate: 0 CC:1  score:1.0  rtt:32.6 ms energy:55.0 Jules s-plr:0.0 
1703656707.967426 -- INFO: Throughput @1703656707.9673543s:   0.32Gbps, lossRate: 0 CC:1  score:0.0  rtt:32.6 ms energy:55.0 Jules s-plr:0.0 
1703656708.969348 -- INFO: Throughput @1703656708.969275s:   0.32Gbps, lossRate: 0 CC:1  score:0.0  rtt:32.6 ms energy:42.0 Jules s-plr:0.0 
1703656709.972026 -- INFO: Throughput @1703656709.971929s:   0.64Gbps, lossRate: 0 CC:1  score:1.0  rtt:32.6 ms energy:42.0 Jules s-plr:0.0 
1703656710.970548 -- INFO: Throughput @1703656710.9704785s:   0.32Gbps, lossRate: 0 CC:1  score:0.0  rtt:32.9 ms energy:42.0 Jules s-plr:0.0 
1703656711.973612 -- INFO: Throughput @1703656711.9735425s:   0.32Gbps, lossRate: 0 CC:1  score:0.0  rtt:32.6 ms energy:42.0 Jules s-plr:0.0 
1703656712.972918 -- INFO: Throughput @1703656712.97285s:   0.32Gbps, lossRate: 0 CC:1  score:0.0  rtt:32.7 ms energy:42.0 Jules s-plr:0.0 
1703656713.974303 -- INFO: Throughput @1703656713.9742324s:   0.32Gbps, lossRate: 0 CC:1  score:0.0  rtt:32.7 ms energy:42.0 Jules s-plr:0.0 
1703656714.975828 -- INFO: Throughput @1703656714.9757555s:   0.32Gbps, lossRate: 0 CC:1  score:0.0  rtt:32.6 ms energy:42.0 Jules s-plr:0.0 
1703656715.976182 -- INFO: Throughput @1703656715.976114s:   0.32Gbps, lossRate: 0 CC:1  score:0.0  rtt:32.7 ms energy:42.0 Jules s-plr:0.0 
1703656716.977376 -- INFO: Throughput @1703656716.9773076s:   0.32Gbps, lossRate: 0 CC:1  score:0.0  rtt:32.6 ms energy:42.0 Jules s-plr:0.0 
1703656717.980080 -- INFO: Throughput @1703656717.9800112s:   0.64Gbps, lossRate: 0 CC:1  score:1.0  rtt:32.6 ms energy:42.0 Jules s-plr:0.0 
1703656718.979654 -- INFO: Throughput @1703656718.9795847s:   0.32Gbps, lossRate: 0 CC:1  score:0.0  rtt:32.7 ms energy:42.0 Jules s-plr:0.0 
1703656719.979564 -- INFO: Throughput @1703656719.9794953s:   0.32Gbps, lossRate: 0 CC:1  score:0.0  rtt:32.6 ms energy:42.0 Jules s-plr:0.0 
1703656720.982523 -- INFO: Throughput @1703656720.98245s:   0.32Gbps, lossRate: 0 CC:1  score:0.0  rtt:32.6 ms energy:41.0 Jules s-plr:0.0 
1703656721.983532 -- INFO: Throughput @1703656721.9834585s:   0.32Gbps, lossRate: 0 CC:1  score:0.0  rtt:32.7 ms energy:41.0 Jules s-plr:0.0 
1703656722.983259 -- INFO: Throughput @1703656722.9831922s:   0.0Gbps, lossRate: 0 CC:1  score:0.0  rtt:32.7 ms energy:41.0 Jules s-plr:0.0 
1703656723.984900 -- INFO: Throughput @1703656723.984833s:   0.0Gbps, lossRate: 0.0 CC:4  score:0.0  rtt:32.6 ms energy:41.0 Jules s-plr:0.0 
1703656724.986708 -- INFO: Throughput @1703656724.9866383s:   0.32Gbps, lossRate: 0 CC:4  score:0.0  rtt:32.6 ms energy:41.0 Jules s-plr:0.0 
1703656725.986579 -- INFO: Throughput @1703656725.9865134s:   0.32Gbps, lossRate: 0 CC:4  score:0.0  rtt:32.6 ms energy:41.0 Jules s-plr:0.0 
1703656726.989135 -- INFO: Throughput @1703656726.989067s:   0.32Gbps, lossRate: 0 CC:4  score:0.0  rtt:32.6 ms energy:41.0 Jules s-plr:0.0 
1703656727.990440 -- INFO: Throughput @1703656727.9903665s:   0.32Gbps, lossRate: 0 CC:4  score:0.0  rtt:32.7 ms energy:41.0 Jules s-plr:0.0 
1703656728.990917 -- INFO: Throughput @1703656728.9908454s:   0.32Gbps, lossRate: 0 CC:4  score:0.0  rtt:32.7 ms energy:41.0 Jules s-plr:0.0 
1703656729.988588 -- INFO: Throughput @1703656729.9885125s:   0.32Gbps, lossRate: 0.0 CC:4  score:0.0  rtt:32.7 ms energy:41.0 Jules s-plr:0.0 
1703656730.993564 -- INFO: Throughput @1703656730.9934933s:   1.28Gbps, lossRate: 0 CC:4  score:1.0  rtt:32.6 ms energy:41.0 Jules s-plr:0.0 
1703656731.994344 -- INFO: Throughput @1703656731.9942756s:   1.6Gbps, lossRate: 0 CC:4  score:1.0  rtt:32.6 ms energy:41.0 Jules s-plr:0.0 
1703656732.994198 -- INFO: Throughput @1703656732.9941316s:   1.28Gbps, lossRate: 0 CC:4  score:1.0  rtt:32.7 ms energy:43.0 Jules s-plr:0.0 
1703656733.997329 -- INFO: Throughput @1703656733.9972596s:   1.28Gbps, lossRate: 0 CC:4  score:1.0  rtt:32.6 ms energy:43.0 Jules s-plr:0.0 
1703656734.997852 -- INFO: Throughput @1703656734.997781s:   1.28Gbps, lossRate: 0 CC:4  score:1.0  rtt:32.6 ms energy:43.0 Jules s-plr:0.0 
1703656735.998348 -- INFO: Throughput @1703656735.9982488s:   1.6Gbps, lossRate: 0 CC:1  score:2.0  rtt:32.6 ms energy:43.0 Jules s-plr:0.0 
1703656736.999916 -- INFO: Throughput @1703656736.9998434s:   1.6Gbps, lossRate: 0 CC:1  score:2.0  rtt:32.7 ms energy:43.0 Jules s-plr:0.0 
1703656738.000443 -- INFO: Throughput @1703656738.000373s:   1.92Gbps, lossRate: 0 CC:1  score:2.0  rtt:32.6 ms energy:43.0 Jules s-plr:0.0 
1703656739.000430 -- INFO: Throughput @1703656739.0003603s:   0.64Gbps, lossRate: 0.0 CC:1  score:1.0  rtt:32.7 ms energy:47.0 Jules s-plr:0.0 
1703656740.003076 -- INFO: Throughput @1703656740.0030067s:   1.28Gbps, lossRate: 0 CC:1  score:1.0  rtt:32.6 ms energy:47.0 Jules s-plr:0.0 
1703656741.005168 -- INFO: Throughput @1703656741.0050986s:   1.28Gbps, lossRate: 0 CC:1  score:1.0  rtt:32.6 ms energy:47.0 Jules s-plr:0.0 
1703656742.003862 -- INFO: Throughput @1703656742.0037882s:   0.96Gbps, lossRate: 0 CC:4  score:1.0  rtt:32.6 ms energy:47.0 Jules s-plr:0.0 
1703656743.005212 -- INFO: Throughput @1703656743.00514s:   0.64Gbps, lossRate: 0 CC:4  score:1.0  rtt:32.6 ms energy:47.0 Jules s-plr:0.0 
1703656744.007141 -- INFO: Throughput @1703656744.0070715s:   0.32Gbps, lossRate: 0 CC:4  score:0.0  rtt:32.6 ms energy:47.0 Jules s-plr:0.0 
1703656745.007150 -- INFO: Throughput @1703656745.0070822s:   0.32Gbps, lossRate: 0 CC:4  score:0.0  rtt:32.6 ms energy:41.0 Jules s-plr:0.0 
1703656746.008325 -- INFO: Throughput @1703656746.0082583s:   0.64Gbps, lossRate: 0 CC:4  score:1.0  rtt:32.7 ms energy:41.0 Jules s-plr:0.0 
1703656747.010504 -- INFO: Throughput @1703656747.0104325s:   0.32Gbps, lossRate: 0 CC:4  score:0.0  rtt:32.7 ms energy:41.0 Jules s-plr:0.0 
1703656748.010439 -- INFO: Throughput @1703656748.0103695s:   0.32Gbps, lossRate: 0.0 CC:1  score:0.0  rtt:32.6 ms energy:41.0 Jules s-plr:0.0 
1703656749.011145 -- INFO: Throughput @1703656749.0110767s:   1.28Gbps, lossRate: 0 CC:1  score:1.0  rtt:32.7 ms energy:41.0 Jules s-plr:0.0 
1703656750.012989 -- INFO: Throughput @1703656750.0129192s:   1.28Gbps, lossRate: 0 CC:1  score:1.0  rtt:32.7 ms energy:41.0 Jules s-plr:0.0 
1703656751.013689 -- INFO: Throughput @1703656751.0136213s:   1.28Gbps, lossRate: 0 CC:1  score:1.0  rtt:32.7 ms energy:43.0 Jules s-plr:0.0 
1703656752.014608 -- INFO: Throughput @1703656752.0145404s:   1.28Gbps, lossRate: 0 CC:1  score:1.0  rtt:32.8 ms energy:43.0 Jules s-plr:0.0 
1703656753.015916 -- INFO: Throughput @1703656753.0158465s:   1.28Gbps, lossRate: 0 CC:1  score:1.0  rtt:32.8 ms energy:43.0 Jules s-plr:0.0 
1703656754.017184 -- INFO: Throughput @1703656754.0171137s:   0.96Gbps, lossRate: 0.0 CC:1  score:1.0  rtt:32.9 ms energy:43.0 Jules s-plr:0.0 
1703656755.017372 -- INFO: Throughput @1703656755.0173047s:   1.92Gbps, lossRate: 0 CC:1  score:2.0  rtt:32.7 ms energy:43.0 Jules s-plr:0.0 
1703656756.018308 -- INFO: Throughput @1703656756.0182374s:   0.64Gbps, lossRate: 0 CC:1  score:1.0  rtt:32.7 ms energy:43.0 Jules s-plr:0.0 
1703656757.020209 -- INFO: Throughput @1703656757.0201385s:   0.32Gbps, lossRate: 0 CC:1  score:0.0  rtt:32.7 ms energy:42.0 Jules s-plr:0.0 
1703656758.020578 -- INFO: Throughput @1703656758.020506s:   0.32Gbps, lossRate: 0 CC:1  score:0.0  rtt:32.7 ms energy:42.0 Jules s-plr:0.0 
1703656759.023248 -- INFO: Throughput @1703656759.0231483s:   0.32Gbps, lossRate: 0 CC:1  score:0.0  rtt:32.6 ms energy:42.0 Jules s-plr:0.0 
1703656760.023731 -- INFO: Throughput @1703656760.0236597s:   0.32Gbps, lossRate: 0 CC:1  score:0.0  rtt:32.8 ms energy:42.0 Jules s-plr:0.0 
1703656761.024384 -- INFO: Throughput @1703656761.0243142s:   0.32Gbps, lossRate: 0 CC:1  score:0.0  rtt:32.7 ms energy:42.0 Jules s-plr:0.0 
1703656762.024197 -- INFO: Throughput @1703656762.0241268s:   0.32Gbps, lossRate: 0 CC:1  score:0.0  rtt:32.8 ms energy:42.0 Jules s-plr:0.0 
1703656763.026568 -- INFO: Throughput @1703656763.026499s:   0.64Gbps, lossRate: 0 CC:1  score:1.0  rtt:32.7 ms energy:41.0 Jules s-plr:0.0 
1703656764.027600 -- INFO: Throughput @1703656764.0275288s:   0.32Gbps, lossRate: 0 CC:1  score:0.0  rtt:32.6 ms energy:41.0 Jules s-plr:0.0 
1703656765.027169 -- INFO: Throughput @1703656765.0270965s:   0.32Gbps, lossRate: 0 CC:1  score:0.0  rtt:32.7 ms energy:41.0 Jules s-plr:0.0 
1703656766.028285 -- INFO: Throughput @1703656766.0282109s:   0.32Gbps, lossRate: 0 CC:4  score:0.0  rtt:32.8 ms energy:41.0 Jules s-plr:0.0 
1703656767.030875 -- INFO: Throughput @1703656767.030804s:   0.32Gbps, lossRate: 0 CC:4  score:0.0  rtt:32.8 ms energy:41.0 Jules s-plr:0.0 
1703656768.031781 -- INFO: Throughput @1703656768.0316968s:   0.32Gbps, lossRate: 0 CC:4  score:0.0  rtt:32.6 ms energy:41.0 Jules s-plr:0.0 
1703656769.031776 -- INFO: Throughput @1703656769.0316985s:   0.32Gbps, lossRate: 0 CC:4  score:0.0  rtt:32.7 ms energy:41.0 Jules s-plr:0.0 
1703656770.034155 -- INFO: Throughput @1703656770.034085s:   0.64Gbps, lossRate: 0 CC:4  score:1.0  rtt:32.7 ms energy:41.0 Jules s-plr:0.0 
1703656771.033754 -- INFO: Throughput @1703656771.0336854s:   0.32Gbps, lossRate: 0 CC:4  score:0.0  rtt:32.7 ms energy:41.0 Jules s-plr:0.0 
1703656772.035343 -- INFO: Throughput @1703656772.0352712s:   0.32Gbps, lossRate: 0.0 CC:1  score:0.0  rtt:32.6 ms energy:41.0 Jules s-plr:0.0 
1703656773.036943 -- INFO: Throughput @1703656773.036859s:   1.28Gbps, lossRate: 0 CC:1  score:1.0  rtt:32.7 ms energy:41.0 Jules s-plr:0.0 
1703656774.037558 -- INFO: Throughput @1703656774.0374794s:   0.96Gbps, lossRate: 0 CC:1  score:1.0  rtt:32.6 ms energy:41.0 Jules s-plr:0.0 
1703656775.038604 -- INFO: Throughput @1703656775.038532s:   0.64Gbps, lossRate: 0.0 CC:1  score:1.0  rtt:32.6 ms energy:54.0 Jules s-plr:0.0 
1703656776.038942 -- INFO: Throughput @1703656776.0388758s:   1.28Gbps, lossRate: 0 CC:1  score:1.0  rtt:32.6 ms energy:54.0 Jules s-plr:0.0 
1703656777.040697 -- INFO: Throughput @1703656777.04063s:   1.28Gbps, lossRate: 0 CC:1  score:1.0  rtt:32.7 ms energy:54.0 Jules s-plr:0.0 
1703656778.042754 -- INFO: Throughput @1703656778.0426726s:   1.28Gbps, lossRate: 0 CC:1  score:1.0  rtt:33.1 ms energy:54.0 Jules s-plr:0.0 
1703656779.040908 -- INFO: Throughput @1703656779.0408304s:   1.6Gbps, lossRate: 0 CC:1  score:2.0  rtt:32.7 ms energy:54.0 Jules s-plr:0.0 
1703656780.043725 -- INFO: Throughput @1703656780.0436468s:   0.64Gbps, lossRate: 0 CC:1  score:1.0  rtt:32.7 ms energy:54.0 Jules s-plr:0.0 
1703656781.044790 -- INFO: Throughput @1703656781.0447202s:   0.32Gbps, lossRate: 0 CC:1  score:0.0  rtt:32.7 ms energy:42.0 Jules s-plr:0.0 
1703656782.045907 -- INFO: Throughput @1703656782.0458262s:   0.32Gbps, lossRate: 0 CC:1  score:0.0  rtt:32.7 ms energy:42.0 Jules s-plr:0.0 
1703656783.047098 -- INFO: Throughput @1703656783.0470226s:   0.64Gbps, lossRate: 0 CC:1  score:1.0  rtt:32.6 ms energy:42.0 Jules s-plr:0.0 
1703656784.047634 -- INFO: Throughput @1703656784.047566s:   0.32Gbps, lossRate: 0 CC:4  score:0.0  rtt:32.6 ms energy:42.0 Jules s-plr:0.0 
1703656785.047808 -- INFO: Throughput @1703656785.0477235s:   0.32Gbps, lossRate: 0 CC:4  score:0.0  rtt:32.7 ms energy:42.0 Jules s-plr:0.0 
1703656786.050124 -- INFO: Throughput @1703656786.050055s:   0.32Gbps, lossRate: 0 CC:4  score:0.0  rtt:32.6 ms energy:42.0 Jules s-plr:0.0 
1703656787.051764 -- INFO: Throughput @1703656787.0516806s:   0.32Gbps, lossRate: 0 CC:4  score:0.0  rtt:32.6 ms energy:42.0 Jules s-plr:0.0 
1703656788.051220 -- INFO: Throughput @1703656788.0511463s:   0.32Gbps, lossRate: 0 CC:4  score:0.0  rtt:32.7 ms energy:42.0 Jules s-plr:0.0 
1703656789.053461 -- INFO: Throughput @1703656789.0533917s:   0.32Gbps, lossRate: 0 CC:4  score:0.0  rtt:32.9 ms energy:42.0 Jules s-plr:0.0 
1703656790.054161 -- INFO: Throughput @1703656790.054095s:   0.32Gbps, lossRate: 0.0 CC:4  score:0.0  rtt:32.7 ms energy:42.0 Jules s-plr:0.0 
1703656791.054515 -- INFO: Throughput @1703656791.054453s:   1.6Gbps, lossRate: 0 CC:4  score:1.0  rtt:33.0 ms energy:42.0 Jules s-plr:0.0 
1703656792.057142 -- INFO: Throughput @1703656792.0570066s:   1.28Gbps, lossRate: 0 CC:4  score:1.0  rtt:32.8 ms energy:42.0 Jules s-plr:0.0 
1703656793.057625 -- INFO: Throughput @1703656793.0575514s:   0.64Gbps, lossRate: 0.0 CC:4  score:1.0  rtt:32.7 ms energy:47.0 Jules s-plr:0.0 
1703656794.057700 -- INFO: Throughput @1703656794.0576332s:   1.28Gbps, lossRate: 0 CC:4  score:1.0  rtt:32.6 ms energy:47.0 Jules s-plr:0.0 
1703656795.059952 -- INFO: Throughput @1703656795.0598843s:   1.28Gbps, lossRate: 0 CC:4  score:1.0  rtt:32.7 ms energy:47.0 Jules s-plr:0.0 
1703656796.060454 -- INFO: Throughput @1703656796.0603867s:   1.28Gbps, lossRate: 0 CC:4  score:1.0  rtt:32.6 ms energy:47.0 Jules s-plr:0.0 
1703656797.062339 -- INFO: Throughput @1703656797.0622733s:   1.92Gbps, lossRate: 0 CC:4  score:2.0  rtt:32.6 ms energy:47.0 Jules s-plr:0.0 
1703656798.063176 -- INFO: Throughput @1703656798.0631113s:   1.28Gbps, lossRate: 0 CC:4  score:1.0  rtt:32.5 ms energy:47.0 Jules s-plr:0.0 
1703656799.064099 -- INFO: Throughput @1703656799.064034s:   1.28Gbps, lossRate: 0 CC:4  score:1.0  rtt:32.6 ms energy:43.0 Jules s-plr:0.0 
1703656800.065680 -- INFO: Throughput @1703656800.0655992s:   1.28Gbps, lossRate: 0 CC:4  score:1.0  rtt:32.5 ms energy:43.0 Jules s-plr:0.0 
1703656801.066398 -- INFO: Throughput @1703656801.0663276s:   1.92Gbps, lossRate: 0 CC:4  score:2.0  rtt:32.6 ms energy:43.0 Jules s-plr:0.0 
1703656802.066444 -- INFO: Throughput @1703656802.0663729s:   0.96Gbps, lossRate: 0.0 CC:1  score:1.0  rtt:32.6 ms energy:43.0 Jules s-plr:0.0 
1703656803.067167 -- INFO: Throughput @1703656803.0670977s:   1.28Gbps, lossRate: 0 CC:1  score:1.0  rtt:32.6 ms energy:43.0 Jules s-plr:0.0 
1703656804.070463 -- INFO: Throughput @1703656804.070397s:   1.28Gbps, lossRate: 0 CC:1  score:1.0  rtt:32.7 ms energy:43.0 Jules s-plr:0.0 
1703656805.071140 -- INFO: Throughput @1703656805.0710583s:   0.96Gbps, lossRate: 0.0 CC:1  score:1.0  rtt:32.7 ms energy:52.0 Jules s-plr:0.0 
1703656806.070868 -- INFO: Throughput @1703656806.070797s:   1.28Gbps, lossRate: 0 CC:1  score:1.0  rtt:32.6 ms energy:52.0 Jules s-plr:0.0 
1703656807.072405 -- INFO: Throughput @1703656807.0723386s:   1.28Gbps, lossRate: 0 CC:1  score:1.0  rtt:34.0 ms energy:52.0 Jules s-plr:0.0 
1703656808.067942 -- INFO: Throughput @1703656808.0678978s:   1.28Gbps, lossRate: 0 CC:1  score:1.0  rtt:32.6 ms energy:52.0 Jules s-plr:0.0 
1703656809.073684 -- INFO: Throughput @1703656809.0736141s:   1.6Gbps, lossRate: 0 CC:1  score:2.0  rtt:32.8 ms energy:52.0 Jules s-plr:0.0 
1703656810.076387 -- INFO: Throughput @1703656810.0763032s:   0.64Gbps, lossRate: 0 CC:1  score:1.0  rtt:32.7 ms energy:52.0 Jules s-plr:0.0 
1703656811.077179 -- INFO: Throughput @1703656811.077103s:   0.32Gbps, lossRate: 0 CC:1  score:0.0  rtt:32.7 ms energy:42.0 Jules s-plr:0.0 
1703656812.077319 -- INFO: Throughput @1703656812.077249s:   0.32Gbps, lossRate: 0 CC:1  score:0.0  rtt:32.7 ms energy:42.0 Jules s-plr:0.0 
1703656813.077944 -- INFO: Throughput @1703656813.0778756s:   0.32Gbps, lossRate: 0 CC:1  score:-88.0  rtt:32.7 ms energy:42.0 Jules s-plr:27.5126582278481 
1703656814.080676 -- INFO: Throughput @1703656814.0805926s:   0.32Gbps, lossRate: 0 CC:4  score:0.0  rtt:32.8 ms energy:42.0 Jules s-plr:0.0 
1703656815.080760 -- INFO: Throughput @1703656815.080687s:   0.32Gbps, lossRate: 0 CC:4  score:0.0  rtt:32.8 ms energy:42.0 Jules s-plr:0.0 
1703656816.082551 -- INFO: Throughput @1703656816.082483s:   0.64Gbps, lossRate: 0 CC:4  score:1.0  rtt:32.6 ms energy:42.0 Jules s-plr:0.0 
1703656817.083591 -- INFO: Throughput @1703656817.083524s:   0.32Gbps, lossRate: 0 CC:4  score:0.0  rtt:32.7 ms energy:41.0 Jules s-plr:0.0 
1703656818.083650 -- INFO: Throughput @1703656818.0835824s:   0.32Gbps, lossRate: 0 CC:4  score:0.0  rtt:32.6 ms energy:41.0 Jules s-plr:0.0 
1703656819.086049 -- INFO: Throughput @1703656819.0859673s:   0.32Gbps, lossRate: 0 CC:4  score:0.0  rtt:32.7 ms energy:41.0 Jules s-plr:0.0 
1703656820.086900 -- INFO: Throughput @1703656820.0868282s:   0.32Gbps, lossRate: 0.0 CC:1  score:0.0  rtt:32.6 ms energy:41.0 Jules s-plr:0.0 
1703656821.086856 -- INFO: Throughput @1703656821.0867865s:   1.28Gbps, lossRate: 0 CC:1  score:1.0  rtt:32.6 ms energy:41.0 Jules s-plr:0.0 
1703656822.089078 -- INFO: Throughput @1703656822.0890064s:   1.28Gbps, lossRate: 0 CC:1  score:1.0  rtt:32.7 ms energy:41.0 Jules s-plr:0.0 
1703656823.090278 -- INFO: Throughput @1703656823.0902045s:   0.96Gbps, lossRate: 0 CC:1  score:1.0  rtt:32.6 ms energy:47.0 Jules s-plr:0.0 
1703656824.089030 -- INFO: Throughput @1703656824.0889482s:   0.64Gbps, lossRate: 0 CC:1  score:1.0  rtt:32.6 ms energy:47.0 Jules s-plr:0.0 
1703656825.091143 -- INFO: Throughput @1703656825.0910673s:   0.64Gbps, lossRate: 0 CC:1  score:1.0  rtt:32.6 ms energy:47.0 Jules s-plr:0.0 
1703656826.083863 -- INFO: Throughput @1703656826.0838215s:   0.64Gbps, lossRate: 0.0 CC:4  score:1.0  rtt:32.6 ms energy:47.0 Jules s-plr:0.0 
1703656827.095368 -- INFO: Throughput @1703656827.095284s:   1.28Gbps, lossRate: 0 CC:4  score:1.0  rtt:32.6 ms energy:47.0 Jules s-plr:0.0 
1703656828.095319 -- INFO: Throughput @1703656828.0952427s:   0.64Gbps, lossRate: 0 CC:4  score:1.0  rtt:32.6 ms energy:47.0 Jules s-plr:0.0 
1703656829.096059 -- INFO: Throughput @1703656829.0959861s:   0.32Gbps, lossRate: 0 CC:4  score:0.0  rtt:32.7 ms energy:41.0 Jules s-plr:0.0 
1703656830.095747 -- INFO: Throughput @1703656830.095674s:   0.32Gbps, lossRate: 0 CC:4  score:0.0  rtt:32.6 ms energy:41.0 Jules s-plr:0.0 
1703656831.098191 -- INFO: Throughput @1703656831.0981228s:   0.32Gbps, lossRate: 0 CC:4  score:0.0  rtt:32.7 ms energy:41.0 Jules s-plr:0.0 
1703656832.100255 -- INFO: Throughput @1703656832.1001735s:   0.32Gbps, lossRate: 0.0 CC:1  score:0.0  rtt:32.6 ms energy:41.0 Jules s-plr:0.0 
1703656833.098975 -- INFO: Throughput @1703656833.0988994s:   0.64Gbps, lossRate: 0 CC:1  score:1.0  rtt:32.6 ms energy:41.0 Jules s-plr:0.0 
1703656834.101418 -- INFO: Throughput @1703656834.1013517s:   0.32Gbps, lossRate: 0 CC:1  score:0.0  rtt:32.6 ms energy:41.0 Jules s-plr:0.0 
1703656835.102025 -- INFO: Throughput @1703656835.101958s:   0.0Gbps, lossRate: 0 CC:1  score:0.0  rtt:32.8 ms energy:64.0 Jules s-plr:0.0 
1703656836.102401 -- INFO: Throughput @1703656836.1023326s:   0.0Gbps, lossRate: 0 CC:1  score:0.0  rtt:32.7 ms energy:64.0 Jules s-plr:0.0 
1703656837.105104 -- INFO: Throughput @1703656837.1050224s:   0.0Gbps, lossRate: 0 CC:1  score:0.0  rtt:32.6 ms energy:64.0 Jules s-plr:0.0 
1703656838.104959 -- INFO: Throughput @1703656838.1048863s:   0.0Gbps, lossRate: 0.0 CC:4  score:0.0  rtt:32.6 ms energy:64.0 Jules s-plr:0.0 
1703656839.106297 -- INFO: Throughput @1703656839.1062276s:   0.64Gbps, lossRate: 0 CC:4  score:1.0  rtt:32.6 ms energy:64.0 Jules s-plr:0.0 
1703656840.108348 -- INFO: Throughput @1703656840.1082823s:   0.64Gbps, lossRate: 0 CC:4  score:1.0  rtt:32.7 ms energy:64.0 Jules s-plr:0.0 
1703656841.108557 -- INFO: Throughput @1703656841.10849s:   0.32Gbps, lossRate: 0 CC:4  score:0.0  rtt:32.6 ms energy:42.0 Jules s-plr:0.0 
1703656842.110745 -- INFO: Throughput @1703656842.1106782s:   0.32Gbps, lossRate: 0 CC:4  score:0.0  rtt:32.7 ms energy:42.0 Jules s-plr:0.0 
1703656843.111345 -- INFO: Throughput @1703656843.111278s:   0.32Gbps, lossRate: 0 CC:4  score:0.0  rtt:32.6 ms energy:42.0 Jules s-plr:0.0 
1703656844.111951 -- INFO: Throughput @1703656844.1118822s:   0.32Gbps, lossRate: 0.0 CC:1  score:0.0  rtt:32.7 ms energy:42.0 Jules s-plr:0.0 
1703656845.112743 -- INFO: Throughput @1703656845.1126764s:   0.96Gbps, lossRate: 0 CC:1  score:1.0  rtt:32.6 ms energy:42.0 Jules s-plr:0.0 
1703656846.115351 -- INFO: Throughput @1703656846.1152833s:   0.64Gbps, lossRate: 0 CC:1  score:1.0  rtt:32.7 ms energy:42.0 Jules s-plr:0.0 
1703656847.115413 -- INFO: Throughput @1703656847.1153462s:   0.64Gbps, lossRate: 0 CC:1  score:1.0  rtt:32.7 ms energy:57.0 Jules s-plr:0.0 
1703656848.115765 -- INFO: Throughput @1703656848.1157s:   0.64Gbps, lossRate: 0 CC:1  score:1.0  rtt:32.6 ms energy:57.0 Jules s-plr:0.0 
1703656849.117745 -- INFO: Throughput @1703656849.1176782s:   0.32Gbps, lossRate: 0 CC:1  score:0.0  rtt:32.8 ms energy:57.0 Jules s-plr:0.0 
1703656850.118712 -- INFO: Throughput @1703656850.1186454s:   0.0Gbps, lossRate: 0 CC:4  score:0.0  rtt:32.8 ms energy:57.0 Jules s-plr:0.0 
1703656851.118636 -- INFO: Throughput @1703656851.1185713s:   0.0Gbps, lossRate: 0 CC:4  score:0.0  rtt:32.8 ms energy:57.0 Jules s-plr:0.0 
1703656852.121600 -- INFO: Throughput @1703656852.1215334s:   0.0Gbps, lossRate: 0 CC:4  score:0.0  rtt:32.7 ms energy:57.0 Jules s-plr:0.0 
1703656853.122051 -- INFO: Throughput @1703656853.1219842s:   0.0Gbps, lossRate: 0.0 CC:4  score:0.0  rtt:32.8 ms energy:51.0 Jules s-plr:0.0 
1703656854.122848 -- INFO: Throughput @1703656854.1227775s:   0.32Gbps, lossRate: 0 CC:4  score:0.0  rtt:32.8 ms energy:51.0 Jules s-plr:0.0 
1703656855.124687 -- INFO: Throughput @1703656855.124615s:   0.32Gbps, lossRate: 0 CC:4  score:0.0  rtt:32.8 ms energy:51.0 Jules s-plr:0.0 
1703656856.125196 -- INFO: Throughput @1703656856.1251261s:   0.32Gbps, lossRate: 0.0 CC:4  score:0.0  rtt:32.7 ms energy:51.0 Jules s-plr:0.0 
1703656857.126338 -- INFO: Throughput @1703656857.1262634s:   0.96Gbps, lossRate: 0 CC:4  score:1.0  rtt:32.8 ms energy:51.0 Jules s-plr:0.0 
1703656858.127892 -- INFO: Throughput @1703656858.1278257s:   1.6Gbps, lossRate: 0 CC:4  score:1.0  rtt:32.7 ms energy:51.0 Jules s-plr:0.0 
1703656859.128341 -- INFO: Throughput @1703656859.1282759s:   1.28Gbps, lossRate: 0.0 CC:4  score:1.0  rtt:32.6 ms energy:44.0 Jules s-plr:0.0 
1703656860.129202 -- INFO: Throughput @1703656860.1291347s:   1.28Gbps, lossRate: 0 CC:4  score:1.0  rtt:32.6 ms energy:44.0 Jules s-plr:0.0 
1703656861.131311 -- INFO: Throughput @1703656861.1312363s:   0.96Gbps, lossRate: 0 CC:4  score:1.0  rtt:32.5 ms energy:44.0 Jules s-plr:0.0 
1703656862.131658 -- INFO: Throughput @1703656862.1315875s:   0.64Gbps, lossRate: 0.0 CC:4  score:1.0  rtt:32.6 ms energy:44.0 Jules s-plr:0.0 
1703656863.132747 -- INFO: Throughput @1703656863.1326785s:   1.28Gbps, lossRate: 0 CC:4  score:1.0  rtt:33.2 ms energy:44.0 Jules s-plr:0.0 
1703656864.134295 -- INFO: Throughput @1703656864.1342273s:   0.96Gbps, lossRate: 0 CC:4  score:1.0  rtt:32.9 ms energy:44.0 Jules s-plr:0.0 
1703656865.134916 -- INFO: Throughput @1703656865.1348484s:   0.64Gbps, lossRate: 0 CC:4  score:1.0  rtt:32.7 ms energy:56.0 Jules s-plr:0.0 
1703656866.135352 -- INFO: Throughput @1703656866.1352851s:   0.64Gbps, lossRate: 0 CC:4  score:1.0  rtt:32.7 ms energy:56.0 Jules s-plr:0.0 
1703656867.138032 -- INFO: Throughput @1703656867.1379666s:   0.32Gbps, lossRate: 0 CC:4  score:0.0  rtt:32.8 ms energy:56.0 Jules s-plr:0.0 
1703656868.139802 -- INFO: Throughput @1703656868.1397328s:   0.32Gbps, lossRate: 0 CC:4  score:-6.0  rtt:32.6 ms energy:56.0 Jules s-plr:1.8327852264103213 
1703656869.129896 -- INFO: Throughput @1703656869.1298285s:   0.32Gbps, lossRate: 0 CC:1  score:0.0  rtt:32.6 ms energy:56.0 Jules s-plr:0.0 
1703656870.140568 -- INFO: Throughput @1703656870.140501s:   0.32Gbps, lossRate: 0 CC:1  score:0.0  rtt:32.7 ms energy:56.0 Jules s-plr:0.0 
1703656871.141031 -- INFO: Throughput @1703656871.1409628s:   0.32Gbps, lossRate: 0 CC:1  score:0.0  rtt:32.6 ms energy:56.0 Jules s-plr:0.0 
1703656872.142754 -- INFO: Throughput @1703656872.142678s:   0.32Gbps, lossRate: 0 CC:1  score:0.0  rtt:32.8 ms energy:56.0 Jules s-plr:0.0 
1703656873.144045 -- INFO: Throughput @1703656873.1439734s:   0.32Gbps, lossRate: 0 CC:1  score:0.0  rtt:32.8 ms energy:56.0 Jules s-plr:0.0 
1703656874.144307 -- INFO: Throughput @1703656874.1442294s:   0.32Gbps, lossRate: 0 CC:1  score:0.0  rtt:32.7 ms energy:56.0 Jules s-plr:0.0 
