1703666401.604411 -- INFO: Throughput @1703666401.6038773s:   0.0Gbps, lossRate: 0 CC:1  score:0.0  rtt:0.0 ms energy:0.0 Jules s-plr:0.0 
1703666402.598550 -- INFO: Throughput @1703666402.5984643s:   0.0Gbps, lossRate: 0.0 CC:16  score:0.0  rtt:0.0 ms energy:0.0 Jules s-plr:0.0 
1703666403.601065 -- INFO: Throughput @1703666403.600989s:   0.0Gbps, lossRate: 0 CC:16  score:0.0  rtt:32.6 ms energy:0.0 Jules s-plr:0.0 
1703666404.602086 -- INFO: Throughput @1703666404.6020086s:   0.0Gbps, lossRate: 0 CC:16  score:0.0  rtt:32.6 ms energy:0.0 Jules s-plr:0.0 
1703666405.602882 -- INFO: Throughput @1703666405.6028173s:   0.0Gbps, lossRate: 0 CC:16  score:0.0  rtt:32.7 ms energy:0.0 Jules s-plr:0.0 
1703666406.603025 -- INFO: Throughput @1703666406.6029634s:   0.0Gbps, lossRate: 0 CC:16  score:0.0  rtt:32.6 ms energy:0.0 Jules s-plr:0.0 
1703666407.606279 -- INFO: Throughput @1703666407.6062007s:   0.0Gbps, lossRate: 0.0 CC:16  score:0.0  rtt:32.6 ms energy:0.0 Jules s-plr:0.0 
1703666408.608658 -- INFO: Throughput @1703666408.6085742s:   2.56Gbps, lossRate: 0 CC:25  score:2.0  rtt:33.2 ms energy:0.0 Jules s-plr:0.0 
1703666409.604215 -- INFO: Throughput @1703666409.604125s:   2.56Gbps, lossRate: 0 CC:25  score:-6.0  rtt:34.5 ms energy:0.0 Jules s-plr:0.2984210526315789 
1703666410.606552 -- INFO: Throughput @1703666410.606466s:   2.56Gbps, lossRate: 0.0 CC:25  score:2.0  rtt:32.9 ms energy:0.0 Jules s-plr:0.0 
1703666411.605864 -- INFO: Throughput @1703666411.605781s:   5.12Gbps, lossRate: 0 CC:25  score:3.0  rtt:32.8 ms energy:0.0 Jules s-plr:0.0 
1703666412.611251 -- INFO: Throughput @1703666412.611185s:   5.44Gbps, lossRate: 0 CC:25  score:3.0  rtt:32.9 ms energy:0.0 Jules s-plr:0.0 
1703666413.613436 -- INFO: Throughput @1703666413.6133354s:   5.12Gbps, lossRate: 0.0 CC:16  score:-104.0  rtt:33.3 ms energy:59.0 Jules s-plr:2.11107256833634 
1703666414.614422 -- INFO: Throughput @1703666414.6143506s:   5.44Gbps, lossRate: 0 CC:16  score:4.0  rtt:33.1 ms energy:59.0 Jules s-plr:0.0 
1703666415.613163 -- INFO: Throughput @1703666415.6130831s:   8.0Gbps, lossRate: 0 CC:16  score:6.0  rtt:33.1 ms energy:59.0 Jules s-plr:0.0 
1703666416.614720 -- INFO: Throughput @1703666416.6146617s:   7.36Gbps, lossRate: 0.0 CC:16  score:5.0  rtt:33.0 ms energy:59.0 Jules s-plr:0.0 
1703666417.616860 -- INFO: Throughput @1703666417.6167626s:   4.8Gbps, lossRate: 0 CC:16  score:-4.0  rtt:32.8 ms energy:59.0 Jules s-plr:0.15191545574636725 
1703666418.616114 -- INFO: Throughput @1703666418.6160347s:   5.76Gbps, lossRate: 0 CC:16  score:4.0  rtt:32.6 ms energy:59.0 Jules s-plr:0.0 
1703666419.620201 -- INFO: Throughput @1703666419.6201138s:   8.96Gbps, lossRate: 0.0 CC:1  score:9.0  rtt:33.3 ms energy:78.0 Jules s-plr:0.0 
1703666420.618736 -- INFO: Throughput @1703666420.618676s:   6.4Gbps, lossRate: 0 CC:1  score:-409.0  rtt:33.1 ms energy:78.0 Jules s-plr:6.480882989467609 
1703666421.618689 -- INFO: Throughput @1703666421.6186469s:   6.4Gbps, lossRate: 0 CC:1  score:6.0  rtt:32.6 ms energy:78.0 Jules s-plr:0.0 
1703666422.620461 -- INFO: Throughput @1703666422.6203833s:   3.2Gbps, lossRate: 0.0 CC:1  score:3.0  rtt:35.6 ms energy:78.0 Jules s-plr:0.0 
1703666423.622607 -- INFO: Throughput @1703666423.6225305s:   5.76Gbps, lossRate: 0 CC:1  score:6.0  rtt:32.8 ms energy:78.0 Jules s-plr:0.0 
1703666424.623355 -- INFO: Throughput @1703666424.6232786s:   6.4Gbps, lossRate: 0 CC:1  score:6.0  rtt:32.9 ms energy:78.0 Jules s-plr:0.0 
1703666425.623233 -- INFO: Throughput @1703666425.623162s:   4.8Gbps, lossRate: 0.0 CC:9  score:4.0  rtt:32.5 ms energy:71.0 Jules s-plr:0.0 
1703666426.624572 -- INFO: Throughput @1703666426.6244967s:   5.44Gbps, lossRate: 0 CC:9  score:5.0  rtt:32.6 ms energy:71.0 Jules s-plr:0.0 
1703666427.625983 -- INFO: Throughput @1703666427.6259134s:   6.72Gbps, lossRate: 0 CC:9  score:6.0  rtt:32.7 ms energy:71.0 Jules s-plr:0.0 
1703666428.625864 -- INFO: Throughput @1703666428.6257877s:   1.92Gbps, lossRate: 0 CC:9  score:2.0  rtt:32.6 ms energy:71.0 Jules s-plr:0.0 
1703666429.626606 -- INFO: Throughput @1703666429.6265361s:   1.6Gbps, lossRate: 0 CC:9  score:1.0  rtt:32.6 ms energy:71.0 Jules s-plr:0.0 
1703666430.628954 -- INFO: Throughput @1703666430.6288843s:   0.32Gbps, lossRate: 0 CC:9  score:0.0  rtt:32.7 ms energy:71.0 Jules s-plr:0.0 
1703666431.629513 -- INFO: Throughput @1703666431.6294432s:   0.32Gbps, lossRate: 0.0 CC:4  score:0.0  rtt:32.7 ms energy:41.0 Jules s-plr:0.0 
1703666432.629646 -- INFO: Throughput @1703666432.6295774s:   0.96Gbps, lossRate: 0 CC:4  score:1.0  rtt:32.8 ms energy:41.0 Jules s-plr:0.0 
1703666433.633248 -- INFO: Throughput @1703666433.6331704s:   0.96Gbps, lossRate: 0 CC:4  score:1.0  rtt:32.6 ms energy:41.0 Jules s-plr:0.0 
1703666434.633993 -- INFO: Throughput @1703666434.633914s:   1.28Gbps, lossRate: 0.0 CC:4  score:1.0  rtt:32.6 ms energy:41.0 Jules s-plr:0.0 
1703666435.634373 -- INFO: Throughput @1703666435.634297s:   2.88Gbps, lossRate: 0 CC:4  score:3.0  rtt:32.6 ms energy:41.0 Jules s-plr:0.0 
1703666436.635345 -- INFO: Throughput @1703666436.6352644s:   1.92Gbps, lossRate: 0 CC:4  score:2.0  rtt:32.7 ms energy:41.0 Jules s-plr:0.0 
1703666437.637075 -- INFO: Throughput @1703666437.6369975s:   1.92Gbps, lossRate: 0.0 CC:1  score:2.0  rtt:32.8 ms energy:61.0 Jules s-plr:0.0 
1703666438.638481 -- INFO: Throughput @1703666438.6384037s:   2.88Gbps, lossRate: 0 CC:1  score:3.0  rtt:32.7 ms energy:61.0 Jules s-plr:0.0 
1703666439.639083 -- INFO: Throughput @1703666439.639003s:   3.52Gbps, lossRate: 0 CC:1  score:3.0  rtt:32.9 ms energy:61.0 Jules s-plr:0.0 
1703666440.639135 -- INFO: Throughput @1703666440.6390574s:   2.56Gbps, lossRate: 0 CC:1  score:3.0  rtt:32.9 ms energy:61.0 Jules s-plr:0.0 
1703666441.641515 -- INFO: Throughput @1703666441.6414351s:   0.96Gbps, lossRate: 0 CC:1  score:1.0  rtt:32.6 ms energy:61.0 Jules s-plr:0.0 
1703666442.643027 -- INFO: Throughput @1703666442.6429455s:   0.96Gbps, lossRate: 0 CC:1  score:1.0  rtt:32.7 ms energy:54.0 Jules s-plr:0.0 
1703666443.642451 -- INFO: Throughput @1703666443.6423736s:   1.28Gbps, lossRate: 0.0 CC:1  score:1.0  rtt:32.7 ms energy:54.0 Jules s-plr:0.0 
1703666444.643695 -- INFO: Throughput @1703666444.6436174s:   1.28Gbps, lossRate: 0 CC:1  score:1.0  rtt:32.7 ms energy:54.0 Jules s-plr:0.0 
1703666445.645695 -- INFO: Throughput @1703666445.645618s:   0.96Gbps, lossRate: 0 CC:1  score:1.0  rtt:32.7 ms energy:54.0 Jules s-plr:0.0 
1703666446.646016 -- INFO: Throughput @1703666446.6459353s:   0.96Gbps, lossRate: 0 CC:1  score:1.0  rtt:32.7 ms energy:54.0 Jules s-plr:0.0 
1703666447.646984 -- INFO: Throughput @1703666447.6469042s:   0.32Gbps, lossRate: 0 CC:1  score:0.0  rtt:32.7 ms energy:54.0 Jules s-plr:0.0 
1703666448.648891 -- INFO: Throughput @1703666448.648796s:   0.32Gbps, lossRate: 0 CC:1  score:0.0  rtt:32.6 ms energy:42.0 Jules s-plr:0.0 
1703666449.649829 -- INFO: Throughput @1703666449.6497552s:   0.64Gbps, lossRate: 0 CC:1  score:1.0  rtt:32.7 ms energy:42.0 Jules s-plr:0.0 
1703666450.649419 -- INFO: Throughput @1703666450.649342s:   0.0Gbps, lossRate: 0 CC:1  score:0.0  rtt:32.6 ms energy:42.0 Jules s-plr:0.0 
1703666451.652063 -- INFO: Throughput @1703666451.6519864s:   0.0Gbps, lossRate: 0 CC:1  score:0.0  rtt:32.6 ms energy:42.0 Jules s-plr:0.0 
1703666452.652667 -- INFO: Throughput @1703666452.6525867s:   0.32Gbps, lossRate: 0.0 CC:1  score:0.0  rtt:32.8 ms energy:42.0 Jules s-plr:0.0 
1703666453.652909 -- INFO: Throughput @1703666453.65283s:   0.32Gbps, lossRate: 0 CC:1  score:0.0  rtt:32.7 ms energy:42.0 Jules s-plr:0.0 
1703666454.654670 -- INFO: Throughput @1703666454.6545916s:   0.32Gbps, lossRate: 0 CC:1  score:0.0  rtt:32.7 ms energy:42.0 Jules s-plr:0.0 
1703666455.656126 -- INFO: Throughput @1703666455.6560502s:   0.32Gbps, lossRate: 0 CC:4  score:0.0  rtt:32.7 ms energy:42.0 Jules s-plr:0.0 
1703666456.656065 -- INFO: Throughput @1703666456.6559849s:   0.32Gbps, lossRate: 0 CC:4  score:0.0  rtt:32.7 ms energy:42.0 Jules s-plr:0.0 
1703666457.659268 -- INFO: Throughput @1703666457.6591885s:   0.32Gbps, lossRate: 0 CC:4  score:0.0  rtt:32.6 ms energy:42.0 Jules s-plr:0.0 
1703666458.659483 -- INFO: Throughput @1703666458.6594033s:   0.64Gbps, lossRate: 0 CC:4  score:1.0  rtt:32.6 ms energy:42.0 Jules s-plr:0.0 
1703666459.659348 -- INFO: Throughput @1703666459.6592672s:   0.32Gbps, lossRate: 0 CC:4  score:0.0  rtt:32.6 ms energy:42.0 Jules s-plr:0.0 
1703666460.662009 -- INFO: Throughput @1703666460.661929s:   0.32Gbps, lossRate: 0 CC:4  score:0.0  rtt:32.6 ms energy:42.0 Jules s-plr:0.0 
1703666461.662540 -- INFO: Throughput @1703666461.662457s:   0.32Gbps, lossRate: 0 CC:4  score:0.0  rtt:32.6 ms energy:42.0 Jules s-plr:0.0 
1703666462.663021 -- INFO: Throughput @1703666462.6629386s:   0.32Gbps, lossRate: 0 CC:4  score:0.0  rtt:32.7 ms energy:42.0 Jules s-plr:0.0 
1703666463.665698 -- INFO: Throughput @1703666463.665621s:   0.32Gbps, lossRate: 0.0 CC:4  score:0.0  rtt:32.6 ms energy:42.0 Jules s-plr:0.0 
1703666464.665581 -- INFO: Throughput @1703666464.665503s:   1.28Gbps, lossRate: 0.0 CC:4  score:1.0  rtt:32.7 ms energy:42.0 Jules s-plr:0.0 
1703666465.666047 -- INFO: Throughput @1703666465.6659758s:   1.28Gbps, lossRate: 0 CC:4  score:1.0  rtt:32.7 ms energy:42.0 Jules s-plr:0.0 
1703666466.668141 -- INFO: Throughput @1703666466.6680706s:   1.6Gbps, lossRate: 0 CC:4  score:1.0  rtt:32.6 ms energy:43.0 Jules s-plr:0.0 
1703666467.668373 -- INFO: Throughput @1703666467.6683018s:   1.28Gbps, lossRate: 0 CC:4  score:1.0  rtt:32.7 ms energy:43.0 Jules s-plr:0.0 
1703666468.669575 -- INFO: Throughput @1703666468.6695015s:   0.96Gbps, lossRate: 0 CC:1  score:1.0  rtt:32.7 ms energy:43.0 Jules s-plr:0.0 
1703666469.671686 -- INFO: Throughput @1703666469.6716137s:   0.96Gbps, lossRate: 0.0 CC:1  score:1.0  rtt:32.7 ms energy:43.0 Jules s-plr:0.0 
1703666470.671604 -- INFO: Throughput @1703666470.6715262s:   1.6Gbps, lossRate: 0 CC:1  score:2.0  rtt:32.7 ms energy:43.0 Jules s-plr:0.0 
1703666471.673451 -- INFO: Throughput @1703666471.67337s:   1.28Gbps, lossRate: 0 CC:1  score:-30.0  rtt:32.9 ms energy:43.0 Jules s-plr:2.4028565315074357 
1703666472.675551 -- INFO: Throughput @1703666472.6754713s:   1.28Gbps, lossRate: 0 CC:1  score:1.0  rtt:32.7 ms energy:44.0 Jules s-plr:0.0 
1703666473.675364 -- INFO: Throughput @1703666473.6752853s:   1.28Gbps, lossRate: 0 CC:1  score:1.0  rtt:32.7 ms energy:44.0 Jules s-plr:0.0 
1703666474.676113 -- INFO: Throughput @1703666474.6760356s:   1.6Gbps, lossRate: 0 CC:1  score:2.0  rtt:32.6 ms energy:44.0 Jules s-plr:0.0 
1703666475.678249 -- INFO: Throughput @1703666475.6781666s:   1.28Gbps, lossRate: 0 CC:1  score:-55.0  rtt:32.7 ms energy:44.0 Jules s-plr:4.422441651705565 
1703666476.678655 -- INFO: Throughput @1703666476.678575s:   0.64Gbps, lossRate: 0 CC:1  score:1.0  rtt:32.6 ms energy:44.0 Jules s-plr:0.0 
1703666477.678612 -- INFO: Throughput @1703666477.6785429s:   0.64Gbps, lossRate: 0 CC:1  score:1.0  rtt:32.6 ms energy:44.0 Jules s-plr:0.0 
1703666478.680874 -- INFO: Throughput @1703666478.6807885s:   0.64Gbps, lossRate: 0 CC:1  score:1.0  rtt:32.7 ms energy:42.0 Jules s-plr:0.0 
1703666479.682013 -- INFO: Throughput @1703666479.681942s:   0.32Gbps, lossRate: 0 CC:1  score:0.0  rtt:32.7 ms energy:42.0 Jules s-plr:0.0 
1703666480.682073 -- INFO: Throughput @1703666480.681996s:   0.32Gbps, lossRate: 0 CC:1  score:0.0  rtt:32.8 ms energy:42.0 Jules s-plr:0.0 
1703666481.683602 -- INFO: Throughput @1703666481.6835282s:   0.32Gbps, lossRate: 0 CC:1  score:0.0  rtt:32.9 ms energy:42.0 Jules s-plr:0.0 
1703666482.685019 -- INFO: Throughput @1703666482.684947s:   0.32Gbps, lossRate: 0 CC:1  score:0.0  rtt:32.7 ms energy:42.0 Jules s-plr:0.0 
1703666483.685203 -- INFO: Throughput @1703666483.6851306s:   0.32Gbps, lossRate: 0 CC:1  score:0.0  rtt:32.7 ms energy:42.0 Jules s-plr:0.0 
1703666484.686232 -- INFO: Throughput @1703666484.6861632s:   0.32Gbps, lossRate: 0 CC:1  score:0.0  rtt:32.7 ms energy:41.0 Jules s-plr:0.0 
1703666485.688416 -- INFO: Throughput @1703666485.688348s:   0.32Gbps, lossRate: 0 CC:1  score:0.0  rtt:32.6 ms energy:41.0 Jules s-plr:0.0 
1703666486.680905 -- INFO: Throughput @1703666486.6808414s:   0.0Gbps, lossRate: 0 CC:1  score:0.0  rtt:32.8 ms energy:41.0 Jules s-plr:2.454708520179372 
1703666487.690111 -- INFO: Throughput @1703666487.6900322s:   0.0Gbps, lossRate: 0.0 CC:1  score:0.0  rtt:32.6 ms energy:41.0 Jules s-plr:0.0 
1703666488.692030 -- INFO: Throughput @1703666488.6919494s:   0.32Gbps, lossRate: 0 CC:1  score:0.0  rtt:32.6 ms energy:41.0 Jules s-plr:0.0 
1703666489.692667 -- INFO: Throughput @1703666489.6925943s:   0.32Gbps, lossRate: 0 CC:1  score:0.0  rtt:32.7 ms energy:41.0 Jules s-plr:0.0 
1703666490.693248 -- INFO: Throughput @1703666490.6931775s:   0.32Gbps, lossRate: 0 CC:1  score:0.0  rtt:33.0 ms energy:41.0 Jules s-plr:0.0 
1703666491.693661 -- INFO: Throughput @1703666491.6935902s:   0.32Gbps, lossRate: 0 CC:1  score:0.0  rtt:32.7 ms energy:41.0 Jules s-plr:0.0 
1703666492.687618 -- INFO: Throughput @1703666492.6875525s:   0.32Gbps, lossRate: 0 CC:1  score:0.0  rtt:32.7 ms energy:41.0 Jules s-plr:0.0 
1703666493.695865 -- INFO: Throughput @1703666493.6957903s:   0.32Gbps, lossRate: 0 CC:1  score:0.0  rtt:32.7 ms energy:41.0 Jules s-plr:0.0 
1703666494.697063 -- INFO: Throughput @1703666494.6969922s:   0.32Gbps, lossRate: 0 CC:1  score:0.0  rtt:32.8 ms energy:41.0 Jules s-plr:0.0 
1703666495.699089 -- INFO: Throughput @1703666495.6990178s:   0.64Gbps, lossRate: 0 CC:1  score:1.0  rtt:32.7 ms energy:41.0 Jules s-plr:0.0 
1703666496.699292 -- INFO: Throughput @1703666496.6992202s:   0.32Gbps, lossRate: 0 CC:1  score:0.0  rtt:32.8 ms energy:41.0 Jules s-plr:0.0 
1703666497.700092 -- INFO: Throughput @1703666497.7000215s:   0.32Gbps, lossRate: 0 CC:1  score:-1.0  rtt:32.9 ms energy:41.0 Jules s-plr:0.5120141342756184 
1703666498.703207 -- INFO: Throughput @1703666498.7031357s:   0.32Gbps, lossRate: 0 CC:4  score:0.0  rtt:32.7 ms energy:41.0 Jules s-plr:0.0 
1703666499.702961 -- INFO: Throughput @1703666499.7028892s:   0.32Gbps, lossRate: 0 CC:4  score:0.0  rtt:32.7 ms energy:41.0 Jules s-plr:0.0 
1703666500.703357 -- INFO: Throughput @1703666500.703284s:   0.32Gbps, lossRate: 0 CC:4  score:0.0  rtt:32.7 ms energy:41.0 Jules s-plr:0.0 
1703666501.705439 -- INFO: Throughput @1703666501.7053654s:   0.64Gbps, lossRate: 0 CC:4  score:1.0  rtt:32.7 ms energy:41.0 Jules s-plr:0.0 
1703666502.706961 -- INFO: Throughput @1703666502.706885s:   0.32Gbps, lossRate: 0 CC:4  score:-9.0  rtt:32.7 ms energy:42.0 Jules s-plr:2.974050725700044 
1703666503.706054 -- INFO: Throughput @1703666503.7059844s:   0.32Gbps, lossRate: 0 CC:4  score:0.0  rtt:32.9 ms energy:42.0 Jules s-plr:0.0 
1703666504.708650 -- INFO: Throughput @1703666504.708573s:   0.32Gbps, lossRate: 0 CC:4  score:0.0  rtt:32.7 ms energy:42.0 Jules s-plr:0.0 
1703666505.710423 -- INFO: Throughput @1703666505.7103472s:   0.32Gbps, lossRate: 0.0 CC:1  score:0.0  rtt:32.8 ms energy:42.0 Jules s-plr:0.0 
1703666506.709832 -- INFO: Throughput @1703666506.7097642s:   1.28Gbps, lossRate: 0 CC:1  score:1.0  rtt:32.8 ms energy:42.0 Jules s-plr:0.0 
1703666507.712064 -- INFO: Throughput @1703666507.7119975s:   1.28Gbps, lossRate: 0 CC:1  score:1.0  rtt:32.6 ms energy:42.0 Jules s-plr:0.0 
1703666508.712196 -- INFO: Throughput @1703666508.7121263s:   0.96Gbps, lossRate: 0.0 CC:1  score:1.0  rtt:32.9 ms energy:46.0 Jules s-plr:0.0 
1703666509.712299 -- INFO: Throughput @1703666509.7122319s:   1.28Gbps, lossRate: 0 CC:1  score:1.0  rtt:32.8 ms energy:46.0 Jules s-plr:0.0 
1703666510.712839 -- INFO: Throughput @1703666510.712806s:   1.28Gbps, lossRate: 0 CC:1  score:1.0  rtt:33.0 ms energy:46.0 Jules s-plr:0.0 
1703666511.715333 -- INFO: Throughput @1703666511.7152612s:   1.28Gbps, lossRate: 0 CC:4  score:0.0  rtt:33.0 ms energy:46.0 Jules s-plr:0.06815936779716826 
1703666512.715472 -- INFO: Throughput @1703666512.7154045s:   1.92Gbps, lossRate: 0 CC:4  score:2.0  rtt:32.6 ms energy:46.0 Jules s-plr:0.0 
1703666513.715866 -- INFO: Throughput @1703666513.7157984s:   0.32Gbps, lossRate: 0 CC:4  score:0.0  rtt:32.7 ms energy:46.0 Jules s-plr:0.0 
1703666514.718873 -- INFO: Throughput @1703666514.7188065s:   0.32Gbps, lossRate: 0 CC:4  score:0.0  rtt:32.7 ms energy:41.0 Jules s-plr:0.0 
1703666515.719369 -- INFO: Throughput @1703666515.7193007s:   0.64Gbps, lossRate: 0 CC:4  score:1.0  rtt:32.7 ms energy:41.0 Jules s-plr:0.0 
1703666516.719063 -- INFO: Throughput @1703666516.7189963s:   0.32Gbps, lossRate: 0 CC:4  score:0.0  rtt:32.6 ms energy:41.0 Jules s-plr:0.0 
1703666517.721747 -- INFO: Throughput @1703666517.7216792s:   0.32Gbps, lossRate: 0.0 CC:4  score:0.0  rtt:32.8 ms energy:41.0 Jules s-plr:0.0 
1703666518.721752 -- INFO: Throughput @1703666518.7216837s:   1.28Gbps, lossRate: 0 CC:4  score:1.0  rtt:32.6 ms energy:41.0 Jules s-plr:0.0 
1703666519.722380 -- INFO: Throughput @1703666519.72231s:   1.28Gbps, lossRate: 0 CC:4  score:1.0  rtt:32.6 ms energy:41.0 Jules s-plr:0.0 
1703666520.724920 -- INFO: Throughput @1703666520.724847s:   1.28Gbps, lossRate: 0 CC:4  score:1.0  rtt:32.6 ms energy:44.0 Jules s-plr:0.0 
1703666521.724965 -- INFO: Throughput @1703666521.724896s:   1.28Gbps, lossRate: 0 CC:4  score:1.0  rtt:32.6 ms energy:44.0 Jules s-plr:0.0 
1703666522.725544 -- INFO: Throughput @1703666522.7254775s:   1.28Gbps, lossRate: 0 CC:4  score:1.0  rtt:32.9 ms energy:44.0 Jules s-plr:0.0 
1703666523.728028 -- INFO: Throughput @1703666523.7279592s:   0.96Gbps, lossRate: 0.0 CC:1  score:1.0  rtt:32.9 ms energy:44.0 Jules s-plr:0.0 
1703666524.728503 -- INFO: Throughput @1703666524.7284362s:   1.92Gbps, lossRate: 0 CC:1  score:2.0  rtt:32.7 ms energy:44.0 Jules s-plr:0.0 
1703666525.728698 -- INFO: Throughput @1703666525.7286315s:   1.28Gbps, lossRate: 0 CC:1  score:1.0  rtt:32.6 ms energy:44.0 Jules s-plr:0.0 
1703666526.731130 -- INFO: Throughput @1703666526.7310624s:   1.28Gbps, lossRate: 0 CC:1  score:1.0  rtt:32.7 ms energy:43.0 Jules s-plr:0.0 
1703666527.732272 -- INFO: Throughput @1703666527.7322032s:   1.28Gbps, lossRate: 0 CC:1  score:1.0  rtt:32.6 ms energy:43.0 Jules s-plr:0.0 
1703666528.732002 -- INFO: Throughput @1703666528.7319355s:   1.28Gbps, lossRate: 0 CC:1  score:1.0  rtt:32.7 ms energy:43.0 Jules s-plr:0.0 
1703666529.734406 -- INFO: Throughput @1703666529.7343342s:   0.96Gbps, lossRate: 0 CC:1  score:1.0  rtt:32.8 ms energy:43.0 Jules s-plr:0.0 
1703666530.735402 -- INFO: Throughput @1703666530.7353323s:   1.28Gbps, lossRate: 0 CC:1  score:1.0  rtt:32.7 ms energy:43.0 Jules s-plr:0.0 
1703666531.735042 -- INFO: Throughput @1703666531.7349746s:   0.32Gbps, lossRate: 0 CC:1  score:0.0  rtt:32.8 ms energy:43.0 Jules s-plr:0.0 
1703666532.737046 -- INFO: Throughput @1703666532.7369764s:   0.32Gbps, lossRate: 0 CC:1  score:0.0  rtt:32.8 ms energy:41.0 Jules s-plr:0.0 
1703666533.739075 -- INFO: Throughput @1703666533.7390094s:   0.32Gbps, lossRate: 0 CC:1  score:0.0  rtt:32.8 ms energy:41.0 Jules s-plr:0.0 
1703666534.738546 -- INFO: Throughput @1703666534.7384775s:   0.32Gbps, lossRate: 0 CC:1  score:0.0  rtt:32.8 ms energy:41.0 Jules s-plr:0.0 
1703666535.740880 -- INFO: Throughput @1703666535.740754s:   0.32Gbps, lossRate: 0 CC:4  score:0.0  rtt:32.8 ms energy:41.0 Jules s-plr:0.0 
1703666536.741650 -- INFO: Throughput @1703666536.7415843s:   0.32Gbps, lossRate: 0 CC:4  score:0.0  rtt:32.8 ms energy:41.0 Jules s-plr:0.0 
1703666537.742103 -- INFO: Throughput @1703666537.7420337s:   0.32Gbps, lossRate: 0 CC:4  score:0.0  rtt:32.9 ms energy:41.0 Jules s-plr:0.0 
1703666538.742753 -- INFO: Throughput @1703666538.7426872s:   0.32Gbps, lossRate: 0 CC:4  score:0.0  rtt:32.7 ms energy:41.0 Jules s-plr:0.0 
1703666539.744955 -- INFO: Throughput @1703666539.744889s:   0.32Gbps, lossRate: 0 CC:4  score:0.0  rtt:32.7 ms energy:41.0 Jules s-plr:0.0 
1703666540.744358 -- INFO: Throughput @1703666540.7442923s:   0.0Gbps, lossRate: 0 CC:4  score:0.0  rtt:32.6 ms energy:41.0 Jules s-plr:0.0 
1703666541.747703 -- INFO: Throughput @1703666541.747632s:   0.0Gbps, lossRate: 0.0 CC:1  score:0.0  rtt:32.6 ms energy:41.0 Jules s-plr:0.0 
1703666542.748342 -- INFO: Throughput @1703666542.7482693s:   1.28Gbps, lossRate: 0 CC:1  score:1.0  rtt:32.7 ms energy:41.0 Jules s-plr:0.0 
1703666543.748206 -- INFO: Throughput @1703666543.748134s:   1.28Gbps, lossRate: 0 CC:1  score:1.0  rtt:32.8 ms energy:41.0 Jules s-plr:0.0 
1703666544.750674 -- INFO: Throughput @1703666544.7505999s:   1.28Gbps, lossRate: 0 CC:1  score:-9.0  rtt:32.7 ms energy:45.0 Jules s-plr:0.8345705874824011 
1703666545.751491 -- INFO: Throughput @1703666545.7514222s:   1.28Gbps, lossRate: 0 CC:1  score:1.0  rtt:32.7 ms energy:45.0 Jules s-plr:0.0 
1703666546.751991 -- INFO: Throughput @1703666546.751923s:   1.6Gbps, lossRate: 0 CC:1  score:2.0  rtt:32.7 ms energy:45.0 Jules s-plr:0.0 
1703666547.754289 -- INFO: Throughput @1703666547.7542222s:   2.24Gbps, lossRate: 0 CC:4  score:2.0  rtt:32.6 ms energy:45.0 Jules s-plr:0.0 
1703666548.754433 -- INFO: Throughput @1703666548.7543676s:   1.28Gbps, lossRate: 0 CC:4  score:1.0  rtt:32.8 ms energy:45.0 Jules s-plr:0.0 
1703666549.753855 -- INFO: Throughput @1703666549.7538204s:   0.32Gbps, lossRate: 0 CC:4  score:0.0  rtt:32.6 ms energy:45.0 Jules s-plr:0.0 
1703666550.756549 -- INFO: Throughput @1703666550.756506s:   0.32Gbps, lossRate: 0 CC:4  score:0.0  rtt:32.7 ms energy:41.0 Jules s-plr:0.0 
1703666551.757832 -- INFO: Throughput @1703666551.7577634s:   0.32Gbps, lossRate: 0 CC:4  score:0.0  rtt:32.7 ms energy:41.0 Jules s-plr:0.0 
1703666552.757871 -- INFO: Throughput @1703666552.7578025s:   0.64Gbps, lossRate: 0 CC:4  score:1.0  rtt:32.6 ms energy:41.0 Jules s-plr:0.0 
1703666553.760345 -- INFO: Throughput @1703666553.7602725s:   0.32Gbps, lossRate: 0.0 CC:1  score:0.0  rtt:32.7 ms energy:41.0 Jules s-plr:0.0 
1703666554.761266 -- INFO: Throughput @1703666554.7611978s:   1.28Gbps, lossRate: 0 CC:1  score:1.0  rtt:32.8 ms energy:41.0 Jules s-plr:0.0 
1703666555.760964 -- INFO: Throughput @1703666555.7608948s:   0.96Gbps, lossRate: 0 CC:1  score:1.0  rtt:32.7 ms energy:41.0 Jules s-plr:0.0 
1703666556.762869 -- INFO: Throughput @1703666556.762827s:   0.64Gbps, lossRate: 0.0 CC:1  score:1.0  rtt:32.6 ms energy:54.0 Jules s-plr:0.0 
1703666557.764823 -- INFO: Throughput @1703666557.764746s:   1.28Gbps, lossRate: 0 CC:1  score:1.0  rtt:32.7 ms energy:54.0 Jules s-plr:0.0 
1703666558.764234 -- INFO: Throughput @1703666558.7641716s:   1.28Gbps, lossRate: 0 CC:1  score:1.0  rtt:32.6 ms energy:54.0 Jules s-plr:0.0 
1703666559.766165 -- INFO: Throughput @1703666559.7660935s:   1.28Gbps, lossRate: 0 CC:1  score:1.0  rtt:32.8 ms energy:54.0 Jules s-plr:0.0 
1703666560.767878 -- INFO: Throughput @1703666560.7678087s:   1.6Gbps, lossRate: 0 CC:1  score:2.0  rtt:32.7 ms energy:54.0 Jules s-plr:0.0 
1703666561.767085 -- INFO: Throughput @1703666561.7670171s:   0.64Gbps, lossRate: 0 CC:1  score:1.0  rtt:32.8 ms energy:54.0 Jules s-plr:0.0 
1703666562.769784 -- INFO: Throughput @1703666562.7697155s:   0.32Gbps, lossRate: 0 CC:1  score:0.0  rtt:32.6 ms energy:41.0 Jules s-plr:0.0 
1703666563.771159 -- INFO: Throughput @1703666563.771093s:   0.64Gbps, lossRate: 0 CC:1  score:1.0  rtt:32.7 ms energy:41.0 Jules s-plr:0.0 
1703666564.770516 -- INFO: Throughput @1703666564.770449s:   0.32Gbps, lossRate: 0 CC:1  score:0.0  rtt:32.7 ms energy:41.0 Jules s-plr:0.0 
1703666565.772613 -- INFO: Throughput @1703666565.7725432s:   0.32Gbps, lossRate: 0 CC:4  score:0.0  rtt:32.6 ms energy:41.0 Jules s-plr:0.0 
1703666566.774132 -- INFO: Throughput @1703666566.7740655s:   0.32Gbps, lossRate: 0 CC:4  score:0.0  rtt:32.6 ms energy:41.0 Jules s-plr:0.0 
1703666567.774064 -- INFO: Throughput @1703666567.7739956s:   0.32Gbps, lossRate: 0 CC:4  score:0.0  rtt:32.6 ms energy:41.0 Jules s-plr:0.0 
1703666568.775255 -- INFO: Throughput @1703666568.7751875s:   0.32Gbps, lossRate: 0 CC:4  score:0.0  rtt:32.7 ms energy:41.0 Jules s-plr:0.0 
1703666569.777028 -- INFO: Throughput @1703666569.7769585s:   0.32Gbps, lossRate: 0 CC:4  score:0.0  rtt:32.6 ms energy:41.0 Jules s-plr:0.0 
1703666570.777444 -- INFO: Throughput @1703666570.7773762s:   0.64Gbps, lossRate: 0 CC:4  score:1.0  rtt:32.6 ms energy:41.0 Jules s-plr:0.0 
1703666571.778440 -- INFO: Throughput @1703666571.7783704s:   0.32Gbps, lossRate: 0.0 CC:4  score:0.0  rtt:32.6 ms energy:41.0 Jules s-plr:0.0 
1703666572.780876 -- INFO: Throughput @1703666572.7807903s:   1.28Gbps, lossRate: 0 CC:4  score:1.0  rtt:33.3 ms energy:41.0 Jules s-plr:0.0 
1703666573.781188 -- INFO: Throughput @1703666573.7811213s:   1.28Gbps, lossRate: 0 CC:4  score:1.0  rtt:32.9 ms energy:41.0 Jules s-plr:0.0 
1703666574.781648 -- INFO: Throughput @1703666574.781576s:   0.32Gbps, lossRate: 0 CC:4  score:0.0  rtt:32.6 ms energy:48.0 Jules s-plr:0.0 
1703666575.783333 -- INFO: Throughput @1703666575.7832856s:   0.32Gbps, lossRate: 0 CC:4  score:0.0  rtt:32.6 ms energy:48.0 Jules s-plr:0.0 
1703666576.783736 -- INFO: Throughput @1703666576.7836907s:   0.32Gbps, lossRate: 0 CC:4  score:0.0  rtt:32.6 ms energy:48.0 Jules s-plr:0.0 
1703666577.784235 -- INFO: Throughput @1703666577.7841654s:   0.96Gbps, lossRate: 0 CC:1  score:1.0  rtt:32.6 ms energy:48.0 Jules s-plr:0.0 
1703666578.786053 -- INFO: Throughput @1703666578.785983s:   0.64Gbps, lossRate: 0 CC:1  score:1.0  rtt:32.6 ms energy:48.0 Jules s-plr:0.0 
1703666579.786793 -- INFO: Throughput @1703666579.7867243s:   0.96Gbps, lossRate: 0 CC:1  score:1.0  rtt:32.6 ms energy:48.0 Jules s-plr:0.0 
1703666580.786819 -- INFO: Throughput @1703666580.786752s:   0.64Gbps, lossRate: 0 CC:1  score:1.0  rtt:32.6 ms energy:56.0 Jules s-plr:0.0 
1703666581.788693 -- INFO: Throughput @1703666581.7886264s:   0.64Gbps, lossRate: 0 CC:1  score:1.0  rtt:32.6 ms energy:56.0 Jules s-plr:0.0 
1703666582.790852 -- INFO: Throughput @1703666582.7907863s:   0.64Gbps, lossRate: 0 CC:1  score:1.0  rtt:32.8 ms energy:56.0 Jules s-plr:0.0 
1703666583.791549 -- INFO: Throughput @1703666583.791475s:   0.96Gbps, lossRate: 0.0 CC:4  score:1.0  rtt:32.8 ms energy:56.0 Jules s-plr:0.0 
1703666584.791971 -- INFO: Throughput @1703666584.7919037s:   0.96Gbps, lossRate: 0 CC:4  score:1.0  rtt:32.9 ms energy:56.0 Jules s-plr:0.0 
1703666585.793422 -- INFO: Throughput @1703666585.7933521s:   0.64Gbps, lossRate: 0 CC:4  score:-6.0  rtt:32.7 ms energy:56.0 Jules s-plr:1.0921012963521255 
1703666586.793960 -- INFO: Throughput @1703666586.7938936s:   0.32Gbps, lossRate: 0 CC:4  score:0.0  rtt:32.7 ms energy:42.0 Jules s-plr:0.0 
1703666587.794502 -- INFO: Throughput @1703666587.7944334s:   0.32Gbps, lossRate: 0 CC:4  score:0.0  rtt:32.7 ms energy:42.0 Jules s-plr:0.0 
1703666588.796824 -- INFO: Throughput @1703666588.7967348s:   0.32Gbps, lossRate: 0 CC:4  score:0.0  rtt:32.8 ms energy:42.0 Jules s-plr:0.0 
1703666589.797815 -- INFO: Throughput @1703666589.7977443s:   0.32Gbps, lossRate: 0.0 CC:4  score:0.0  rtt:32.7 ms energy:42.0 Jules s-plr:0.0 
1703666590.797913 -- INFO: Throughput @1703666590.7978413s:   0.64Gbps, lossRate: 0 CC:4  score:1.0  rtt:32.6 ms energy:42.0 Jules s-plr:0.0 
1703666591.799452 -- INFO: Throughput @1703666591.7993839s:   0.0Gbps, lossRate: 0 CC:4  score:0.0  rtt:32.8 ms energy:42.0 Jules s-plr:0.0 
1703666592.801630 -- INFO: Throughput @1703666592.8015642s:   0.0Gbps, lossRate: 0.0 CC:4  score:0.0  rtt:32.7 ms energy:65.0 Jules s-plr:0.0 
1703666593.801351 -- INFO: Throughput @1703666593.801284s:   0.64Gbps, lossRate: 0 CC:4  score:1.0  rtt:32.8 ms energy:65.0 Jules s-plr:0.0 
1703666594.803082 -- INFO: Throughput @1703666594.803017s:   0.64Gbps, lossRate: 0 CC:4  score:1.0  rtt:32.8 ms energy:65.0 Jules s-plr:0.0 
1703666595.804456 -- INFO: Throughput @1703666595.804388s:   0.64Gbps, lossRate: 0.0 CC:1  score:1.0  rtt:32.6 ms energy:65.0 Jules s-plr:0.0 
1703666596.804582 -- INFO: Throughput @1703666596.8045137s:   1.28Gbps, lossRate: 0 CC:1  score:1.0  rtt:32.6 ms energy:65.0 Jules s-plr:0.0 
1703666597.806329 -- INFO: Throughput @1703666597.806263s:   1.28Gbps, lossRate: 0 CC:1  score:1.0  rtt:32.6 ms energy:65.0 Jules s-plr:0.0 
1703666598.808344 -- INFO: Throughput @1703666598.8082764s:   1.28Gbps, lossRate: 0 CC:1  score:1.0  rtt:32.6 ms energy:43.0 Jules s-plr:0.0 
1703666599.808028 -- INFO: Throughput @1703666599.807961s:   1.92Gbps, lossRate: 0 CC:1  score:2.0  rtt:32.7 ms energy:43.0 Jules s-plr:0.0 
1703666600.809166 -- INFO: Throughput @1703666600.8090982s:   0.64Gbps, lossRate: 0 CC:1  score:1.0  rtt:32.8 ms energy:43.0 Jules s-plr:0.0 
1703666601.811248 -- INFO: Throughput @1703666601.8111777s:   0.0Gbps, lossRate: 0 CC:1  score:0.0  rtt:32.7 ms energy:43.0 Jules s-plr:1.3667535926316374 
1703666602.811348 -- INFO: Throughput @1703666602.8112783s:   0.0Gbps, lossRate: 0 CC:1  score:0.0  rtt:32.8 ms energy:43.0 Jules s-plr:0.0 
1703666603.812238 -- INFO: Throughput @1703666603.812169s:   0.0Gbps, lossRate: 0 CC:1  score:0.0  rtt:32.7 ms energy:43.0 Jules s-plr:0.0 
1703666604.814504 -- INFO: Throughput @1703666604.8144355s:   0.0Gbps, lossRate: 0.0 CC:1  score:0.0  rtt:32.8 ms energy:52.0 Jules s-plr:0.0 
1703666605.815567 -- INFO: Throughput @1703666605.815501s:   0.32Gbps, lossRate: 0 CC:1  score:0.0  rtt:32.8 ms energy:52.0 Jules s-plr:0.0 
1703666606.815822 -- INFO: Throughput @1703666606.815757s:   0.32Gbps, lossRate: 0 CC:1  score:0.0  rtt:32.8 ms energy:52.0 Jules s-plr:0.0 
1703666607.816499 -- INFO: Throughput @1703666607.8164315s:   0.32Gbps, lossRate: 0 CC:4  score:0.0  rtt:32.6 ms energy:52.0 Jules s-plr:0.0 
1703666608.819030 -- INFO: Throughput @1703666608.8189626s:   0.32Gbps, lossRate: 0 CC:4  score:0.0  rtt:32.6 ms energy:52.0 Jules s-plr:0.0 
1703666609.819110 -- INFO: Throughput @1703666609.8190424s:   0.32Gbps, lossRate: 0 CC:4  score:0.0  rtt:32.7 ms energy:52.0 Jules s-plr:0.0 
1703666610.819573 -- INFO: Throughput @1703666610.8195052s:   0.32Gbps, lossRate: 0 CC:4  score:0.0  rtt:32.7 ms energy:41.0 Jules s-plr:0.0 
1703666611.821711 -- INFO: Throughput @1703666611.821644s:   0.64Gbps, lossRate: 0 CC:4  score:1.0  rtt:32.6 ms energy:41.0 Jules s-plr:0.0 
1703666612.822189 -- INFO: Throughput @1703666612.822121s:   0.32Gbps, lossRate: 0 CC:4  score:0.0  rtt:32.6 ms energy:41.0 Jules s-plr:0.0 
1703666613.822919 -- INFO: Throughput @1703666613.8228528s:   0.0Gbps, lossRate: 0.0 CC:1  score:0.0  rtt:32.7 ms energy:41.0 Jules s-plr:0.0 
1703666614.825093 -- INFO: Throughput @1703666614.8250222s:   0.64Gbps, lossRate: 0 CC:1  score:1.0  rtt:32.7 ms energy:41.0 Jules s-plr:0.0 
1703666615.825490 -- INFO: Throughput @1703666615.825421s:   0.64Gbps, lossRate: 0 CC:1  score:1.0  rtt:32.7 ms energy:41.0 Jules s-plr:0.0 
1703666616.826198 -- INFO: Throughput @1703666616.8261294s:   0.64Gbps, lossRate: 0 CC:1  score:1.0  rtt:32.8 ms energy:56.0 Jules s-plr:0.0 
1703666617.828172 -- INFO: Throughput @1703666617.8281064s:   0.64Gbps, lossRate: 0 CC:1  score:1.0  rtt:32.7 ms energy:56.0 Jules s-plr:0.0 
1703666618.828899 -- INFO: Throughput @1703666618.8287756s:   0.32Gbps, lossRate: 0 CC:1  score:0.0  rtt:32.7 ms energy:56.0 Jules s-plr:0.0 
1703666619.828828 -- INFO: Throughput @1703666619.8287277s:   0.32Gbps, lossRate: 0 CC:1  score:0.0  rtt:32.7 ms energy:56.0 Jules s-plr:0.0 
1703666620.831484 -- INFO: Throughput @1703666620.8314133s:   0.32Gbps, lossRate: 0 CC:1  score:0.0  rtt:32.7 ms energy:56.0 Jules s-plr:0.0 
1703666621.832830 -- INFO: Throughput @1703666621.8327436s:   0.32Gbps, lossRate: 0 CC:1  score:0.0  rtt:32.7 ms energy:56.0 Jules s-plr:0.0 
1703666622.833232 -- INFO: Throughput @1703666622.8331633s:   0.32Gbps, lossRate: 0 CC:1  score:0.0  rtt:32.8 ms energy:51.0 Jules s-plr:0.0 
1703666623.834497 -- INFO: Throughput @1703666623.8344312s:   0.32Gbps, lossRate: 0 CC:1  score:0.0  rtt:32.7 ms energy:51.0 Jules s-plr:0.0 
1703666624.836039 -- INFO: Throughput @1703666624.8359733s:   0.32Gbps, lossRate: 0 CC:1  score:0.0  rtt:32.7 ms energy:51.0 Jules s-plr:0.0 
1703666625.836171 -- INFO: Throughput @1703666625.8361013s:   0.32Gbps, lossRate: 0 CC:1  score:0.0  rtt:32.7 ms energy:51.0 Jules s-plr:0.0 
1703666626.837977 -- INFO: Throughput @1703666626.8379066s:   0.32Gbps, lossRate: 0 CC:1  score:0.0  rtt:32.7 ms energy:51.0 Jules s-plr:0.0 
1703666627.839840 -- INFO: Throughput @1703666627.8397717s:   0.32Gbps, lossRate: 0 CC:1  score:0.0  rtt:32.7 ms energy:51.0 Jules s-plr:0.0 
1703666628.838768 -- INFO: Throughput @1703666628.8386998s:   0.32Gbps, lossRate: 0 CC:1  score:0.0  rtt:32.7 ms energy:51.0 Jules s-plr:0.0 
1703666629.840019 -- INFO: Throughput @1703666629.8399527s:   0.32Gbps, lossRate: 0 CC:1  score:0.0  rtt:32.7 ms energy:51.0 Jules s-plr:0.0 
1703666630.842027 -- INFO: Throughput @1703666630.8419597s:   0.32Gbps, lossRate: 0 CC:1  score:0.0  rtt:32.7 ms energy:51.0 Jules s-plr:0.0 
1703666631.842634 -- INFO: Throughput @1703666631.8425684s:   0.32Gbps, lossRate: 0 CC:4  score:0.0  rtt:32.6 ms energy:51.0 Jules s-plr:0.0 
1703666632.843068 -- INFO: Throughput @1703666632.8430026s:   0.32Gbps, lossRate: 0 CC:4  score:0.0  rtt:32.7 ms energy:51.0 Jules s-plr:0.0 
1703666633.845260 -- INFO: Throughput @1703666633.8451943s:   0.32Gbps, lossRate: 0 CC:4  score:0.0  rtt:32.6 ms energy:51.0 Jules s-plr:0.0 
1703666634.846085 -- INFO: Throughput @1703666634.846018s:   0.32Gbps, lossRate: 0 CC:4  score:0.0  rtt:32.6 ms energy:51.0 Jules s-plr:0.0 
1703666635.846083 -- INFO: Throughput @1703666635.846017s:   0.32Gbps, lossRate: 0 CC:4  score:0.0  rtt:32.7 ms energy:51.0 Jules s-plr:0.0 
1703666636.848403 -- INFO: Throughput @1703666636.8483386s:   0.32Gbps, lossRate: 0 CC:4  score:0.0  rtt:32.7 ms energy:51.0 Jules s-plr:0.0 
1703666637.840116 -- INFO: Throughput @1703666637.840071s:   0.32Gbps, lossRate: 0 CC:4  score:0.0  rtt:32.6 ms energy:51.0 Jules s-plr:0.0 
1703666638.849529 -- INFO: Throughput @1703666638.8494582s:   0.32Gbps, lossRate: 0 CC:4  score:0.0  rtt:32.7 ms energy:51.0 Jules s-plr:0.0 
1703666639.852815 -- INFO: Throughput @1703666639.8527327s:   0.32Gbps, lossRate: 0 CC:4  score:0.0  rtt:32.8 ms energy:51.0 Jules s-plr:0.0 
1703666640.852503 -- INFO: Throughput @1703666640.852437s:   0.32Gbps, lossRate: 0 CC:4  score:0.0  rtt:32.7 ms energy:51.0 Jules s-plr:0.0 
1703666641.852697 -- INFO: Throughput @1703666641.8526304s:   0.32Gbps, lossRate: 0 CC:4  score:0.0  rtt:32.6 ms energy:51.0 Jules s-plr:0.0 
1703666642.854310 -- INFO: Throughput @1703666642.8542433s:   0.32Gbps, lossRate: 0 CC:4  score:0.0  rtt:32.6 ms energy:51.0 Jules s-plr:0.0 
1703666643.860555 -- INFO: Throughput @1703666643.860488s:   0.32Gbps, lossRate: 0 CC:1  score:0.0  rtt:32.6 ms energy:51.0 Jules s-plr:0.0 
1703666644.855905 -- INFO: Throughput @1703666644.8558352s:   0.32Gbps, lossRate: 0 CC:1  score:0.0  rtt:32.6 ms energy:51.0 Jules s-plr:0.0 
1703666645.856989 -- INFO: Throughput @1703666645.8569195s:   0.32Gbps, lossRate: 0 CC:1  score:0.0  rtt:32.6 ms energy:51.0 Jules s-plr:0.0 
1703666646.858772 -- INFO: Throughput @1703666646.8587046s:   0.32Gbps, lossRate: 0 CC:1  score:0.0  rtt:32.6 ms energy:51.0 Jules s-plr:0.0 
1703666647.859574 -- INFO: Throughput @1703666647.859509s:   0.32Gbps, lossRate: 0 CC:1  score:0.0  rtt:32.5 ms energy:51.0 Jules s-plr:0.0 
1703666648.859560 -- INFO: Throughput @1703666648.859493s:   0.32Gbps, lossRate: 0 CC:1  score:0.0  rtt:32.7 ms energy:51.0 Jules s-plr:0.0 
1703666649.861708 -- INFO: Throughput @1703666649.8616347s:   0.32Gbps, lossRate: 0 CC:1  score:0.0  rtt:32.7 ms energy:51.0 Jules s-plr:0.0 
1703666650.863373 -- INFO: Throughput @1703666650.8632839s:   0.32Gbps, lossRate: 0 CC:4  score:0.0  rtt:32.7 ms energy:51.0 Jules s-plr:0.0 
1703666651.863420 -- INFO: Throughput @1703666651.8633482s:   0.32Gbps, lossRate: 0 CC:4  score:0.0  rtt:32.7 ms energy:51.0 Jules s-plr:0.0 
1703666652.865116 -- INFO: Throughput @1703666652.8650486s:   0.32Gbps, lossRate: 0 CC:4  score:0.0  rtt:32.6 ms energy:51.0 Jules s-plr:0.0 
1703666653.866500 -- INFO: Throughput @1703666653.866434s:   0.32Gbps, lossRate: 0 CC:4  score:0.0  rtt:32.7 ms energy:51.0 Jules s-plr:0.0 
1703666654.866593 -- INFO: Throughput @1703666654.866526s:   0.32Gbps, lossRate: 0 CC:4  score:0.0  rtt:32.7 ms energy:51.0 Jules s-plr:0.0 
1703666655.867306 -- INFO: Throughput @1703666655.8672388s:   0.32Gbps, lossRate: 0 CC:4  score:0.0  rtt:32.6 ms energy:51.0 Jules s-plr:0.0 
1703666656.869815 -- INFO: Throughput @1703666656.8697474s:   0.32Gbps, lossRate: 0 CC:1  score:0.0  rtt:32.6 ms energy:51.0 Jules s-plr:0.0 
1703666657.871338 -- INFO: Throughput @1703666657.8712666s:   0.32Gbps, lossRate: 0 CC:1  score:0.0  rtt:32.6 ms energy:51.0 Jules s-plr:0.0 
1703666658.870959 -- INFO: Throughput @1703666658.8708935s:   0.32Gbps, lossRate: 0 CC:1  score:0.0  rtt:32.6 ms energy:51.0 Jules s-plr:0.0 
1703666659.872239 -- INFO: Throughput @1703666659.8721724s:   0.32Gbps, lossRate: 0 CC:1  score:0.0  rtt:32.6 ms energy:51.0 Jules s-plr:0.0 
1703666660.874209 -- INFO: Throughput @1703666660.874144s:   0.32Gbps, lossRate: 0 CC:1  score:0.0  rtt:32.7 ms energy:51.0 Jules s-plr:0.0 
1703666661.874844 -- INFO: Throughput @1703666661.874779s:   0.32Gbps, lossRate: 0 CC:1  score:0.0  rtt:32.6 ms energy:51.0 Jules s-plr:0.0 
1703666662.875512 -- INFO: Throughput @1703666662.8754375s:   0.32Gbps, lossRate: 0 CC:4  score:0.0  rtt:32.7 ms energy:51.0 Jules s-plr:0.0 
1703666663.877581 -- INFO: Throughput @1703666663.877513s:   0.32Gbps, lossRate: 0 CC:4  score:0.0  rtt:32.6 ms energy:51.0 Jules s-plr:0.0 
1703666664.878220 -- INFO: Throughput @1703666664.8781528s:   0.32Gbps, lossRate: 0 CC:4  score:0.0  rtt:32.7 ms energy:51.0 Jules s-plr:0.0 
1703666665.878123 -- INFO: Throughput @1703666665.8780556s:   0.32Gbps, lossRate: 0 CC:4  score:0.0  rtt:32.7 ms energy:51.0 Jules s-plr:0.0 
1703666666.880523 -- INFO: Throughput @1703666666.8804579s:   0.32Gbps, lossRate: 0 CC:4  score:0.0  rtt:32.6 ms energy:51.0 Jules s-plr:0.0 
1703666667.882352 -- INFO: Throughput @1703666667.8822863s:   0.32Gbps, lossRate: 0 CC:4  score:0.0  rtt:32.6 ms energy:51.0 Jules s-plr:0.0 
1703666668.881621 -- INFO: Throughput @1703666668.8815382s:   0.32Gbps, lossRate: 0 CC:4  score:0.0  rtt:32.7 ms energy:51.0 Jules s-plr:0.0 
1703666669.884344 -- INFO: Throughput @1703666669.8842688s:   0.32Gbps, lossRate: 0 CC:4  score:0.0  rtt:32.6 ms energy:51.0 Jules s-plr:0.0 
1703666670.884566 -- INFO: Throughput @1703666670.8844988s:   0.32Gbps, lossRate: 0 CC:4  score:0.0  rtt:32.7 ms energy:51.0 Jules s-plr:0.0 
1703666671.886528 -- INFO: Throughput @1703666671.88646s:   0.32Gbps, lossRate: 0 CC:4  score:0.0  rtt:32.6 ms energy:51.0 Jules s-plr:0.0 
1703666672.887768 -- INFO: Throughput @1703666672.8876963s:   0.32Gbps, lossRate: 0 CC:4  score:0.0  rtt:32.7 ms energy:51.0 Jules s-plr:0.0 
1703666673.888568 -- INFO: Throughput @1703666673.8884938s:   0.32Gbps, lossRate: 0 CC:4  score:0.0  rtt:32.7 ms energy:51.0 Jules s-plr:0.0 
1703666674.888532 -- INFO: Throughput @1703666674.888457s:   0.32Gbps, lossRate: 0 CC:1  score:0.0  rtt:32.6 ms energy:51.0 Jules s-plr:0.0 
1703666675.889882 -- INFO: Throughput @1703666675.889813s:   0.32Gbps, lossRate: 0 CC:1  score:0.0  rtt:32.7 ms energy:51.0 Jules s-plr:0.0 
1703666676.892352 -- INFO: Throughput @1703666676.892282s:   0.32Gbps, lossRate: 0 CC:1  score:0.0  rtt:32.7 ms energy:51.0 Jules s-plr:0.0 
1703666677.891747 -- INFO: Throughput @1703666677.8916764s:   0.32Gbps, lossRate: 0 CC:1  score:0.0  rtt:32.6 ms energy:51.0 Jules s-plr:0.0 
1703666678.893965 -- INFO: Throughput @1703666678.8938994s:   0.32Gbps, lossRate: 0 CC:1  score:0.0  rtt:32.7 ms energy:51.0 Jules s-plr:0.0 
1703666679.894781 -- INFO: Throughput @1703666679.8947113s:   0.32Gbps, lossRate: 0 CC:1  score:0.0  rtt:32.7 ms energy:51.0 Jules s-plr:0.0 
1703666680.894752 -- INFO: Throughput @1703666680.8946922s:   0.32Gbps, lossRate: 0 CC:1  score:0.0  rtt:32.6 ms energy:51.0 Jules s-plr:0.0 
1703666681.895335 -- INFO: Throughput @1703666681.8952672s:   0.32Gbps, lossRate: 0 CC:1  score:0.0  rtt:32.6 ms energy:51.0 Jules s-plr:0.0 
1703666682.899042 -- INFO: Throughput @1703666682.898967s:   0.32Gbps, lossRate: 0 CC:1  score:0.0  rtt:32.7 ms energy:51.0 Jules s-plr:0.0 
1703666683.898282 -- INFO: Throughput @1703666683.8982143s:   0.32Gbps, lossRate: 0 CC:1  score:0.0  rtt:32.6 ms energy:51.0 Jules s-plr:0.0 
1703666684.900397 -- INFO: Throughput @1703666684.9003253s:   0.32Gbps, lossRate: 0 CC:1  score:0.0  rtt:32.7 ms energy:51.0 Jules s-plr:0.0 
1703666685.901374 -- INFO: Throughput @1703666685.9013035s:   0.32Gbps, lossRate: 0 CC:1  score:0.0  rtt:32.7 ms energy:51.0 Jules s-plr:0.0 
1703666686.901507 -- INFO: Throughput @1703666686.90144s:   0.32Gbps, lossRate: 0 CC:4  score:0.0  rtt:32.8 ms energy:51.0 Jules s-plr:0.0 
1703666687.903350 -- INFO: Throughput @1703666687.9032793s:   0.32Gbps, lossRate: 0 CC:4  score:0.0  rtt:32.6 ms energy:51.0 Jules s-plr:0.0 
1703666688.904326 -- INFO: Throughput @1703666688.9042609s:   0.32Gbps, lossRate: 0 CC:4  score:0.0  rtt:32.7 ms energy:51.0 Jules s-plr:0.0 
1703666689.905734 -- INFO: Throughput @1703666689.9056695s:   0.32Gbps, lossRate: 0 CC:4  score:0.0  rtt:32.6 ms energy:51.0 Jules s-plr:0.0 
1703666690.906983 -- INFO: Throughput @1703666690.906912s:   0.32Gbps, lossRate: 0 CC:4  score:0.0  rtt:32.6 ms energy:51.0 Jules s-plr:0.0 
1703666691.908699 -- INFO: Throughput @1703666691.9086344s:   0.32Gbps, lossRate: 0 CC:4  score:0.0  rtt:32.7 ms energy:51.0 Jules s-plr:0.0 
1703666692.897946 -- INFO: Throughput @1703666692.897909s:   0.32Gbps, lossRate: 0 CC:4  score:0.0  rtt:32.6 ms energy:51.0 Jules s-plr:0.0 
1703666693.908994 -- INFO: Throughput @1703666693.9089231s:   0.32Gbps, lossRate: 0 CC:4  score:0.0  rtt:32.7 ms energy:51.0 Jules s-plr:0.0 
1703666694.912294 -- INFO: Throughput @1703666694.9122221s:   0.32Gbps, lossRate: 0 CC:4  score:0.0  rtt:32.7 ms energy:51.0 Jules s-plr:0.0 
1703666695.911791 -- INFO: Throughput @1703666695.9117208s:   0.32Gbps, lossRate: 0 CC:4  score:0.0  rtt:32.7 ms energy:51.0 Jules s-plr:0.0 
1703666696.914101 -- INFO: Throughput @1703666696.9140363s:   0.32Gbps, lossRate: 0 CC:4  score:0.0  rtt:32.7 ms energy:51.0 Jules s-plr:0.0 
1703666697.914723 -- INFO: Throughput @1703666697.914654s:   0.32Gbps, lossRate: 0 CC:4  score:0.0  rtt:32.6 ms energy:51.0 Jules s-plr:0.0 
1703666698.926528 -- INFO: Throughput @1703666698.9264548s:   0.32Gbps, lossRate: 0 CC:4  score:0.0  rtt:32.6 ms energy:51.0 Jules s-plr:0.0 
1703666699.915203 -- INFO: Throughput @1703666699.9151325s:   0.32Gbps, lossRate: 0 CC:1  score:0.0  rtt:32.6 ms energy:51.0 Jules s-plr:0.0 
1703666700.917723 -- INFO: Throughput @1703666700.9176557s:   0.32Gbps, lossRate: 0 CC:1  score:0.0  rtt:32.6 ms energy:51.0 Jules s-plr:0.0 
1703666701.918443 -- INFO: Throughput @1703666701.918372s:   0.32Gbps, lossRate: 0 CC:1  score:0.0  rtt:32.7 ms energy:51.0 Jules s-plr:0.0 
1703666702.918524 -- INFO: Throughput @1703666702.9184554s:   0.32Gbps, lossRate: 0 CC:1  score:0.0  rtt:32.6 ms energy:51.0 Jules s-plr:0.0 
1703666703.920600 -- INFO: Throughput @1703666703.9205265s:   0.32Gbps, lossRate: 0 CC:1  score:0.0  rtt:32.7 ms energy:51.0 Jules s-plr:0.0 
1703666704.921922 -- INFO: Throughput @1703666704.921853s:   0.32Gbps, lossRate: 0 CC:1  score:0.0  rtt:32.7 ms energy:51.0 Jules s-plr:0.0 
1703666705.922632 -- INFO: Throughput @1703666705.9225645s:   0.32Gbps, lossRate: 0 CC:1  score:0.0  rtt:32.7 ms energy:51.0 Jules s-plr:0.0 
1703666706.920504 -- INFO: Throughput @1703666706.9204278s:   0.32Gbps, lossRate: 0 CC:1  score:0.0  rtt:32.8 ms energy:51.0 Jules s-plr:0.0 
1703666707.924614 -- INFO: Throughput @1703666707.9245484s:   0.32Gbps, lossRate: 0 CC:1  score:0.0  rtt:32.6 ms energy:51.0 Jules s-plr:0.0 
1703666708.925430 -- INFO: Throughput @1703666708.9253619s:   0.32Gbps, lossRate: 0 CC:1  score:0.0  rtt:32.7 ms energy:51.0 Jules s-plr:0.0 
1703666709.925971 -- INFO: Throughput @1703666709.9259021s:   0.32Gbps, lossRate: 0 CC:1  score:0.0  rtt:32.8 ms energy:51.0 Jules s-plr:0.0 
1703666710.927773 -- INFO: Throughput @1703666710.927707s:   0.32Gbps, lossRate: 0 CC:1  score:0.0  rtt:32.8 ms energy:51.0 Jules s-plr:0.0 
1703666711.928370 -- INFO: Throughput @1703666711.9282937s:   0.32Gbps, lossRate: 0 CC:4  score:0.0  rtt:32.8 ms energy:51.0 Jules s-plr:0.0 
1703666712.929885 -- INFO: Throughput @1703666712.9298174s:   0.32Gbps, lossRate: 0 CC:4  score:0.0  rtt:32.7 ms energy:51.0 Jules s-plr:0.0 
1703666713.931119 -- INFO: Throughput @1703666713.9310455s:   0.32Gbps, lossRate: 0 CC:4  score:0.0  rtt:32.6 ms energy:51.0 Jules s-plr:0.0 
1703666714.931308 -- INFO: Throughput @1703666714.9312382s:   0.32Gbps, lossRate: 0 CC:4  score:0.0  rtt:32.6 ms energy:51.0 Jules s-plr:0.0 
1703666715.931766 -- INFO: Throughput @1703666715.9316998s:   0.32Gbps, lossRate: 0 CC:4  score:0.0  rtt:32.7 ms energy:51.0 Jules s-plr:0.0 
1703666716.934170 -- INFO: Throughput @1703666716.9341033s:   0.32Gbps, lossRate: 0 CC:4  score:0.0  rtt:32.7 ms energy:51.0 Jules s-plr:0.0 
1703666717.926791 -- INFO: Throughput @1703666717.9267488s:   0.32Gbps, lossRate: 0 CC:1  score:0.0  rtt:32.7 ms energy:51.0 Jules s-plr:0.0 
1703666718.935349 -- INFO: Throughput @1703666718.9352825s:   0.32Gbps, lossRate: 0 CC:1  score:0.0  rtt:32.8 ms energy:51.0 Jules s-plr:0.0 
1703666719.937312 -- INFO: Throughput @1703666719.937239s:   0.32Gbps, lossRate: 0 CC:1  score:0.0  rtt:32.7 ms energy:51.0 Jules s-plr:0.0 
1703666720.937751 -- INFO: Throughput @1703666720.9376853s:   0.32Gbps, lossRate: 0 CC:1  score:0.0  rtt:32.8 ms energy:51.0 Jules s-plr:0.0 
1703666721.939612 -- INFO: Throughput @1703666721.9395459s:   0.32Gbps, lossRate: 0 CC:1  score:0.0  rtt:32.7 ms energy:51.0 Jules s-plr:0.0 
1703666722.941471 -- INFO: Throughput @1703666722.941396s:   0.32Gbps, lossRate: 0 CC:1  score:0.0  rtt:32.7 ms energy:51.0 Jules s-plr:0.0 
1703666723.936144 -- INFO: Throughput @1703666723.936068s:   0.32Gbps, lossRate: 0 CC:4  score:0.0  rtt:32.7 ms energy:51.0 Jules s-plr:0.0 
1703666724.941957 -- INFO: Throughput @1703666724.9418821s:   0.32Gbps, lossRate: 0 CC:4  score:0.0  rtt:32.7 ms energy:51.0 Jules s-plr:0.0 
1703666725.942865 -- INFO: Throughput @1703666725.9428s:   0.32Gbps, lossRate: 0 CC:4  score:0.0  rtt:32.7 ms energy:51.0 Jules s-plr:0.0 
1703666726.945751 -- INFO: Throughput @1703666726.9456842s:   0.32Gbps, lossRate: 0 CC:4  score:0.0  rtt:32.7 ms energy:51.0 Jules s-plr:0.0 
1703666727.946870 -- INFO: Throughput @1703666727.9468079s:   0.32Gbps, lossRate: 0 CC:4  score:0.0  rtt:32.7 ms energy:51.0 Jules s-plr:0.0 
1703666728.946051 -- INFO: Throughput @1703666728.94598s:   0.32Gbps, lossRate: 0 CC:4  score:0.0  rtt:32.7 ms energy:51.0 Jules s-plr:0.0 
1703666729.943536 -- INFO: Throughput @1703666729.9434588s:   0.32Gbps, lossRate: 0 CC:1  score:0.0  rtt:32.6 ms energy:51.0 Jules s-plr:0.0 
1703666730.949529 -- INFO: Throughput @1703666730.9494624s:   0.32Gbps, lossRate: 0 CC:1  score:0.0  rtt:32.6 ms energy:51.0 Jules s-plr:0.0 
1703666731.949630 -- INFO: Throughput @1703666731.9495542s:   0.32Gbps, lossRate: 0 CC:1  score:0.0  rtt:32.6 ms energy:51.0 Jules s-plr:0.0 
1703666732.951436 -- INFO: Throughput @1703666732.9513655s:   0.32Gbps, lossRate: 0 CC:1  score:0.0  rtt:32.6 ms energy:51.0 Jules s-plr:0.0 
1703666733.952179 -- INFO: Throughput @1703666733.9521034s:   0.32Gbps, lossRate: 0 CC:1  score:0.0  rtt:32.6 ms energy:51.0 Jules s-plr:0.0 
1703666734.952442 -- INFO: Throughput @1703666734.952373s:   0.32Gbps, lossRate: 0 CC:1  score:0.0  rtt:32.6 ms energy:51.0 Jules s-plr:0.0 
1703666735.965464 -- INFO: Throughput @1703666735.9653807s:   0.32Gbps, lossRate: 0 CC:1  score:0.0  rtt:32.7 ms energy:51.0 Jules s-plr:0.0 
1703666736.954400 -- INFO: Throughput @1703666736.9543242s:   0.32Gbps, lossRate: 0 CC:4  score:0.0  rtt:32.6 ms energy:51.0 Jules s-plr:0.0 
1703666737.956726 -- INFO: Throughput @1703666737.9566555s:   0.32Gbps, lossRate: 0 CC:4  score:0.0  rtt:32.7 ms energy:51.0 Jules s-plr:0.0 
1703666738.957739 -- INFO: Throughput @1703666738.9576669s:   0.32Gbps, lossRate: 0 CC:4  score:0.0  rtt:32.8 ms energy:51.0 Jules s-plr:0.0 
1703666739.957970 -- INFO: Throughput @1703666739.957905s:   0.32Gbps, lossRate: 0 CC:4  score:0.0  rtt:32.7 ms energy:51.0 Jules s-plr:0.0 
1703666740.960483 -- INFO: Throughput @1703666740.960418s:   0.32Gbps, lossRate: 0 CC:4  score:0.0  rtt:32.7 ms energy:51.0 Jules s-plr:0.0 
1703666741.961618 -- INFO: Throughput @1703666741.9615657s:   0.32Gbps, lossRate: 0 CC:4  score:0.0  rtt:32.7 ms energy:51.0 Jules s-plr:0.0 
1703666742.962126 -- INFO: Throughput @1703666742.962048s:   0.32Gbps, lossRate: 0 CC:4  score:0.0  rtt:32.6 ms energy:51.0 Jules s-plr:0.0 
1703666743.963213 -- INFO: Throughput @1703666743.963141s:   0.32Gbps, lossRate: 0 CC:4  score:0.0  rtt:32.8 ms energy:51.0 Jules s-plr:0.0 
1703666744.964681 -- INFO: Throughput @1703666744.9646113s:   0.32Gbps, lossRate: 0 CC:4  score:0.0  rtt:32.7 ms energy:51.0 Jules s-plr:0.0 
1703666745.965413 -- INFO: Throughput @1703666745.9653475s:   0.32Gbps, lossRate: 0 CC:4  score:0.0  rtt:32.7 ms energy:51.0 Jules s-plr:0.0 
1703666746.967363 -- INFO: Throughput @1703666746.967294s:   0.32Gbps, lossRate: 0 CC:4  score:0.0  rtt:32.8 ms energy:51.0 Jules s-plr:0.0 
1703666747.966249 -- INFO: Throughput @1703666747.966182s:   0.32Gbps, lossRate: 0 CC:4  score:0.0  rtt:32.6 ms energy:51.0 Jules s-plr:0.0 
1703666748.962725 -- INFO: Throughput @1703666748.9626575s:   0.32Gbps, lossRate: 0 CC:1  score:0.0  rtt:32.7 ms energy:51.0 Jules s-plr:0.0 
1703666749.969204 -- INFO: Throughput @1703666749.96913s:   0.32Gbps, lossRate: 0 CC:1  score:0.0  rtt:32.7 ms energy:51.0 Jules s-plr:0.0 
1703666750.971376 -- INFO: Throughput @1703666750.9713116s:   0.32Gbps, lossRate: 0 CC:1  score:0.0  rtt:32.6 ms energy:51.0 Jules s-plr:0.0 
1703666751.971813 -- INFO: Throughput @1703666751.9717414s:   0.32Gbps, lossRate: 0 CC:1  score:0.0  rtt:32.7 ms energy:51.0 Jules s-plr:0.0 
1703666752.971972 -- INFO: Throughput @1703666752.9719017s:   0.32Gbps, lossRate: 0 CC:1  score:0.0  rtt:32.7 ms energy:51.0 Jules s-plr:0.0 
1703666753.974458 -- INFO: Throughput @1703666753.974386s:   0.32Gbps, lossRate: 0 CC:1  score:0.0  rtt:32.6 ms energy:51.0 Jules s-plr:0.0 
1703666754.966472 -- INFO: Throughput @1703666754.966428s:   0.32Gbps, lossRate: 0 CC:4  score:0.0  rtt:32.7 ms energy:51.0 Jules s-plr:0.0 
1703666755.976424 -- INFO: Throughput @1703666755.9763572s:   0.32Gbps, lossRate: 0 CC:4  score:0.0  rtt:32.6 ms energy:51.0 Jules s-plr:0.0 
1703666756.977301 -- INFO: Throughput @1703666756.9772286s:   0.32Gbps, lossRate: 0 CC:4  score:0.0  rtt:32.7 ms energy:51.0 Jules s-plr:0.0 
1703666757.978848 -- INFO: Throughput @1703666757.9787827s:   0.32Gbps, lossRate: 0 CC:4  score:0.0  rtt:32.7 ms energy:51.0 Jules s-plr:0.0 
1703666758.979108 -- INFO: Throughput @1703666758.9790354s:   0.32Gbps, lossRate: 0 CC:4  score:0.0  rtt:32.7 ms energy:51.0 Jules s-plr:0.0 
1703666759.980654 -- INFO: Throughput @1703666759.9805896s:   0.32Gbps, lossRate: 0 CC:4  score:0.0  rtt:32.7 ms energy:51.0 Jules s-plr:0.0 
1703666760.977915 -- INFO: Throughput @1703666760.9778314s:   0.32Gbps, lossRate: 0 CC:4  score:0.0  rtt:32.7 ms energy:51.0 Jules s-plr:0.0 
1703666761.981757 -- INFO: Throughput @1703666761.981686s:   0.32Gbps, lossRate: 0 CC:1  score:0.0  rtt:32.6 ms energy:51.0 Jules s-plr:0.0 
1703666762.985111 -- INFO: Throughput @1703666762.9850378s:   0.32Gbps, lossRate: 0 CC:1  score:0.0  rtt:32.6 ms energy:51.0 Jules s-plr:0.0 
1703666763.984840 -- INFO: Throughput @1703666763.9847505s:   0.32Gbps, lossRate: 0 CC:1  score:0.0  rtt:32.6 ms energy:51.0 Jules s-plr:0.0 
1703666764.986168 -- INFO: Throughput @1703666764.9861033s:   0.32Gbps, lossRate: 0 CC:1  score:0.0  rtt:32.6 ms energy:51.0 Jules s-plr:0.0 
1703666765.985914 -- INFO: Throughput @1703666765.9858441s:   0.32Gbps, lossRate: 0 CC:1  score:0.0  rtt:32.8 ms energy:51.0 Jules s-plr:0.0 
1703666766.987926 -- INFO: Throughput @1703666766.9878595s:   0.32Gbps, lossRate: 0 CC:1  score:0.0  rtt:32.7 ms energy:51.0 Jules s-plr:0.0 
1703666767.988361 -- INFO: Throughput @1703666767.9882894s:   0.32Gbps, lossRate: 0 CC:4  score:0.0  rtt:32.6 ms energy:51.0 Jules s-plr:0.0 
1703666768.989618 -- INFO: Throughput @1703666768.9895544s:   0.32Gbps, lossRate: 0 CC:4  score:0.0  rtt:32.8 ms energy:51.0 Jules s-plr:0.0 
1703666769.992263 -- INFO: Throughput @1703666769.9921985s:   0.32Gbps, lossRate: 0 CC:4  score:0.0  rtt:32.7 ms energy:51.0 Jules s-plr:0.0 
1703666770.992008 -- INFO: Throughput @1703666770.991939s:   0.32Gbps, lossRate: 0 CC:4  score:0.0  rtt:32.7 ms energy:51.0 Jules s-plr:0.0 
1703666771.992453 -- INFO: Throughput @1703666771.9923882s:   0.32Gbps, lossRate: 0 CC:4  score:0.0  rtt:32.7 ms energy:51.0 Jules s-plr:0.0 
1703666772.995855 -- INFO: Throughput @1703666772.9957824s:   0.32Gbps, lossRate: 0 CC:4  score:0.0  rtt:32.7 ms energy:51.0 Jules s-plr:0.0 
1703666773.991168 -- INFO: Throughput @1703666773.991125s:   0.32Gbps, lossRate: 0 CC:1  score:0.0  rtt:32.7 ms energy:51.0 Jules s-plr:0.0 
1703666774.995649 -- INFO: Throughput @1703666774.995583s:   0.32Gbps, lossRate: 0 CC:1  score:0.0  rtt:32.6 ms energy:51.0 Jules s-plr:0.0 
1703666775.998436 -- INFO: Throughput @1703666775.998369s:   0.32Gbps, lossRate: 0 CC:1  score:0.0  rtt:32.6 ms energy:51.0 Jules s-plr:0.0 
1703666776.998585 -- INFO: Throughput @1703666776.9985154s:   0.32Gbps, lossRate: 0 CC:1  score:0.0  rtt:32.7 ms energy:51.0 Jules s-plr:0.0 
1703666778.001307 -- INFO: Throughput @1703666778.0012412s:   0.32Gbps, lossRate: 0 CC:1  score:0.0  rtt:32.6 ms energy:51.0 Jules s-plr:0.0 
1703666779.001417 -- INFO: Throughput @1703666779.0013456s:   0.32Gbps, lossRate: 0 CC:1  score:0.0  rtt:32.7 ms energy:51.0 Jules s-plr:0.0 
1703666779.992962 -- INFO: Throughput @1703666779.9929132s:   0.32Gbps, lossRate: 0 CC:4  score:0.0  rtt:32.6 ms energy:51.0 Jules s-plr:0.0 
1703666781.003982 -- INFO: Throughput @1703666781.0039136s:   0.32Gbps, lossRate: 0 CC:4  score:0.0  rtt:32.7 ms energy:51.0 Jules s-plr:0.0 
1703666782.004525 -- INFO: Throughput @1703666782.0044532s:   0.32Gbps, lossRate: 0 CC:4  score:0.0  rtt:32.7 ms energy:51.0 Jules s-plr:0.0 
1703666783.005432 -- INFO: Throughput @1703666783.0053635s:   0.32Gbps, lossRate: 0 CC:4  score:0.0  rtt:32.6 ms energy:51.0 Jules s-plr:0.0 
1703666784.006980 -- INFO: Throughput @1703666784.0069008s:   0.32Gbps, lossRate: 0 CC:4  score:0.0  rtt:32.7 ms energy:51.0 Jules s-plr:0.0 
1703666785.007773 -- INFO: Throughput @1703666785.0077014s:   0.32Gbps, lossRate: 0 CC:4  score:0.0  rtt:32.7 ms energy:51.0 Jules s-plr:0.0 
1703666786.009403 -- INFO: Throughput @1703666786.0093253s:   0.32Gbps, lossRate: 0 CC:4  score:0.0  rtt:32.6 ms energy:51.0 Jules s-plr:0.0 
1703666787.007569 -- INFO: Throughput @1703666787.0074954s:   0.32Gbps, lossRate: 0 CC:1  score:0.0  rtt:32.6 ms energy:51.0 Jules s-plr:0.0 
1703666788.010759 -- INFO: Throughput @1703666788.0106966s:   0.32Gbps, lossRate: 0 CC:1  score:0.0  rtt:32.6 ms energy:51.0 Jules s-plr:0.0 
1703666789.011067 -- INFO: Throughput @1703666789.0110092s:   0.32Gbps, lossRate: 0 CC:1  score:0.0  rtt:32.6 ms energy:51.0 Jules s-plr:0.0 
1703666790.013233 -- INFO: Throughput @1703666790.0131667s:   0.32Gbps, lossRate: 0 CC:1  score:0.0  rtt:32.6 ms energy:51.0 Jules s-plr:0.0 
1703666791.013408 -- INFO: Throughput @1703666791.0133445s:   0.32Gbps, lossRate: 0 CC:1  score:0.0  rtt:32.6 ms energy:51.0 Jules s-plr:0.0 
1703666792.015085 -- INFO: Throughput @1703666792.0150125s:   0.32Gbps, lossRate: 0 CC:1  score:0.0  rtt:32.6 ms energy:51.0 Jules s-plr:0.0 
1703666793.009739 -- INFO: Throughput @1703666793.0096614s:   0.32Gbps, lossRate: 0 CC:1  score:0.0  rtt:32.6 ms energy:51.0 Jules s-plr:0.0 
1703666794.015887 -- INFO: Throughput @1703666794.015811s:   0.32Gbps, lossRate: 0 CC:1  score:0.0  rtt:32.7 ms energy:51.0 Jules s-plr:0.0 
1703666795.017914 -- INFO: Throughput @1703666795.0178485s:   0.32Gbps, lossRate: 0 CC:1  score:0.0  rtt:32.6 ms energy:51.0 Jules s-plr:0.0 
1703666796.018920 -- INFO: Throughput @1703666796.0188584s:   0.32Gbps, lossRate: 0 CC:1  score:0.0  rtt:32.6 ms energy:51.0 Jules s-plr:0.0 
1703666797.018785 -- INFO: Throughput @1703666797.0187104s:   0.32Gbps, lossRate: 0 CC:1  score:0.0  rtt:32.9 ms energy:51.0 Jules s-plr:0.0 
1703666798.020898 -- INFO: Throughput @1703666798.0207675s:   0.32Gbps, lossRate: 0 CC:1  score:0.0  rtt:32.9 ms energy:51.0 Jules s-plr:0.0 
1703666799.021831 -- INFO: Throughput @1703666799.0217516s:   0.32Gbps, lossRate: 0 CC:1  score:0.0  rtt:32.9 ms energy:51.0 Jules s-plr:0.0 
1703666800.023403 -- INFO: Throughput @1703666800.0233378s:   0.32Gbps, lossRate: 0 CC:1  score:0.0  rtt:32.9 ms energy:51.0 Jules s-plr:0.0 
1703666801.024242 -- INFO: Throughput @1703666801.0241637s:   0.32Gbps, lossRate: 0 CC:1  score:0.0  rtt:32.9 ms energy:51.0 Jules s-plr:0.0 
1703666802.025431 -- INFO: Throughput @1703666802.0253642s:   0.32Gbps, lossRate: 0 CC:1  score:0.0  rtt:32.8 ms energy:51.0 Jules s-plr:0.0 
1703666803.023657 -- INFO: Throughput @1703666803.023589s:   0.32Gbps, lossRate: 0 CC:1  score:0.0  rtt:32.8 ms energy:51.0 Jules s-plr:0.0 
1703666804.027843 -- INFO: Throughput @1703666804.0277698s:   0.32Gbps, lossRate: 0 CC:1  score:0.0  rtt:32.8 ms energy:51.0 Jules s-plr:0.0 
1703666805.024626 -- INFO: Throughput @1703666805.0245464s:   0.32Gbps, lossRate: 0 CC:1  score:0.0  rtt:32.7 ms energy:51.0 Jules s-plr:0.0 
1703666806.027685 -- INFO: Throughput @1703666806.027613s:   0.32Gbps, lossRate: 0 CC:4  score:0.0  rtt:32.7 ms energy:51.0 Jules s-plr:0.0 
1703666807.029852 -- INFO: Throughput @1703666807.0297847s:   0.32Gbps, lossRate: 0 CC:4  score:0.0  rtt:32.7 ms energy:51.0 Jules s-plr:0.0 
1703666808.030860 -- INFO: Throughput @1703666808.0307977s:   0.32Gbps, lossRate: 0 CC:4  score:0.0  rtt:32.7 ms energy:51.0 Jules s-plr:0.0 
1703666809.030542 -- INFO: Throughput @1703666809.0304685s:   0.32Gbps, lossRate: 0 CC:4  score:0.0  rtt:32.6 ms energy:51.0 Jules s-plr:0.0 
1703666810.033052 -- INFO: Throughput @1703666810.0329883s:   0.32Gbps, lossRate: 0 CC:4  score:0.0  rtt:32.6 ms energy:51.0 Jules s-plr:0.0 
1703666811.033938 -- INFO: Throughput @1703666811.033866s:   0.32Gbps, lossRate: 0 CC:4  score:0.0  rtt:32.8 ms energy:51.0 Jules s-plr:0.0 
1703666812.035534 -- INFO: Throughput @1703666812.0354612s:   0.32Gbps, lossRate: 0 CC:4  score:0.0  rtt:32.8 ms energy:51.0 Jules s-plr:0.0 
1703666813.037168 -- INFO: Throughput @1703666813.0370944s:   0.32Gbps, lossRate: 0 CC:4  score:0.0  rtt:32.8 ms energy:51.0 Jules s-plr:0.0 
1703666814.037337 -- INFO: Throughput @1703666814.037258s:   0.32Gbps, lossRate: 0 CC:4  score:0.0  rtt:32.8 ms energy:51.0 Jules s-plr:0.0 
1703666815.038858 -- INFO: Throughput @1703666815.0387933s:   0.32Gbps, lossRate: 0 CC:4  score:0.0  rtt:32.8 ms energy:51.0 Jules s-plr:0.0 
1703666816.038468 -- INFO: Throughput @1703666816.0383968s:   0.32Gbps, lossRate: 0 CC:4  score:0.0  rtt:32.7 ms energy:51.0 Jules s-plr:0.0 
1703666817.041057 -- INFO: Throughput @1703666817.0409927s:   0.32Gbps, lossRate: 0 CC:4  score:0.0  rtt:32.7 ms energy:51.0 Jules s-plr:0.0 
1703666818.039863 -- INFO: Throughput @1703666818.0398107s:   0.32Gbps, lossRate: 0 CC:4  score:0.0  rtt:32.6 ms energy:51.0 Jules s-plr:0.0 
1703666819.042964 -- INFO: Throughput @1703666819.0428975s:   0.32Gbps, lossRate: 0 CC:4  score:0.0  rtt:32.6 ms energy:51.0 Jules s-plr:0.0 
1703666820.044348 -- INFO: Throughput @1703666820.0442727s:   0.32Gbps, lossRate: 0 CC:4  score:0.0  rtt:32.7 ms energy:51.0 Jules s-plr:0.0 
1703666821.044916 -- INFO: Throughput @1703666821.0448499s:   0.32Gbps, lossRate: 0 CC:4  score:0.0  rtt:32.6 ms energy:51.0 Jules s-plr:0.0 
1703666822.046262 -- INFO: Throughput @1703666822.0461955s:   0.32Gbps, lossRate: 0 CC:4  score:0.0  rtt:32.6 ms energy:51.0 Jules s-plr:0.0 
1703666823.046200 -- INFO: Throughput @1703666823.0461242s:   0.32Gbps, lossRate: 0 CC:4  score:0.0  rtt:32.6 ms energy:51.0 Jules s-plr:0.0 
1703666824.047506 -- INFO: Throughput @1703666824.04746s:   0.32Gbps, lossRate: 0 CC:1  score:0.0  rtt:32.7 ms energy:51.0 Jules s-plr:0.0 
1703666825.048288 -- INFO: Throughput @1703666825.0482154s:   0.32Gbps, lossRate: 0 CC:1  score:0.0  rtt:32.8 ms energy:51.0 Jules s-plr:0.0 
1703666826.050637 -- INFO: Throughput @1703666826.0505621s:   0.32Gbps, lossRate: 0 CC:1  score:0.0  rtt:32.7 ms energy:51.0 Jules s-plr:0.0 
1703666827.051249 -- INFO: Throughput @1703666827.0511875s:   0.32Gbps, lossRate: 0 CC:1  score:0.0  rtt:32.8 ms energy:51.0 Jules s-plr:0.0 
1703666828.051944 -- INFO: Throughput @1703666828.051872s:   0.32Gbps, lossRate: 0 CC:1  score:0.0  rtt:32.7 ms energy:51.0 Jules s-plr:0.0 
1703666829.053492 -- INFO: Throughput @1703666829.0534267s:   0.32Gbps, lossRate: 0 CC:1  score:0.0  rtt:32.7 ms energy:51.0 Jules s-plr:0.0 
1703666830.046445 -- INFO: Throughput @1703666830.0463834s:   0.32Gbps, lossRate: 0 CC:1  score:0.0  rtt:32.8 ms energy:51.0 Jules s-plr:0.0 
1703666831.055769 -- INFO: Throughput @1703666831.0557055s:   0.32Gbps, lossRate: 0 CC:4  score:0.0  rtt:32.7 ms energy:51.0 Jules s-plr:0.0 
1703666832.056967 -- INFO: Throughput @1703666832.0568867s:   0.32Gbps, lossRate: 0 CC:4  score:0.0  rtt:32.7 ms energy:51.0 Jules s-plr:0.0 
1703666833.058063 -- INFO: Throughput @1703666833.0579867s:   0.32Gbps, lossRate: 0 CC:4  score:0.0  rtt:32.9 ms energy:51.0 Jules s-plr:0.0 
1703666834.058835 -- INFO: Throughput @1703666834.0587728s:   0.32Gbps, lossRate: 0 CC:4  score:0.0  rtt:32.7 ms energy:51.0 Jules s-plr:0.0 
1703666835.058954 -- INFO: Throughput @1703666835.0588834s:   0.32Gbps, lossRate: 0 CC:4  score:0.0  rtt:32.8 ms energy:51.0 Jules s-plr:0.0 
1703666836.061157 -- INFO: Throughput @1703666836.0610924s:   0.32Gbps, lossRate: 0 CC:4  score:0.0  rtt:32.6 ms energy:51.0 Jules s-plr:0.0 
1703666837.062359 -- INFO: Throughput @1703666837.0622828s:   0.32Gbps, lossRate: 0 CC:4  score:0.0  rtt:32.7 ms energy:51.0 Jules s-plr:0.0 
1703666838.063839 -- INFO: Throughput @1703666838.063772s:   0.32Gbps, lossRate: 0 CC:4  score:0.0  rtt:32.8 ms energy:51.0 Jules s-plr:0.0 
1703666839.064229 -- INFO: Throughput @1703666839.0641663s:   0.32Gbps, lossRate: 0 CC:4  score:0.0  rtt:32.8 ms energy:51.0 Jules s-plr:0.0 
1703666840.065235 -- INFO: Throughput @1703666840.0651593s:   0.32Gbps, lossRate: 0 CC:4  score:0.0  rtt:32.9 ms energy:51.0 Jules s-plr:0.0 
1703666841.066499 -- INFO: Throughput @1703666841.0664358s:   0.32Gbps, lossRate: 0 CC:4  score:0.0  rtt:32.7 ms energy:51.0 Jules s-plr:0.0 
1703666842.067851 -- INFO: Throughput @1703666842.0677776s:   0.32Gbps, lossRate: 0 CC:4  score:0.0  rtt:32.7 ms energy:51.0 Jules s-plr:0.0 
1703666843.062873 -- INFO: Throughput @1703666843.062795s:   0.32Gbps, lossRate: 0 CC:1  score:0.0  rtt:32.7 ms energy:51.0 Jules s-plr:0.0 
1703666844.069823 -- INFO: Throughput @1703666844.0697591s:   0.32Gbps, lossRate: 0 CC:1  score:0.0  rtt:32.8 ms energy:51.0 Jules s-plr:0.0 
1703666845.069822 -- INFO: Throughput @1703666845.069748s:   0.32Gbps, lossRate: 0 CC:1  score:0.0  rtt:32.7 ms energy:51.0 Jules s-plr:0.0 
1703666846.072492 -- INFO: Throughput @1703666846.0724266s:   0.32Gbps, lossRate: 0 CC:1  score:0.0  rtt:32.7 ms energy:51.0 Jules s-plr:0.0 
1703666847.073261 -- INFO: Throughput @1703666847.073199s:   0.32Gbps, lossRate: 0 CC:1  score:0.0  rtt:32.6 ms energy:51.0 Jules s-plr:0.0 
1703666848.074416 -- INFO: Throughput @1703666848.0743535s:   0.32Gbps, lossRate: 0 CC:1  score:0.0  rtt:32.6 ms energy:51.0 Jules s-plr:0.0 
1703666849.071510 -- INFO: Throughput @1703666849.0714266s:   0.32Gbps, lossRate: 0 CC:1  score:0.0  rtt:32.7 ms energy:51.0 Jules s-plr:0.0 
1703666850.076056 -- INFO: Throughput @1703666850.0759873s:   0.32Gbps, lossRate: 0 CC:1  score:0.0  rtt:32.7 ms energy:51.0 Jules s-plr:0.0 
1703666851.076252 -- INFO: Throughput @1703666851.0761766s:   0.32Gbps, lossRate: 0 CC:1  score:0.0  rtt:32.7 ms energy:51.0 Jules s-plr:0.0 
1703666852.078533 -- INFO: Throughput @1703666852.0784612s:   0.32Gbps, lossRate: 0 CC:1  score:0.0  rtt:32.6 ms energy:51.0 Jules s-plr:0.0 
1703666853.079489 -- INFO: Throughput @1703666853.0794258s:   0.32Gbps, lossRate: 0 CC:1  score:0.0  rtt:32.7 ms energy:51.0 Jules s-plr:0.0 
1703666854.080815 -- INFO: Throughput @1703666854.0807266s:   0.32Gbps, lossRate: 0 CC:1  score:0.0  rtt:32.7 ms energy:51.0 Jules s-plr:0.0 
1703666855.082183 -- INFO: Throughput @1703666855.0821187s:   0.32Gbps, lossRate: 0 CC:1  score:0.0  rtt:32.7 ms energy:51.0 Jules s-plr:0.0 
1703666856.082401 -- INFO: Throughput @1703666856.0823245s:   0.32Gbps, lossRate: 0 CC:4  score:0.0  rtt:32.7 ms energy:51.0 Jules s-plr:0.0 
1703666857.083894 -- INFO: Throughput @1703666857.0838258s:   0.32Gbps, lossRate: 0 CC:4  score:0.0  rtt:32.6 ms energy:51.0 Jules s-plr:0.0 
1703666858.084857 -- INFO: Throughput @1703666858.0847757s:   0.32Gbps, lossRate: 0 CC:4  score:0.0  rtt:32.7 ms energy:51.0 Jules s-plr:0.0 
1703666859.085562 -- INFO: Throughput @1703666859.0854907s:   0.32Gbps, lossRate: 0 CC:4  score:0.0  rtt:32.8 ms energy:51.0 Jules s-plr:0.0 
1703666860.086922 -- INFO: Throughput @1703666860.0868564s:   0.32Gbps, lossRate: 0 CC:4  score:0.0  rtt:32.7 ms energy:51.0 Jules s-plr:0.0 
1703666861.088165 -- INFO: Throughput @1703666861.0880952s:   0.32Gbps, lossRate: 0 CC:4  score:0.0  rtt:32.7 ms energy:51.0 Jules s-plr:0.0 
1703666862.089203 -- INFO: Throughput @1703666862.0891285s:   0.32Gbps, lossRate: 0 CC:1  score:0.0  rtt:32.7 ms energy:51.0 Jules s-plr:0.0 
1703666863.090443 -- INFO: Throughput @1703666863.090371s:   0.32Gbps, lossRate: 0 CC:1  score:0.0  rtt:32.7 ms energy:51.0 Jules s-plr:0.0 
1703666864.092256 -- INFO: Throughput @1703666864.092185s:   0.32Gbps, lossRate: 0 CC:1  score:0.0  rtt:32.6 ms energy:51.0 Jules s-plr:0.0 
1703666865.092459 -- INFO: Throughput @1703666865.0923932s:   0.32Gbps, lossRate: 0 CC:1  score:0.0  rtt:32.7 ms energy:51.0 Jules s-plr:0.0 
1703666866.093523 -- INFO: Throughput @1703666866.0934603s:   0.32Gbps, lossRate: 0 CC:1  score:0.0  rtt:32.8 ms energy:51.0 Jules s-plr:0.0 
1703666867.094421 -- INFO: Throughput @1703666867.0943513s:   0.32Gbps, lossRate: 0 CC:1  score:0.0  rtt:32.8 ms energy:51.0 Jules s-plr:0.0 
1703666868.089290 -- INFO: Throughput @1703666868.0892196s:   0.32Gbps, lossRate: 0 CC:1  score:0.0  rtt:32.6 ms energy:51.0 Jules s-plr:0.0 
1703666869.096554 -- INFO: Throughput @1703666869.0964804s:   0.32Gbps, lossRate: 0 CC:1  score:0.0  rtt:32.6 ms energy:51.0 Jules s-plr:0.0 
1703666870.097912 -- INFO: Throughput @1703666870.0978453s:   0.32Gbps, lossRate: 0 CC:1  score:0.0  rtt:32.6 ms energy:51.0 Jules s-plr:0.0 
1703666871.098990 -- INFO: Throughput @1703666871.09893s:   0.32Gbps, lossRate: 0 CC:1  score:0.0  rtt:32.7 ms energy:51.0 Jules s-plr:0.0 
1703666872.099842 -- INFO: Throughput @1703666872.099768s:   0.32Gbps, lossRate: 0 CC:1  score:0.0  rtt:32.6 ms energy:51.0 Jules s-plr:0.0 
1703666873.101849 -- INFO: Throughput @1703666873.101778s:   0.32Gbps, lossRate: 0 CC:1  score:0.0  rtt:32.7 ms energy:51.0 Jules s-plr:0.0 
1703666874.098479 -- INFO: Throughput @1703666874.0983982s:   0.32Gbps, lossRate: 0 CC:1  score:0.0  rtt:32.7 ms energy:51.0 Jules s-plr:0.0 
1703666875.101707 -- INFO: Throughput @1703666875.1016386s:   0.32Gbps, lossRate: 0 CC:4  score:0.0  rtt:32.5 ms energy:51.0 Jules s-plr:0.0 
1703666876.104845 -- INFO: Throughput @1703666876.104768s:   0.32Gbps, lossRate: 0 CC:4  score:0.0  rtt:32.6 ms energy:51.0 Jules s-plr:0.0 
1703666877.105323 -- INFO: Throughput @1703666877.1052613s:   0.32Gbps, lossRate: 0 CC:4  score:0.0  rtt:32.6 ms energy:51.0 Jules s-plr:0.0 
1703666878.106427 -- INFO: Throughput @1703666878.1063497s:   0.32Gbps, lossRate: 0 CC:4  score:0.0  rtt:32.6 ms energy:51.0 Jules s-plr:0.0 
1703666879.107653 -- INFO: Throughput @1703666879.107591s:   0.32Gbps, lossRate: 0 CC:4  score:0.0  rtt:32.6 ms energy:51.0 Jules s-plr:0.0 
1703666880.109035 -- INFO: Throughput @1703666880.108973s:   0.32Gbps, lossRate: 0 CC:4  score:0.0  rtt:32.6 ms energy:51.0 Jules s-plr:0.0 
1703666881.101304 -- INFO: Throughput @1703666881.1012533s:   0.32Gbps, lossRate: 0 CC:4  score:0.0  rtt:32.6 ms energy:51.0 Jules s-plr:0.0 
1703666882.111767 -- INFO: Throughput @1703666882.1116958s:   0.32Gbps, lossRate: 0 CC:4  score:0.0  rtt:32.7 ms energy:51.0 Jules s-plr:0.0 
1703666883.110758 -- INFO: Throughput @1703666883.110686s:   0.32Gbps, lossRate: 0 CC:4  score:0.0  rtt:32.6 ms energy:51.0 Jules s-plr:0.0 
1703666884.113173 -- INFO: Throughput @1703666884.1131074s:   0.32Gbps, lossRate: 0 CC:4  score:0.0  rtt:32.7 ms energy:51.0 Jules s-plr:0.0 
1703666885.114711 -- INFO: Throughput @1703666885.1146498s:   0.32Gbps, lossRate: 0 CC:4  score:0.0  rtt:32.6 ms energy:51.0 Jules s-plr:0.0 
1703666886.114208 -- INFO: Throughput @1703666886.1141376s:   0.32Gbps, lossRate: 0 CC:4  score:0.0  rtt:32.7 ms energy:51.0 Jules s-plr:0.0 
1703666887.115541 -- INFO: Throughput @1703666887.1154714s:   0.32Gbps, lossRate: 0 CC:1  score:0.0  rtt:32.7 ms energy:51.0 Jules s-plr:0.0 
1703666888.116844 -- INFO: Throughput @1703666888.116751s:   0.32Gbps, lossRate: 0 CC:1  score:0.0  rtt:32.6 ms energy:51.0 Jules s-plr:0.0 
1703666889.119962 -- INFO: Throughput @1703666889.1198971s:   0.32Gbps, lossRate: 0 CC:1  score:0.0  rtt:32.7 ms energy:51.0 Jules s-plr:0.0 
1703666890.119554 -- INFO: Throughput @1703666890.1194918s:   0.32Gbps, lossRate: 0 CC:1  score:0.0  rtt:32.7 ms energy:51.0 Jules s-plr:0.0 
1703666891.120215 -- INFO: Throughput @1703666891.1201441s:   0.32Gbps, lossRate: 0 CC:1  score:0.0  rtt:32.6 ms energy:51.0 Jules s-plr:0.0 
1703666892.122933 -- INFO: Throughput @1703666892.1228623s:   0.32Gbps, lossRate: 0 CC:1  score:0.0  rtt:32.8 ms energy:51.0 Jules s-plr:0.0 
1703666893.119035 -- INFO: Throughput @1703666893.1189775s:   0.32Gbps, lossRate: 0 CC:1  score:0.0  rtt:32.7 ms energy:51.0 Jules s-plr:0.0 
1703666894.123307 -- INFO: Throughput @1703666894.1232407s:   0.32Gbps, lossRate: 0 CC:4  score:0.0  rtt:32.6 ms energy:51.0 Jules s-plr:0.0 
1703666895.125289 -- INFO: Throughput @1703666895.1252234s:   0.32Gbps, lossRate: 0 CC:4  score:0.0  rtt:32.6 ms energy:51.0 Jules s-plr:0.0 
1703666896.126029 -- INFO: Throughput @1703666896.1259582s:   0.32Gbps, lossRate: 0 CC:4  score:0.0  rtt:32.6 ms energy:51.0 Jules s-plr:0.0 
1703666897.127202 -- INFO: Throughput @1703666897.127138s:   0.32Gbps, lossRate: 0 CC:4  score:0.0  rtt:32.7 ms energy:51.0 Jules s-plr:0.0 
1703666898.128515 -- INFO: Throughput @1703666898.1284535s:   0.32Gbps, lossRate: 0 CC:4  score:0.0  rtt:32.7 ms energy:51.0 Jules s-plr:0.0 
1703666899.128533 -- INFO: Throughput @1703666899.1284626s:   0.32Gbps, lossRate: 0 CC:4  score:0.0  rtt:32.7 ms energy:51.0 Jules s-plr:0.0 
1703666900.129711 -- INFO: Throughput @1703666900.1296453s:   0.32Gbps, lossRate: 0 CC:1  score:0.0  rtt:32.6 ms energy:51.0 Jules s-plr:0.0 
1703666901.130345 -- INFO: Throughput @1703666901.1302686s:   0.32Gbps, lossRate: 0 CC:1  score:0.0  rtt:32.6 ms energy:51.0 Jules s-plr:0.0 
1703666902.133113 -- INFO: Throughput @1703666902.133041s:   0.32Gbps, lossRate: 0 CC:1  score:0.0  rtt:32.7 ms energy:51.0 Jules s-plr:0.0 
1703666903.131843 -- INFO: Throughput @1703666903.1317744s:   0.32Gbps, lossRate: 0 CC:1  score:0.0  rtt:32.7 ms energy:51.0 Jules s-plr:0.0 
1703666904.134209 -- INFO: Throughput @1703666904.13413s:   0.32Gbps, lossRate: 0 CC:1  score:0.0  rtt:32.6 ms energy:51.0 Jules s-plr:0.0 
1703666905.136479 -- INFO: Throughput @1703666905.1364095s:   0.32Gbps, lossRate: 0 CC:1  score:0.0  rtt:32.6 ms energy:51.0 Jules s-plr:0.0 
1703666906.126993 -- INFO: Throughput @1703666906.1269295s:   0.32Gbps, lossRate: 0 CC:1  score:0.0  rtt:32.6 ms energy:51.0 Jules s-plr:0.0 
