Concurrent Thread 2 creating all parallel threads (paused)
Concurrent Thread 1 creating all parallel threads (paused)
Concurrent Thread 0 creating all parallel threads (paused)
Concurrent Thread 3 creating all parallel threads (paused)
Main Thread changed parallelism to 3 and concurrency to 3
Parent ID : 1 thread ID: 0, work url : sample_file_1 , start_byte :0 
Parent ID : 2 thread ID: 2, work url : sample_file_2 , start_byte :0 
Parent ID : 0 thread ID: 0, work url : sample_file_0 , start_byte :0 
Parent ID : 2 thread ID: 1, work url : sample_file_2 , start_byte :10000 
Parent ID : 1 thread ID: 2, work url : sample_file_1 , start_byte :10000 
Parent ID : 0 thread ID: 1, work url : sample_file_0 , start_byte :10000 
Parent ID : 1 thread ID: 1, work url : sample_file_1 , start_byte :20000 
Parent ID : 2 thread ID: 0, work url : sample_file_2 , start_byte :20000 
Parent ID : 0 thread ID: 2, work url : sample_file_0 , start_byte :20000 
Parent ID : 0 thread ID: 0, work url : sample_file_0 , start_byte :30000 
Parent ID : 1 thread ID: 1, work url : sample_file_1 , start_byte :40000 
Parent ID : 2 thread ID: 1, work url : sample_file_2 , start_byte :30000 
Parent ID : 2 thread ID: 0, work url : sample_file_2 , start_byte :40000 
Parent ID : 2 thread ID: 2, work url : sample_file_2 , start_byte :50000 
Parent ID : 1 thread ID: 0, work url : sample_file_1 , start_byte :30000 
Parent ID : 1 thread ID: 2, work url : sample_file_1 , start_byte :50000 
Parent ID : 0 thread ID: 2, work url : sample_file_0 , start_byte :40000 
Parent ID : 0 thread ID: 1, work url : sample_file_0 , start_byte :50000 
Parent ID : 2 thread ID: 2, work url : sample_file_2 , start_byte :60000 
Parent ID : 0 thread ID: 0, work url : sample_file_0 , start_byte :60000 
Parent ID : 2 thread ID: 1, work url : sample_file_2 , start_byte :70000 
Parent ID : 0 thread ID: 2, work url : sample_file_0 , start_byte :70000 
Parent ID : 1 thread ID: 2, work url : sample_file_1 , start_byte :60000 
Parent ID : 1 thread ID: 0, work url : sample_file_1 , start_byte :70000 
Parent ID : 2 thread ID: 0, work url : sample_file_2 , start_byte :80000 
Parent ID : 1 thread ID: 1, work url : sample_file_1 , start_byte :80000 
Parent ID : 0 thread ID: 1, work url : sample_file_0 , start_byte :80000 
Parent ID : 1 thread ID: 1, work url : sample_file_1 , start_byte :90000 
Parent ID : 2 thread ID: 2, work url : sample_file_2 , start_byte :90000 
Parent ID : 0 thread ID: 0, work url : sample_file_0 , start_byte :90000 
Parent ID : 0 thread ID: 2, work url : sample_file_0 , start_byte :100000 
Parent ID : 2 thread ID: 1, work url : sample_file_2 , start_byte :110000 
Parent ID : 0 thread ID: 1, work url : sample_file_0 , start_byte :110000 
Parent ID : 1 thread ID: 2, work url : sample_file_1 , start_byte :100000 
Parent ID : 1 thread ID: 0, work url : sample_file_1 , start_byte :110000 
Parent ID : 2 thread ID: 0, work url : sample_file_2 , start_byte :100000 
Parent ID : 2 thread ID: 0, work url : sample_file_2 , start_byte :120000 
Parent ID : 1 thread ID: 1, work url : sample_file_1 , start_byte :120000 
Parent ID : 0 thread ID: 1, work url : sample_file_0 , start_byte :120000 
Parent ID : 1 thread ID: 0, work url : sample_file_1 , start_byte :130000 
Parent ID : 1 thread ID: 2, work url : sample_file_1 , start_byte :140000 
Parent ID : 2 thread ID: 1, work url : sample_file_2 , start_byte :130000 
Parent ID : 0 thread ID: 2, work url : sample_file_0 , start_byte :130000 
Parent ID : 0 thread ID: 0, work url : sample_file_0 , start_byte :140000 
Parent ID : 2 thread ID: 2, work url : sample_file_2 , start_byte :140000 
Parent ID : 2 thread ID: 0, work url : sample_file_2 , start_byte :150000 
Parent ID : 1 thread ID: 0, work url : sample_file_1 , start_byte :150000 
Parent ID : 0 thread ID: 0, work url : sample_file_0 , start_byte :150000 
Parent ID : 1 thread ID: 2, work url : sample_file_1 , start_byte :160000 
Parent ID : 2 thread ID: 2, work url : sample_file_2 , start_byte :160000 
Parent ID : 2 thread ID: 1, work url : sample_file_2 , start_byte :170000 
Parent ID : 0 thread ID: 2, work url : sample_file_0 , start_byte :160000 
Parent ID : 1 thread ID: 1, work url : sample_file_1 , start_byte :170000 
Parent ID : 0 thread ID: 1, work url : sample_file_0 , start_byte :170000 
Parent ID : 2 thread ID: 2, work url : sample_file_2 , start_byte :180000 
Parent ID : 2 thread ID: 0, work url : sample_file_2 , start_byte :190000 
Parent ID : 2 thread ID: 1, work url : sample_file_2 , start_byte :200000 
Parent ID : 0 thread ID: 2, work url : sample_file_0 , start_byte :180000 
Parent ID : 1 thread ID: 0, work url : sample_file_1 , start_byte :190000 
Parent ID : 0 thread ID: 1, work url : sample_file_0 , start_byte :190000 
Parent ID : 0 thread ID: 0, work url : sample_file_0 , start_byte :200000 
Parent ID : 1 thread ID: 1, work url : sample_file_1 , start_byte :200000 
Parent ID : 1 thread ID: 2, work url : sample_file_1 , start_byte :180000 
Parent ID : 0 thread ID: 2, work url : sample_file_0 , start_byte :210000 
Parent ID : 2 thread ID: 2, work url : sample_file_2 , start_byte :210000 
Parent ID : 2 thread ID: 0, work url : sample_file_2 , start_byte :220000 
Parent ID : 2 thread ID: 1, work url : sample_file_2 , start_byte :230000 
Parent ID : 0 thread ID: 0, work url : sample_file_0 , start_byte :220000 
Parent ID : 1 thread ID: 2, work url : sample_file_1 , start_byte :210000 
Parent ID : 1 thread ID: 1, work url : sample_file_1 , start_byte :220000 
Parent ID : 1 thread ID: 0, work url : sample_file_1 , start_byte :230000 
Parent ID : 0 thread ID: 1, work url : sample_file_0 , start_byte :230000 
Parent ID : 1 thread ID: 0, work url : sample_file_1 , start_byte :240000 
Parent ID : 0 thread ID: 2, work url : sample_file_0 , start_byte :240000 
Parent ID : 0 thread ID: 1, work url : sample_file_0 , start_byte :250000 
Parent ID : 2 thread ID: 2, work url : sample_file_2 , start_byte :240000 
Parent ID : 1 thread ID: 1, work url : sample_file_1 , start_byte :250000 
Parent ID : 0 thread ID: 0, work url : sample_file_0 , start_byte :260000 
Parent ID : 2 thread ID: 0, work url : sample_file_2 , start_byte :250000 
Parent ID : 1 thread ID: 2, work url : sample_file_1 , start_byte :260000 
Parent ID : 2 thread ID: 1, work url : sample_file_2 , start_byte :260000 
Parent ID : 1 thread ID: 0, work url : sample_file_1 , start_byte :270000 
Parent ID : 1 thread ID: 1, work url : sample_file_1 , start_byte :280000 
Parent ID : 0 thread ID: 0, work url : sample_file_0 , start_byte :270000 
Parent ID : 1 thread ID: 2, work url : sample_file_1 , start_byte :290000 
Parent ID : 2 thread ID: 2, work url : sample_file_2 , start_byte :270000 
Parent ID : 0 thread ID: 1, work url : sample_file_0 , start_byte :280000 
Parent ID : 2 thread ID: 1, work url : sample_file_2 , start_byte :280000 
Parent ID : 2 thread ID: 0, work url : sample_file_2 , start_byte :290000 
Parent ID : 0 thread ID: 2, work url : sample_file_0 , start_byte :290000 
Parent ID : 2 thread ID: 0, work url : sample_file_2 , start_byte :300000 
Parent ID : 1 thread ID: 1, work url : sample_file_1 , start_byte :300000 
Parent ID : 1 thread ID: 0, work url : sample_file_1 , start_byte :310000 
Parent ID : 2 thread ID: 1, work url : sample_file_2 , start_byte :310000 
Parent ID : 2 thread ID: 2, work url : sample_file_2 , start_byte :320000 
Parent ID : 0 thread ID: 1, work url : sample_file_0 , start_byte :310000 
Parent ID : 1 thread ID: 2, work url : sample_file_1 , start_byte :320000 
Parent ID : 0 thread ID: 0, work url : sample_file_0 , start_byte :320000 
Parent ID : 0 thread ID: 2, work url : sample_file_0 , start_byte :300000 
Main Thread changed parallelism to 2 and concurrency to 3
Parent ID : 1 thread ID: 1, work url : sample_file_1 , start_byte :330000 
Parent ID : 0 thread ID: 2, work url : sample_file_0 , start_byte :330000 
Parent ID : 1 thread ID: 2, work url : sample_file_1 , start_byte :340000 
Parent ID : 2 thread ID: 0, work url : sample_file_2 , start_byte :330000 
Parent ID : 1 thread ID: 0, work url : sample_file_1 , start_byte :350000 
Parent ID : 0 thread ID: 0, work url : sample_file_0 , start_byte :340000 
Parent ID : 2 thread ID: 1, work url : sample_file_2 , start_byte :340000 
Parent ID : 0 thread ID: 1, work url : sample_file_0 , start_byte :350000 
Parent ID : 2 thread ID: 2, work url : sample_file_2 , start_byte :350000 
Parent ID : 1 thread ID: 1, work url : sample_file_1 , start_byte :360000 
Parent ID : 2 thread ID: 0, work url : sample_file_2 , start_byte :360000 
Parent ID : 0 thread ID: 0, work url : sample_file_0 , start_byte :360000 
Parent ID : 0 thread ID: 1, work url : sample_file_0 , start_byte :370000 
Parent ID : 1 thread ID: 0, work url : sample_file_1 , start_byte :370000 
Parent ID : 2 thread ID: 1, work url : sample_file_2 , start_byte :370000 
Parent ID : 1 thread ID: 1, work url : sample_file_1 , start_byte :380000 
Parent ID : 2 thread ID: 0, work url : sample_file_2 , start_byte :380000 
Parent ID : 2 thread ID: 1, work url : sample_file_2 , start_byte :390000 
Parent ID : 1 thread ID: 0, work url : sample_file_1 , start_byte :390000 
Parent ID : 0 thread ID: 0, work url : sample_file_0 , start_byte :390000 
Parent ID : 0 thread ID: 1, work url : sample_file_0 , start_byte :380000 
Parent ID : 1 thread ID: 1, work url : sample_file_1 , start_byte :400000 
Parent ID : 1 thread ID: 0, work url : sample_file_1 , start_byte :410000 
Parent ID : 2 thread ID: 1, work url : sample_file_2 , start_byte :400000 
Parent ID : 2 thread ID: 0, work url : sample_file_2 , start_byte :410000 
Parent ID : 0 thread ID: 0, work url : sample_file_0 , start_byte :400000 
Parent ID : 0 thread ID: 1, work url : sample_file_0 , start_byte :410000 
Parent ID : 2 thread ID: 1, work url : sample_file_2 , start_byte :420000 
Parent ID : 1 thread ID: 1, work url : sample_file_1 , start_byte :420000 
Parent ID : 0 thread ID: 1, work url : sample_file_0 , start_byte :420000 
Parent ID : 1 thread ID: 0, work url : sample_file_1 , start_byte :430000 
Parent ID : 0 thread ID: 0, work url : sample_file_0 , start_byte :430000 
Parent ID : 2 thread ID: 0, work url : sample_file_2 , start_byte :430000 
Parent ID : 2 thread ID: 1, work url : sample_file_2 , start_byte :440000 
Parent ID : 1 thread ID: 0, work url : sample_file_1 , start_byte :440000 
Parent ID : 0 thread ID: 1, work url : sample_file_0 , start_byte :440000 
Parent ID : 0 thread ID: 0, work url : sample_file_0 , start_byte :450000 
Parent ID : 2 thread ID: 0, work url : sample_file_2 , start_byte :450000 
Parent ID : 1 thread ID: 1, work url : sample_file_1 , start_byte :450000 
Parent ID : 0 thread ID: 1, work url : sample_file_0 , start_byte :460000 
Parent ID : 2 thread ID: 1, work url : sample_file_2 , start_byte :460000 
Parent ID : 1 thread ID: 1, work url : sample_file_1 , start_byte :460000 
Parent ID : 1 thread ID: 0, work url : sample_file_1 , start_byte :470000 
Parent ID : 2 thread ID: 0, work url : sample_file_2 , start_byte :470000 
Parent ID : 0 thread ID: 0, work url : sample_file_0 , start_byte :470000 
Parent ID : 0 thread ID: 1, work url : sample_file_0 , start_byte :480000 
Parent ID : 1 thread ID: 1, work url : sample_file_1 , start_byte :480000 
Parent ID : 2 thread ID: 0, work url : sample_file_2 , start_byte :480000 
Parent ID : 1 thread ID: 0, work url : sample_file_1 , start_byte :490000 
Parent ID : 2 thread ID: 1, work url : sample_file_2 , start_byte :490000 
Parent ID : 0 thread ID: 0, work url : sample_file_0 , start_byte :490000 
Parent ID : 0 thread ID: 1, work url : sample_file_0 , start_byte :500000 
Parent ID : 1 thread ID: 1, work url : sample_file_1 , start_byte :500000 
Parent ID : 0 thread ID: 0, work url : sample_file_0 , start_byte :510000 
Parent ID : 1 thread ID: 0, work url : sample_file_1 , start_byte :510000 
Parent ID : 2 thread ID: 1, work url : sample_file_2 , start_byte :500000 
Parent ID : 2 thread ID: 0, work url : sample_file_2 , start_byte :510000 
Parent ID : 0 thread ID: 1, work url : sample_file_0 , start_byte :520000 
Parent ID : 0 thread ID: 0, work url : sample_file_0 , start_byte :530000 
Parent ID : 1 thread ID: 0, work url : sample_file_1 , start_byte :520000 
Parent ID : 1 thread ID: 1, work url : sample_file_1 , start_byte :530000 
Parent ID : 2 thread ID: 1, work url : sample_file_2 , start_byte :520000 
Parent ID : 2 thread ID: 0, work url : sample_file_2 , start_byte :530000 
Main Thread changed parallelism to 2 and concurrency to 2
Parent ID : 0 thread ID: 1, work url : sample_file_0 , start_byte :540000 
Parent ID : 0 thread ID: 0, work url : sample_file_0 , start_byte :550000 
Parent ID : 1 thread ID: 1, work url : sample_file_1 , start_byte :540000 
Parent ID : 1 thread ID: 0, work url : sample_file_1 , start_byte :550000 
Parent ID : 0 thread ID: 1, work url : sample_file_0 , start_byte :560000 
Parent ID : 0 thread ID: 0, work url : sample_file_0 , start_byte :570000 
Parent ID : 1 thread ID: 0, work url : sample_file_1 , start_byte :560000 
Parent ID : 1 thread ID: 1, work url : sample_file_1 , start_byte :570000 
Parent ID : 0 thread ID: 0, work url : sample_file_0 , start_byte :580000 
Parent ID : 0 thread ID: 1, work url : sample_file_0 , start_byte :590000 
Parent ID : 1 thread ID: 0, work url : sample_file_1 , start_byte :580000 
Parent ID : 1 thread ID: 1, work url : sample_file_1 , start_byte :590000 
Parent ID : 0 thread ID: 0, work url : sample_file_0 , start_byte :600000 
Parent ID : 0 thread ID: 1, work url : sample_file_0 , start_byte :610000 
Parent ID : 1 thread ID: 1, work url : sample_file_1 , start_byte :600000 
Parent ID : 1 thread ID: 0, work url : sample_file_1 , start_byte :610000 
Parent ID : 0 thread ID: 0, work url : sample_file_0 , start_byte :620000 
Parent ID : 0 thread ID: 1, work url : sample_file_0 , start_byte :630000 
Parent ID : 1 thread ID: 1, work url : sample_file_1 , start_byte :620000 
Parent ID : 1 thread ID: 0, work url : sample_file_1 , start_byte :630000 
Parent ID : 0 thread ID: 0, work url : sample_file_0 , start_byte :640000 
Parent ID : 1 thread ID: 1, work url : sample_file_1 , start_byte :640000 
Parent ID : 0 thread ID: 1, work url : sample_file_0 , start_byte :650000 
Parent ID : 1 thread ID: 0, work url : sample_file_1 , start_byte :650000 
Parent ID : 0 thread ID: 0, work url : sample_file_0 , start_byte :660000 
Parent ID : 1 thread ID: 0, work url : sample_file_1 , start_byte :660000 
Parent ID : 0 thread ID: 1, work url : sample_file_0 , start_byte :670000 
Parent ID : 1 thread ID: 1, work url : sample_file_1 , start_byte :670000 
Parent ID : 0 thread ID: 0, work url : sample_file_0 , start_byte :680000 
Parent ID : 1 thread ID: 0, work url : sample_file_1 , start_byte :680000 
Parent ID : 1 thread ID: 1, work url : sample_file_1 , start_byte :690000 
Parent ID : 0 thread ID: 1, work url : sample_file_0 , start_byte :690000 
Parent ID : 1 thread ID: 1, work url : sample_file_1 , start_byte :700000 
Parent ID : 0 thread ID: 0, work url : sample_file_0 , start_byte :700000 
Parent ID : 0 thread ID: 1, work url : sample_file_0 , start_byte :710000 
Parent ID : 1 thread ID: 0, work url : sample_file_1 , start_byte :710000 
Parent ID : 1 thread ID: 1, work url : sample_file_1 , start_byte :720000 
Parent ID : 0 thread ID: 0, work url : sample_file_0 , start_byte :720000 
Parent ID : 0 thread ID: 1, work url : sample_file_0 , start_byte :730000 
Parent ID : 1 thread ID: 0, work url : sample_file_1 , start_byte :730000 
Parent ID : 0 thread ID: 0, work url : sample_file_0 , start_byte :740000 
Parent ID : 1 thread ID: 1, work url : sample_file_1 , start_byte :740000 
Parent ID : 0 thread ID: 1, work url : sample_file_0 , start_byte :750000 
Parent ID : 1 thread ID: 0, work url : sample_file_1 , start_byte :750000 
Main Thread changed parallelism to 1 and concurrency to 2
Parent ID : 0 thread ID: 0, work url : sample_file_0 , start_byte :760000 
Parent ID : 1 thread ID: 1, work url : sample_file_1 , start_byte :760000 
Parent ID : 0 thread ID: 1, work url : sample_file_0 , start_byte :770000 
Parent ID : 1 thread ID: 0, work url : sample_file_1 , start_byte :770000 
Parent ID : 0 thread ID: 0, work url : sample_file_0 , start_byte :780000 
Parent ID : 1 thread ID: 0, work url : sample_file_1 , start_byte :780000 
Parent ID : 1 thread ID: 0, work url : sample_file_1 , start_byte :790000 
Parent ID : 0 thread ID: 0, work url : sample_file_0 , start_byte :790000 
Parent ID : 1 thread ID: 0, work url : sample_file_1 , start_byte :800000 
Parent ID : 0 thread ID: 0, work url : sample_file_0 , start_byte :800000 
Parent ID : 1 thread ID: 0, work url : sample_file_1 , start_byte :810000 
Parent ID : 0 thread ID: 0, work url : sample_file_0 , start_byte :810000 
Parent ID : 1 thread ID: 0, work url : sample_file_1 , start_byte :820000 
Parent ID : 0 thread ID: 0, work url : sample_file_0 , start_byte :820000 
Parent ID : 1 thread ID: 0, work url : sample_file_1 , start_byte :830000 
Parent ID : 0 thread ID: 0, work url : sample_file_0 , start_byte :830000 
Parent ID : 1 thread ID: 0, work url : sample_file_1 , start_byte :840000 
Parent ID : 0 thread ID: 0, work url : sample_file_0 , start_byte :840000 
Parent ID : 1 thread ID: 0, work url : sample_file_1 , start_byte :850000 
Parent ID : 0 thread ID: 0, work url : sample_file_0 , start_byte :850000 
Parent ID : 1 thread ID: 0, work url : sample_file_1 , start_byte :860000 
Parent ID : 0 thread ID: 0, work url : sample_file_0 , start_byte :860000 
Parent ID : 1 thread ID: 0, work url : sample_file_1 , start_byte :870000 
Parent ID : 0 thread ID: 0, work url : sample_file_0 , start_byte :870000 
Parent ID : 1 thread ID: 0, work url : sample_file_1 , start_byte :880000 
Parent ID : 0 thread ID: 0, work url : sample_file_0 , start_byte :880000 
Parent ID : 1 thread ID: 0, work url : sample_file_1 , start_byte :890000 
Parent ID : 0 thread ID: 0, work url : sample_file_0 , start_byte :890000 
Parent ID : 1 thread ID: 0, work url : sample_file_1 , start_byte :900000 
Parent ID : 0 thread ID: 0, work url : sample_file_0 , start_byte :900000 
Parent ID : 1 thread ID: 0, work url : sample_file_1 , start_byte :910000 
Parent ID : 0 thread ID: 0, work url : sample_file_0 , start_byte :910000 
Parent ID : 1 thread ID: 0, work url : sample_file_1 , start_byte :920000 
Parent ID : 0 thread ID: 0, work url : sample_file_0 , start_byte :920000 
Main Thread changed parallelism to 4 and concurrency to 2
Parent ID : 0 thread ID: 3, work url : sample_file_0 , start_byte :930000 
Parent ID : 0 thread ID: 2, work url : sample_file_0 , start_byte :940000 
Parent ID : 0 thread ID: 1, work url : sample_file_0 , start_byte :950000 
Parent ID : 1 thread ID: 3, work url : sample_file_1 , start_byte :930000 
Parent ID : 1 thread ID: 1, work url : sample_file_1 , start_byte :940000 
Parent ID : 1 thread ID: 2, work url : sample_file_1 , start_byte :950000 
Parent ID : 1 thread ID: 0, work url : sample_file_1 , start_byte :960000 
Parent ID : 0 thread ID: 0, work url : sample_file_0 , start_byte :960000 
Parent ID : 0 thread ID: 2, work url : sample_file_0 , start_byte :970000 
Parent ID : 0 thread ID: 3, work url : sample_file_0 , start_byte :980000 
Parent ID : 1 thread ID: 1, work url : sample_file_1 , start_byte :970000 
Parent ID : 0 thread ID: 1, work url : sample_file_0 , start_byte :990000 
Parent ID : 1 thread ID: 3, work url : sample_file_1 , start_byte :980000 
Parent ID : 1 thread ID: 2, work url : sample_file_1 , start_byte :990000 
Parent ID : 1 thread ID: 0, work url : sample_file_1 , start_byte :1000000 
Parent ID : 0 thread ID: 0, work url : sample_file_0 , start_byte :1000000 
Parent ID : 0 thread ID: 1, work url : sample_file_0 , start_byte :1010000 
Parent ID : 0 thread ID: 2, work url : sample_file_0 , start_byte :1020000 
Parent ID : 1 thread ID: 1, work url : sample_file_1 , start_byte :1010000 
Parent ID : 1 thread ID: 2, work url : sample_file_1 , start_byte :1020000 
Parent ID : 0 thread ID: 3, work url : sample_file_0 , start_byte :1030000 
Parent ID : 1 thread ID: 3, work url : sample_file_1 , start_byte :1030000 
Parent ID : 1 thread ID: 0, work url : sample_file_1 , start_byte :1040000 
Parent ID : 0 thread ID: 0, work url : sample_file_0 , start_byte :1040000 
Parent ID : 0 thread ID: 1, work url : sample_file_0 , start_byte :1050000 
Parent ID : 1 thread ID: 3, work url : sample_file_1 , start_byte :1050000 
Parent ID : 0 thread ID: 3, work url : sample_file_0 , start_byte :1060000 
Parent ID : 1 thread ID: 2, work url : sample_file_1 , start_byte :1060000 
Parent ID : 0 thread ID: 2, work url : sample_file_0 , start_byte :1070000 
Parent ID : 1 thread ID: 1, work url : sample_file_1 , start_byte :1070000 
Parent ID : 0 thread ID: 0, work url : sample_file_0 , start_byte :1080000 
Parent ID : 1 thread ID: 0, work url : sample_file_1 , start_byte :1080000 
Parent ID : 0 thread ID: 1, work url : sample_file_0 , start_byte :1090000 
Parent ID : 0 thread ID: 2, work url : sample_file_0 , start_byte :1100000 
Parent ID : 1 thread ID: 2, work url : sample_file_1 , start_byte :1090000 
Parent ID : 1 thread ID: 3, work url : sample_file_1 , start_byte :1100000 
Parent ID : 0 thread ID: 3, work url : sample_file_0 , start_byte :1110000 
Parent ID : 1 thread ID: 1, work url : sample_file_1 , start_byte :1110000 
Parent ID : 0 thread ID: 0, work url : sample_file_0 , start_byte :1120000 
Parent ID : 1 thread ID: 0, work url : sample_file_1 , start_byte :1120000 
Parent ID : 1 thread ID: 1, work url : sample_file_1 , start_byte :1130000 
Parent ID : 1 thread ID: 3, work url : sample_file_1 , start_byte :1140000 
Parent ID : 0 thread ID: 1, work url : sample_file_0 , start_byte :1140000 
Parent ID : 0 thread ID: 3, work url : sample_file_0 , start_byte :1130000 
Parent ID : 1 thread ID: 2, work url : sample_file_1 , start_byte :1150000 
Parent ID : 0 thread ID: 2, work url : sample_file_0 , start_byte :1150000 
Parent ID : 0 thread ID: 0, work url : sample_file_0 , start_byte :1160000 
Parent ID : 1 thread ID: 0, work url : sample_file_1 , start_byte :1160000 
Parent ID : 0 thread ID: 1, work url : sample_file_0 , start_byte :1170000 
Parent ID : 1 thread ID: 1, work url : sample_file_1 , start_byte :1170000 
Parent ID : 0 thread ID: 3, work url : sample_file_0 , start_byte :1180000 
Parent ID : 0 thread ID: 2, work url : sample_file_0 , start_byte :1190000 
Parent ID : 1 thread ID: 2, work url : sample_file_1 , start_byte :1180000 
Parent ID : 1 thread ID: 3, work url : sample_file_1 , start_byte :1190000 
Parent ID : 0 thread ID: 0, work url : sample_file_0 , start_byte :1200000 
Parent ID : 1 thread ID: 0, work url : sample_file_1 , start_byte :1200000 
Parent ID : 0 thread ID: 1, work url : sample_file_0 , start_byte :1210000 
Parent ID : 0 thread ID: 3, work url : sample_file_0 , start_byte :1220000 
Parent ID : 1 thread ID: 1, work url : sample_file_1 , start_byte :1210000 
Parent ID : 1 thread ID: 3, work url : sample_file_1 , start_byte :1220000 
Parent ID : 1 thread ID: 2, work url : sample_file_1 , start_byte :1230000 
Parent ID : 0 thread ID: 2, work url : sample_file_0 , start_byte :1230000 
Parent ID : 0 thread ID: 0, work url : sample_file_0 , start_byte :1240000 
Parent ID : 1 thread ID: 0, work url : sample_file_1 , start_byte :1240000 
Parent ID : 0 thread ID: 1, work url : sample_file_0 , start_byte :1250000 
Parent ID : 0 thread ID: 3, work url : sample_file_0 , start_byte :1260000 
Parent ID : 1 thread ID: 1, work url : sample_file_1 , start_byte :1250000 
Parent ID : 1 thread ID: 2, work url : sample_file_1 , start_byte :1260000 
Parent ID : 1 thread ID: 3, work url : sample_file_1 , start_byte :1270000 
Parent ID : 0 thread ID: 2, work url : sample_file_0 , start_byte :1270000 
Parent ID : 0 thread ID: 0, work url : sample_file_0 , start_byte :1280000 
Parent ID : 1 thread ID: 0, work url : sample_file_1 , start_byte :1280000 
Parent ID : 0 thread ID: 1, work url : sample_file_0 , start_byte :1290000 
Parent ID : 1 thread ID: 2, work url : sample_file_1 , start_byte :1290000 
Parent ID : 0 thread ID: 3, work url : sample_file_0 , start_byte :1300000 
Parent ID : 0 thread ID: 2, work url : sample_file_0 , start_byte :1310000 
Parent ID : 1 thread ID: 1, work url : sample_file_1 , start_byte :1300000 
Parent ID : 1 thread ID: 3, work url : sample_file_1 , start_byte :1310000 
Parent ID : 0 thread ID: 0, work url : sample_file_0 , start_byte :1320000 
Parent ID : 1 thread ID: 0, work url : sample_file_1 , start_byte :1320000 
Main Thread change parallelism to MAX and concurrency to MAX
Parent ID : 1 thread ID: 1, work url : sample_file_1 , start_byte :1330000 
Parent ID : 0 thread ID: 1, work url : sample_file_0 , start_byte :1330000 
Parent ID : 1 thread ID: 2, work url : sample_file_1 , start_byte :1340000 
Parent ID : 0 thread ID: 2, work url : sample_file_0 , start_byte :1340000 
Parent ID : 1 thread ID: 3, work url : sample_file_1 , start_byte :1350000 
Parent ID : 0 thread ID: 3, work url : sample_file_0 , start_byte :1350000 
Parent ID : 0 thread ID: 0, work url : sample_file_0 , start_byte :1360000 
Parent ID : 1 thread ID: 0, work url : sample_file_1 , start_byte :1360000 
Parent ID : 1 thread ID: 1, work url : sample_file_1 , start_byte :1370000 
Parent ID : 0 thread ID: 2, work url : sample_file_0 , start_byte :1370000 
Parent ID : 1 thread ID: 2, work url : sample_file_1 , start_byte :1390000 
Parent ID : 0 thread ID: 3, work url : sample_file_0 , start_byte :1380000 
Parent ID : 0 thread ID: 1, work url : sample_file_0 , start_byte :1390000 
Parent ID : 1 thread ID: 3, work url : sample_file_1 , start_byte :1380000 
Parent ID : 0 thread ID: 0, work url : sample_file_0 , start_byte :1400000 
Parent ID : 1 thread ID: 0, work url : sample_file_1 , start_byte :1400000 
Parent ID : 2 thread ID: 2, work url : sample_file_2 , start_byte :540000 
Parent ID : 2 thread ID: 3, work url : sample_file_2 , start_byte :550000 
Parent ID : 2 thread ID: 0, work url : sample_file_2 , start_byte :560000 
Parent ID : 2 thread ID: 1, work url : sample_file_2 , start_byte :570000 
Parent ID : 3 thread ID: 1, work url : sample_file_3 , start_byte :0 
Parent ID : 3 thread ID: 0, work url : sample_file_3 , start_byte :10000 
Parent ID : 3 thread ID: 2, work url : sample_file_3 , start_byte :20000 
Parent ID : 3 thread ID: 3, work url : sample_file_3 , start_byte :30000 
Parent ID : 1 thread ID: 1, work url : sample_file_1 , start_byte :1410000 
Parent ID : 0 thread ID: 2, work url : sample_file_0 , start_byte :1410000 
Parent ID : 0 thread ID: 1, work url : sample_file_0 , start_byte :1420000 
Parent ID : 0 thread ID: 3, work url : sample_file_0 , start_byte :1430000 
Parent ID : 1 thread ID: 3, work url : sample_file_1 , start_byte :1420000 
Parent ID : 1 thread ID: 2, work url : sample_file_1 , start_byte :1430000 
Parent ID : 0 thread ID: 0, work url : sample_file_0 , start_byte :1440000 
Parent ID : 1 thread ID: 0, work url : sample_file_1 , start_byte :1440000 
Parent ID : 2 thread ID: 2, work url : sample_file_2 , start_byte :580000 
Parent ID : 3 thread ID: 1, work url : sample_file_3 , start_byte :40000 
Parent ID : 2 thread ID: 3, work url : sample_file_2 , start_byte :590000 
Parent ID : 2 thread ID: 0, work url : sample_file_2 , start_byte :600000 
Parent ID : 3 thread ID: 2, work url : sample_file_3 , start_byte :50000 
Parent ID : 3 thread ID: 3, work url : sample_file_3 , start_byte :60000 
Parent ID : 3 thread ID: 0, work url : sample_file_3 , start_byte :70000 
Parent ID : 2 thread ID: 1, work url : sample_file_2 , start_byte :610000 
Parent ID : 1 thread ID: 1, work url : sample_file_1 , start_byte :1450000 
Parent ID : 0 thread ID: 3, work url : sample_file_0 , start_byte :1450000 
Parent ID : 1 thread ID: 3, work url : sample_file_1 , start_byte :1460000 
Parent ID : 1 thread ID: 2, work url : sample_file_1 , start_byte :1470000 
Parent ID : 0 thread ID: 1, work url : sample_file_0 , start_byte :1470000 
Parent ID : 0 thread ID: 2, work url : sample_file_0 , start_byte :1460000 
Parent ID : 0 thread ID: 0, work url : sample_file_0 , start_byte :1480000 
Parent ID : 1 thread ID: 0, work url : sample_file_1 , start_byte :1480000 
Parent ID : 2 thread ID: 3, work url : sample_file_2 , start_byte :620000 
Parent ID : 3 thread ID: 2, work url : sample_file_3 , start_byte :80000 
Parent ID : 2 thread ID: 2, work url : sample_file_2 , start_byte :630000 
Parent ID : 3 thread ID: 1, work url : sample_file_3 , start_byte :90000 
Parent ID : 3 thread ID: 0, work url : sample_file_3 , start_byte :100000 
Parent ID : 2 thread ID: 1, work url : sample_file_2 , start_byte :640000 
Parent ID : 2 thread ID: 0, work url : sample_file_2 , start_byte :650000 
Parent ID : 3 thread ID: 3, work url : sample_file_3 , start_byte :110000 
Parent ID : 1 thread ID: 1, work url : sample_file_1 , start_byte :1490000 
Parent ID : 0 thread ID: 3, work url : sample_file_0 , start_byte :1490000 
Parent ID : 1 thread ID: 3, work url : sample_file_1 , start_byte :1500000 
Parent ID : 1 thread ID: 2, work url : sample_file_1 , start_byte :1510000 
Parent ID : 0 thread ID: 1, work url : sample_file_0 , start_byte :1500000 
Parent ID : 0 thread ID: 2, work url : sample_file_0 , start_byte :1510000 
Parent ID : 0 thread ID: 0, work url : sample_file_0 , start_byte :1520000 
Parent ID : 1 thread ID: 0, work url : sample_file_1 , start_byte :1520000 
Parent ID : 3 thread ID: 2, work url : sample_file_3 , start_byte :120000 
Parent ID : 2 thread ID: 3, work url : sample_file_2 , start_byte :660000 
Parent ID : 2 thread ID: 0, work url : sample_file_2 , start_byte :670000 
Parent ID : 2 thread ID: 2, work url : sample_file_2 , start_byte :680000 
Parent ID : 3 thread ID: 1, work url : sample_file_3 , start_byte :130000 
Parent ID : 3 thread ID: 3, work url : sample_file_3 , start_byte :140000 
Parent ID : 2 thread ID: 1, work url : sample_file_2 , start_byte :690000 
Parent ID : 3 thread ID: 0, work url : sample_file_3 , start_byte :150000 
Parent ID : 1 thread ID: 1, work url : sample_file_1 , start_byte :1530000 
Parent ID : 0 thread ID: 1, work url : sample_file_0 , start_byte :1530000 
Parent ID : 0 thread ID: 2, work url : sample_file_0 , start_byte :1540000 
Parent ID : 0 thread ID: 3, work url : sample_file_0 , start_byte :1550000 
Parent ID : 1 thread ID: 2, work url : sample_file_1 , start_byte :1540000 
Parent ID : 1 thread ID: 3, work url : sample_file_1 , start_byte :1550000 
Parent ID : 0 thread ID: 0, work url : sample_file_0 , start_byte :1560000 
Parent ID : 1 thread ID: 0, work url : sample_file_1 , start_byte :1560000 
Main thread is shutting off all concurrent threads
Parent ID : 2 thread ID: 3, work url : sample_file_2 , start_byte :700000 
Parent ID : 2 thread ID: 0, work url : sample_file_2 , start_byte :710000 
Parent ID : 2 thread ID: 2, work url : sample_file_2 , start_byte :720000 
Parent ID : 2 thread ID: 1, work url : sample_file_2 , start_byte :730000 
Parent ID : 3 thread ID: 0, work url : sample_file_3 , start_byte :170000 
Parent ID : 3 thread ID: 2, work url : sample_file_3 , start_byte :160000 
Parent ID : 3 thread ID: 1, work url : sample_file_3 , start_byte :180000 
Parent ID : 3 thread ID: 3, work url : sample_file_3 , start_byte :190000 
Parent ID : 1 thread ID: 1, work url : sample_file_1 , start_byte :1570000 
Parent ID : 0 thread ID: 2, work url : sample_file_0 , start_byte :1570000 
Parent ID : 0 thread ID: 1, work url : sample_file_0 , start_byte :1580000 
Parent ID : 0 thread ID: 3, work url : sample_file_0 , start_byte :1590000 
Parent ID : 1 thread ID: 2, work url : sample_file_1 , start_byte :1580000 
Parent ID : 1 thread ID: 3, work url : sample_file_1 , start_byte :1590000 
Parent ID : 0 thread ID: 0, work url : sample_file_0 , start_byte :1600000 
Parent ID : 1 thread ID: 0, work url : sample_file_1 , start_byte :1600000 
Parent ID : 2 thread ID: 0, work url : sample_file_2 , start_byte :740000 
Parent ID : 2 thread ID: 2, work url : sample_file_2 , start_byte :750000 
Parent ID : 2 thread ID: 3, work url : sample_file_2 , start_byte :760000 
Parent ID : 3 thread ID: 1, work url : sample_file_3 , start_byte :200000 
Parent ID : 3 thread ID: 2, work url : sample_file_3 , start_byte :210000 
Parent ID : 3 thread ID: 3, work url : sample_file_3 , start_byte :220000 
Parent ID : 2 thread ID: 1, work url : sample_file_2 , start_byte :770000 
Parent ID : 3 thread ID: 0, work url : sample_file_3 , start_byte :230000 
Parent ID : 0 thread ID: 1, work url : sample_file_0 , start_byte :1610000 
Parent ID : 0 thread ID: 3, work url : sample_file_0 , start_byte :1620000 
Parent ID : 0 thread ID: 2, work url : sample_file_0 , start_byte :1630000 
Parent ID : 1 thread ID: 1, work url : sample_file_1 , start_byte :1610000 
Parent ID : 1 thread ID: 3, work url : sample_file_1 , start_byte :1620000 
Parent ID : 1 thread ID: 2, work url : sample_file_1 , start_byte :1630000 
Parent ID : 0 thread ID: 0, work url : sample_file_0 , start_byte :1640000 
Parent ID : 1 thread ID: 0, work url : sample_file_1 , start_byte :1640000 
Concurrent Thread 3 shutting off all parallel threads
Concurrent Thread 2 shutting off all parallel threads
Concurrent Thread 0 shutting off all parallel threads
Concurrent Thread 1 shutting off all parallel threads
Parent ID : 2 thread ID: 0, shutting itself off
Parent ID : 3 thread ID: 1, shutting itself off
Parent ID : 3 thread ID: 2, shutting itself off
Parent ID : 3 thread ID: 0, shutting itself off
Parent ID : 2 thread ID: 2, shutting itself off
Parent ID : 2 thread ID: 1, shutting itself off
Parent ID : 2 thread ID: 3, shutting itself off
Parent ID : 3 thread ID: 3, shutting itself off
Parent ID : 0 thread ID: 1, shutting itself off
Parent ID : 0 thread ID: 2, shutting itself off
Parent ID : 0 thread ID: 3, shutting itself off
Parent ID : 1 thread ID: 1, shutting itself off
Parent ID : 1 thread ID: 3, shutting itself off
Parent ID : 1 thread ID: 2, shutting itself off
Parent ID : 0 thread ID: 0, shutting itself off
Parent ID : 1 thread ID: 0, shutting itself off
All done
