1703662869.528683 -- INFO: Throughput @1703662869.5282354s:   0.0Gbps, lossRate: 0 CC:1  score:0.0  rtt:0.0 ms energy:0.0 Jules s-plr:0.0 
1703662870.523882 -- INFO: Throughput @1703662870.5238142s:   0.0Gbps, lossRate: 0.0 CC:1  score:0.0  rtt:0.0 ms energy:0.0 Jules s-plr:0.0 
1703662871.524987 -- INFO: Throughput @1703662871.5249226s:   0.0Gbps, lossRate: 0 CC:1  score:0.0  rtt:32.6 ms energy:0.0 Jules s-plr:0.0 
1703662872.526677 -- INFO: Throughput @1703662872.5266106s:   0.0Gbps, lossRate: 0 CC:1  score:0.0  rtt:32.8 ms energy:0.0 Jules s-plr:0.0 
1703662873.526157 -- INFO: Throughput @1703662873.526095s:   0.0Gbps, lossRate: 0 CC:1  score:0.0  rtt:32.6 ms energy:0.0 Jules s-plr:0.0 
1703662874.527622 -- INFO: Throughput @1703662874.5275588s:   0.0Gbps, lossRate: 0 CC:1  score:0.0  rtt:32.6 ms energy:0.0 Jules s-plr:0.0 
1703662875.529487 -- INFO: Throughput @1703662875.529419s:   0.0Gbps, lossRate: 0 CC:1  score:0.0  rtt:32.6 ms energy:0.0 Jules s-plr:0.0 
1703662876.529309 -- INFO: Throughput @1703662876.5292435s:   0.0Gbps, lossRate: 0 CC:1  score:0.0  rtt:32.6 ms energy:0.0 Jules s-plr:0.0 
1703662877.531720 -- INFO: Throughput @1703662877.5316582s:   0.0Gbps, lossRate: 0 CC:1  score:0.0  rtt:32.6 ms energy:0.0 Jules s-plr:0.0 
1703662878.532616 -- INFO: Throughput @1703662878.532545s:   0.0Gbps, lossRate: 0.0 CC:1  score:0.0  rtt:32.6 ms energy:0.0 Jules s-plr:0.0 
1703662879.532224 -- INFO: Throughput @1703662879.5321498s:   0.32Gbps, lossRate: 0 CC:1  score:0.0  rtt:32.6 ms energy:0.0 Jules s-plr:0.0 
1703662880.534299 -- INFO: Throughput @1703662880.5342312s:   0.32Gbps, lossRate: 0 CC:1  score:0.0  rtt:32.7 ms energy:0.0 Jules s-plr:0.0 
1703662881.534865 -- INFO: Throughput @1703662881.5347967s:   0.32Gbps, lossRate: 0 CC:1  score:0.0  rtt:32.7 ms energy:41.0 Jules s-plr:0.0 
1703662882.535348 -- INFO: Throughput @1703662882.5352821s:   0.32Gbps, lossRate: 0 CC:1  score:0.0  rtt:32.7 ms energy:41.0 Jules s-plr:0.0 
1703662883.537594 -- INFO: Throughput @1703662883.537528s:   0.32Gbps, lossRate: 0 CC:1  score:0.0  rtt:32.7 ms energy:41.0 Jules s-plr:0.0 
1703662884.538004 -- INFO: Throughput @1703662884.5379372s:   0.32Gbps, lossRate: 0 CC:1  score:0.0  rtt:32.7 ms energy:41.0 Jules s-plr:0.0 
1703662885.539367 -- INFO: Throughput @1703662885.539302s:   0.32Gbps, lossRate: 0 CC:1  score:0.0  rtt:32.7 ms energy:41.0 Jules s-plr:0.0 
1703662886.540778 -- INFO: Throughput @1703662886.5407133s:   0.32Gbps, lossRate: 0 CC:1  score:0.0  rtt:32.6 ms energy:41.0 Jules s-plr:0.0 
1703662887.541239 -- INFO: Throughput @1703662887.5411732s:   0.32Gbps, lossRate: 0 CC:1  score:0.0  rtt:32.6 ms energy:42.0 Jules s-plr:0.0 
1703662888.541646 -- INFO: Throughput @1703662888.54158s:   0.32Gbps, lossRate: 0 CC:1  score:0.0  rtt:32.7 ms energy:42.0 Jules s-plr:0.0 
1703662889.543305 -- INFO: Throughput @1703662889.5432386s:   0.32Gbps, lossRate: 0 CC:1  score:0.0  rtt:32.7 ms energy:42.0 Jules s-plr:0.0 
1703662890.545085 -- INFO: Throughput @1703662890.5450175s:   0.32Gbps, lossRate: 0 CC:1  score:0.0  rtt:33.1 ms energy:42.0 Jules s-plr:0.0 
1703662891.545519 -- INFO: Throughput @1703662891.5454547s:   0.32Gbps, lossRate: 0 CC:1  score:0.0  rtt:32.7 ms energy:42.0 Jules s-plr:0.0 
1703662892.546269 -- INFO: Throughput @1703662892.5462017s:   0.64Gbps, lossRate: 0 CC:1  score:1.0  rtt:32.7 ms energy:42.0 Jules s-plr:0.0 
1703662893.548323 -- INFO: Throughput @1703662893.5482554s:   0.32Gbps, lossRate: 0 CC:1  score:0.0  rtt:32.6 ms energy:42.0 Jules s-plr:0.0 
1703662894.548889 -- INFO: Throughput @1703662894.5487597s:   0.32Gbps, lossRate: 0 CC:1  score:0.0  rtt:32.6 ms energy:42.0 Jules s-plr:0.0 
1703662895.549201 -- INFO: Throughput @1703662895.5491357s:   0.32Gbps, lossRate: 0 CC:1  score:0.0  rtt:32.6 ms energy:42.0 Jules s-plr:0.0 
1703662896.551776 -- INFO: Throughput @1703662896.5517077s:   0.32Gbps, lossRate: 0 CC:1  score:0.0  rtt:32.6 ms energy:42.0 Jules s-plr:0.0 
1703662897.551691 -- INFO: Throughput @1703662897.551627s:   0.32Gbps, lossRate: 0 CC:1  score:0.0  rtt:32.6 ms energy:42.0 Jules s-plr:0.0 
1703662898.552501 -- INFO: Throughput @1703662898.5524378s:   0.0Gbps, lossRate: 0 CC:1  score:0.0  rtt:32.6 ms energy:42.0 Jules s-plr:0.0 
1703662899.555807 -- INFO: Throughput @1703662899.5557387s:   0.64Gbps, lossRate: 0 CC:1  score:-17.0  rtt:32.8 ms energy:41.0 Jules s-plr:2.7958156779661016 
1703662900.555048 -- INFO: Throughput @1703662900.5549827s:   0.32Gbps, lossRate: 0 CC:1  score:0.0  rtt:32.6 ms energy:41.0 Jules s-plr:0.0 
1703662901.556736 -- INFO: Throughput @1703662901.556672s:   0.32Gbps, lossRate: 0 CC:1  score:0.0  rtt:32.7 ms energy:41.0 Jules s-plr:0.0 
1703662902.558531 -- INFO: Throughput @1703662902.5584645s:   0.32Gbps, lossRate: 0.0 CC:1  score:0.0  rtt:32.7 ms energy:41.0 Jules s-plr:0.0 
1703662903.558247 -- INFO: Throughput @1703662903.5581822s:   0.32Gbps, lossRate: 0 CC:1  score:0.0  rtt:32.8 ms energy:41.0 Jules s-plr:0.0 
1703662904.559388 -- INFO: Throughput @1703662904.5593214s:   0.32Gbps, lossRate: 0 CC:1  score:0.0  rtt:32.8 ms energy:41.0 Jules s-plr:0.0 
1703662905.562084 -- INFO: Throughput @1703662905.5620174s:   0.32Gbps, lossRate: 0 CC:1  score:0.0  rtt:32.6 ms energy:41.0 Jules s-plr:0.0 
1703662906.561467 -- INFO: Throughput @1703662906.5614023s:   0.32Gbps, lossRate: 0 CC:1  score:0.0  rtt:32.6 ms energy:41.0 Jules s-plr:0.0 
1703662907.562650 -- INFO: Throughput @1703662907.562586s:   0.32Gbps, lossRate: 0 CC:1  score:0.0  rtt:32.6 ms energy:41.0 Jules s-plr:0.0 
1703662908.564583 -- INFO: Throughput @1703662908.5645185s:   0.32Gbps, lossRate: 0 CC:1  score:0.0  rtt:32.6 ms energy:41.0 Jules s-plr:0.0 
1703662909.564900 -- INFO: Throughput @1703662909.5647626s:   0.64Gbps, lossRate: 0 CC:1  score:1.0  rtt:32.7 ms energy:41.0 Jules s-plr:0.0 
1703662910.566188 -- INFO: Throughput @1703662910.5661216s:   0.32Gbps, lossRate: 0 CC:1  score:0.0  rtt:32.7 ms energy:41.0 Jules s-plr:0.0 
1703662911.568108 -- INFO: Throughput @1703662911.5680437s:   0.32Gbps, lossRate: 0 CC:1  score:0.0  rtt:33.7 ms energy:41.0 Jules s-plr:0.0 
1703662912.567612 -- INFO: Throughput @1703662912.567544s:   0.32Gbps, lossRate: 0 CC:1  score:0.0  rtt:32.8 ms energy:41.0 Jules s-plr:0.0 
1703662913.569499 -- INFO: Throughput @1703662913.5694354s:   0.32Gbps, lossRate: 0 CC:1  score:0.0  rtt:32.6 ms energy:41.0 Jules s-plr:0.0 
1703662914.571011 -- INFO: Throughput @1703662914.570947s:   0.32Gbps, lossRate: 0 CC:1  score:0.0  rtt:32.6 ms energy:41.0 Jules s-plr:0.0 
1703662915.572025 -- INFO: Throughput @1703662915.5719588s:   0.32Gbps, lossRate: 0 CC:1  score:0.0  rtt:33.3 ms energy:41.0 Jules s-plr:0.0 
1703662916.572149 -- INFO: Throughput @1703662916.5720825s:   0.32Gbps, lossRate: 0 CC:1  score:0.0  rtt:32.8 ms energy:-262101.0 Jules s-plr:0.0 
1703662917.574524 -- INFO: Throughput @1703662917.574459s:   0.32Gbps, lossRate: 0 CC:1  score:0.0  rtt:32.7 ms energy:-262101.0 Jules s-plr:0.0 
1703662918.575043 -- INFO: Throughput @1703662918.5749762s:   0.64Gbps, lossRate: 0 CC:1  score:1.0  rtt:32.8 ms energy:-262101.0 Jules s-plr:0.0 
1703662919.575747 -- INFO: Throughput @1703662919.575676s:   0.32Gbps, lossRate: 0 CC:1  score:-5.0  rtt:32.6 ms energy:-262101.0 Jules s-plr:1.623910921514045 
1703662920.576622 -- INFO: Throughput @1703662920.5765553s:   0.32Gbps, lossRate: 0 CC:1  score:0.0  rtt:32.7 ms energy:-262101.0 Jules s-plr:0.0 
1703662921.578667 -- INFO: Throughput @1703662921.5786026s:   0.32Gbps, lossRate: 0 CC:1  score:0.0  rtt:32.6 ms energy:-262101.0 Jules s-plr:0.0 
1703662922.579621 -- INFO: Throughput @1703662922.5795548s:   0.32Gbps, lossRate: 0 CC:1  score:0.0  rtt:32.7 ms energy:41.0 Jules s-plr:0.0 
1703662923.579687 -- INFO: Throughput @1703662923.579617s:   0.32Gbps, lossRate: 0 CC:1  score:0.0  rtt:32.7 ms energy:41.0 Jules s-plr:0.0 
1703662924.582160 -- INFO: Throughput @1703662924.5820951s:   0.32Gbps, lossRate: 0 CC:1  score:0.0  rtt:32.8 ms energy:41.0 Jules s-plr:0.0 
1703662925.582270 -- INFO: Throughput @1703662925.582207s:   0.0Gbps, lossRate: 0 CC:1  score:0.0  rtt:32.8 ms energy:41.0 Jules s-plr:0.0 
1703662926.583294 -- INFO: Throughput @1703662926.5832307s:   0.32Gbps, lossRate: 0.0 CC:1  score:0.0  rtt:32.7 ms energy:41.0 Jules s-plr:0.0 
1703662927.585716 -- INFO: Throughput @1703662927.5856512s:   0.32Gbps, lossRate: 0 CC:1  score:0.0  rtt:32.8 ms energy:41.0 Jules s-plr:0.0 
1703662928.585560 -- INFO: Throughput @1703662928.5854957s:   0.32Gbps, lossRate: 0 CC:1  score:0.0  rtt:32.6 ms energy:42.0 Jules s-plr:0.0 
1703662929.586527 -- INFO: Throughput @1703662929.5864618s:   0.32Gbps, lossRate: 0 CC:1  score:0.0  rtt:32.7 ms energy:42.0 Jules s-plr:0.0 
1703662930.588617 -- INFO: Throughput @1703662930.588552s:   0.32Gbps, lossRate: 0 CC:1  score:0.0  rtt:32.8 ms energy:42.0 Jules s-plr:0.0 
1703662931.589464 -- INFO: Throughput @1703662931.5893986s:   0.32Gbps, lossRate: 0 CC:1  score:0.0  rtt:32.8 ms energy:42.0 Jules s-plr:0.0 
1703662932.589281 -- INFO: Throughput @1703662932.5892153s:   0.32Gbps, lossRate: 0 CC:1  score:0.0  rtt:32.8 ms energy:42.0 Jules s-plr:0.0 
1703662933.592363 -- INFO: Throughput @1703662933.5922985s:   0.64Gbps, lossRate: 0 CC:1  score:1.0  rtt:32.8 ms energy:42.0 Jules s-plr:0.0 
1703662934.593895 -- INFO: Throughput @1703662934.5938284s:   0.32Gbps, lossRate: 0 CC:1  score:0.0  rtt:32.8 ms energy:41.0 Jules s-plr:0.0 
1703662935.593194 -- INFO: Throughput @1703662935.593126s:   0.32Gbps, lossRate: 0 CC:1  score:0.0  rtt:32.7 ms energy:41.0 Jules s-plr:0.0 
1703662936.594594 -- INFO: Throughput @1703662936.5945284s:   0.32Gbps, lossRate: 0 CC:1  score:0.0  rtt:32.7 ms energy:41.0 Jules s-plr:0.0 
1703662937.596189 -- INFO: Throughput @1703662937.596125s:   0.32Gbps, lossRate: 0 CC:1  score:0.0  rtt:32.9 ms energy:41.0 Jules s-plr:0.0 
1703662938.596255 -- INFO: Throughput @1703662938.5961905s:   0.32Gbps, lossRate: 0 CC:1  score:0.0  rtt:32.7 ms energy:41.0 Jules s-plr:0.0 
1703662939.597455 -- INFO: Throughput @1703662939.597389s:   0.32Gbps, lossRate: 0 CC:1  score:0.0  rtt:32.8 ms energy:41.0 Jules s-plr:0.0 
1703662940.599577 -- INFO: Throughput @1703662940.5995111s:   0.32Gbps, lossRate: 0 CC:1  score:0.0  rtt:32.7 ms energy:41.0 Jules s-plr:0.0 
1703662941.599791 -- INFO: Throughput @1703662941.5997264s:   0.64Gbps, lossRate: 0 CC:1  score:1.0  rtt:32.8 ms energy:41.0 Jules s-plr:0.0 
1703662942.600752 -- INFO: Throughput @1703662942.6006846s:   0.32Gbps, lossRate: 0 CC:1  score:0.0  rtt:32.8 ms energy:41.0 Jules s-plr:0.0 
1703662943.603071 -- INFO: Throughput @1703662943.6030064s:   0.32Gbps, lossRate: 0 CC:1  score:0.0  rtt:32.7 ms energy:41.0 Jules s-plr:0.0 
1703662944.603199 -- INFO: Throughput @1703662944.6031344s:   0.32Gbps, lossRate: 0 CC:1  score:0.0  rtt:32.7 ms energy:41.0 Jules s-plr:0.0 
1703662945.604050 -- INFO: Throughput @1703662945.6039855s:   0.32Gbps, lossRate: 0 CC:1  score:0.0  rtt:32.7 ms energy:41.0 Jules s-plr:0.0 
1703662946.606006 -- INFO: Throughput @1703662946.605943s:   0.32Gbps, lossRate: 0 CC:1  score:0.0  rtt:32.8 ms energy:41.0 Jules s-plr:0.0 
1703662947.606215 -- INFO: Throughput @1703662947.6061497s:   0.32Gbps, lossRate: 0 CC:1  score:0.0  rtt:32.7 ms energy:41.0 Jules s-plr:0.0 
1703662948.607916 -- INFO: Throughput @1703662948.6078331s:   0.32Gbps, lossRate: 0 CC:1  score:0.0  rtt:32.7 ms energy:41.0 Jules s-plr:0.0 
1703662949.609591 -- INFO: Throughput @1703662949.60953s:   0.0Gbps, lossRate: 0.0 CC:1  score:0.0  rtt:32.6 ms energy:41.0 Jules s-plr:0.0 
1703662950.609416 -- INFO: Throughput @1703662950.6093502s:   0.32Gbps, lossRate: 0 CC:1  score:0.0  rtt:32.7 ms energy:41.0 Jules s-plr:0.0 
1703662951.610888 -- INFO: Throughput @1703662951.6108232s:   0.32Gbps, lossRate: 0 CC:1  score:0.0  rtt:32.8 ms energy:41.0 Jules s-plr:0.0 
1703662952.612560 -- INFO: Throughput @1703662952.6124933s:   0.32Gbps, lossRate: 0 CC:1  score:0.0  rtt:32.8 ms energy:41.0 Jules s-plr:0.0 
1703662953.612888 -- INFO: Throughput @1703662953.6127586s:   0.32Gbps, lossRate: 0 CC:1  score:0.0  rtt:32.8 ms energy:41.0 Jules s-plr:0.0 
1703662954.614811 -- INFO: Throughput @1703662954.6147459s:   0.32Gbps, lossRate: 0 CC:1  score:0.0  rtt:32.7 ms energy:41.0 Jules s-plr:0.0 
1703662955.615470 -- INFO: Throughput @1703662955.6154053s:   0.32Gbps, lossRate: 0 CC:1  score:0.0  rtt:32.7 ms energy:41.0 Jules s-plr:0.0 
1703662956.615832 -- INFO: Throughput @1703662956.6157668s:   0.32Gbps, lossRate: 0 CC:1  score:0.0  rtt:32.8 ms energy:41.0 Jules s-plr:0.0 
1703662957.618558 -- INFO: Throughput @1703662957.6184943s:   0.32Gbps, lossRate: 0 CC:1  score:0.0  rtt:32.7 ms energy:41.0 Jules s-plr:0.0 
1703662958.618170 -- INFO: Throughput @1703662958.6181061s:   0.32Gbps, lossRate: 0 CC:1  score:0.0  rtt:32.7 ms energy:41.0 Jules s-plr:0.0 
1703662959.619673 -- INFO: Throughput @1703662959.619606s:   0.64Gbps, lossRate: 0 CC:1  score:1.0  rtt:32.8 ms energy:41.0 Jules s-plr:0.0 
1703662960.621408 -- INFO: Throughput @1703662960.6213443s:   0.32Gbps, lossRate: 0 CC:1  score:0.0  rtt:32.6 ms energy:41.0 Jules s-plr:0.0 
1703662961.621040 -- INFO: Throughput @1703662961.6209748s:   0.32Gbps, lossRate: 0 CC:1  score:0.0  rtt:32.7 ms energy:41.0 Jules s-plr:0.0 
1703662962.623141 -- INFO: Throughput @1703662962.6230738s:   0.32Gbps, lossRate: 0 CC:1  score:0.0  rtt:32.6 ms energy:41.0 Jules s-plr:0.0 
1703662963.624507 -- INFO: Throughput @1703662963.624442s:   0.32Gbps, lossRate: 0 CC:1  score:0.0  rtt:32.6 ms energy:41.0 Jules s-plr:0.0 
1703662964.624928 -- INFO: Throughput @1703662964.6248624s:   0.32Gbps, lossRate: 0 CC:1  score:0.0  rtt:32.7 ms energy:41.0 Jules s-plr:0.0 
1703662965.626358 -- INFO: Throughput @1703662965.6262867s:   0.64Gbps, lossRate: 0 CC:1  score:1.0  rtt:32.6 ms energy:41.0 Jules s-plr:0.0 
1703662966.627973 -- INFO: Throughput @1703662966.6279018s:   0.32Gbps, lossRate: 0 CC:1  score:0.0  rtt:32.7 ms energy:41.0 Jules s-plr:0.0 
1703662967.628115 -- INFO: Throughput @1703662967.628046s:   0.32Gbps, lossRate: 0 CC:1  score:0.0  rtt:32.7 ms energy:41.0 Jules s-plr:0.0 
1703662968.629125 -- INFO: Throughput @1703662968.6290555s:   0.32Gbps, lossRate: 0 CC:1  score:0.0  rtt:32.9 ms energy:41.0 Jules s-plr:0.0 
1703662969.631993 -- INFO: Throughput @1703662969.6319218s:   0.32Gbps, lossRate: 0 CC:1  score:0.0  rtt:32.8 ms energy:41.0 Jules s-plr:0.0 
1703662970.631779 -- INFO: Throughput @1703662970.6317074s:   0.32Gbps, lossRate: 0 CC:1  score:0.0  rtt:32.8 ms energy:41.0 Jules s-plr:0.0 
1703662971.632381 -- INFO: Throughput @1703662971.6323118s:   0.32Gbps, lossRate: 0 CC:1  score:0.0  rtt:32.6 ms energy:41.0 Jules s-plr:0.0 
1703662972.635099 -- INFO: Throughput @1703662972.635028s:   0.32Gbps, lossRate: 0 CC:1  score:0.0  rtt:32.8 ms energy:41.0 Jules s-plr:0.0 
1703662973.634980 -- INFO: Throughput @1703662973.6349094s:   0.0Gbps, lossRate: 0.0 CC:1  score:0.0  rtt:32.7 ms energy:41.0 Jules s-plr:0.0 
1703662974.635577 -- INFO: Throughput @1703662974.635505s:   0.32Gbps, lossRate: 0 CC:1  score:0.0  rtt:32.6 ms energy:41.0 Jules s-plr:0.0 
1703662975.638023 -- INFO: Throughput @1703662975.6379507s:   0.32Gbps, lossRate: 0 CC:1  score:0.0  rtt:32.7 ms energy:41.0 Jules s-plr:0.0 
1703662976.638682 -- INFO: Throughput @1703662976.6386168s:   0.32Gbps, lossRate: 0 CC:1  score:0.0  rtt:32.6 ms energy:41.0 Jules s-plr:0.0 
1703662977.639386 -- INFO: Throughput @1703662977.6393216s:   0.32Gbps, lossRate: 0 CC:1  score:0.0  rtt:32.6 ms energy:41.0 Jules s-plr:0.0 
1703662978.639723 -- INFO: Throughput @1703662978.6396592s:   0.32Gbps, lossRate: 0 CC:1  score:0.0  rtt:32.6 ms energy:41.0 Jules s-plr:0.0 
1703662979.642044 -- INFO: Throughput @1703662979.6419766s:   0.32Gbps, lossRate: 0 CC:1  score:0.0  rtt:32.6 ms energy:41.0 Jules s-plr:0.0 
1703662980.642859 -- INFO: Throughput @1703662980.6427941s:   0.32Gbps, lossRate: 0 CC:1  score:0.0  rtt:32.6 ms energy:41.0 Jules s-plr:0.0 
1703662981.643189 -- INFO: Throughput @1703662981.6431248s:   0.64Gbps, lossRate: 0 CC:1  score:1.0  rtt:32.8 ms energy:41.0 Jules s-plr:0.0 
1703662982.644347 -- INFO: Throughput @1703662982.6442804s:   0.32Gbps, lossRate: 0 CC:1  score:0.0  rtt:32.8 ms energy:41.0 Jules s-plr:0.0 
1703662983.646247 -- INFO: Throughput @1703662983.6461816s:   0.32Gbps, lossRate: 0 CC:1  score:0.0  rtt:32.7 ms energy:41.0 Jules s-plr:0.0 
1703662984.646743 -- INFO: Throughput @1703662984.6466775s:   0.32Gbps, lossRate: 0 CC:1  score:0.0  rtt:32.7 ms energy:41.0 Jules s-plr:0.0 
1703662985.646779 -- INFO: Throughput @1703662985.6467135s:   0.32Gbps, lossRate: 0 CC:1  score:0.0  rtt:32.8 ms energy:41.0 Jules s-plr:0.0 
1703662986.649482 -- INFO: Throughput @1703662986.6494176s:   0.32Gbps, lossRate: 0 CC:1  score:0.0  rtt:32.6 ms energy:41.0 Jules s-plr:0.0 
1703662987.651501 -- INFO: Throughput @1703662987.6514363s:   0.32Gbps, lossRate: 0 CC:1  score:0.0  rtt:32.7 ms energy:41.0 Jules s-plr:0.0 
1703662988.651061 -- INFO: Throughput @1703662988.6509957s:   0.64Gbps, lossRate: 0 CC:1  score:1.0  rtt:32.9 ms energy:41.0 Jules s-plr:0.0 
1703662989.651674 -- INFO: Throughput @1703662989.6516066s:   0.32Gbps, lossRate: 0 CC:1  score:0.0  rtt:32.8 ms energy:41.0 Jules s-plr:0.0 
1703662990.654026 -- INFO: Throughput @1703662990.6539602s:   0.32Gbps, lossRate: 0 CC:1  score:0.0  rtt:32.6 ms energy:41.0 Jules s-plr:0.0 
1703662991.654584 -- INFO: Throughput @1703662991.654519s:   0.32Gbps, lossRate: 0 CC:1  score:0.0  rtt:32.7 ms energy:41.0 Jules s-plr:0.0 
1703662992.654815 -- INFO: Throughput @1703662992.65475s:   0.32Gbps, lossRate: 0 CC:1  score:0.0  rtt:32.8 ms energy:41.0 Jules s-plr:0.0 
1703662993.657236 -- INFO: Throughput @1703662993.6571686s:   0.32Gbps, lossRate: 0 CC:1  score:0.0  rtt:32.7 ms energy:41.0 Jules s-plr:0.0 
1703662994.658335 -- INFO: Throughput @1703662994.6582675s:   0.32Gbps, lossRate: 0 CC:1  score:0.0  rtt:32.7 ms energy:41.0 Jules s-plr:0.0 
1703662995.658755 -- INFO: Throughput @1703662995.6586854s:   0.32Gbps, lossRate: 0 CC:1  score:0.0  rtt:32.6 ms energy:41.0 Jules s-plr:0.0 
1703662996.659107 -- INFO: Throughput @1703662996.6590421s:   0.32Gbps, lossRate: 0 CC:1  score:0.0  rtt:32.7 ms energy:41.0 Jules s-plr:0.0 
1703662997.661675 -- INFO: Throughput @1703662997.6616096s:   0.0Gbps, lossRate: 0.0 CC:1  score:0.0  rtt:32.6 ms energy:41.0 Jules s-plr:17.170925582756265 
1703662998.662491 -- INFO: Throughput @1703662998.6624272s:   0.32Gbps, lossRate: 0 CC:1  score:0.0  rtt:32.6 ms energy:41.0 Jules s-plr:0.0 
1703662999.662376 -- INFO: Throughput @1703662999.6623113s:   0.32Gbps, lossRate: 0 CC:1  score:0.0  rtt:32.6 ms energy:41.0 Jules s-plr:0.0 
1703663000.664205 -- INFO: Throughput @1703663000.6641402s:   0.32Gbps, lossRate: 0 CC:1  score:0.0  rtt:32.8 ms energy:41.0 Jules s-plr:0.0 
1703663001.666008 -- INFO: Throughput @1703663001.6659422s:   0.32Gbps, lossRate: 0 CC:1  score:0.0  rtt:32.7 ms energy:41.0 Jules s-plr:0.0 
1703663002.666591 -- INFO: Throughput @1703663002.6665254s:   0.32Gbps, lossRate: 0 CC:1  score:0.0  rtt:32.6 ms energy:41.0 Jules s-plr:0.0 
1703663003.666543 -- INFO: Throughput @1703663003.6664767s:   0.32Gbps, lossRate: 0 CC:1  score:0.0  rtt:32.7 ms energy:41.0 Jules s-plr:0.0 
1703663004.670178 -- INFO: Throughput @1703663004.6701128s:   0.32Gbps, lossRate: 0 CC:1  score:0.0  rtt:32.7 ms energy:41.0 Jules s-plr:0.0 
1703663005.670196 -- INFO: Throughput @1703663005.6701314s:   0.32Gbps, lossRate: 0 CC:1  score:0.0  rtt:32.7 ms energy:41.0 Jules s-plr:0.0 
1703663006.670453 -- INFO: Throughput @1703663006.6703882s:   0.64Gbps, lossRate: 0 CC:1  score:1.0  rtt:32.7 ms energy:43.0 Jules s-plr:0.0 
1703663007.672474 -- INFO: Throughput @1703663007.6724086s:   0.32Gbps, lossRate: 0 CC:1  score:0.0  rtt:32.7 ms energy:43.0 Jules s-plr:0.0 
1703663008.674093 -- INFO: Throughput @1703663008.6740289s:   0.32Gbps, lossRate: 0 CC:1  score:0.0  rtt:32.8 ms energy:43.0 Jules s-plr:0.0 
1703663009.674220 -- INFO: Throughput @1703663009.674155s:   0.32Gbps, lossRate: 0 CC:1  score:0.0  rtt:32.7 ms energy:43.0 Jules s-plr:0.0 
1703663010.674726 -- INFO: Throughput @1703663010.6746619s:   0.32Gbps, lossRate: 0 CC:1  score:0.0  rtt:32.7 ms energy:43.0 Jules s-plr:0.0 
1703663011.677224 -- INFO: Throughput @1703663011.6771579s:   0.32Gbps, lossRate: 0 CC:1  score:0.0  rtt:32.6 ms energy:43.0 Jules s-plr:0.0 
1703663012.677440 -- INFO: Throughput @1703663012.677375s:   0.32Gbps, lossRate: 0 CC:1  score:0.0  rtt:32.7 ms energy:41.0 Jules s-plr:0.0 
1703663013.677602 -- INFO: Throughput @1703663013.6775374s:   0.32Gbps, lossRate: 0 CC:1  score:0.0  rtt:32.7 ms energy:41.0 Jules s-plr:0.0 
1703663014.680337 -- INFO: Throughput @1703663014.6802711s:   0.32Gbps, lossRate: 0 CC:1  score:0.0  rtt:32.6 ms energy:41.0 Jules s-plr:0.0 
1703663015.681531 -- INFO: Throughput @1703663015.6814656s:   0.64Gbps, lossRate: 0 CC:1  score:1.0  rtt:32.7 ms energy:41.0 Jules s-plr:0.0 
1703663016.681407 -- INFO: Throughput @1703663016.681343s:   0.32Gbps, lossRate: 0 CC:1  score:0.0  rtt:32.7 ms energy:41.0 Jules s-plr:0.0 
1703663017.682386 -- INFO: Throughput @1703663017.682322s:   0.32Gbps, lossRate: 0 CC:1  score:0.0  rtt:32.8 ms energy:41.0 Jules s-plr:0.0 
1703663018.685425 -- INFO: Throughput @1703663018.6853585s:   0.32Gbps, lossRate: 0 CC:1  score:0.0  rtt:32.8 ms energy:41.0 Jules s-plr:0.0 
1703663019.685028 -- INFO: Throughput @1703663019.6849535s:   0.32Gbps, lossRate: 0 CC:1  score:0.0  rtt:32.6 ms energy:41.0 Jules s-plr:0.0 
1703663020.685846 -- INFO: Throughput @1703663020.6857784s:   0.32Gbps, lossRate: 0 CC:1  score:0.0  rtt:32.6 ms energy:41.0 Jules s-plr:0.0 
1703663021.687984 -- INFO: Throughput @1703663021.687917s:   0.0Gbps, lossRate: 0.0 CC:1  score:0.0  rtt:32.7 ms energy:41.0 Jules s-plr:0.0 
1703663022.688172 -- INFO: Throughput @1703663022.6881068s:   0.32Gbps, lossRate: 0 CC:1  score:0.0  rtt:32.6 ms energy:41.0 Jules s-plr:0.0 
1703663023.689037 -- INFO: Throughput @1703663023.6889713s:   0.32Gbps, lossRate: 0 CC:1  score:0.0  rtt:32.6 ms energy:41.0 Jules s-plr:0.0 
1703663024.691727 -- INFO: Throughput @1703663024.6916606s:   0.32Gbps, lossRate: 0 CC:1  score:0.0  rtt:32.9 ms energy:41.0 Jules s-plr:0.0 
1703663025.691906 -- INFO: Throughput @1703663025.6918397s:   0.32Gbps, lossRate: 0 CC:1  score:0.0  rtt:32.6 ms energy:41.0 Jules s-plr:0.0 
1703663026.691785 -- INFO: Throughput @1703663026.6917205s:   0.32Gbps, lossRate: 0 CC:1  score:0.0  rtt:32.7 ms energy:41.0 Jules s-plr:0.0 
1703663027.693490 -- INFO: Throughput @1703663027.6934242s:   0.32Gbps, lossRate: 0 CC:1  score:0.0  rtt:32.7 ms energy:41.0 Jules s-plr:0.0 
1703663028.695575 -- INFO: Throughput @1703663028.695509s:   0.32Gbps, lossRate: 0 CC:1  score:0.0  rtt:32.8 ms energy:41.0 Jules s-plr:0.0 
1703663029.695040 -- INFO: Throughput @1703663029.6949742s:   0.32Gbps, lossRate: 0 CC:1  score:0.0  rtt:32.7 ms energy:41.0 Jules s-plr:0.0 
1703663030.696794 -- INFO: Throughput @1703663030.6967297s:   0.64Gbps, lossRate: 0 CC:1  score:1.0  rtt:32.7 ms energy:41.0 Jules s-plr:0.0 
1703663031.698317 -- INFO: Throughput @1703663031.698253s:   0.32Gbps, lossRate: 0 CC:1  score:0.0  rtt:32.7 ms energy:41.0 Jules s-plr:0.0 
1703663032.699047 -- INFO: Throughput @1703663032.6989756s:   0.32Gbps, lossRate: 0 CC:1  score:0.0  rtt:32.6 ms energy:41.0 Jules s-plr:0.0 
1703663033.700204 -- INFO: Throughput @1703663033.7001386s:   0.32Gbps, lossRate: 0 CC:1  score:0.0  rtt:32.6 ms energy:41.0 Jules s-plr:0.0 
1703663034.701569 -- INFO: Throughput @1703663034.7015033s:   0.32Gbps, lossRate: 0 CC:1  score:0.0  rtt:32.7 ms energy:41.0 Jules s-plr:0.0 
1703663035.701503 -- INFO: Throughput @1703663035.7014382s:   0.32Gbps, lossRate: 0 CC:1  score:0.0  rtt:32.7 ms energy:41.0 Jules s-plr:0.0 
1703663036.704615 -- INFO: Throughput @1703663036.704551s:   0.32Gbps, lossRate: 0 CC:1  score:0.0  rtt:32.7 ms energy:41.0 Jules s-plr:0.0 
1703663037.704748 -- INFO: Throughput @1703663037.7046819s:   0.32Gbps, lossRate: 0 CC:1  score:0.0  rtt:32.6 ms energy:41.0 Jules s-plr:0.0 
1703663038.704710 -- INFO: Throughput @1703663038.704646s:   0.64Gbps, lossRate: 0 CC:1  score:1.0  rtt:32.6 ms energy:41.0 Jules s-plr:0.0 
1703663039.707421 -- INFO: Throughput @1703663039.7073538s:   0.32Gbps, lossRate: 0 CC:1  score:0.0  rtt:32.7 ms energy:41.0 Jules s-plr:0.0 
1703663040.707851 -- INFO: Throughput @1703663040.7077785s:   0.32Gbps, lossRate: 0 CC:1  score:0.0  rtt:32.7 ms energy:41.0 Jules s-plr:0.0 
1703663041.707542 -- INFO: Throughput @1703663041.707471s:   0.32Gbps, lossRate: 0 CC:1  score:0.0  rtt:32.7 ms energy:41.0 Jules s-plr:0.0 
1703663042.709403 -- INFO: Throughput @1703663042.7093296s:   0.32Gbps, lossRate: 0 CC:1  score:0.0  rtt:32.6 ms energy:41.0 Jules s-plr:0.0 
1703663043.710757 -- INFO: Throughput @1703663043.7106862s:   0.32Gbps, lossRate: 0 CC:1  score:0.0  rtt:32.6 ms energy:41.0 Jules s-plr:0.0 
1703663044.710818 -- INFO: Throughput @1703663044.7107453s:   0.32Gbps, lossRate: 0 CC:1  score:0.0  rtt:32.6 ms energy:41.0 Jules s-plr:0.0 
1703663045.712960 -- INFO: Throughput @1703663045.712887s:   0.0Gbps, lossRate: 0.0 CC:1  score:0.0  rtt:32.7 ms energy:41.0 Jules s-plr:0.0 
1703663046.714078 -- INFO: Throughput @1703663046.7140064s:   0.32Gbps, lossRate: 0 CC:1  score:0.0  rtt:32.8 ms energy:41.0 Jules s-plr:0.0 
1703663047.713897 -- INFO: Throughput @1703663047.7138245s:   0.32Gbps, lossRate: 0 CC:1  score:0.0  rtt:32.7 ms energy:41.0 Jules s-plr:0.0 
1703663048.715703 -- INFO: Throughput @1703663048.7156332s:   0.32Gbps, lossRate: 0 CC:1  score:0.0  rtt:32.8 ms energy:41.0 Jules s-plr:0.0 
1703663049.711020 -- INFO: Throughput @1703663049.7109485s:   0.32Gbps, lossRate: 0 CC:1  score:0.0  rtt:32.7 ms energy:41.0 Jules s-plr:0.0 
1703663050.717020 -- INFO: Throughput @1703663050.7169485s:   0.32Gbps, lossRate: 0 CC:1  score:0.0  rtt:32.8 ms energy:41.0 Jules s-plr:0.0 
1703663051.719188 -- INFO: Throughput @1703663051.7191167s:   0.32Gbps, lossRate: 0 CC:1  score:0.0  rtt:32.7 ms energy:41.0 Jules s-plr:0.0 
1703663052.720605 -- INFO: Throughput @1703663052.7205336s:   0.32Gbps, lossRate: 0 CC:1  score:0.0  rtt:32.6 ms energy:41.0 Jules s-plr:0.0 
1703663053.721104 -- INFO: Throughput @1703663053.7210317s:   0.32Gbps, lossRate: 0 CC:1  score:0.0  rtt:33.1 ms energy:41.0 Jules s-plr:0.0 
1703663054.722291 -- INFO: Throughput @1703663054.7222188s:   0.64Gbps, lossRate: 0 CC:1  score:1.0  rtt:32.7 ms energy:41.0 Jules s-plr:0.0 
1703663055.724231 -- INFO: Throughput @1703663055.7241595s:   0.32Gbps, lossRate: 0 CC:1  score:0.0  rtt:32.6 ms energy:41.0 Jules s-plr:0.0 
1703663056.724098 -- INFO: Throughput @1703663056.7240272s:   0.32Gbps, lossRate: 0 CC:1  score:0.0  rtt:32.7 ms energy:41.0 Jules s-plr:0.0 
1703663057.726221 -- INFO: Throughput @1703663057.7261498s:   0.32Gbps, lossRate: 0 CC:1  score:0.0  rtt:32.7 ms energy:41.0 Jules s-plr:0.0 
1703663058.727028 -- INFO: Throughput @1703663058.726958s:   0.32Gbps, lossRate: 0 CC:1  score:0.0  rtt:32.7 ms energy:41.0 Jules s-plr:0.0 
1703663059.727075 -- INFO: Throughput @1703663059.727003s:   0.32Gbps, lossRate: 0 CC:1  score:0.0  rtt:32.7 ms energy:41.0 Jules s-plr:0.0 
1703663060.729442 -- INFO: Throughput @1703663060.7293706s:   0.64Gbps, lossRate: 0 CC:1  score:1.0  rtt:32.6 ms energy:41.0 Jules s-plr:0.0 
1703663061.730283 -- INFO: Throughput @1703663061.7302103s:   0.32Gbps, lossRate: 0 CC:1  score:0.0  rtt:32.7 ms energy:41.0 Jules s-plr:0.0 
1703663062.730703 -- INFO: Throughput @1703663062.7306304s:   0.32Gbps, lossRate: 0 CC:1  score:0.0  rtt:32.7 ms energy:41.0 Jules s-plr:0.0 
1703663063.732795 -- INFO: Throughput @1703663063.732724s:   0.32Gbps, lossRate: 0 CC:1  score:0.0  rtt:32.6 ms energy:41.0 Jules s-plr:0.0 
1703663064.733308 -- INFO: Throughput @1703663064.7332373s:   0.32Gbps, lossRate: 0 CC:1  score:0.0  rtt:32.6 ms energy:41.0 Jules s-plr:0.0 
1703663065.734022 -- INFO: Throughput @1703663065.7339497s:   0.32Gbps, lossRate: 0 CC:1  score:0.0  rtt:32.6 ms energy:41.0 Jules s-plr:0.0 
1703663066.736490 -- INFO: Throughput @1703663066.7364094s:   0.32Gbps, lossRate: 0 CC:1  score:0.0  rtt:32.6 ms energy:43.0 Jules s-plr:0.0 
1703663067.736922 -- INFO: Throughput @1703663067.736848s:   0.64Gbps, lossRate: 0 CC:1  score:1.0  rtt:32.7 ms energy:43.0 Jules s-plr:0.0 
1703663068.738459 -- INFO: Throughput @1703663068.7383852s:   0.0Gbps, lossRate: 0 CC:1  score:0.0  rtt:32.6 ms energy:43.0 Jules s-plr:0.0 
1703663069.739541 -- INFO: Throughput @1703663069.7394772s:   0.0Gbps, lossRate: 0.0 CC:1  score:0.0  rtt:32.7 ms energy:43.0 Jules s-plr:0.0 
1703663070.739272 -- INFO: Throughput @1703663070.7392163s:   0.32Gbps, lossRate: 0 CC:1  score:0.0  rtt:32.6 ms energy:43.0 Jules s-plr:0.0 
1703663071.742022 -- INFO: Throughput @1703663071.7419412s:   0.32Gbps, lossRate: 0 CC:1  score:0.0  rtt:32.7 ms energy:43.0 Jules s-plr:0.0 
1703663072.742628 -- INFO: Throughput @1703663072.7425528s:   0.32Gbps, lossRate: 0 CC:1  score:0.0  rtt:32.7 ms energy:41.0 Jules s-plr:0.0 
1703663073.744306 -- INFO: Throughput @1703663073.7442262s:   0.32Gbps, lossRate: 0 CC:1  score:0.0  rtt:32.7 ms energy:41.0 Jules s-plr:0.0 
1703663074.746274 -- INFO: Throughput @1703663074.7462008s:   0.32Gbps, lossRate: 0 CC:1  score:0.0  rtt:32.7 ms energy:41.0 Jules s-plr:0.0 
1703663075.747454 -- INFO: Throughput @1703663075.7473738s:   0.32Gbps, lossRate: 0 CC:1  score:0.0  rtt:32.6 ms energy:41.0 Jules s-plr:0.0 
1703663076.747714 -- INFO: Throughput @1703663076.7476377s:   0.32Gbps, lossRate: 0 CC:1  score:0.0  rtt:32.6 ms energy:41.0 Jules s-plr:0.0 
1703663077.747174 -- INFO: Throughput @1703663077.7470982s:   0.64Gbps, lossRate: 0 CC:1  score:1.0  rtt:32.7 ms energy:41.0 Jules s-plr:0.0 
1703663078.750401 -- INFO: Throughput @1703663078.7503188s:   0.32Gbps, lossRate: 0 CC:1  score:0.0  rtt:32.7 ms energy:43.0 Jules s-plr:0.0 
1703663079.749116 -- INFO: Throughput @1703663079.7490404s:   0.32Gbps, lossRate: 0 CC:1  score:0.0  rtt:32.7 ms energy:43.0 Jules s-plr:0.0 
1703663080.751873 -- INFO: Throughput @1703663080.751794s:   0.32Gbps, lossRate: 0 CC:1  score:0.0  rtt:32.7 ms energy:43.0 Jules s-plr:0.0 
1703663081.752585 -- INFO: Throughput @1703663081.7525067s:   0.32Gbps, lossRate: 0 CC:1  score:0.0  rtt:32.8 ms energy:43.0 Jules s-plr:0.0 
1703663082.752887 -- INFO: Throughput @1703663082.7527714s:   0.32Gbps, lossRate: 0 CC:1  score:0.0  rtt:32.6 ms energy:43.0 Jules s-plr:0.0 
1703663083.755921 -- INFO: Throughput @1703663083.7558417s:   0.32Gbps, lossRate: 0 CC:1  score:0.0  rtt:32.6 ms energy:43.0 Jules s-plr:0.0 
1703663084.755147 -- INFO: Throughput @1703663084.755071s:   0.32Gbps, lossRate: 0 CC:1  score:0.0  rtt:32.7 ms energy:42.0 Jules s-plr:0.0 
1703663085.757269 -- INFO: Throughput @1703663085.7571886s:   0.64Gbps, lossRate: 0 CC:1  score:1.0  rtt:32.6 ms energy:42.0 Jules s-plr:0.0 
1703663086.758514 -- INFO: Throughput @1703663086.7584336s:   0.32Gbps, lossRate: 0 CC:1  score:0.0  rtt:32.8 ms energy:42.0 Jules s-plr:0.0 
1703663087.757979 -- INFO: Throughput @1703663087.7579021s:   0.32Gbps, lossRate: 0 CC:1  score:0.0  rtt:32.7 ms energy:42.0 Jules s-plr:0.0 
1703663088.760638 -- INFO: Throughput @1703663088.7605584s:   0.32Gbps, lossRate: 0 CC:1  score:0.0  rtt:32.7 ms energy:42.0 Jules s-plr:0.0 
1703663089.761549 -- INFO: Throughput @1703663089.7614763s:   0.32Gbps, lossRate: 0 CC:1  score:0.0  rtt:32.7 ms energy:42.0 Jules s-plr:0.0 
1703663090.762695 -- INFO: Throughput @1703663090.7626164s:   0.32Gbps, lossRate: 0 CC:1  score:0.0  rtt:32.7 ms energy:41.0 Jules s-plr:0.0 
1703663091.763829 -- INFO: Throughput @1703663091.763753s:   0.32Gbps, lossRate: 0 CC:1  score:0.0  rtt:32.6 ms energy:41.0 Jules s-plr:0.0 
1703663092.764024 -- INFO: Throughput @1703663092.7639503s:   0.32Gbps, lossRate: 0 CC:1  score:0.0  rtt:32.6 ms energy:41.0 Jules s-plr:0.0 
1703663093.765996 -- INFO: Throughput @1703663093.7659223s:   0.0Gbps, lossRate: 0.0 CC:1  score:0.0  rtt:32.6 ms energy:41.0 Jules s-plr:0.0 
1703663094.767408 -- INFO: Throughput @1703663094.767336s:   0.32Gbps, lossRate: 0 CC:1  score:0.0  rtt:32.6 ms energy:41.0 Jules s-plr:0.0 
1703663095.768481 -- INFO: Throughput @1703663095.7684162s:   0.32Gbps, lossRate: 0 CC:1  score:0.0  rtt:32.8 ms energy:41.0 Jules s-plr:0.0 
1703663096.769618 -- INFO: Throughput @1703663096.7695382s:   0.32Gbps, lossRate: 0 CC:1  score:0.0  rtt:32.6 ms energy:41.0 Jules s-plr:0.0 
1703663097.770200 -- INFO: Throughput @1703663097.7701266s:   0.32Gbps, lossRate: 0 CC:1  score:0.0  rtt:32.6 ms energy:41.0 Jules s-plr:0.0 
1703663098.771729 -- INFO: Throughput @1703663098.7716496s:   0.32Gbps, lossRate: 0 CC:1  score:0.0  rtt:32.6 ms energy:41.0 Jules s-plr:0.0 
1703663099.772211 -- INFO: Throughput @1703663099.7721376s:   0.32Gbps, lossRate: 0 CC:1  score:0.0  rtt:32.6 ms energy:41.0 Jules s-plr:0.0 
1703663100.773698 -- INFO: Throughput @1703663100.77362s:   0.64Gbps, lossRate: 0 CC:1  score:1.0  rtt:32.6 ms energy:41.0 Jules s-plr:0.0 
1703663101.774884 -- INFO: Throughput @1703663101.7748034s:   0.32Gbps, lossRate: 0 CC:1  score:0.0  rtt:32.7 ms energy:41.0 Jules s-plr:0.0 
1703663102.775559 -- INFO: Throughput @1703663102.7754858s:   0.32Gbps, lossRate: 0 CC:1  score:0.0  rtt:32.7 ms energy:41.0 Jules s-plr:0.0 
1703663103.777174 -- INFO: Throughput @1703663103.777094s:   0.32Gbps, lossRate: 0 CC:1  score:0.0  rtt:32.7 ms energy:41.0 Jules s-plr:0.0 
1703663104.777105 -- INFO: Throughput @1703663104.7770302s:   0.32Gbps, lossRate: 0 CC:1  score:0.0  rtt:32.6 ms energy:41.0 Jules s-plr:0.0 
1703663105.779684 -- INFO: Throughput @1703663105.779605s:   0.32Gbps, lossRate: 0 CC:1  score:0.0  rtt:32.6 ms energy:41.0 Jules s-plr:0.0 
1703663106.780353 -- INFO: Throughput @1703663106.7802727s:   0.32Gbps, lossRate: 0 CC:1  score:0.0  rtt:32.7 ms energy:41.0 Jules s-plr:0.0 
1703663107.780069 -- INFO: Throughput @1703663107.7799962s:   0.32Gbps, lossRate: 0 CC:1  score:0.0  rtt:32.7 ms energy:41.0 Jules s-plr:0.0 
1703663108.783681 -- INFO: Throughput @1703663108.7835999s:   0.64Gbps, lossRate: 0 CC:1  score:1.0  rtt:32.7 ms energy:41.0 Jules s-plr:0.0 
1703663109.784468 -- INFO: Throughput @1703663109.7843945s:   0.32Gbps, lossRate: 0 CC:1  score:0.0  rtt:32.7 ms energy:41.0 Jules s-plr:0.0 
1703663110.784647 -- INFO: Throughput @1703663110.7845662s:   0.32Gbps, lossRate: 0 CC:1  score:0.0  rtt:32.8 ms energy:41.0 Jules s-plr:0.0 
1703663111.786131 -- INFO: Throughput @1703663111.7860584s:   0.32Gbps, lossRate: 0 CC:1  score:0.0  rtt:32.6 ms energy:41.0 Jules s-plr:0.0 
1703663112.786812 -- INFO: Throughput @1703663112.7867322s:   0.32Gbps, lossRate: 0 CC:1  score:0.0  rtt:32.8 ms energy:41.0 Jules s-plr:0.0 
1703663113.785944 -- INFO: Throughput @1703663113.7858665s:   0.32Gbps, lossRate: 0 CC:1  score:0.0  rtt:32.7 ms energy:41.0 Jules s-plr:0.0 
1703663114.788139 -- INFO: Throughput @1703663114.788066s:   0.32Gbps, lossRate: 0 CC:1  score:0.0  rtt:32.7 ms energy:41.0 Jules s-plr:0.0 
1703663115.789940 -- INFO: Throughput @1703663115.7898598s:   0.32Gbps, lossRate: 0 CC:1  score:0.0  rtt:32.6 ms energy:41.0 Jules s-plr:0.0 
1703663116.790765 -- INFO: Throughput @1703663116.7906945s:   0.32Gbps, lossRate: 0 CC:1  score:0.0  rtt:32.6 ms energy:41.0 Jules s-plr:0.0 
1703663117.793590 -- INFO: Throughput @1703663117.7935205s:   0.0Gbps, lossRate: 0.0 CC:1  score:0.0  rtt:32.6 ms energy:41.0 Jules s-plr:0.0 
1703663118.793253 -- INFO: Throughput @1703663118.7931755s:   0.32Gbps, lossRate: 0 CC:1  score:0.0  rtt:32.6 ms energy:41.0 Jules s-plr:0.0 
1703663119.794075 -- INFO: Throughput @1703663119.7940018s:   0.32Gbps, lossRate: 0 CC:1  score:0.0  rtt:32.7 ms energy:41.0 Jules s-plr:0.0 
1703663120.793271 -- INFO: Throughput @1703663120.7931905s:   0.32Gbps, lossRate: 0 CC:1  score:0.0  rtt:32.8 ms energy:41.0 Jules s-plr:0.0 
1703663121.796091 -- INFO: Throughput @1703663121.7960174s:   0.32Gbps, lossRate: 0 CC:1  score:0.0  rtt:32.6 ms energy:41.0 Jules s-plr:0.0 
1703663122.798001 -- INFO: Throughput @1703663122.7979429s:   0.32Gbps, lossRate: 0 CC:1  score:0.0  rtt:32.7 ms energy:41.0 Jules s-plr:0.0 
1703663123.797774 -- INFO: Throughput @1703663123.7976942s:   0.32Gbps, lossRate: 0 CC:1  score:0.0  rtt:32.7 ms energy:41.0 Jules s-plr:0.0 
1703663124.799059 -- INFO: Throughput @1703663124.798982s:   0.32Gbps, lossRate: 0 CC:1  score:0.0  rtt:32.7 ms energy:41.0 Jules s-plr:0.0 
1703663125.798719 -- INFO: Throughput @1703663125.798639s:   0.32Gbps, lossRate: 0 CC:1  score:0.0  rtt:32.6 ms energy:41.0 Jules s-plr:0.0 
1703663126.800921 -- INFO: Throughput @1703663126.8008485s:   0.32Gbps, lossRate: 0 CC:1  score:0.0  rtt:32.6 ms energy:41.0 Jules s-plr:0.0 
1703663127.803235 -- INFO: Throughput @1703663127.8031545s:   0.32Gbps, lossRate: 0 CC:1  score:0.0  rtt:32.7 ms energy:41.0 Jules s-plr:0.0 
1703663128.804446 -- INFO: Throughput @1703663128.8043678s:   0.64Gbps, lossRate: 0 CC:1  score:1.0  rtt:32.6 ms energy:41.0 Jules s-plr:0.0 
1703663129.803036 -- INFO: Throughput @1703663129.802962s:   0.32Gbps, lossRate: 0 CC:1  score:0.0  rtt:32.6 ms energy:41.0 Jules s-plr:0.0 
1703663130.805274 -- INFO: Throughput @1703663130.8051944s:   0.32Gbps, lossRate: 0 CC:1  score:0.0  rtt:32.7 ms energy:41.0 Jules s-plr:0.0 
1703663131.807066 -- INFO: Throughput @1703663131.8069944s:   0.32Gbps, lossRate: 0 CC:1  score:0.0  rtt:32.6 ms energy:41.0 Jules s-plr:0.0 
1703663132.808794 -- INFO: Throughput @1703663132.8087149s:   0.32Gbps, lossRate: 0 CC:1  score:0.0  rtt:32.7 ms energy:41.0 Jules s-plr:0.0 
1703663133.810006 -- INFO: Throughput @1703663133.8099234s:   0.32Gbps, lossRate: 0 CC:1  score:0.0  rtt:32.8 ms energy:41.0 Jules s-plr:0.0 
1703663134.810333 -- INFO: Throughput @1703663134.8102632s:   0.64Gbps, lossRate: 0 CC:1  score:1.0  rtt:32.8 ms energy:41.0 Jules s-plr:0.0 
1703663135.812855 -- INFO: Throughput @1703663135.8127284s:   0.32Gbps, lossRate: 0 CC:1  score:0.0  rtt:32.7 ms energy:41.0 Jules s-plr:0.0 
1703663136.812083 -- INFO: Throughput @1703663136.81201s:   0.32Gbps, lossRate: 0 CC:1  score:0.0  rtt:32.8 ms energy:41.0 Jules s-plr:0.0 
1703663137.814423 -- INFO: Throughput @1703663137.8143458s:   0.32Gbps, lossRate: 0 CC:1  score:0.0  rtt:33.0 ms energy:41.0 Jules s-plr:0.0 
1703663138.811224 -- INFO: Throughput @1703663138.8111444s:   0.32Gbps, lossRate: 0 CC:1  score:0.0  rtt:32.8 ms energy:41.0 Jules s-plr:0.0 
1703663139.815926 -- INFO: Throughput @1703663139.8158703s:   0.32Gbps, lossRate: 0 CC:1  score:0.0  rtt:32.7 ms energy:41.0 Jules s-plr:0.0 
1703663140.817185 -- INFO: Throughput @1703663140.817106s:   0.32Gbps, lossRate: 0 CC:1  score:0.0  rtt:32.7 ms energy:41.0 Jules s-plr:0.0 
1703663141.818131 -- INFO: Throughput @1703663141.8180592s:   0.0Gbps, lossRate: 0.0 CC:1  score:0.0  rtt:32.6 ms energy:41.0 Jules s-plr:0.0 
1703663142.819659 -- INFO: Throughput @1703663142.8195753s:   0.32Gbps, lossRate: 0 CC:1  score:0.0  rtt:32.6 ms energy:41.0 Jules s-plr:0.0 
1703663143.821131 -- INFO: Throughput @1703663143.8210504s:   0.32Gbps, lossRate: 0 CC:1  score:0.0  rtt:32.6 ms energy:41.0 Jules s-plr:0.0 
1703663144.823877 -- INFO: Throughput @1703663144.8237994s:   0.32Gbps, lossRate: 0 CC:1  score:0.0  rtt:32.7 ms energy:41.0 Jules s-plr:0.0 
1703663145.823131 -- INFO: Throughput @1703663145.8230503s:   0.32Gbps, lossRate: 0 CC:1  score:0.0  rtt:32.7 ms energy:41.0 Jules s-plr:0.0 
1703663146.823683 -- INFO: Throughput @1703663146.823603s:   0.32Gbps, lossRate: 0 CC:1  score:0.0  rtt:32.7 ms energy:41.0 Jules s-plr:0.0 
1703663147.825764 -- INFO: Throughput @1703663147.8256865s:   0.32Gbps, lossRate: 0 CC:1  score:0.0  rtt:32.7 ms energy:41.0 Jules s-plr:0.0 
1703663148.820973 -- INFO: Throughput @1703663148.8208985s:   0.32Gbps, lossRate: 0 CC:1  score:0.0  rtt:32.6 ms energy:41.0 Jules s-plr:0.0 
1703663149.827137 -- INFO: Throughput @1703663149.8270583s:   0.64Gbps, lossRate: 0 CC:1  score:1.0  rtt:32.7 ms energy:41.0 Jules s-plr:0.0 
1703663150.828106 -- INFO: Throughput @1703663150.8280277s:   0.32Gbps, lossRate: 0 CC:1  score:0.0  rtt:32.6 ms energy:41.0 Jules s-plr:0.0 
1703663151.828013 -- INFO: Throughput @1703663151.8279386s:   0.32Gbps, lossRate: 0 CC:1  score:0.0  rtt:32.8 ms energy:41.0 Jules s-plr:0.0 
1703663152.831092 -- INFO: Throughput @1703663152.8310106s:   0.32Gbps, lossRate: 0 CC:1  score:-1.0  rtt:33.0 ms energy:41.0 Jules s-plr:0.5333087964666912 
1703663153.830760 -- INFO: Throughput @1703663153.830691s:   0.32Gbps, lossRate: 0 CC:1  score:0.0  rtt:32.8 ms energy:41.0 Jules s-plr:0.0 
1703663154.832641 -- INFO: Throughput @1703663154.8325589s:   0.32Gbps, lossRate: 0 CC:1  score:0.0  rtt:32.8 ms energy:41.0 Jules s-plr:0.0 
1703663155.833830 -- INFO: Throughput @1703663155.8337533s:   0.32Gbps, lossRate: 0 CC:1  score:0.0  rtt:32.7 ms energy:41.0 Jules s-plr:0.0 
1703663156.834086 -- INFO: Throughput @1703663156.8340082s:   0.32Gbps, lossRate: 0 CC:1  score:0.0  rtt:32.8 ms energy:41.0 Jules s-plr:0.0 
1703663157.836348 -- INFO: Throughput @1703663157.8362696s:   0.32Gbps, lossRate: 0 CC:1  score:0.0  rtt:32.8 ms energy:41.0 Jules s-plr:0.0 
1703663158.837003 -- INFO: Throughput @1703663158.8369315s:   0.64Gbps, lossRate: 0 CC:1  score:1.0  rtt:32.7 ms energy:41.0 Jules s-plr:0.0 
1703663159.838079 -- INFO: Throughput @1703663159.8379972s:   0.32Gbps, lossRate: 0 CC:1  score:0.0  rtt:32.6 ms energy:41.0 Jules s-plr:0.0 
1703663160.840268 -- INFO: Throughput @1703663160.8401883s:   0.32Gbps, lossRate: 0 CC:1  score:0.0  rtt:32.6 ms energy:41.0 Jules s-plr:0.0 
1703663161.839093 -- INFO: Throughput @1703663161.839038s:   0.32Gbps, lossRate: 0 CC:1  score:0.0  rtt:32.7 ms energy:41.0 Jules s-plr:0.0 
1703663162.841678 -- INFO: Throughput @1703663162.8415976s:   0.32Gbps, lossRate: 0 CC:1  score:0.0  rtt:32.6 ms energy:41.0 Jules s-plr:0.0 
1703663163.841909 -- INFO: Throughput @1703663163.8418372s:   0.32Gbps, lossRate: 0 CC:1  score:0.0  rtt:32.6 ms energy:41.0 Jules s-plr:0.0 
1703663164.843292 -- INFO: Throughput @1703663164.843215s:   0.32Gbps, lossRate: 0 CC:1  score:0.0  rtt:32.7 ms energy:41.0 Jules s-plr:0.0 
1703663165.848866 -- INFO: Throughput @1703663165.8487797s:   0.0Gbps, lossRate: 0.0 CC:1  score:0.0  rtt:32.7 ms energy:41.0 Jules s-plr:0.0 
1703663166.845075 -- INFO: Throughput @1703663166.8450017s:   0.32Gbps, lossRate: 0 CC:1  score:0.0  rtt:32.7 ms energy:41.0 Jules s-plr:0.0 
1703663167.846658 -- INFO: Throughput @1703663167.8465781s:   0.32Gbps, lossRate: 0 CC:1  score:0.0  rtt:32.6 ms energy:41.0 Jules s-plr:0.0 
1703663168.847270 -- INFO: Throughput @1703663168.8471997s:   0.32Gbps, lossRate: 0 CC:1  score:0.0  rtt:32.8 ms energy:41.0 Jules s-plr:0.0 
1703663169.848912 -- INFO: Throughput @1703663169.8488295s:   0.32Gbps, lossRate: 0 CC:1  score:0.0  rtt:32.8 ms energy:41.0 Jules s-plr:0.0 
1703663170.850131 -- INFO: Throughput @1703663170.850054s:   0.32Gbps, lossRate: 0 CC:1  score:0.0  rtt:32.7 ms energy:41.0 Jules s-plr:0.0 
1703663171.850675 -- INFO: Throughput @1703663171.850603s:   0.32Gbps, lossRate: 0 CC:1  score:0.0  rtt:32.7 ms energy:41.0 Jules s-plr:0.0 
1703663172.852469 -- INFO: Throughput @1703663172.852391s:   0.32Gbps, lossRate: 0 CC:1  score:0.0  rtt:32.6 ms energy:41.0 Jules s-plr:0.0 
1703663173.851595 -- INFO: Throughput @1703663173.851523s:   0.64Gbps, lossRate: 0 CC:1  score:1.0  rtt:32.6 ms energy:41.0 Jules s-plr:0.0 
1703663174.854371 -- INFO: Throughput @1703663174.8542912s:   0.32Gbps, lossRate: 0 CC:1  score:0.0  rtt:32.6 ms energy:43.0 Jules s-plr:0.0 
1703663175.855503 -- INFO: Throughput @1703663175.855419s:   0.32Gbps, lossRate: 0 CC:1  score:0.0  rtt:32.6 ms energy:43.0 Jules s-plr:0.0 
1703663176.854847 -- INFO: Throughput @1703663176.85478s:   0.32Gbps, lossRate: 0 CC:1  score:0.0  rtt:32.8 ms energy:43.0 Jules s-plr:0.0 
1703663177.857656 -- INFO: Throughput @1703663177.857576s:   0.32Gbps, lossRate: 0 CC:1  score:0.0  rtt:32.6 ms energy:43.0 Jules s-plr:0.0 
1703663178.857773 -- INFO: Throughput @1703663178.8577027s:   0.32Gbps, lossRate: 0 CC:1  score:0.0  rtt:32.7 ms energy:43.0 Jules s-plr:0.0 
1703663179.860732 -- INFO: Throughput @1703663179.860652s:   0.64Gbps, lossRate: 0 CC:1  score:1.0  rtt:32.6 ms energy:43.0 Jules s-plr:0.0 
1703663180.860170 -- INFO: Throughput @1703663180.8600993s:   0.32Gbps, lossRate: 0 CC:1  score:0.0  rtt:32.6 ms energy:41.0 Jules s-plr:0.0 
1703663181.861937 -- INFO: Throughput @1703663181.861857s:   0.32Gbps, lossRate: 0 CC:1  score:0.0  rtt:32.6 ms energy:41.0 Jules s-plr:0.0 
1703663182.863218 -- INFO: Throughput @1703663182.863137s:   0.32Gbps, lossRate: 0 CC:1  score:0.0  rtt:32.7 ms energy:41.0 Jules s-plr:0.0 
1703663183.863677 -- INFO: Throughput @1703663183.8636034s:   0.32Gbps, lossRate: 0 CC:1  score:0.0  rtt:32.6 ms energy:41.0 Jules s-plr:0.0 
1703663184.865380 -- INFO: Throughput @1703663184.8652992s:   0.32Gbps, lossRate: 0 CC:1  score:0.0  rtt:32.7 ms energy:41.0 Jules s-plr:0.0 
1703663185.865268 -- INFO: Throughput @1703663185.8651946s:   0.32Gbps, lossRate: 0 CC:1  score:0.0  rtt:32.8 ms energy:41.0 Jules s-plr:0.0 
1703663186.868118 -- INFO: Throughput @1703663186.8680363s:   0.32Gbps, lossRate: 0 CC:1  score:-9.0  rtt:32.8 ms energy:41.0 Jules s-plr:2.8321268278557983 
1703663187.868959 -- INFO: Throughput @1703663187.868882s:   0.64Gbps, lossRate: 0 CC:1  score:1.0  rtt:33.7 ms energy:41.0 Jules s-plr:0.0 
1703663188.868906 -- INFO: Throughput @1703663188.8688343s:   0.0Gbps, lossRate: 0 CC:1  score:0.0  rtt:32.8 ms energy:41.0 Jules s-plr:0.0 
1703663189.871151 -- INFO: Throughput @1703663189.8710794s:   0.0Gbps, lossRate: 0.0 CC:1  score:0.0  rtt:32.7 ms energy:41.0 Jules s-plr:0.0 
1703663190.870199 -- INFO: Throughput @1703663190.8701277s:   0.32Gbps, lossRate: 0 CC:1  score:0.0  rtt:32.7 ms energy:41.0 Jules s-plr:0.0 
1703663191.872869 -- INFO: Throughput @1703663191.8727684s:   0.32Gbps, lossRate: 0 CC:1  score:0.0  rtt:32.8 ms energy:41.0 Jules s-plr:0.0 
1703663192.873803 -- INFO: Throughput @1703663192.873726s:   0.32Gbps, lossRate: 0 CC:1  score:0.0  rtt:32.6 ms energy:41.0 Jules s-plr:0.0 
1703663193.873711 -- INFO: Throughput @1703663193.8736386s:   0.32Gbps, lossRate: 0 CC:1  score:0.0  rtt:32.8 ms energy:41.0 Jules s-plr:0.0 
1703663194.876914 -- INFO: Throughput @1703663194.8767834s:   0.32Gbps, lossRate: 0 CC:1  score:0.0  rtt:32.6 ms energy:41.0 Jules s-plr:0.0 
1703663195.876206 -- INFO: Throughput @1703663195.876151s:   0.32Gbps, lossRate: 0 CC:1  score:0.0  rtt:32.8 ms energy:41.0 Jules s-plr:0.0 
1703663196.878595 -- INFO: Throughput @1703663196.8785157s:   0.64Gbps, lossRate: 0 CC:1  score:1.0  rtt:32.8 ms energy:41.0 Jules s-plr:0.0 
1703663197.879518 -- INFO: Throughput @1703663197.8794389s:   0.32Gbps, lossRate: 0 CC:1  score:0.0  rtt:32.7 ms energy:41.0 Jules s-plr:0.0 
1703663198.878882 -- INFO: Throughput @1703663198.8788087s:   0.32Gbps, lossRate: 0 CC:1  score:0.0  rtt:32.9 ms energy:41.0 Jules s-plr:0.0 
1703663199.881444 -- INFO: Throughput @1703663199.881363s:   0.32Gbps, lossRate: 0 CC:1  score:0.0  rtt:32.8 ms energy:41.0 Jules s-plr:0.0 
1703663200.881886 -- INFO: Throughput @1703663200.8818107s:   0.32Gbps, lossRate: 0 CC:1  score:-1.0  rtt:32.8 ms energy:41.0 Jules s-plr:0.3666497975708502 
1703663201.883847 -- INFO: Throughput @1703663201.8837678s:   0.32Gbps, lossRate: 0 CC:1  score:0.0  rtt:32.7 ms energy:41.0 Jules s-plr:0.0 
1703663202.886024 -- INFO: Throughput @1703663202.8859465s:   0.32Gbps, lossRate: 0 CC:1  score:0.0  rtt:32.7 ms energy:41.0 Jules s-plr:0.0 
1703663203.886045 -- INFO: Throughput @1703663203.8859694s:   0.64Gbps, lossRate: 0 CC:1  score:1.0  rtt:32.6 ms energy:41.0 Jules s-plr:0.0 
1703663204.888338 -- INFO: Throughput @1703663204.888194s:   0.32Gbps, lossRate: 0 CC:1  score:0.0  rtt:32.7 ms energy:41.0 Jules s-plr:0.0 
1703663205.887587 -- INFO: Throughput @1703663205.8875122s:   0.32Gbps, lossRate: 0 CC:1  score:0.0  rtt:32.7 ms energy:41.0 Jules s-plr:0.0 
1703663206.890386 -- INFO: Throughput @1703663206.8902652s:   0.32Gbps, lossRate: 0 CC:1  score:0.0  rtt:32.7 ms energy:41.0 Jules s-plr:0.0 
1703663207.890541 -- INFO: Throughput @1703663207.8903959s:   0.32Gbps, lossRate: 0 CC:1  score:0.0  rtt:32.6 ms energy:41.0 Jules s-plr:0.0 
1703663208.890847 -- INFO: Throughput @1703663208.8907719s:   0.32Gbps, lossRate: 0 CC:1  score:0.0  rtt:32.6 ms energy:41.0 Jules s-plr:0.0 
1703663209.892543 -- INFO: Throughput @1703663209.8924637s:   0.32Gbps, lossRate: 0 CC:1  score:0.0  rtt:32.6 ms energy:41.0 Jules s-plr:0.0 
1703663210.892638 -- INFO: Throughput @1703663210.8925653s:   0.32Gbps, lossRate: 0 CC:1  score:0.0  rtt:32.7 ms energy:41.0 Jules s-plr:0.0 
1703663211.894679 -- INFO: Throughput @1703663211.894618s:   0.32Gbps, lossRate: 0 CC:1  score:0.0  rtt:32.7 ms energy:41.0 Jules s-plr:0.0 
1703663212.894764 -- INFO: Throughput @1703663212.8947322s:   0.32Gbps, lossRate: 0 CC:1  score:0.0  rtt:32.6 ms energy:41.0 Jules s-plr:0.0 
1703663213.894262 -- INFO: Throughput @1703663213.894188s:   0.0Gbps, lossRate: 0.0 CC:1  score:0.0  rtt:32.7 ms energy:41.0 Jules s-plr:0.0 
1703663214.899341 -- INFO: Throughput @1703663214.8992605s:   0.32Gbps, lossRate: 0 CC:1  score:0.0  rtt:32.6 ms energy:41.0 Jules s-plr:0.0 
1703663215.897020 -- INFO: Throughput @1703663215.8969452s:   0.32Gbps, lossRate: 0 CC:1  score:0.0  rtt:32.6 ms energy:41.0 Jules s-plr:0.0 
1703663216.899886 -- INFO: Throughput @1703663216.8998194s:   0.32Gbps, lossRate: 0 CC:1  score:0.0  rtt:32.6 ms energy:41.0 Jules s-plr:0.0 
1703663217.900531 -- INFO: Throughput @1703663217.9004588s:   0.32Gbps, lossRate: 0 CC:1  score:0.0  rtt:32.6 ms energy:41.0 Jules s-plr:0.0 
1703663218.902026 -- INFO: Throughput @1703663218.9019608s:   0.32Gbps, lossRate: 0 CC:1  score:0.0  rtt:32.7 ms energy:41.0 Jules s-plr:0.0 
1703663219.903321 -- INFO: Throughput @1703663219.9032438s:   0.32Gbps, lossRate: 0 CC:1  score:0.0  rtt:32.6 ms energy:41.0 Jules s-plr:0.0 
1703663220.904349 -- INFO: Throughput @1703663220.9042742s:   0.32Gbps, lossRate: 0 CC:1  score:0.0  rtt:32.7 ms energy:41.0 Jules s-plr:0.0 
1703663221.905499 -- INFO: Throughput @1703663221.90542s:   0.32Gbps, lossRate: 0 CC:1  score:0.0  rtt:32.7 ms energy:41.0 Jules s-plr:0.0 
1703663222.906117 -- INFO: Throughput @1703663222.906049s:   0.64Gbps, lossRate: 0 CC:1  score:1.0  rtt:32.6 ms energy:41.0 Jules s-plr:0.0 
1703663223.907630 -- INFO: Throughput @1703663223.9075487s:   0.32Gbps, lossRate: 0 CC:1  score:0.0  rtt:32.6 ms energy:41.0 Jules s-plr:0.0 
1703663224.909440 -- INFO: Throughput @1703663224.9093623s:   0.32Gbps, lossRate: 0 CC:1  score:0.0  rtt:32.6 ms energy:41.0 Jules s-plr:0.0 
1703663225.909508 -- INFO: Throughput @1703663225.9094357s:   0.32Gbps, lossRate: 0 CC:1  score:0.0  rtt:32.7 ms energy:41.0 Jules s-plr:0.0 
1703663226.911530 -- INFO: Throughput @1703663226.9114509s:   0.32Gbps, lossRate: 0 CC:1  score:0.0  rtt:32.6 ms energy:41.0 Jules s-plr:0.0 
1703663227.910445 -- INFO: Throughput @1703663227.910377s:   0.32Gbps, lossRate: 0 CC:1  score:0.0  rtt:32.8 ms energy:41.0 Jules s-plr:0.0 
1703663228.913598 -- INFO: Throughput @1703663228.913515s:   0.32Gbps, lossRate: 0 CC:1  score:-5.0  rtt:32.8 ms energy:42.0 Jules s-plr:1.7296798697775366 
1703663229.914741 -- INFO: Throughput @1703663229.9146616s:   0.32Gbps, lossRate: 0 CC:1  score:0.0  rtt:32.7 ms energy:42.0 Jules s-plr:0.0 
1703663230.913734 -- INFO: Throughput @1703663230.91368s:   0.64Gbps, lossRate: 0 CC:1  score:1.0  rtt:32.8 ms energy:42.0 Jules s-plr:0.0 
1703663231.916571 -- INFO: Throughput @1703663231.916491s:   0.32Gbps, lossRate: 0 CC:1  score:0.0  rtt:32.7 ms energy:42.0 Jules s-plr:0.0 
1703663232.916592 -- INFO: Throughput @1703663232.9165206s:   0.32Gbps, lossRate: 0 CC:1  score:0.0  rtt:32.6 ms energy:42.0 Jules s-plr:0.0 
1703663233.918575 -- INFO: Throughput @1703663233.918494s:   0.32Gbps, lossRate: 0 CC:1  score:0.0  rtt:32.7 ms energy:42.0 Jules s-plr:0.0 
1703663234.921077 -- INFO: Throughput @1703663234.9209998s:   0.32Gbps, lossRate: 0 CC:1  score:0.0  rtt:32.6 ms energy:41.0 Jules s-plr:0.0 
1703663235.919667 -- INFO: Throughput @1703663235.9196117s:   0.32Gbps, lossRate: 0 CC:1  score:0.0  rtt:32.6 ms energy:41.0 Jules s-plr:0.0 
1703663236.921709 -- INFO: Throughput @1703663236.9216328s:   0.32Gbps, lossRate: 0 CC:1  score:0.0  rtt:32.6 ms energy:41.0 Jules s-plr:0.0 
1703663237.922577 -- INFO: Throughput @1703663237.922509s:   0.0Gbps, lossRate: 0.0 CC:1  score:0.0  rtt:32.6 ms energy:41.0 Jules s-plr:0.0 
1703663238.924136 -- INFO: Throughput @1703663238.9240553s:   0.32Gbps, lossRate: 0 CC:1  score:0.0  rtt:32.7 ms energy:41.0 Jules s-plr:0.0 
1703663239.925228 -- INFO: Throughput @1703663239.9251485s:   0.32Gbps, lossRate: 0 CC:1  score:0.0  rtt:32.6 ms energy:41.0 Jules s-plr:0.0 
1703663240.925867 -- INFO: Throughput @1703663240.925796s:   0.32Gbps, lossRate: 0 CC:1  score:0.0  rtt:32.8 ms energy:41.0 Jules s-plr:0.0 
1703663241.927975 -- INFO: Throughput @1703663241.9278955s:   0.32Gbps, lossRate: 0 CC:1  score:0.0  rtt:32.7 ms energy:41.0 Jules s-plr:0.0 
1703663242.928213 -- INFO: Throughput @1703663242.92814s:   0.32Gbps, lossRate: 0 CC:1  score:0.0  rtt:32.7 ms energy:41.0 Jules s-plr:0.0 
1703663243.929582 -- INFO: Throughput @1703663243.9295027s:   0.32Gbps, lossRate: 0 CC:1  score:0.0  rtt:32.6 ms energy:41.0 Jules s-plr:0.0 
1703663244.930668 -- INFO: Throughput @1703663244.9305866s:   0.32Gbps, lossRate: 0 CC:1  score:-5.0  rtt:32.8 ms energy:41.0 Jules s-plr:1.7475057559478127 
1703663245.931528 -- INFO: Throughput @1703663245.9314508s:   0.64Gbps, lossRate: 0 CC:1  score:1.0  rtt:32.7 ms energy:41.0 Jules s-plr:0.0 
1703663246.933051 -- INFO: Throughput @1703663246.9329672s:   0.32Gbps, lossRate: 0 CC:1  score:0.0  rtt:32.8 ms energy:42.0 Jules s-plr:0.0 
1703663247.932487 -- INFO: Throughput @1703663247.9324129s:   0.32Gbps, lossRate: 0 CC:1  score:0.0  rtt:32.9 ms energy:42.0 Jules s-plr:0.0 
1703663248.935024 -- INFO: Throughput @1703663248.934944s:   0.32Gbps, lossRate: 0 CC:1  score:0.0  rtt:32.8 ms energy:42.0 Jules s-plr:0.0 
1703663249.937622 -- INFO: Throughput @1703663249.9375484s:   0.32Gbps, lossRate: 0 CC:1  score:0.0  rtt:32.6 ms energy:42.0 Jules s-plr:0.0 
1703663250.937245 -- INFO: Throughput @1703663250.9371645s:   0.32Gbps, lossRate: 0 CC:1  score:0.0  rtt:32.7 ms energy:42.0 Jules s-plr:0.0 
1703663251.938389 -- INFO: Throughput @1703663251.9383113s:   0.32Gbps, lossRate: 0 CC:1  score:0.0  rtt:32.7 ms energy:42.0 Jules s-plr:0.0 
1703663252.937763 -- INFO: Throughput @1703663252.9376903s:   0.32Gbps, lossRate: 0 CC:1  score:0.0  rtt:32.6 ms energy:41.0 Jules s-plr:0.0 
1703663253.940533 -- INFO: Throughput @1703663253.940453s:   0.64Gbps, lossRate: 0 CC:1  score:1.0  rtt:32.7 ms energy:41.0 Jules s-plr:0.0 
1703663254.940730 -- INFO: Throughput @1703663254.9406598s:   0.32Gbps, lossRate: 0 CC:1  score:0.0  rtt:32.7 ms energy:41.0 Jules s-plr:0.0 
1703663255.942711 -- INFO: Throughput @1703663255.9426308s:   0.32Gbps, lossRate: 0 CC:1  score:0.0  rtt:32.7 ms energy:41.0 Jules s-plr:0.0 
1703663256.944631 -- INFO: Throughput @1703663256.9445546s:   0.32Gbps, lossRate: 0 CC:1  score:0.0  rtt:32.7 ms energy:41.0 Jules s-plr:0.0 
1703663257.943915 -- INFO: Throughput @1703663257.9438431s:   0.32Gbps, lossRate: 0 CC:1  score:0.0  rtt:33.0 ms energy:41.0 Jules s-plr:0.0 
1703663258.946460 -- INFO: Throughput @1703663258.9463804s:   0.32Gbps, lossRate: 0 CC:1  score:0.0  rtt:32.6 ms energy:42.0 Jules s-plr:0.0 
1703663259.946555 -- INFO: Throughput @1703663259.9464848s:   0.32Gbps, lossRate: 0 CC:1  score:0.0  rtt:32.7 ms energy:42.0 Jules s-plr:0.0 
1703663260.949187 -- INFO: Throughput @1703663260.9491105s:   0.32Gbps, lossRate: 0 CC:1  score:0.0  rtt:32.6 ms energy:42.0 Jules s-plr:0.0 
1703663261.949259 -- INFO: Throughput @1703663261.9491837s:   0.0Gbps, lossRate: 0.0 CC:1  score:0.0  rtt:32.7 ms energy:42.0 Jules s-plr:0.0 
1703663262.950191 -- INFO: Throughput @1703663262.9501178s:   0.32Gbps, lossRate: 0 CC:1  score:0.0  rtt:32.7 ms energy:42.0 Jules s-plr:0.0 
1703663263.951639 -- INFO: Throughput @1703663263.9515579s:   0.32Gbps, lossRate: 0 CC:1  score:0.0  rtt:32.8 ms energy:42.0 Jules s-plr:0.0 
1703663264.952186 -- INFO: Throughput @1703663264.9521134s:   0.32Gbps, lossRate: 0 CC:1  score:0.0  rtt:32.6 ms energy:41.0 Jules s-plr:0.0 
1703663265.953779 -- INFO: Throughput @1703663265.9536986s:   0.32Gbps, lossRate: 0 CC:1  score:0.0  rtt:32.7 ms energy:41.0 Jules s-plr:0.0 
1703663266.955031 -- INFO: Throughput @1703663266.9549534s:   0.32Gbps, lossRate: 0 CC:1  score:0.0  rtt:32.6 ms energy:41.0 Jules s-plr:0.0 
1703663267.954956 -- INFO: Throughput @1703663267.9548829s:   0.32Gbps, lossRate: 0 CC:1  score:0.0  rtt:32.8 ms energy:41.0 Jules s-plr:0.0 
1703663268.957686 -- INFO: Throughput @1703663268.9576042s:   0.32Gbps, lossRate: 0 CC:1  score:-5.0  rtt:32.8 ms energy:41.0 Jules s-plr:1.737725769524294 
1703663269.956281 -- INFO: Throughput @1703663269.9562094s:   0.64Gbps, lossRate: 0 CC:1  score:1.0  rtt:32.8 ms energy:41.0 Jules s-plr:0.0 
1703663270.959196 -- INFO: Throughput @1703663270.9591157s:   0.32Gbps, lossRate: 0 CC:1  score:0.0  rtt:32.7 ms energy:41.0 Jules s-plr:0.0 
1703663271.960462 -- INFO: Throughput @1703663271.9603834s:   0.32Gbps, lossRate: 0 CC:1  score:0.0  rtt:32.7 ms energy:41.0 Jules s-plr:0.0 
1703663272.960403 -- INFO: Throughput @1703663272.960327s:   0.32Gbps, lossRate: 0 CC:1  score:0.0  rtt:32.7 ms energy:41.0 Jules s-plr:0.0 
1703663273.962886 -- INFO: Throughput @1703663273.9628034s:   0.32Gbps, lossRate: 0 CC:1  score:0.0  rtt:32.6 ms energy:41.0 Jules s-plr:0.0 
1703663274.963041 -- INFO: Throughput @1703663274.9629633s:   0.32Gbps, lossRate: 0 CC:1  score:0.0  rtt:32.8 ms energy:41.0 Jules s-plr:0.0 
1703663275.964860 -- INFO: Throughput @1703663275.9647326s:   0.32Gbps, lossRate: 0 CC:1  score:0.0  rtt:32.7 ms energy:41.0 Jules s-plr:0.0 
1703663276.965934 -- INFO: Throughput @1703663276.9658556s:   0.32Gbps, lossRate: 0 CC:1  score:0.0  rtt:32.7 ms energy:41.0 Jules s-plr:0.0 
1703663277.965855 -- INFO: Throughput @1703663277.9657834s:   0.64Gbps, lossRate: 0 CC:1  score:1.0  rtt:32.6 ms energy:41.0 Jules s-plr:0.0 
1703663278.968709 -- INFO: Throughput @1703663278.96863s:   0.32Gbps, lossRate: 0 CC:1  score:0.0  rtt:32.7 ms energy:41.0 Jules s-plr:0.0 
1703663279.969263 -- INFO: Throughput @1703663279.9691942s:   0.32Gbps, lossRate: 0 CC:1  score:0.0  rtt:32.7 ms energy:41.0 Jules s-plr:0.0 
1703663280.970741 -- INFO: Throughput @1703663280.9706602s:   0.32Gbps, lossRate: 0 CC:1  score:0.0  rtt:32.7 ms energy:41.0 Jules s-plr:0.0 
1703663281.971385 -- INFO: Throughput @1703663281.971304s:   0.32Gbps, lossRate: 0 CC:1  score:0.0  rtt:32.6 ms energy:41.0 Jules s-plr:0.0 
1703663282.972430 -- INFO: Throughput @1703663282.972357s:   0.32Gbps, lossRate: 0 CC:1  score:0.0  rtt:32.7 ms energy:41.0 Jules s-plr:0.0 
1703663283.974240 -- INFO: Throughput @1703663283.97416s:   0.32Gbps, lossRate: 0 CC:1  score:0.0  rtt:32.7 ms energy:41.0 Jules s-plr:0.0 
1703663284.975852 -- INFO: Throughput @1703663284.9757817s:   0.32Gbps, lossRate: 0 CC:1  score:0.0  rtt:32.6 ms energy:41.0 Jules s-plr:0.0 
1703663285.975761 -- INFO: Throughput @1703663285.9756827s:   0.0Gbps, lossRate: 0.0 CC:1  score:0.0  rtt:32.6 ms energy:41.0 Jules s-plr:0.0 
1703663286.974985 -- INFO: Throughput @1703663286.9749112s:   0.32Gbps, lossRate: 0 CC:1  score:0.0  rtt:32.7 ms energy:41.0 Jules s-plr:0.0 
1703663287.979420 -- INFO: Throughput @1703663287.9793398s:   0.32Gbps, lossRate: 0 CC:1  score:0.0  rtt:32.6 ms energy:41.0 Jules s-plr:0.0 
1703663288.979787 -- INFO: Throughput @1703663288.9797077s:   0.32Gbps, lossRate: 0 CC:1  score:0.0  rtt:32.7 ms energy:41.0 Jules s-plr:0.0 
1703663289.979442 -- INFO: Throughput @1703663289.979381s:   0.32Gbps, lossRate: 0 CC:1  score:0.0  rtt:32.8 ms energy:41.0 Jules s-plr:0.0 
1703663290.981436 -- INFO: Throughput @1703663290.9813554s:   0.32Gbps, lossRate: 0 CC:1  score:0.0  rtt:32.8 ms energy:41.0 Jules s-plr:0.0 
1703663291.981760 -- INFO: Throughput @1703663291.98169s:   0.32Gbps, lossRate: 0 CC:1  score:0.0  rtt:32.8 ms energy:41.0 Jules s-plr:0.0 
1703663292.984683 -- INFO: Throughput @1703663292.984601s:   0.64Gbps, lossRate: 0 CC:1  score:1.0  rtt:32.7 ms energy:41.0 Jules s-plr:0.0 
1703663293.984402 -- INFO: Throughput @1703663293.9843225s:   0.32Gbps, lossRate: 0 CC:1  score:0.0  rtt:32.7 ms energy:41.0 Jules s-plr:0.0 
1703663294.983889 -- INFO: Throughput @1703663294.9838157s:   0.32Gbps, lossRate: 0 CC:1  score:0.0  rtt:32.7 ms energy:41.0 Jules s-plr:0.0 
1703663295.987464 -- INFO: Throughput @1703663295.9873834s:   0.32Gbps, lossRate: 0 CC:1  score:0.0  rtt:32.6 ms energy:41.0 Jules s-plr:0.0 
1703663296.988692 -- INFO: Throughput @1703663296.9886198s:   0.32Gbps, lossRate: 0 CC:1  score:0.0  rtt:32.6 ms energy:41.0 Jules s-plr:0.0 
1703663297.989176 -- INFO: Throughput @1703663297.9890947s:   0.32Gbps, lossRate: 0 CC:1  score:0.0  rtt:32.7 ms energy:41.0 Jules s-plr:0.0 
1703663298.990129 -- INFO: Throughput @1703663298.9900498s:   0.32Gbps, lossRate: 0 CC:1  score:-5.0  rtt:32.7 ms energy:41.0 Jules s-plr:1.7325 
1703663299.990974 -- INFO: Throughput @1703663299.990903s:   0.32Gbps, lossRate: 0 CC:1  score:0.0  rtt:32.6 ms energy:41.0 Jules s-plr:0.0 
1703663300.992364 -- INFO: Throughput @1703663300.9922826s:   0.64Gbps, lossRate: 0 CC:1  score:1.0  rtt:32.7 ms energy:41.0 Jules s-plr:0.0 
1703663301.992318 -- INFO: Throughput @1703663301.9922457s:   0.32Gbps, lossRate: 0 CC:1  score:0.0  rtt:32.6 ms energy:41.0 Jules s-plr:0.0 
1703663302.994523 -- INFO: Throughput @1703663302.99444s:   0.32Gbps, lossRate: 0 CC:1  score:0.0  rtt:32.7 ms energy:41.0 Jules s-plr:0.0 
1703663303.995801 -- INFO: Throughput @1703663303.9957209s:   0.32Gbps, lossRate: 0 CC:1  score:0.0  rtt:32.7 ms energy:41.0 Jules s-plr:0.0 
1703663304.995546 -- INFO: Throughput @1703663304.995472s:   0.32Gbps, lossRate: 0 CC:1  score:0.0  rtt:32.6 ms energy:41.0 Jules s-plr:0.0 
1703663305.997920 -- INFO: Throughput @1703663305.9978416s:   0.32Gbps, lossRate: 0 CC:1  score:0.0  rtt:32.6 ms energy:41.0 Jules s-plr:0.0 
1703663306.998172 -- INFO: Throughput @1703663306.9981024s:   0.32Gbps, lossRate: 0 CC:1  score:0.0  rtt:32.7 ms energy:41.0 Jules s-plr:0.0 
1703663307.999890 -- INFO: Throughput @1703663307.9998112s:   0.64Gbps, lossRate: 0 CC:1  score:1.0  rtt:32.7 ms energy:41.0 Jules s-plr:0.0 
1703663309.000724 -- INFO: Throughput @1703663309.0006626s:   0.0Gbps, lossRate: 0 CC:1  score:0.0  rtt:32.7 ms energy:41.0 Jules s-plr:0.0 
1703663310.000788 -- INFO: Throughput @1703663310.000719s:   0.0Gbps, lossRate: 0.0 CC:1  score:0.0  rtt:32.7 ms energy:41.0 Jules s-plr:0.0 
1703663311.003318 -- INFO: Throughput @1703663311.0032394s:   0.32Gbps, lossRate: 0 CC:1  score:0.0  rtt:32.7 ms energy:41.0 Jules s-plr:0.0 
1703663312.004072 -- INFO: Throughput @1703663312.0040023s:   0.32Gbps, lossRate: 0 CC:1  score:0.0  rtt:32.7 ms energy:41.0 Jules s-plr:0.0 
1703663313.005690 -- INFO: Throughput @1703663313.0056074s:   0.32Gbps, lossRate: 0 CC:1  score:0.0  rtt:32.6 ms energy:41.0 Jules s-plr:0.0 
1703663314.006790 -- INFO: Throughput @1703663314.00671s:   0.32Gbps, lossRate: 0 CC:1  score:0.0  rtt:32.7 ms energy:41.0 Jules s-plr:0.0 
1703663315.007477 -- INFO: Throughput @1703663315.0074022s:   0.32Gbps, lossRate: 0 CC:1  score:0.0  rtt:32.7 ms energy:41.0 Jules s-plr:0.0 
1703663316.009252 -- INFO: Throughput @1703663316.009172s:   0.32Gbps, lossRate: 0 CC:1  score:0.0  rtt:32.7 ms energy:41.0 Jules s-plr:0.0 
1703663317.007739 -- INFO: Throughput @1703663317.0076683s:   0.64Gbps, lossRate: 0 CC:1  score:1.0  rtt:32.6 ms energy:41.0 Jules s-plr:0.0 
1703663318.011070 -- INFO: Throughput @1703663318.0109916s:   0.32Gbps, lossRate: 0 CC:1  score:0.0  rtt:32.8 ms energy:41.0 Jules s-plr:0.0 
1703663319.013124 -- INFO: Throughput @1703663319.013044s:   0.32Gbps, lossRate: 0 CC:1  score:0.0  rtt:32.6 ms energy:41.0 Jules s-plr:0.0 
1703663320.014545 -- INFO: Throughput @1703663320.0144691s:   0.32Gbps, lossRate: 0 CC:1  score:0.0  rtt:32.7 ms energy:41.0 Jules s-plr:0.0 
1703663321.014455 -- INFO: Throughput @1703663321.014376s:   0.32Gbps, lossRate: 0 CC:1  score:0.0  rtt:32.6 ms energy:41.0 Jules s-plr:0.0 
1703663322.014719 -- INFO: Throughput @1703663322.0146456s:   0.32Gbps, lossRate: 0 CC:1  score:0.0  rtt:32.7 ms energy:41.0 Jules s-plr:0.0 
1703663323.016604 -- INFO: Throughput @1703663323.0165224s:   0.32Gbps, lossRate: 0 CC:1  score:0.0  rtt:32.7 ms energy:41.0 Jules s-plr:0.0 
1703663324.017053 -- INFO: Throughput @1703663324.016983s:   0.64Gbps, lossRate: 0 CC:1  score:1.0  rtt:32.7 ms energy:41.0 Jules s-plr:0.0 
1703663325.018754 -- INFO: Throughput @1703663325.018674s:   0.32Gbps, lossRate: 0 CC:1  score:0.0  rtt:32.7 ms energy:41.0 Jules s-plr:0.0 
1703663326.020115 -- INFO: Throughput @1703663326.0200357s:   0.32Gbps, lossRate: 0 CC:1  score:0.0  rtt:32.7 ms energy:41.0 Jules s-plr:0.0 
1703663327.020765 -- INFO: Throughput @1703663327.020692s:   0.32Gbps, lossRate: 0 CC:1  score:0.0  rtt:32.8 ms energy:41.0 Jules s-plr:0.0 
1703663328.022051 -- INFO: Throughput @1703663328.021971s:   0.32Gbps, lossRate: 0 CC:1  score:0.0  rtt:32.7 ms energy:41.0 Jules s-plr:0.0 
1703663329.022224 -- INFO: Throughput @1703663329.0221517s:   0.32Gbps, lossRate: 0 CC:1  score:0.0  rtt:32.7 ms energy:41.0 Jules s-plr:0.0 
1703663330.024311 -- INFO: Throughput @1703663330.0242314s:   0.32Gbps, lossRate: 0 CC:1  score:0.0  rtt:32.6 ms energy:41.0 Jules s-plr:0.0 
1703663331.026065 -- INFO: Throughput @1703663331.0259862s:   0.64Gbps, lossRate: 0 CC:1  score:1.0  rtt:32.7 ms energy:41.0 Jules s-plr:0.0 
1703663332.024533 -- INFO: Throughput @1703663332.024461s:   0.32Gbps, lossRate: 0 CC:1  score:0.0  rtt:32.6 ms energy:41.0 Jules s-plr:0.0 
1703663333.027422 -- INFO: Throughput @1703663333.0273461s:   0.0Gbps, lossRate: 0 CC:1  score:0.0  rtt:32.7 ms energy:41.0 Jules s-plr:0.0 
1703663334.027153 -- INFO: Throughput @1703663334.027084s:   0.0Gbps, lossRate: 0.0 CC:1  score:0.0  rtt:32.7 ms energy:41.0 Jules s-plr:0.0 
1703663335.029800 -- INFO: Throughput @1703663335.0297208s:   0.32Gbps, lossRate: 0 CC:1  score:0.0  rtt:32.8 ms energy:41.0 Jules s-plr:0.0 
1703663336.030812 -- INFO: Throughput @1703663336.0307329s:   0.32Gbps, lossRate: 0 CC:1  score:0.0  rtt:32.7 ms energy:41.0 Jules s-plr:0.0 
1703663337.030547 -- INFO: Throughput @1703663337.0304708s:   0.32Gbps, lossRate: 0 CC:1  score:0.0  rtt:32.7 ms energy:41.0 Jules s-plr:0.0 
1703663338.033020 -- INFO: Throughput @1703663338.032939s:   0.32Gbps, lossRate: 0 CC:1  score:0.0  rtt:32.7 ms energy:41.0 Jules s-plr:0.0 
1703663339.033767 -- INFO: Throughput @1703663339.0336947s:   0.32Gbps, lossRate: 0 CC:1  score:0.0  rtt:32.7 ms energy:41.0 Jules s-plr:0.0 
1703663340.033166 -- INFO: Throughput @1703663340.0331006s:   0.32Gbps, lossRate: 0 CC:1  score:0.0  rtt:32.7 ms energy:41.0 Jules s-plr:0.0 
1703663341.036499 -- INFO: Throughput @1703663341.036392s:   0.64Gbps, lossRate: 0 CC:1  score:1.0  rtt:32.6 ms energy:41.0 Jules s-plr:0.0 
1703663342.036704 -- INFO: Throughput @1703663342.036628s:   0.32Gbps, lossRate: 0 CC:1  score:0.0  rtt:32.6 ms energy:41.0 Jules s-plr:0.0 
1703663343.038283 -- INFO: Throughput @1703663343.0382175s:   0.32Gbps, lossRate: 0 CC:1  score:0.0  rtt:32.9 ms energy:43.0 Jules s-plr:0.0 
1703663344.039840 -- INFO: Throughput @1703663344.0397658s:   0.32Gbps, lossRate: 0 CC:1  score:0.0  rtt:32.6 ms energy:43.0 Jules s-plr:0.0 
1703663345.040691 -- INFO: Throughput @1703663345.040612s:   0.32Gbps, lossRate: 0 CC:1  score:0.0  rtt:32.6 ms energy:43.0 Jules s-plr:0.0 
1703663346.042346 -- INFO: Throughput @1703663346.0422702s:   0.32Gbps, lossRate: 0 CC:1  score:0.0  rtt:32.7 ms energy:43.0 Jules s-plr:0.0 
1703663347.043504 -- INFO: Throughput @1703663347.043404s:   0.64Gbps, lossRate: 0 CC:1  score:1.0  rtt:32.7 ms energy:43.0 Jules s-plr:0.0 
1703663348.048080 -- INFO: Throughput @1703663348.0479991s:   0.32Gbps, lossRate: 0 CC:1  score:0.0  rtt:32.7 ms energy:43.0 Jules s-plr:0.0 
1703663349.043872 -- INFO: Throughput @1703663349.0437775s:   0.32Gbps, lossRate: 0 CC:1  score:0.0  rtt:32.7 ms energy:41.0 Jules s-plr:0.0 
1703663350.046069 -- INFO: Throughput @1703663350.0459876s:   0.32Gbps, lossRate: 0 CC:1  score:0.0  rtt:32.7 ms energy:41.0 Jules s-plr:0.0 
1703663351.046974 -- INFO: Throughput @1703663351.0468953s:   0.32Gbps, lossRate: 0 CC:1  score:0.0  rtt:32.7 ms energy:41.0 Jules s-plr:0.0 
1703663352.048160 -- INFO: Throughput @1703663352.0480838s:   0.32Gbps, lossRate: 0 CC:1  score:0.0  rtt:32.7 ms energy:41.0 Jules s-plr:0.0 
1703663353.049781 -- INFO: Throughput @1703663353.0497012s:   0.32Gbps, lossRate: 0 CC:1  score:0.0  rtt:32.6 ms energy:41.0 Jules s-plr:0.0 
1703663354.049699 -- INFO: Throughput @1703663354.0496256s:   0.32Gbps, lossRate: 0 CC:1  score:0.0  rtt:32.7 ms energy:41.0 Jules s-plr:0.0 
1703663355.052265 -- INFO: Throughput @1703663355.052185s:   0.32Gbps, lossRate: 0 CC:1  score:0.0  rtt:32.7 ms energy:41.0 Jules s-plr:0.0 
1703663356.052948 -- INFO: Throughput @1703663356.052872s:   0.64Gbps, lossRate: 0 CC:1  score:1.0  rtt:32.6 ms energy:41.0 Jules s-plr:0.0 
1703663357.053994 -- INFO: Throughput @1703663357.053919s:   0.0Gbps, lossRate: 0 CC:1  score:0.0  rtt:32.7 ms energy:41.0 Jules s-plr:0.0 
1703663358.054968 -- INFO: Throughput @1703663358.0548909s:   0.0Gbps, lossRate: 0.0 CC:1  score:0.0  rtt:32.6 ms energy:41.0 Jules s-plr:0.0 
1703663359.055787 -- INFO: Throughput @1703663359.0557115s:   0.32Gbps, lossRate: 0 CC:1  score:0.0  rtt:32.7 ms energy:41.0 Jules s-plr:0.0 
1703663360.057126 -- INFO: Throughput @1703663360.057045s:   0.32Gbps, lossRate: 0 CC:1  score:0.0  rtt:32.7 ms energy:41.0 Jules s-plr:0.0 
1703663361.057819 -- INFO: Throughput @1703663361.057745s:   0.32Gbps, lossRate: 0 CC:1  score:0.0  rtt:32.8 ms energy:41.0 Jules s-plr:0.0 
1703663362.060190 -- INFO: Throughput @1703663362.0601099s:   0.32Gbps, lossRate: 0 CC:1  score:0.0  rtt:33.1 ms energy:41.0 Jules s-plr:0.0 
1703663363.060587 -- INFO: Throughput @1703663363.0605068s:   0.32Gbps, lossRate: 0 CC:1  score:0.0  rtt:32.8 ms energy:41.0 Jules s-plr:0.0 
1703663364.060245 -- INFO: Throughput @1703663364.0601683s:   0.32Gbps, lossRate: 0 CC:1  score:0.0  rtt:32.8 ms energy:41.0 Jules s-plr:0.0 
1703663365.062621 -- INFO: Throughput @1703663365.0625412s:   0.32Gbps, lossRate: 0 CC:1  score:0.0  rtt:32.7 ms energy:41.0 Jules s-plr:0.0 
1703663366.062526 -- INFO: Throughput @1703663366.0624516s:   0.32Gbps, lossRate: 0 CC:1  score:0.0  rtt:32.7 ms energy:41.0 Jules s-plr:0.0 
1703663367.064917 -- INFO: Throughput @1703663367.064837s:   0.64Gbps, lossRate: 0 CC:1  score:1.0  rtt:32.7 ms energy:41.0 Jules s-plr:0.0 
1703663368.066094 -- INFO: Throughput @1703663368.0660145s:   0.32Gbps, lossRate: 0 CC:1  score:0.0  rtt:32.6 ms energy:41.0 Jules s-plr:0.0 
1703663369.065970 -- INFO: Throughput @1703663369.0658903s:   0.32Gbps, lossRate: 0 CC:1  score:0.0  rtt:32.7 ms energy:41.0 Jules s-plr:0.0 
1703663370.068359 -- INFO: Throughput @1703663370.0682757s:   0.32Gbps, lossRate: 0 CC:1  score:0.0  rtt:32.7 ms energy:41.0 Jules s-plr:0.0 
1703663371.068912 -- INFO: Throughput @1703663371.068831s:   0.32Gbps, lossRate: 0 CC:1  score:0.0  rtt:32.6 ms energy:41.0 Jules s-plr:0.0 
1703663372.071149 -- INFO: Throughput @1703663372.0710726s:   0.32Gbps, lossRate: 0 CC:1  score:0.0  rtt:32.7 ms energy:41.0 Jules s-plr:0.0 
1703663373.071848 -- INFO: Throughput @1703663373.0717876s:   0.32Gbps, lossRate: 0 CC:1  score:0.0  rtt:32.6 ms energy:41.0 Jules s-plr:0.0 
